65047403
65046156
65051123
65048917
65046195
65048446
65046195
65049188
65046195
65046757
65047403
65049696
65048355
65046195
65045968
65045968
65050035
65045687
65049072
65045687
65051806
65052217
65047403
65047026
65046994
65047403
65048427
65046195
65054180
65045968
65048917
65045968
65048273
65047081
65046195
65047402
65049156
65048937
65047403
65048081
65049072
65049633
65047812
65047925
65049971
65045870
65049458
65047403
65047865
65048427
65048935
65051323
65045713
65047590
65051035
65045968
65045687
65049072
65045968
65046325
65046144
65048917
65049458
65046175
65049538
65046902
65051323
65047403
65047402
65046195
65045968
65045968
65045968
65053085
65047888
65047403
65050997
65046144
65047112
65047403
65053389
65051806
65047419
65045775
65049381
65045808
65062930
65046202
65048480
65047403
65046554
65047403
65045713
65046704
65047403
65047403
65051323
65048427
65049331
65049072
65046653
65051323
65048513
65046653
65056701
65056286
65046994
65047403
65051323
65047579
65048861
65051441
65049919
65046651
65046580
65045968
65049593
65047403
65047403
65048273
65048917
65049156
65047269
65048177
65047403
65049156
65047403
65046195
65051323
65051123
65049431
65047403
65051323
65049072
65046195
65049156
65051758
65051483
65050869
65048861
65054157
65049331
65048678
65046195
65047314
65046319
65047403
65046902
65045968
65048081
65046976
65047403
65050179
65049381
65045968
65049381
65047403
65051076
65045968
65050997
65048843
65050008
65054362
65049381
65046195
65046994
65047403
65046129
65052075
65046603
65047145
65046195
65046559
65052075
65049156
65047340
65047186
65046902
65047403
65051123
65047112
65046168
65049381
65046319
65046144
65046902
65045968
65047088
65050265
65046878
65048917
65046994
65047110
65048056
65047579
65048676
65045968
65047009
65045830
65046969
65045775
65045968
65046410
65048513
65046455
65051494
65046319
65047403
65046599
65048917
65051323
65048917
65047403
65045687
65051758
65047403
65053085
65050997
65047003
65045968
65046651
65051323
65058454
65056493
65047403
65046410
65047403
65047238
65047403
65052857
65047403
65047026
65048172
65050729
65046195
65047403
65047403
65049853
65050346
65050179
65047749
65046497
65048427
65049072
65050997
65046195
65046653
65046195
65045968
65047403
65046144
65059004
65051123
65048384
65047624
65046235
65051323
65046902
65047624
65048265
65048917
65049381
65045656
65046195
65048917
65045968
65057413
65045968
65047403
65051035
65046195
65050556
65047403
65050806
65047403
65045968
65051323
65047403
65055812
65047026
65046976
65048700
65046902
65049072
65058564
65045968
65045968
65048355
65049971
65047403
65048935
65048678
65050213
65056286
65045968
65047094
65063092
65047403
65047303
65051767
65048190
65045968
65046213
65052332
65045687
65046059
65047403
65050396
65046902
65051806
65049633
65049671
65049876
65048446
65050729
65047967
65049381
65048513
65048917
65051323
65050556
65046902
65045968
65046195
65047081
65047009
65047403
65047403
65048917
65050030
65048081
65046195
65045968
65047403
65049072
65047460
65045968
65045968
65046902
65052332
65046727
65048233
65047403
65045741
65051118
65047783
65047403
65051123
65046902
65045968
65046367
65047403
65048917
65047422
65045968
65050213
65053274
65062074
65045968
65047403
65049381
65048427
65046166
65045713
65048427
65047403
65047403
65046902
65047403
65046653
65048243
65046902
65051118
65047403
65058428
65048917
65051265
65047403
65045968
65047860
65055773
65051323
65048202
65052534
65045968
65047067
65046195
65048047
65046653
65048772
65047814
65047081
65045968
65049156
65051076
65051323
65049186
65046902
65051323
65046275
65048427
65046319
65051123
65046195
65046902
65046902
65045877
65045968
65046319
65046275
65045968
65051373
65047403
65048917
65053308
65053599
65046195
65047003
65047112
65048190
65048347
65048678
65051309
65048081
65050179
65047403
65047375
65046902
65047403
65056035
65047403
65047402
65051323
65045913
65046902
65045968
65048427
65048935
65048632
65045987
65047145
65057228
65046994
65045968
65047403
65046902
65048917
65051123
65046195
65046417
65049896
65050374
65047403
65047429
65053085
65046195
65045862
65046902
65058564
65048427
65047267
65053085
65046195
65048935
65045968
65045968
65046471
65046902
65047009
65048917
65047403
65047403
65048917
65048573
65051118
65046195
65048233
65046902
65049072
65051806
65048917
65047403
65049331
65047403
65046902
65048513
65046195
65046195
65054861
65046195
65048917
65046195
65048917
65047922
65051118
65050622
65046735
65046235
65045725
65047238
65051323
65046195
65048427
65047403
65051058
65048427
65047403
65050729
65048935
65048513
65045968
65050133
65048917
65051123
65046497
65049881
65049072
65046559
65051106
65046202
65045968
65045808
65052653
65048090
65048987
65047403
65046319
65048056
65049156
65046808
65048513
65046235
65046319
65058454
65047772
65048638
65051767
65046653
65048917
65048427
65051728
65047067
65051323
65048202
65051106
65047403
65048513
65046240
65050213
65051123
65049288
65050869
65051323
65048917
65046559
65047442
65046410
65048427
65048513
65051183
65047917
65051323
65047402
65048233
65051323
65045862
65047403
65048427
65047375
65046651
65046902
65049156
65050008
65047402
65046994
65050272
65048917
65045865
65046878
65048243
65046195
65050729
65046720
65047403
65046902
65046720
65047010
65048917
65045713
65048556
65056035
65047403
65045968
65049946
65045968
65046319
65046195
65058125
65046902
65046195
65045640
65045853
65051035
65046994
65046235
65048427
65045968
65046195
65048022
65047402
65049072
65049156
65046902
65048513
65047026
65047340
65051123
65046195
65047403
65046538
65051323
65051118
65048935
65046580
65047771
65049072
65047081
65049072
65051483
65047009
65050862
65048818
65049381
65051767
65049749
65050179
65047403
65045968
65051123
65047403
65050042
65050374
65053590
65045968
65045968
65051123
65047403
65047026
65045808
65049156
65047375
65047145
65045741
65045862
65048513
65045697
65047001
65047403
65054014
65046651
65052217
65046878
65046696
65051323
65047403
65048917
65046195
65047403
65048700
65047403
65050008
65049381
65046902
65049889
65051758
65049971
65058428
65051123
65050179
65045968
65049156
65047009
65051323
65051889
65048768
65048513
65047565
65049696
65047403
65054836
65046653
65049072
65047403
65051483
65046902
65049072
65050014
65046902
65051323
65047403
65051323
65046653
65045968
65050346
65049844
65048917
65047403
65046235
65047402
65051466
65046166
65048917
65049156
65045725
65045808
65048513
65048513
65045833
65050729
65047403
65047403
65050030
65046367
65045968
65047081
65045968
65047403
65051613
65047403
65051758
65045968
65049381
65050266
65046969
65046902
65047403
65046603
65048190
65048917
65047403
65054557
65046168
65049381
65049696
65047579
65048513
65047403
65048917
65051806
65046902
65047579
65047590
65046603
65045803
65046727
65046195
65048513
65046328
65046195
65048917
65046994
65049531
65045729
65046735
65048427
65046902
65045968
65047309
65051076
65049072
65048480
65045697
65051323
65047403
65045870
65047403
65046808
65047145
65046969
65048917
65049072
65045636
65047403
65047403
65047403
65046394
65046902
65048513
65048772
65045808
65051323
65048265
65046975
65050556
65047860
65048573
65051035
65049156
65045713
65046880
65047290
65048355
65056515
65055375
65045968
65047590
65046838
65046902
65045968
65046704
65048513
65051123
65048917
65049652
65049381
65051780
65047865
65045656
65047081
65047917
65046166
65045968
65049708
65046235
65046195
65051123
65046195
65051806
65049381
65047135
65048513
65056393
65047403
65046902
65045968
65051123
65045968
65048917
65052273
65045968
65046195
65047403
65047403
65046417
65045863
65046902
65048427
65051323
65047403
65057237
65045968
65049987
65045828
65046166
65048917
65046902
65049971
65046902
65051323
65058428
65055559
65047361
65045968
65046166
65053320
65047523
65045987
65049381
65048472
65047403
65056515
65047403
65051758
65045968
65046195
65052099
65045968
65048081
65046156
65046195
65046235
65047113
65047922
65053085
65048446
65046166
65050806
65047314
65048917
65048768
65046902
65048772
65053085
65051323
65046195
65056692
65046720
65047403
65046902
65045968
65045713
65046824
65048427
65048573
65048917
65047403
65045968
65049381
65048657
65047403
65047943
65047992
65046156
65048427
65049381
65048562
65054347
65046902
65053389
65047403
65045968
65048355
65053389
65049156
65048513
65046720
65047403
65047403
65048081
65047961
65045968
65049971
65047403
65047402
65051323
65046059
65046599
65049273
65045968
65048427
65047403
65049072
65046235
65046757
65052120
65046902
65047375
65045687
65048917
65046195
65047967
65046603
65047402
65045968
65049273
65047403
65058428
65051323
65048311
65048202
65051323
65045697
65046195
65047403
65050213
65045999
65045968
65048110
65048446
65050717
65049613
65052373
65051030
65048917
65051323
65046159
65046994
65047289
65055626
65048796
65046651
65050603
65048446
65046735
65051323
65049072
65051323
65048047
65051373
65050243
65047403
65046902
65047874
65050805
65047403
65048917
65051806
65046878
65046528
65045968
65053590
65047403
65048427
65051758
65046195
65045729
65056612
65047403
65055663
65048427
65047402
65048427
65049872
65047429
65046319
65047309
65046195
65051758
65046359
65045968
65047403
65052217
65048233
65050179
65047403
65057306
65050997
65048513
65049156
65048056
65049853
65051323
65046156
65050729
65045968
65046195
65050030
65049562
65045968
65048935
65058071
65047403
65054532
65045968
65048355
65046129
65045968
65045968
65046319
65053389
65048799
65047403
65049069
65053085
65049381
65045808
65051323
65047466
65049072
65049156
65048513
65055358
65046235
65049696
65047403
65051767
65051123
65046651
65047403
65052201
65047403
65047403
65046235
65045968
65047403
65049381
65046195
65045999
65051323
65049057
65047137
65050729
65046202
65049696
65046824
65045968
65046902
65046902
65046195
65052355
65058454
65045808
65048917
65048935
65046902
65050179
65047460
65050622
65049331
65055874
65051927
65048935
65047403
65046319
65050167
65047403
65050622
65046902
65045968
65048513
65046195
65049381
65049072
65047403
65048081
65049919
65048427
65047403
65049072
65051106
65046168
65049381
65048917
65048355
65049844
65046902
65051123
65046168
65048513
65059811
65048573
65045968
65049156
65052075
65047579
65045687
65049072
65051323
65051076
65047403
65045687
65048323
65045885
65047403
65050014
65048433
65045968
65050603
65046704
65046735
65048273
65046497
65051323
65048243
65046160
65048917
65046994
65049223
65048427
65045830
65047026
65046696
65046653
65055040
65047110
65050603
65046902
65047794
65046195
65051806
65048202
65050556
65048917
65049072
65049381
65048065
65047403
65047967
65046994
65047403
65046994
65047403
65048937
65049156
65047403
65047403
65051106
65046319
65047403
65055358
65047403
65053205
65045968
65047403
65045968
65046497
65051923
65049072
65047403
65058428
65047436
65048917
65047289
65047269
65047403
65050035
65045968
65048031
65051035
65047403
65045968
65046902
65046166
65047403
65049451
65051323
65046195
65047579
65047671
65046651
65048935
65046410
65048917
65048342
65048917
65047579
65048772
65049696
65046195
65050030
65045968
65047403
65045968
65048433
65047009
65052218
65047403
65057826
65050440
65048935
65047403
65048190
65051123
65046902
65049072
65048190
65049072
65046175
65046354
65047081
65046902
65046902
65045968
65048513
65050729
65051323
65046195
65046195
65049072
65049666
65047145
65045862
65048513
65047422
65052646
65049072
65047403
65046028
65050997
65047403
65051323
65048768
65051123
65047403
65049562
65048799
65050603
65048772
65051323
65045968
65045968
65046902
65047403
65049072
65048445
65051806
65049072
65057449
65048427
65047403
65046235
65047403
65045968
65048295
65046195
65054347
65053205
65049971
65047403
65060039
65048917
65055142
65046195
65047003
65060270
65048355
65046902
65051076
65051323
65049156
65046319
65047009
65047579
65047403
65047403
65048172
65046275
65050869
65047403
65046994
65045741
65048796
65047110
65046359
65047899
65051758
65045913
65046696
65051123
65046994
65048513
65046059
65047403
65046144
65047403
65048090
65045968
65049156
65047403
65047403
65047403
65049072
65051323
65049091
65051323
65056762
65046902
65046696
65046195
65046976
65045987
65047403
65046160
65049072
65046528
65045968
65046168
65046195
65045687
65045763
65046336
65047771
65047081
65047402
65047860
65047403
65046195
65049072
65045870
65051323
65046302
65046902
65047403
65045968
65045726
65045968
65051323
65047403
65047375
65047579
65048427
65045695
65050346
65053389
65049696
65046994
65049091
65046168
65045862
65049872
65052647
65049381
65047403
65052075
65046510
65049381
65051806
65048081
65048169
65046302
65048202
65046195
65045968
65047403
65045775
65046455
65047081
65048243
65048917
65048273
65051323
65048917
65058454
65046319
65047466
65048573
65051106
65047579
65047275
65048081
65045971
65048917
65047383
65048202
65047403
65051035
65047403
65045968
65056610
65045978
65047403
65050374
65047402
65048917
65048169
65046902
65045968
65046510
65050243
65054157
65048917
65047403
65048917
65051123
65047375
65047403
65046704
65046166
65048323
65051035
65048917
65055967
65047112
65047466
65045968
65045968
65052120
65046902
65049072
65047579
65046195
65051123
65047081
65048427
65046878
65051927
65047289
65046902
65047565
65050167
65047814
65047992
65051123
65047144
65049538
65051035
65045697
65049749
65045968
65049381
65048917
65047403
65052075
65046195
65051076
65051123
65045862
65048768
65048427
65047781
65047422
65046195
65047403
65049156
65045968
65049531
65049381
65046923
65053320
65046195
65055358
65046902
65047403
65048935
65047375
65046394
65048513
65046653
65046410
65046902
65050556
65048065
65046235
65047026
65046073
65051758
65046653
65045885
65054557
65047145
65051123
65046727
65045968
65045968
65051076
65046195
65047403
65045968
65051806
65048513
65046510
65047590
65048081
65047860
65052075
65048427
65048427
65045968
65046643
65049172
65045968
65047403
65049264
65051123
65047403
65046902
65047403
65052120
65049696
65048935
65046195
65046528
65050843
65051323
65051323
65051076
65049331
65045968
65054557
65045968
65059541
65048917
65045968
65046195
65046235
65047238
65048427
65051106
65051118
65048917
65045968
65046156
65047403
65047466
65047814
65051323
65056624
65049072
65047403
65051691
65048678
65048573
65048172
65047275
65047403
65047403
65047922
65050167
65046653
65048513
65047081
65045968
65045968
65046168
65047403
65048446
65046902
65045775
65049932
65047403
65049156
65051323
65045968
65045968
65048427
65046902
65051323
65046902
65046195
65052075
65047403
65049072
65046235
65047026
65051076
65048917
65045968
65047403
65048917
65049458
65048427
65048917
65045968
65046599
65045968
65048446
65051123
65046902
65047081
65049190
65046902
65047483
65051320
65046902
65050729
65046902
65050729
65048355
65048917
65048427
65052075
65049853
65045968
65047922
65051323
65048632
65050843
65051323
65046195
65046902
65045968
65047081
65047403
65048513
65051076
65051076
65045726
65048513
65050729
65047403
65046195
65049072
65045968
65045968
65048081
65051323
65051058
65048446
65047403
65047267
65046927
65046195
65048917
65047402
65046325
65048935
65047403
65045741
65045775
65049072
65048355
65047088
65052075
65049381
65048177
65049971
65048384
65050566
65046902
65045877
65046455
65046394
65048917
65048090
65049156
65049844
65046166
65047403
65047967
65046235
65046166
65048446
65051076
65047565
65049853
65049072
65049381
65048917
65048427
65049381
65046354
65049072
65052075
65049349
65049853
65051373
65047403
65051118
65048342
65045808
65045968
65048233
65051312
65051323
65049264
65046902
65047671
65045987
65051323
65049876
65046275
65049156
65047003
65050862
65045687
65047303
65045978
65047403
65045870
65048427
65045858
65046969
65048056
65057990
65045968
65046410
65049069
65049381
65048427
65046497
65045968
65046195
65049381
65048172
65047290
65049156
65045775
65052547
65045775
65051323
65051705
65046653
65050997
65053389
65045968
65048433
65045687
65047403
65046235
65048427
65051806
65048446
65049844
65051123
65046902
65050729
65048202
65045968
65045968
65045968
65046195
65045687
65048427
65048445
65051109
65047375
65048945
65046902
65058074
65055142
65045968
65047290
65047403
65049072
65047110
65049072
65046410
65049072
65047403
65051323
65046824
65050179
65051123
65051806
65047289
65046603
65052857
65048427
65049243
65047804
65047403
65050729
65045968
65047403
65056041
65049667
65052075
65047925
65049633
65048796
65046394
65060039
65050179
65046195
65050603
65047403
65047403
65047403
65051094
65045968
65048134
65049381
65049844
65045808
65049896
65047403
65050346
65047375
65046319
65056613
65048917
65045968
65046727
65048427
65050729
65052075
65053085
65046129
65047145
65049381
65050035
65051758
65047579
65048917
65049072
65045803
65048768
65058602
65047403
65045889
65047579
65046643
65046902
65045968
65051373
65046735
65047403
65046213
65046144
65048427
65048768
65051767
65048513
65046801
65046902
65045968
65046923
65046994
65050805
65050729
65046878
65045830
65046902
65045726
65051323
65045968
65049172
65046160
65048917
65060039
65048513
65046202
65051123
65045968
65048917
65047402
65056218
65049881
65047403
65045687
65048065
65047812
65048604
65051483
65047403
65047403
65048962
65049072
65045862
65045968
65045782
65047403
65051076
65047386
65046195
65045870
65046168
65046359
65048513
65048917
65058454
65051323
65047081
65046195
65047403
65049643
65045968
65047375
65047403
65053085
65047403
65048573
65048678
65047771
65048917
65051323
65055358
65048562
65046838
65052774
65048472
65058897
65046195
65047403
65051323
65046696
65052075
65047403
65046160
65047081
65048273
65051785
65045968
65047403
65046195
65049288
65047992
65047402
65046235
65046902
65047671
65045968
65049381
65051373
65047403
65045870
65047403
65047403
65045968
65047867
65045968
65046202
65047403
65045741
65047403
65050346
65046902
65048513
65048190
65047081
65047403
65047403
65047403
65058262
65047403
65045968
65051123
65048445
65051106
65048202
65045885
65049451
65047403
65045725
65046902
65053085
65048917
65051323
65047081
65048513
65046235
65050008
65047403
65046410
65045725
65047145
65045687
65048768
65049896
65046195
65051806
65045808
65048799
65047403
65047269
65048917
65051323
65047520
65046205
65049172
65047403
65046195
65049072
65046235
65047403
65051691
65046818
65056035
65046735
65047708
65053432
65046235
65047922
65051323
65051806
65049734
65050133
65046902
65058880
65048090
65046168
65047403
65050179
65054836
65047403
65049273
65051323
65045968
65045687
65048446
65049156
65047263
65051123
65049072
65047442
65045968
65047403
65046902
65046994
65047403
65046195
65048378
65045968
65048678
65048600
65051323
65046195
65049458
65045968
65046235
65045775
65054622
65051123
65047922
65051118
65045968
65048935
65045968
65049083
65045725
65055358
65047135
65046902
65048427
65047403
65049458
65046969
65048917
65046144
65050253
65047403
65048202
65045725
65047922
65045656
65051118
65051323
65046195
65046994
65046994
65046144
65048917
65048513
65045968
65046704
65048935
65048935
65047145
65049072
65047403
65045968
65047403
65047026
65058428
65049381
65046028
65047403
65051323
65047223
65048427
65051323
65051323
65052603
65048427
65047403
65047867
65045968
65046275
65047137
65049381
65049156
65047590
65047026
65045968
65049156
65046168
65047403
65045968
65053389
65049072
65051309
65046994
65048355
65058752
65048573
65046195
65046902
65049072
65047671
65048678
65051323
65053389
65046720
65057062
65046166
65046878
65045968
65048935
65049381
65048573
65045853
65047403
65051323
65052075
65045741
65058454
65046902
65058454
65045968
65047403
65047403
65048273
65051035
65045830
65048446
65051323
65048513
65048669
65048513
65047579
65051323
65050558
65051323
65054542
65051123
65046073
65046902
65047466
65046195
65046305
65052509
65047403
65048573
65046195
65046727
65050374
65046651
65049156
65046902
65060401
65047403
65047403
65047238
65047579
65054347
65047403
65048480
65047403
65047403
65056612
65046554
65045968
65047436
65050603
65050729
65047035
65046902
65045667
65045968
65046902
65047579
65046643
65047922
65047403
65049538
65047590
65052075
65046643
65050179
65048917
65046878
65045687
65045968
65048917
65049288
65048427
65047403
65051309
65045968
65048355
65050862
65051927
65048081
65047403
65046902
65045968
65052904
65052857
65052097
65045968
65048427
65046927
65050869
65047403
65049087
65051323
65046801
65046982
65047403
65051323
65051123
65048190
65046902
65046902
65053085
65050007
65048427
65048706
65046653
65048706
65051076
65048172
65049643
65051806
65047967
65049072
65046168
65050374
65049072
65045968
65047728
65047403
65047403
65048427
65046168
65047009
65047403
65058454
65046235
65054836
65055773
65048917
65045889
65046902
65051494
65047403
65045987
65046902
65047403
65046028
65047422
65048917
65052201
65046727
65047436
65048202
65051309
65048355
65048573
65051520
65049844
65046314
65045913
65049331
65047925
65045830
65048935
65045968
65048917
65047403
65048427
65049463
65045853
65049072
65046653
65046878
65048573
65047403
65048427
65048202
65046704
65045862
65047466
65050030
65046319
65046902
65046235
65047708
65058454
65048427
65049376
65049156
65047402
65045968
65046235
65048657
65050405
65050213
65045968
65046195
65048513
65048513
65046168
65045968
65047290
65050346
65047403
65047403
65046160
65051123
65045862
65051118
65046838
65047403
65046235
65046410
65054347
65051323
65051323
65047403
65045968
65046902
65049381
65048472
65047081
65046880
65046195
65049643
65046319
65047402
65049156
65047403
65045828
65047081
65048355
65045968
65046195
65047232
65045968
65047442
65051758
65046195
65047403
65051323
65046683
65051758
65045870
65048818
65047403
65047403
65046727
65049188
65047403
65051035
65047309
65048018
65060720
65046704
65048427
65045968
65046902
65046195
65048513
65046902
65045775
65058454
65046902
65048513
65046720
65053085
65046195
65060720
65050997
65048427
65045741
65045968
65046195
65047403
65047145
65047403
65048513
65048573
65051309
65049451
65047403
65046902
65050729
65049303
65048935
65048427
65047403
65050603
65048427
65048427
65050213
65048513
65046878
65045968
65056493
65048935
65047403
65046144
65049156
65048513
65049156
65047144
65045968
65047708
65052201
65051323
65046880
65051076
65050725
65051035
65049749
65048678
65047238
65054253
65046195
65046902
65048917
65049376
65049156
65046735
65047403
65047289
65051106
65048071
65050213
65048917
65045803
65050346
65048446
65046651
65046298
65045833
65045968
65050179
65051323
65046175
65045968
65050869
65048233
65046319
65048818
65048295
65049381
65049381
65045858
65049072
65051323
65046365
65045968
65053590
65052087
65047289
65045968
65047238
65050451
65051323
65045968
65052416
65047403
65046902
65048513
65045968
65047403
65057280
65049928
65052075
65052255
65045713
65045968
65045713
65052857
65046976
65047009
65051123
65050729
65047402
65046902
65045968
65052332
65045968
65049227
65053218
65047922
65048427
65046410
65047081
65050717
65050869
65047403
65046195
65048172
65051076
65046410
65045968
65047403
65046704
65047483
65053561
65045667
65048427
65047403
65049633
65045968
65048090
65047436
65046902
65048772
65048556
65046394
65052099
65051106
65048917
65046314
65049072
65047403
65047314
65046902
65047026
65046166
65049072
65047403
65048273
65046195
65051323
65046994
65047081
65048427
65045913
65046735
65050266
65049033
65048436
65045968
65048945
65051309
65047403
65045968
65048917
65048513
65047403
65048273
65046696
65048843
65051323
65045968
65048202
65049072
65047403
65047922
65045687
65050179
65048669
65046144
65048446
65046927
65049876
65047403
65048243
65048427
65051758
65051323
65053085
65046394
65055327
65051806
65048513
65047867
65047442
65048355
65048081
65045725
65047081
65045725
65048427
65045687
65047403
65051740
65049381
65047383
65046195
65045968
65046137
65045741
65047814
65048669
65047275
65047403
65047917
65054347
65047403
65048678
65047403
65047403
65045968
65048513
65048047
65047455
65045968
65046902
65046902
65060720
65047403
65048917
65045713
65051323
65048917
65051323
65046902
65046319
65047590
65047579
65047922
65047403
65051123
65047403
65047403
65047403
65047238
65048513
65071682
65054622
65045968
65048472
65045968
65046410
65048600
65048935
65058428
65047081
65048581
65046195
65049072
65049156
65051106
65051106
65058564
65046302
65046994
65047590
65047403
65048917
65048541
65056701
65047403
65047088
65047375
65048742
65049928
65046878
65049072
65046305
65046720
65047579
65047403
65045968
65051806
65047992
65047403
65051309
65047403
65047403
65047238
65048513
65046195
65046195
65048446
65047361
65047402
65047403
65047624
65049381
65046902
65045968
65048937
65048134
65045968
65046195
65049331
65045968
65048243
65047403
65047403
65051106
65047403
65056035
65048513
65047403
65053085
65046969
65045968
65049156
65046195
65045726
65048115
65051691
65049072
65051323
65050729
65051577
65049381
65046275
65047403
65045968
65046168
65050805
65046129
65046994
65052857
65046195
65045968
65047238
65045713
65047067
65049156
65046902
65054904
65048935
65052075
65058428
65049922
65052570
65046198
65049072
65047403
65046053
65049381
65046902
65046168
65052647
65045968
65046319
65047590
65045883
65057716
65049928
65045968
65047403
65051323
65047403
65047403
65045968
65048573
65045687
65047186
65053389
65048935
65046653
65047299
65046195
65048969
65048233
65045968
65051076
65045968
65049538
65048935
65046902
65046653
65047010
65054347
65046195
65046195
65045968
65049507
65046195
65046195
65051323
65046195
65050556
65046195
65046275
65047026
65047403
65046720
65048917
65045968
65047026
65047899
65048190
65046195
65047523
65048917
65047403
65047186
65045968
65047403
65049188
65046994
65047590
65050441
65049156
65048427
65045968
65045775
65046455
65047403
65047403
65048472
65049156
65048917
65048446
65048081
65060720
65045968
65047403
65047403
65045741
65049381
65047403
65048233
65047624
65047113
65046824
65047402
65049156
65047026
65045833
65051758
65050718
65046599
65047403
65046818
65046195
65048081
65046704
65055837
65049381
65047010
65047145
65048935
65047403
65048513
65048917
65047403
65054836
65050736
65047403
65051123
65047590
65048081
65051577
65049971
65046166
65049156
65047135
65048818
65047579
65050997
65046319
65046235
65048935
65045968
65046653
65049946
65047403
65046137
65048513
65049889
65048917
65047403
65048917
65045968
65047403
65052075
65058602
65047403
65047403
65046878
65046195
65047340
65048427
65045968
65054557
65047112
65048018
65056493
65052857
65048513
65051323
65047403
65045978
65046129
65047922
65045741
65046923
65050869
65046354
65047403
65050997
65046902
65047403
65053320
65046994
65047081
65052075
65051123
65048172
65045968
65047403
65046902
65051323
65048768
65049156
65047403
65048172
65047403
65054622
65048700
65047403
65046651
65049381
65047590
65049190
65047403
65053923
65048134
65048917
65051323
65051323
65047867
65062501
65046195
65054532
65046175
65046735
65051323
65045862
65047135
65047403
65047009
65050705
65046275
65048513
65046160
65054741
65046195
65052075
65051123
65048172
65051466
65046195
65048513
65048233
65046902
65047403
65049643
65051758
65047403
65045741
65048917
65045968
65046275
65048071
65049974
65046195
65048917
65046195
65047403
65050014
65047223
65047771
65051323
65046902
65049072
65047403
65048427
65046195
65048081
65052500
65048021
65050346
65048081
65047922
65049072
65050729
65047772
65046195
65046824
65046195
65047442
65047403
65048427
65048427
65049696
65048233
65047081
65051806
65046757
65050556
65051323
65051466
65045889
65046902
65046528
65045968
65045968
65050558
65047403
65047314
65045865
65050997
65047865
65047267
65052373
65047375
65051323
65051312
65045853
65048935
65046683
65047110
65046994
65056475
65050167
65049381
65049779
65047992
65047009
65048055
65048513
65051806
65047403
65049156
65045968
65045968
65051323
65051076
65049853
65051323
65047001
65048999
65051323
65048376
65053320
65073009
65045865
65051106
65045987
65047361
65051483
65058564
65055956
65049381
65049156
65046902
65049444
65046195
65048451
65046603
65049381
65058428
65047081
65048273
65051323
65047232
65048427
65047403
65045968
65046902
65048427
65045968
65051323
65046195
65046902
65046902
65045968
65050346
65047403
65049156
65049643
65051881
65048799
65046195
65046319
65046878
65047590
65046902
65048513
65048472
65045968
65046166
65051804
65048427
65047403
65046195
65045968
65051118
65053085
65047460
65055041
65046235
65052075
65046205
65045968
65046927
65051806
65048748
65048427
65046213
65051323
65045803
65047403
65051323
65048273
65047402
65048427
65048513
65049381
65049844
65045968
65047523
65047403
65046651
65048190
65047081
65048427
65045968
65049853
65045968
65046727
65051123
65058454
65049853
65048445
65051323
65047403
65046168
65046195
65050343
65046735
65048427
65046653
65050030
65045775
65049072
65050622
65049172
65047403
65047922
65048917
65046902
65051373
65047403
65047088
65051806
65049156
65050179
65046195
65047403
65051106
65046994
65046599
65046235
65049072
65048513
65048172
65049072
65048355
65047067
65047403
65049381
65049072
65047361
65047403
65051076
65060039
65048190
65047403
65045741
65046195
65046887
65047403
65048427
65053788
65051118
65045968
65048446
65048081
65048427
65049156
65050843
65047403
65051740
65049156
65048427
65046651
65049072
65052075
65046235
65046195
65047466
65062501
65046328
65046195
65046902
65051323
65050573
65048917
65046195
65051323
65047403
65048917
65048427
65058454
65047403
65050014
65047712
65046195
65046653
65046994
65047026
65049381
65051806
65047402
65050869
65045968
65047403
65047088
65050179
65046471
65048427
65046166
65047386
65048513
65046651
65048917
65049072
65051323
65045968
65046735
65050179
65048581
65045885
65047144
65046969
65048202
65046213
65050172
65047403
65048427
65047403
65046235
65047403
65049072
65048427
65045968
65048935
65051323
65047590
65047110
65046994
65050374
65057280
65045713
65051323
65046275
65046801
65050812
65047403
65045808
65045833
65046195
65046195
65046160
65054886
65049971
65046319
65046195
65049072
65046195
65047403
65048573
65046319
65045968
65047303
65047403
65054454
65045968
65045853
65047309
65051123
65047860
65052603
65047403
65047403
65045968
65047403
65048427
65049381
65048917
65052703
65047403
65048427
65048513
65045968
65048445
65051312
65047025
65046195
65048445
65047009
65048772
65051309
65047081
65049381
65045968
65047403
65046969
65055626
65046902
65059441
65047290
65046720
65046969
65046195
65047403
65047993
65047403
65048513
65045687
65051323
65050265
65049072
65046359
65045968
65050603
65057304
65048427
65046059
65047403
65048347
65050774
65053454
65047928
65047009
65047403
65047081
65047403
65047403
65048513
65048311
65047009
65045968
65045968
65045968
65046394
65047238
65047403
65047403
65045968
65048427
65046923
65046195
65048917
65049381
65054014
65052014
65048233
65049072
65046235
65048190
65046305
65046791
65049971
65045968
65049156
65051118
65046305
65047003
65045968
65046497
65047403
65048427
65045968
65051806
65046902
65047314
65045729
65050729
65051323
65046168
65047419
65046902
65045870
65046927
65046195
65051323
65045968
65048917
65045968
65048427
65049072
65048243
65050556
65046314
65046195
65047403
65046195
65050179
65048917
65049538
65049971
65047375
65048446
65048243
65047403
65049072
65047403
65055358
65045987
65045782
65046195
65045968
65046195
65047403
65048969
65058428
65045968
65053599
65052201
65047403
65047010
65048917
65048427
65046195
65050374
65047403
65046902
65047113
65047403
65049381
65046059
65046319
65047928
65053085
65046336
65046651
65048513
65045968
65046902
65047403
65047144
65047094
65051076
65047403
65047772
65051758
65046168
65047275
65047403
65046195
65045968
65046166
65046235
65046195
65046838
65045968
65051806
65053085
65049156
65051758
65052075
65046319
65046902
65048368
65051323
65051323
65046195
65047403
65047403
65045968
65048917
65047403
65049872
65046235
65048090
65045968
65045862
65049288
65047403
65048022
65046902
65047403
65047436
65045968
65057016
65045725
65047442
65045968
65050556
65054198
65046994
65051323
65051806
65047081
65049156
65051323
65050729
65047403
65058454
65047110
65045968
65047781
65047403
65047403
65045775
65047403
65050556
65053085
65050997
65050374
65047565
65049072
65046902
65050717
65046166
65050030
65051323
65049872
65047403
65049072
65050862
65051323
65049534
65050346
65049072
65049072
65051123
65051123
65048273
65045968
65051806
65048935
65048829
65047943
65046195
65047025
65045968
65045803
65051118
65045885
65046902
65050179
65050941
65045968
65046704
65047967
65047267
65050869
65048513
65047328
65049643
65051373
65048935
65048190
65047375
65048513
65050346
65051323
65048600
65045968
65045968
65051123
65047144
65054347
65047403
65045656
65052346
65046394
65045968
65048530
65047263
65047403
65047403
65048917
65050729
65047403
65045968
65046235
65051323
65046195
65045968
65049381
65045968
65048657
65055358
65051076
65048700
65046927
65051923
65051106
65048917
65048427
65046720
65046902
65047009
65049381
65045968
65058428
65045968
65047403
65049853
65051076
65048513
65046838
65047403
65046902
65047928
65045870
65046528
65051767
65047403
65051323
65047238
65048541
65049853
65052075
65048513
65047403
65048202
65046902
65051123
65049288
65048172
65051691
65048935
65046902
65052323
65046365
65053085
65045968
65046994
65048917
65048935
65047708
65048202
65049844
65047186
65045828
65048071
65049971
65047003
65046902
65045968
65046195
65049619
65047403
65046735
65047403
65046410
65045968
65059896
65047860
65047590
65048243
65048772
65046166
65055358
65048071
65045687
65048055
65048081
65046994
65047403
65047403
65059533
65047403
65049381
65048513
65046801
65047403
65045968
65046129
65050598
65047403
65045968
65045968
65046762
65046144
65048513
65047403
65045968
65045725
65051758
65045978
65047403
65048355
65045775
65046235
65046468
65047403
65051323
65047026
65048347
65046994
65050179
65046195
65047081
65046762
65048917
65046902
65051106
65049853
65045968
65047403
65047403
65053308
65048513
65048573
65045968
65046902
65047403
65051323
65049188
65047403
65046195
65045968
65047403
65046195
65046902
65049924
65054731
65046902
65051323
65051758
65046195
65046275
65048573
65049381
65048678
65047590
65049072
65046490
65048917
65048681
65046195
65048427
65048355
65047403
65045968
65054779
65048917
65048427
65048427
65046994
65049156
65051106
65055566
65045968
65047403
65050035
65049172
65052326
65051323
65045968
65046168
65045968
65047403
65049072
65047403
65047931
65052014
65047590
65046902
65045968
65047403
65049946
65049381
65046195
65049853
65050729
65047403
65049072
65050717
65046168
65045978
65048917
65047145
65047026
65048243
65048513
65048513
65045968
65046653
65051373
65048917
65047403
65049381
65048081
65050556
65045775
65047403
65047238
65046053
65046683
65046240
65046314
65045741
65048573
65055919
65051323
65048055
65045968
65048384
65049896
65051323
65047003
65047402
65048081
65046168
65047035
65048190
65052075
65047403
65047403
65048427
65051806
65050806
65047403
65050598
65048446
65047403
65048081
65049844
65047402
65047772
65049876
65047081
65046166
65052075
65051323
65045968
65049156
65048935
65055358
65045999
65049538
65048427
65049696
65047067
65048604
65048081
65046923
65050622
65047267
65047403
65047403
65047701
65052075
65046902
65046275
65046195
65048233
65051118
65045893
65051323
65045870
65053085
65046599
65047865
65047419
65051323
65046235
65045741
65048917
65046994
65046757
65048917
65051123
65048861
65051323
65051123
65048917
65048796
65048446
65046195
65048056
65046902
65047375
65047403
65045741
65047403
65047403
65047403
65047403
65049381
65049072
65048799
65045636
65049156
65045775
65047402
65047772
65048935
65046902
65047267
65048427
65046235
65045968
65046319
65047403
65046902
65048202
65046824
65048917
65049033
65048917
65045968
65046235
65047403
65048065
65047403
65045726
65045968
65048720
65045968
65051806
65050374
65049321
65052075
65047403
65048772
65058074
65049072
65049381
65046298
65051323
65047579
65051466
65048937
65050729
65049294
65047403
65047009
65049696
65046902
65047375
65049381
65048917
65047403
65046902
65046902
65051323
65046213
65045968
65046927
