46130587
46129571
46131575
46129061
46132804
46131467
46132152
46134882
46130587
46130276
46134802
46133482
46131445
46129061
46130587
46129618
46131128
46134517
46131911
46130587
46130894
46131125
46129352
46129061
46129054
46131823
46132804
46129939
46134007
46130082
46133357
46130587
46130986
46131680
46131575
46130587
46131505
46131911
46129359
46130587
46130587
46131445
46130587
46132380
46130587
46129903
46133377
46132380
46129586
46130587
46131755
46130986
46130587
46133357
46129941
46130584
46130587
46130587
46129627
46133565
46130587
46130846
46129900
46129101
46129941
46132074
46129942
46130587
46130276
46130587
46129358
46130584
46130359
46131575
46129243
46130584
46135736
46129807
46130276
46133357
46134758
46129162
46129288
46130124
46130587
46130276
46131467
46130070
46130512
46130276
46141744
46134758
46139400
46134802
46130070
46130587
46129849
46129903
46129580
46129713
46129423
46129903
46130596
46130428
46135927
46131575
46132804
46137640
46129550
46129656
46130587
46131035
46129372
46138580
46130587
46131961
46130813
46134517
46139497
46130587
46133565
46135246
46129101
46128990
46133667
46130587
46138498
46130587
46137651
46132477
46139343
46138956
46131278
46132804
46129101
46132477
46133460
46137640
46131278
46135160
46138843
46133236
46130103
46131755
46132615
46130587
46130276
46129061
46133357
46137266
46130584
46130587
46132074
46129618
46129895
46130276
46132477
46130290
46129135
46129293
46130265
46133357
46130587
46130468
46129336
46130584
46132804
46130276
46129204
46129942
46132477
46131989
46136059
46129475
46130813
46130103
46130171
46130082
46129061
46132440
46131491
46131467
46131575
46134063
46132477
46138843
46132804
46129863
46133595
46130587
46134007
46130125
46129061
46132477
46131823
46130587
46130276
46129812
46129863
46130587
46130468
46129061
46130844
46129895
46133357
46132074
46131680
46130587
46130986
46139343
46130587
46130912
46129802
46134074
46129754
46134111
46128991
46129895
46131989
46137022
46129293
46131292
46131467
46136096
46129359
46129863
46133357
46133357
46130846
46133357
46133357
46138178
46130587
46137640
46130587
46129603
46130587
46132804
46137640
46130276
46130587
46131505
46131575
46131755
46130587
46129571
46130468
46134802
46130468
46130587
46130276
46130587
46129807
46130587
46132074
46131575
46134990
46129580
46132804
46131628
46129586
46133532
46132804
46129903
46137640
46130587
46129550
46130276
46129014
46132380
46130276
46134758
46134639
46134758
46135160
46131709
46133357
46129807
46139343
46132074
46130587
46130587
46130587
46130587
46129580
46134173
46132298
46130587
46129079
46129336
46130587
46130813
46129421
46134007
46133357
46134758
46130841
46130846
46129475
46132804
46131575
46130596
46129204
46130568
46133357
46133377
46129863
46129895
46130569
46129807
46130276
46129618
46130587
46130587
46135246
46133357
46129083
46130468
46139637
46130276
46130587
46130276
46132613
46132074
46134825
46133357
46130276
46130587
46129942
46138178
46133357
46131628
46133357
46132804
46129720
46134070
46132477
46130587
46130587
46133357
46130587
46131575
46128942
46131680
46132477
46129903
46129423
46129863
46129941
46130587
46132804
46129903
46134111
46132104
46132651
46129603
46128990
46128991
46134248
46131113
46129903
46130082
46130276
46130587
46129362
46129610
46135371
46131478
46131911
46129863
46135682
46132613
46134639
46130276
46130276
46128991
46130587
46132062
46129618
46130468
46131911
46131911
46130587
46132619
46130587
46135246
46130512
46130587
46129061
46130587
46132074
46130592
46131505
46129079
46130587
46129372
46130587
46134905
46133377
46130276
46133357
46130587
46131961
46134173
46129895
46130276
46130082
46130584
46133357
46133531
46130587
46134802
46130846
46130276
46129849
46134758
46130587
46129863
46130512
46129895
46130587
46130813
46129061
46130755
46129966
46130869
46133116
46130568
46131113
46129942
46135156
46134670
46132387
46132062
46132477
46131575
46132804
46132104
46134758
46132074
46131575
46130587
46130276
46129754
46133357
46129505
46132477
46130359
46129514
46129610
46133357
46134070
46129061
46130587
46130587
46133357
46130587
46129135
46129101
46129863
46130468
46133357
46131823
46129372
46134041
46130276
46130468
46130584
46134905
46129061
46135246
46129586
46130587
46131330
46139286
46136264
46130276
46129638
46129895
46133357
46130587
46130276
46131069
46129789
46138178
46130596
46135371
46139343
46132380
46155966
46130278
46135657
46131128
46130587
46132074
46135371
46135160
46129863
46130587
46130844
46136108
46130587
46128991
46129054
46130584
46130276
46135246
46129352
46130587
46141122
46137640
46130587
46130690
46130584
46133357
46130587
46132074
46129618
46130587
46130468
46131128
46130587
46130276
46130587
46129432
46130569
46130276
46129243
46129941
46129618
46133357
46130587
46132182
46133357
46129603
46129550
46133357
46130276
46130725
46129895
46133357
46133357
46129863
46134111
46129204
46129101
46132615
46132477
46131575
46129243
46132388
46131035
46130468
46135160
46130372
46135246
46132477
46130587
46134802
46130276
46129061
46129432
46135624
46129903
46130587
46129789
46130276
46130587
46129903
46130468
46132804
46130481
46130587
46130584
46129903
46129618
46130468
46139775
46129243
46135246
46136015
46133357
46131128
46130587
46132804
46129789
46130468
46130587
46129848
46132804
46131035
46130587
46130276
46131575
46134639
46131826
46130276
46130276
46130268
46134758
46129863
46130587
46129942
46129558
46130587
46130171
46130587
46132380
46141122
46129580
46133377
46130587
46129000
46130813
46130587
46129618
46130276
46129789
46132615
46130584
46130587
46130587
46130587
46129941
46130587
46130596
46130082
46129789
46132092
46130596
46130584
46131575
46129807
46129061
46132380
46131109
46130587
46132804
46134041
46139343
46129895
46132182
46131801
46132722
46129293
46130468
46133640
46130276
46134670
46129061
46132074
46129863
46130587
46134074
46130070
46130082
46134802
46130276
46134670
46138101
46134007
46134990
46131680
46131467
46131780
46132804
46129372
46129789
46137570
46130871
46130584
46135246
46129432
46132477
46138178
46129812
46134385
46132440
46134802
46131911
46130468
46131358
46135156
46132380
46130587
46133357
46130587
46129903
46133595
46130278
46132380
46129966
46134802
46130844
46131961
46129849
46130070
46132477
46130587
46130587
46129656
46137640
46130200
46133532
46133377
46130276
46128939
46133377
46137818
46131780
46131056
46130587
46130276
46129895
46132167
46130848
46130587
46129358
46139343
46129807
46130428
46139343
46130587
46132074
46134802
46129863
46129863
46130587
46130324
46133532
46129802
46129863
46130587
46131467
46131575
46130587
46134758
46130587
46130587
46132804
46134639
46130823
46129655
46129863
46129863
46132477
46134070
46132804
46129061
46130051
46130587
46130587
46129863
46129903
46139343
46134074
46132804
46130584
46129610
46134007
46138843
46130587
46134639
46130276
46129243
46129101
46130587
46135246
46134070
46130276
46129061
46132804
46131575
46129863
46130584
46134990
46129061
46129051
46129720
46129903
46130276
46129849
46130587
46130276
46130587
46129061
46130587
46130125
46129061
46129863
46134007
46131575
46128991
46129352
46132804
46131755
46130103
46130276
46130587
46132477
46133532
46130587
46129895
46135974
46133377
46132477
46129079
46129720
46129754
46130587
46133357
46132477
46130587
46130276
46129714
46132120
46129618
46133881
46131996
46131113
46130468
46129895
46129079
46129863
46130813
46129372
46131575
46130587
46129618
46134802
46129432
46130468
46132804
46131128
46129789
46128990
46133357
46130468
46131575
46130587
46129656
46130587
46132388
46135329
46131911
46129101
46129496
46128991
46131961
46134074
46134990
46130339
46131467
46136264
46128991
46136108
46130276
46134670
46130401
46139265
46134758
46130587
46129618
46129863
46131575
46134063
46137326
46131467
46134802
46129903
46133357
46141810
46130587
46130871
46130587
46130290
46129061
46129496
46130587
46132167
46132477
46130841
46135104
46133357
46130587
46130669
46129774
46130587
46129496
46131078
46129903
46129060
46129789
46133599
46130587
46134248
46130841
46130276
46129863
46130276
46130276
46134758
46130474
46131035
46134670
46131035
46129895
46131445
46131035
46130844
46130339
46129603
46131505
46129580
46134802
46129399
46132804
46133357
46134758
46134111
46129061
46133595
46131979
46132477
46138517
46130468
46133357
46130276
46135371
46131575
46129352
46134007
46130596
46130813
46130587
46129372
46131961
46132804
46130587
46130587
46132380
46130587
46129863
46129941
46129061
46134802
46130587
46132477
46130587
46129054
46133357
46130587
46130276
46131445
46134173
46130276
46129903
46130587
46130276
46131467
46129849
46137266
46133357
46132804
46133355
46132804
46130276
46134990
46130587
46130813
46129162
46131128
46130587
46130401
46136264
46129432
46134758
46134802
46136108
46130276
46132936
46133355
46129863
46131961
46130848
46133357
46129863
46130584
46131575
46130468
46130468
46130587
46129372
46129895
46130276
46135160
46132804
46129054
46130276
46130468
46130276
46132892
46129789
46133357
46131276
46129863
46132804
46130813
46130481
46134111
46142350
46131467
46129101
46130468
46129432
46130258
46133357
46134758
46134639
46130846
46132477
46130848
46132502
46130372
46134758
46128991
46129101
46130587
46129903
46134007
46131575
46134758
46130587
46130276
46130894
46130070
46129372
46133565
46129372
46133357
46130276
46130587
46131628
46138232
46129061
46129336
46129372
46132440
46129895
46129618
46130082
46134670
46129903
46130801
46134639
46129863
46129580
46132074
46133357
46139775
46129720
46133881
46129293
46131035
46130587
46130468
46136015
46130587
46130596
46130587
46129101
46134758
46129243
46134074
46129061
46130587
46133521
46129715
46130879
46130587
46131125
46133357
46131128
46131135
46133357
46130596
46129895
46130070
46129470
46130894
46130587
46131255
46128968
46132062
46136108
46132104
46132062
46130276
46130422
46131035
46129895
46130276
46134758
46129807
46134070
46131445
46129061
46129903
46132477
46129656
46129720
46134248
46134736
46130584
46131069
46130276
46131575
46129684
46130584
46138901
46129863
46129895
46134820
46129336
46135246
46131844
46134517
46135246
46135371
46131880
46132804
46135712
46139400
46129372
46135712
46130587
46130725
46130587
46130587
46131575
46130276
46132477
46132804
46132804
46134990
46130871
46133357
46130587
46129054
46131128
46137640
46130401
46133595
46130199
46130844
46130276
46137640
46137640
46129895
46130276
46134248
46133460
46137640
46132380
46133521
46135086
46130587
46129849
46129939
46132477
46130070
46131575
46130587
46131113
46132074
46131911
46131491
46137738
46139343
46132477
46133967
46130587
46129586
46130587
46144453
46130276
46130468
46130587
46129372
46130468
46134758
46130862
46130468
46131575
46133648
46130276
46130340
46131575
46130107
46129101
46129061
46129362
46129789
46135362
46131575
46130587
46129580
46131142
46129812
46141744
46129372
46129022
46133377
46132109
46129941
46130468
46134173
46132804
46132062
46144928
46129863
46129713
46130848
46133532
46130587
46129603
46136772
46129941
46130276
46129863
46130051
46130844
46132804
46129496
46133357
46129352
46130776
46137640
46130587
46132477
46137640
46132074
46131801
46129863
46131467
46134758
46130276
46137640
46130276
46129903
46137640
46130070
46137640
46132062
46129610
46129336
46135246
46130276
46132615
46141744
46132613
46129903
46130468
46129101
46134670
46130587
46129863
46130419
46130587
46137640
46130276
46131035
46131113
46137640
46129863
46130776
46129558
46130276
46129903
46133377
46129648
46130844
46130587
46130276
46131128
46135246
46132477
46137570
46131125
46129061
46130276
46130324
46130587
46133355
46132477
46130848
46130587
46129061
46131575
46134007
46130584
46130587
46131801
46131120
46134990
46137640
46129580
46129863
46130587
46129061
46137640
46130082
46129863
46130468
46129432
46139343
46129713
46130848
46132167
46133357
46130103
46130276
46133357
46134041
46130587
46131575
46130584
46130879
46132804
46129138
46130587
46131035
46132074
46130324
46134007
46130587
46131575
46131961
46132390
46130587
46130587
46133357
46130587
46131467
46129895
46132613
46130587
46131376
46129204
46133357
46129372
46129061
46130468
46129627
46132380
46129061
46129903
46130584
46130587
46134758
46128991
46133357
46130844
46130587
46130070
46139343
46133648
46132440
46129903
46132804
46132477
46130587
46129470
46135682
46131330
46130276
46135160
46129466
46131035
46134758
46135736
46136059
46141729
46134758
46129903
46129895
46133836
46130403
46132477
46130587
46133357
46132804
46129895
46130276
46135086
46130587
46137931
46135160
46132804
46130596
46130584
46131358
46130468
46138232
46130587
46130587
46131680
46130587
46129352
46130276
46130587
46130587
46130587
46129656
46145611
46130268
46129470
46134758
46129352
46133289
46132804
46130468
46132804
46130587
46131035
46134905
46130258
46135371
46128939
46130587
46130587
46131467
46129399
46130468
46130587
46129789
46129941
46140412
46131961
46133535
46130587
46129586
46129618
46132062
46130587
46129903
46135371
46130125
46129863
46132074
46130587
46129432
46130468
46130587
46134758
46129849
46137640
46136264
46129618
46130587
46132804
46132804
46130468
46133648
46129602
46130587
46132804
46129655
46130584
46132074
46130587
46135371
46137640
46130587
46130199
46130082
46129061
46131680
46134074
46129618
46131575
46130587
46132892
46129939
46129942
46131575
46129903
46134758
46134442
46129061
46129714
46135086
46139343
46130468
46128968
46133005
46130568
46129358
46141744
46130290
46131035
46130776
46130290
46129656
46133521
46132477
46133703
46129243
46130587
46130587
46130587
46129903
46131128
46130587
46134802
46130276
46130596
46131575
46130584
46139343
46130596
46129432
46132804
46130276
46130587
46131505
46134758
46130587
46131035
46133768
46134873
46132074
46129812
46129863
46130596
46130813
46129903
46130587
46132074
46134758
46133357
46133357
46132804
46135371
46130587
46131575
46130276
46134990
46129618
46140153
46131467
46134639
46129336
46131445
46130512
46130587
46133357
46134670
46129903
46137640
46135371
46129802
46134177
46130107
46130584
46130276
46128991
46130276
46141744
46129061
46130669
46139343
46129812
46130082
46129790
46130276
46132074
46132062
46133357
46131142
46131575
46130324
46129496
46130276
46138901
46130587
46134758
46132555
46130587
46129941
46129789
46132722
46131575
46131801
46133357
46132104
46129061
46130587
46129720
46133357
46129903
46130587
46130584
46130587
46136096
46129372
46131566
46130276
46129863
46129558
46131575
46129336
46134758
46129903
46130468
46130468
46130258
46129359
46133357
46129790
46133357
46129358
46137640
46131330
46134843
46129358
46132062
46130276
46135974
46130468
46131035
46130587
46129372
46129061
46139343
46131467
46133357
46130916
46130725
46129863
46130587
46131575
46130468
46129939
46130082
46132804
46129863
46132477
46133357
46139343
46129432
46132477
46131113
46133116
46131961
46144488
46134802
46130276
46134173
46132477
46129903
46129789
46139265
46139343
46129895
46132298
46134758
46130587
46129061
46130587
46132804
46130587
46132410
46133357
46130512
46129603
46129571
46134639
46130276
46130276
46131628
46130587
46129061
46131911
46133357
46137698
46132477
46133357
46131035
46132804
46130587
46129362
46130587
46129061
46134990
46129789
46129895
46130587
46133532
46132074
46130596
46132804
46130587
46130587
46130276
46137640
46129648
46130587
46130125
46130587
46141004
46129744
46129863
46129903
46129789
46129789
46132804
46134990
46129863
46130070
46133595
46130159
46130587
46130468
46133377
46129863
46134802
46136059
46130276
46135246
46149183
46134802
46129849
46129714
46129618
46130268
46132380
46136666
46130568
46132104
46129022
46130596
46131219
46130879
46136108
46134639
46129903
46131575
46129863
46128991
46129903
46129061
46130468
46129618
46133667
46130587
46130584
46138901
46131826
46131276
46129863
46129432
46130276
46129358
46137640
46128942
46130070
46130276
46132477
46130276
46137738
46137640
46132380
46132062
46131035
46129849
46130276
46141810
46130846
46130587
46132074
46133377
46130584
46133355
46132074
46128942
46131575
46131467
46130276
46134895
46130276
46133355
46130631
46129903
46130587
46130587
46132380
46130276
46130841
46135712
46129895
46130587
46132380
46130587
46129432
46129470
46129802
46131467
46130039
46130584
46129638
46136108
46130468
46130844
46129372
46130584
46131467
46129586
46129684
46130070
46129618
46130258
46129720
46130584
46129903
46129061
46130070
46130276
46131961
46128991
46136592
46130276
46130596
46130587
46131755
46130587
46133357
46132804
46134639
46131056
46129627
46129714
46130587
46129863
46128968
46136108
46129336
46136108
46130844
46131467
46129848
46130587
46134990
46130587
46133377
46130596
46134758
46138901
46130813
46134905
46130587
46130587
46141810
46132182
46130276
46130587
46130587
46130276
46129863
46132615
46130584
46130276
46130587
46129903
46130587
46134758
46130401
46130587
46129496
46130276
46131467
46130276
46129715
46133357
46129903
46132804
46129352
46130587
46129863
46133357
46132619
46130276
46133357
46132477
46130596
46130022
46131575
46130584
46130587
46130422
46129941
46133967
46130587
46131575
46130841
46129061
46132104
46130584
46129372
46129421
46132804
46137026
46129863
46132776
46130844
46134905
46130587
46131467
46130276
46129610
46132477
46129571
46130587
46129051
46130401
46130587
46128991
46131505
46130584
46130082
46130468
46138178
46130276
46133357
46134802
46130587
46130278
46134007
46131128
46129571
46129863
46128991
46130082
46129352
46130871
46130276
46134905
46130276
46130549
46139343
46131575
46129812
46130584
46130468
46130468
46131222
46129101
46133595
46130587
46132804
46130587
46130587
46129863
46130587
46133377
46129061
46129618
46138409
46139775
46129942
46130596
46130276
46130587
46132380
46130474
46131575
46130584
46130584
46129895
46131575
46129372
46132387
46131965
46132062
46132804
46130468
46133701
46129243
46133357
46133377
46129311
46129744
46130587
46131575
46129243
46132298
46133357
46132477
46129470
46133357
46129684
46131467
46129863
46137640
46135086
46129863
46132477
46132069
46135611
46130276
46132804
46130276
46130276
46132804
46133881
46130276
46135246
46130468
46132167
46130276
46131575
46129903
46130468
46131113
46129505
46130587
46129466
46129903
46134517
46129812
46134905
46133599
46130276
46134517
46129243
46130276
46130468
46129610
46130512
46133357
46129863
46130428
46138580
46130587
46130587
46130848
46130587
46134843
46129849
46137640
46134041
46129941
46133438
46130276
46134670
46130587
46132440
46131035
46130276
46141810
46132804
46129022
46132074
46131128
46136666
46133535
46130587
46131035
46132477
46134802
46134517
46129101
46129107
46133357
46135327
46134758
46131467
46130290
46134670
46130276
46128990
46135870
46132380
46130587
46131575
46135927
46130587
46130276
46129713
46129849
46130276
46130276
46134802
46136006
46135086
46132804
46133357
46129060
46129618
46129903
46129372
46130587
46131425
46132892
46130276
46130276
46132804
46134882
46128991
46130587
46133283
46129903
46137026
46129648
46129789
46131780
46132477
46129521
46129061
46130070
46134905
46130468
46130276
46132804
46135246
46131575
46129051
46133019
46129863
46132477
46129243
46132104
46133756
46133532
46129849
46130605
46130587
46134111
46130468
46148376
46132804
46133399
46130276
46132074
46129352
46130587
46129546
46130587
46132722
46129895
46129903
46130587
46134758
46137640
46131575
46130070
46130276
46129610
46129802
46130584
46129061
46131035
46137738
46132388
46136015
46130587
46138843
46129558
46132804
46131128
46130596
46129863
46133357
46140615
46138178
46132804
46129432
46129849
46130587
46133357
46130512
46129421
46130830
46130587
46130584
46133357
46130339
46130199
46129807
46130587
46129903
46136214
46129496
46132477
46134564
46129603
46130276
46131505
46133532
46133357
46132074
46130276
46132477
46152407
46130587
46130107
46135371
46131035
46130276
46132804
46129903
46130276
46129372
46133357
46133357
46130587
46133357
46133357
46130587
46135246
46132477
46141775
46133328
46131035
46129863
46136108
46130587
46129061
46129789
46133357
46130276
46130755
46130584
46129895
46132062
46131467
46130587
46131575
46130290
46130276
46135246
46129849
46133357
46130587
46131035
46130536
46133878
46129849
46129789
46130584
46132477
46134873
46130986
46129061
46129358
46129863
46130324
46130276
46130587
46130587
46131376
46130587
46131989
46129505
46130844
46132104
46136689
46136592
46134670
46131128
46134990
46130276
46133357
46130549
46133357
46129496
46133535
46128968
46131911
46130587
46131069
46135927
46131575
46129714
46130707
46130568
46129432
46133357
46131575
46136108
46130276
46130587
46131911
46130584
46130844
46131575
46133116
46129802
46131575
46129079
46132593
46129895
46130276
46134074
46130584
46130276
46138580
46131996
46130587
46133357
46129372
46133595
46130587
46134074
46130587
46130587
46130070
46130587
46131467
46129107
46130064
46132477
46130912
46129903
46129903
46133357
46129863
46134905
46131989
46130587
46135782
46130276
46131780
46130070
46129903
46130276
46131107
46134758
46137472
46130587
46130587
46134173
46129336
46133357
46130587
46132355
46129895
46129358
46129895
46130587
46130428
46132804
46133756
46129863
46134820
46138178
46130468
46145716
46130587
46131575
46132056
46137651
46130468
46137026
46138051
46133357
46130276
46133357
46130587
46138232
46132477
46131128
46135246
46130276
46131575
46131575
46130587
46132477
46130329
46130587
46131680
46130290
46129293
46130916
46133357
46130587
46130103
46129863
46130587
46133116
46131467
46134173
46130276
46129061
46130584
46129571
46132074
46129863
46130587
46130584
46132074
46136477
46130587
46139286
46132804
46129895
46129655
46132477
46137640
46132804
46130587
46134248
46131113
46130587
46128991
46131911
46128990
46139343
46129061
46130324
46130871
46132477
46129586
46130278
46131961
46130587
46136138
46130276
46129496
46129714
46133438
46131234
46133377
46132477
46130587
46129162
46130587
46134028
46129061
46129496
46130596
46129336
46132477
46134373
46130276
46129372
46129903
46129863
46133674
46130587
46130587
46130276
46135246
46135611
46133357
46130587
46134670
46130276
46131467
46129863
46134007
46132477
46134758
46130587
46129372
46131376
46132074
46134670
46129789
46132355
46133667
46130276
46129812
46129789
46135712
46130587
46130587
46130584
46134758
46129293
46129903
46130276
46130584
46130587
46130587
46130276
46131628
46134802
46131467
46131911
46133357
46129603
46134758
46130587
46131056
46130276
46130276
46129807
46131575
46140432
46132477
46135611
46129863
46129863
46134758
46130587
46132062
46131035
46129802
46129789
46129432
46129807
46130587
46130587
46129895
46129061
46133768
46129684
46130276
46130587
46130276
46129863
46134007
46131505
46135246
46130587
46129941
46130276
46132388
46130468
46130894
46130329
46130587
46134802
46138462
46130848
46135371
46130276
46130587
46130587
46146146
46129714
46130403
46135156
46134802
46129358
46133103
46130587
46130082
46130276
46132380
46129863
46129941
46129060
46130587
46132936
46129895
46130587
46130587
46133397
46130468
46129470
46132804
46130587
46136923
46131575
46130276
46130070
46130844
46134758
46131973
46130587
46134007
46131376
46134639
46129432
46130587
46130178
46135371
46130844
46130846
46130276
46132804
46130584
46133545
46134905
46129162
46130512
46130587
46135246
46130178
46140628
46129571
46130596
46129000
46139343
46129610
46129372
46139182
46129496
46131467
46136592
46129789
46130468
46133236
46137640
46130844
46129432
46129978
46130587
46128991
46129849
46138705
46134873
46130587
46130070
46136752
46129789
46132477
46130587
46131589
46131035
46132062
46134181
46129618
46132062
46129895
46129061
46131408
46132263
46133532
46129655
46128939
46129336
46129941
46131973
46129421
46130587
46134758
46130587
46130879
46133532
46130587
46130468
46130276
46132388
46133357
46129713
46129496
46129138
46130584
46130587
46129903
46130587
46135246
46130587
46130584
46130276
46139343
46130725
46130986
46129496
46130587
46133357
46130584
46130468
46130276
46135471
46132062
46133535
46129061
46131149
46130587
46130070
46135371
46133599
46129432
46130587
46132269
46133357
46133357
46129895
46130587
46130587
46137640
46136015
46130082
46131035
46136108
46131575
46130512
46132804
46135371
46133595
46130587
46129903
46129558
46131113
46136736
46130587
46129895
46139725
46129807
46130844
46134007
46129243
46130707
46132104
46134758
46130082
46130569
46130468
46130596
46134639
46132062
46130587
46128990
46130265
46130596
46130276
46130290
46139775
46130125
46129558
46129849
46129358
46129774
46130276
46134758
46133619
46132380
46130587
46130103
46132440
46133357
46133167
46135427
46135712
46129014
46131961
46131911
46134758
46134802
46130587
46130549
46129802
46136752
46132804
46130584
46133532
46129895
46129586
46132074
46132477
46130587
46130587
46130125
46129618
46129863
46130587
46132658
46130276
46130082
46138956
46133357
46131575
46129618
46129061
46132804
46133597
46131276
46139400
46129618
46135329
46129061
46132104
46129895
46130159
46133357
46131035
46130276
46132062
46130468
46130276
46131575
46130276
46132477
46132804
46130587
46129941
46130587
46133357
46131575
46129895
46132804
46130596
46133377
46130587
46135086
46130587
46130276
46133357
46132074
46133357
46132305
46132555
46129423
46137640
46131069
46130587
46130587
46129863
46129358
46129789
46131035
46130587
46129720
46134063
46129807
46131911
46133357
46129789
46130587
46133357
46132804
46130587
46130587
46129496
46129789
46132804
46130474
46129610
46129014
46130496
46132936
46134990
46129061
46136015
46132477
46129162
46130587
46133532
46131035
46129849
46131125
46131989
46133357
46129496
46130468
46130587
46130587
46133357
46134125
46132062
46130848
46129942
46132615
46132722
46131035
46134670
46129903
46139343
46129789
46130587
46130587
46130276
46133167
46129372
46130587
46139400
46129243
46130587
46130707
46131801
46130276
46129714
46133599
46133357
46130587
46134820
46131575
46129131
46134758
46132477
46129372
46131961
46130468
46129372
46130468
46136008
46129432
46132104
46130587
46130372
46129311
46131911
46129941
46130584
46129789
46130276
46129789
46135246
46132804
46130276
46131278
46131505
46130419
46129558
46148177
46129789
46130587
46131445
46130584
46129361
46128991
46129618
46138178
46129061
46130584
46134111
46130587
46129061
46134905
46131276
46130587
46139182
46134111
46130587
46131589
46130587
46135246
46132477
46131128
46132062
46131408
46130986
46133357
46135246
46129421
46132804
46130587
46128991
46129571
46132477
46129895
46134639
46132804
46132611
46144057
46135246
46129101
46132380
46130340
46131940
46130587
46136264
46130587
46130474
46130401
46130459
46129903
46129744
46130276
46131376
46131056
46141810
46130587
46129061
46134990
46134351
46130587
46130276
46131069
46130276
46129895
46129903
46129546
46130268
46130276
46129774
46129863
46130587
46130587
46138793
46129903
