64668394
64669106
64668090
64668394
64673233
64668683
64667445
64672233
64667609
64668394
64667546
64668090
64669106
64669106
64671032
64670124
64667796
64667609
64667609
64668090
64668090
64668306
64672481
64667609
64668394
64668090
64668090
64668394
64674170
64675121
64667609
64668394
64669910
64671323
64668394
64675431
64670854
64669106
64669106
64668007
64668090
64667435
64672581
64673572
64668394
64669106
64676794
64667970
64672481
64668394
64670742
64668306
64667609
64668161
64668394
64669274
64670379
64669106
64669106
64668394
64667609
64668394
64667609
64670744
64668147
64668394
64676794
64667609
64669925
64668394
64668394
64667801
64668394
64667811
64668394
64668394
64669220
64668090
64667609
64670651
64669573
64668394
64668329
64669106
64669106
64668394
64668090
64672569
64670032
64669106
64668394
64668090
64671911
64668306
64669106
64668301
64667801
64675073
64667445
64668090
64667388
64668394
64669106
64669106
64668394
64668394
64669106
64668394
64667609
64672481
64669106
64667811
64669274
64667546
64671339
64668394
64668090
64669858
64667609
64668218
64668906
64667609
64668090
64668191
64667609
64668090
64667609
64678059
64668559
64668394
64669106
64668394
64668090
64668394
64668394
64667609
64669438
64668394
64669106
64678059
64669106
64669043
64668090
64668394
64668394
64668394
64669106
64669106
64667609
64667811
64668120
64668394
64669106
64667801
64671862
64671103
64680066
64668394
64668394
64668090
64668394
64667609
64668394
64670725
64668394
64668090
64668394
64670379
64668212
64668394
64669106
64669106
64668394
64667388
64668366
64674170
64673146
64668394
64668394
64667546
64668394
64668394
64668394
64673854
64667609
64668394
64668394
64667609
64669106
64667609
64672253
64667475
64667609
64667609
64668394
64669106
64669106
64669106
64669106
64668090
64668394
64668394
64667609
64667609
64668090
64667503
64667609
64669106
64667609
64668394
64669106
64667546
64668394
64669881
64667609
64668136
64682569
64675108
64667546
64668394
64667546
64669106
64669920
64667898
64674241
64667484
64667609
64670651
64674170
64667816
64667802
64669106
64678059
64668559
64673768
64668090
64668394
64668090
64667609
64668394
64667898
64670471
64668394
64668394
64667816
64668090
64669106
64667546
64668394
64667801
64668090
64667546
64668090
64667609
64668090
64668394
64669289
64668090
64668394
64667609
64668394
64668394
64668394
64668090
64669274
64668212
64672253
64668559
64668394
64668090
64670366
64668168
64669989
64668168
64669106
64668889
64667609
64668394
64679710
64674403
64668090
64674360
64669106
64669106
64668090
64668950
64668394
64668394
64667609
64673233
64668394
64668394
64668090
64668090
64668213
64668394
64673796
64667507
64668394
64668306
64669106
64667609
64670379
64668136
64690710
64667897
64667912
64667609
64669106
64671081
64674888
64673948
64668394
64667475
64669106
64669106
64668090
64668394
64667445
64667796
64667804
64667503
64669106
64669106
64674170
64668394
64667475
64667804
64667816
64667609
64671911
64669106
64668394
64669106
64668394
64668559
64667609
64668857
64667609
64678059
64668827
64670510
64669106
64668394
64667811
64669106
64680097
64668892
64668580
64674170
64674170
64668394
64668225
64668394
64668394
64669925
64669106
64668090
64668394
64668394
64674170
64668394
64668721
64668394
64674170
64667621
64668394
64668306
64668954
64669106
64667435
64667475
64669474
64674170
64668394
64669106
64669274
64669274
64668278
64667609
64667609
64668343
64667609
64668090
64669106
64668323
64670910
64672296
64667609
64670225
64667609
64668394
64669052
64667609
64668212
64667609
64674170
64668394
64680725
64667609
64684877
64667475
64669106
64669474
64668056
64668394
64672625
64668293
64668090
64668394
64668205
64667609
64667609
64667609
64668306
64669106
64668503
64667901
64668394
64668394
64669106
64668007
64668394
64667475
64667609
64668394
64669106
64667804
64667970
64667898
64667816
64668394
64668394
64669106
64668288
64668306
64668394
64673553
64669106
64667742
64669920
64669106
64669106
64674028
64668147
64668950
64668394
64668984
64668136
64669106
64669106
64668394
64667388
64669106
64669106
64668090
64671205
64668675
64667801
64668394
64667609
64667609
64667898
64667609
64668394
64668090
64678059
64667854
64668394
64667609
64668191
64667906
64669106
64669274
64668090
64668394
64668090
64668147
64668394
64668394
64668394
64670379
64667609
64672153
64669274
64668090
64669106
64672765
64668394
64668090
64668394
64667898
64668090
64668394
64668090
64668394
64669106
64668394
64667609
64667686
64667609
64668306
64674170
64672402
64668394
64669106
64668306
64668399
64672949
64667609
64667546
64668394
64667801
64668394
64668090
64668394
64669220
64668394
64668394
64667475
64668090
64668161
64668090
64671908
64668090
64669106
64680066
64668394
64668394
64668394
64669274
64668394
64667801
64677530
64667609
64667430
64668090
64668394
64669113
64678357
64668394
64668394
64669106
64670379
64669106
64668323
64686826
64668394
64668120
64669106
64668090
64669106
64668394
64669797
64668394
64667609
64667801
64667609
64670379
64668394
64668394
64668090
64672253
64668366
64667609
64678059
64668090
64670379
64669106
64669106
64668394
64677232
64668323
64668394
64669106
64668394
64669106
64675083
64667609
64672569
64669819
64667609
64671712
64668394
64667609
64669106
64668394
64668432
64668394
64668675
64667609
64668090
64667609
64668090
64671655
64668394
64667475
64668166
64669106
64670379
64668394
64667609
64668056
64668257
64668090
64668136
64667609
64667742
64668394
64668394
64667475
64669106
64668394
64675083
64668394
64668120
64668394
64675259
64668394
64668394
64689906
64668394
64678059
64669106
64667784
64667609
64669106
64669438
64668316
64667475
64672481
64668394
64669106
64668120
64673572
64668889
64669106
64668394
64669263
64667609
64669486
64668090
64671030
64680364
64668394
64668394
64668394
64667801
64668394
64669220
64675083
64667609
64667609
64668090
64667811
64669106
64669106
64669106
64667475
64668090
64668948
64669106
64679913
64668394
64668394
64667609
64667507
64668090
64668394
64669573
64667609
64668580
64668394
64670583
64668278
64668394
64667609
64671597
64668394
64668090
64668394
64670583
64669106
64669106
64668394
64668394
64668394
64667816
64668120
64673079
64669106
64668394
64669106
64668394
64668948
64670379
64673964
64671757
64667609
64667609
64668394
64669106
64668394
64671908
64668394
64667445
64667901
64675587
64675108
64668394
64669106
64668090
64669106
64668394
64673233
64667609
64667609
64667546
64669106
64668090
64667546
64669471
64668394
64667609
64668394
64674170
64668394
64668293
64669485
64668191
64667609
64668007
64669106
64667609
64668394
64669106
64670633
64668394
64674170
64668090
64668394
64669106
64668394
64668394
64667435
64669274
64672706
64681888
64669274
64667801
64668394
64668394
64672949
64668306
64668394
64677542
64667609
64670583
64669106
64669438
64668394
64669014
64668394
64667609
64668399
64668191
64668394
64669106
64668394
64667898
64672583
64667609
64675083
64667609
64669106
64668090
64667811
64668394
64668394
64669128
64667742
64668394
64668394
64668394
64668394
64668394
64668394
64669106
64668394
64669106
64667609
64669106
64672253
64669106
64676449
64674170
64667609
64668090
64668016
64668205
64668394
64668857
64674813
64670725
64669925
64667734
64671339
64668090
64668394
64675205
64668421
64669471
64667609
64668394
64669106
64670198
64670742
64668136
64667816
64669106
64667609
64668394
64667811
64667609
64669106
64667906
64675082
64668056
64670533
64668394
64668090
64668394
64667609
64668090
64669106
64668394
64667609
64668394
64667475
64668394
64667898
64669485
64669881
64668090
64667609
64668559
64667613
64672949
64669106
64671648
64669289
64668090
64678059
64668394
64667546
64668056
64668394
64667435
64679896
64676498
64668090
64670471
64667609
64669106
64669106
64672949
64669106
64668384
64672399
64668394
64672543
64668090
64668090
64669106
64668394
64667609
64668090
64671081
64667609
64668394
64672474
64668394
64668394
64668056
64667609
64668394
64668090
64674305
64668394
64667609
64675083
64667816
64668090
64667970
64674170
64667742
64668394
64668503
64668090
64667609
64667475
64668329
64669106
64668090
64668394
64668394
64669106
64669106
64668090
64669052
64680182
64668090
64668394
64668394
64667609
64667906
64668394
64667546
64671911
64669106
64674020
64668394
64668394
64668394
64668394
64668394
64668394
64667609
64670498
64670151
64668559
64668394
64671339
64668394
64667609
64667503
64667609
64679913
64681452
64667609
64669106
64667609
64671908
64668394
64675121
64667406
64667609
64668394
64668394
64668090
64669106
64668090
64668090
64667609
64668394
64675826
64667609
64669884
64668090
64668394
64668394
64667491
64667609
64669106
64670025
64668394
64668394
64667609
64673575
64668384
64668559
64667609
64668310
64667609
64667609
64668394
64668394
64669274
64672233
64668394
64669106
64668394
64670379
64668306
64668323
64672543
64672894
64669106
64681795
64667475
64668394
64668394
64668394
64668394
64668136
64672569
64668394
64667609
64669106
64667609
64667901
64668394
64668394
64668394
64668469
64669106
64669106
64668090
64669106
64668394
64669106
64669106
64669106
64667609
64669106
64668394
64667609
64668090
64671911
64668090
64668090
64668395
64669106
64668394
64668394
64667609
64669274
64667609
64668394
64668394
64667609
64667475
64669106
64668306
64670379
64669106
64668394
64669167
64671314
64668090
64671911
64669106
64668394
64668394
64667609
64667475
64669106
64669106
64667609
64667475
64667609
64668394
64673894
64668394
64668090
64667609
64668394
64669106
64668090
64668310
64678059
64668394
64668147
64669106
64667609
64667627
64667475
64667609
64668090
64670379
64669106
64673233
64668394
64679917
64667609
64669106
64668090
64668394
64668056
64667609
64667609
64668394
64667609
64668090
64667609
64670379
64667609
64669106
64668394
64667609
64675083
64669884
64667609
64669106
64669106
64667609
64668394
64668984
64667609
64669106
64668394
64668394
64669925
64667609
64670471
64668394
64667484
64667811
64668394
64668394
64669167
64668394
64667970
64674170
64682084
64671205
64676794
64668394
64668394
64669106
64668394
64670498
64667940
64668090
64667609
64667435
64675083
64668394
64668394
64668090
64670233
64668090
64676549
64667526
64668090
64668090
64667507
64668394
64676213
64670579
64668394
64668990
64667609
64667854
64667475
64674360
64668394
64670493
64668394
64668394
64667609
64668159
64668090
64668394
64668306
64668163
64668421
64670025
64669313
64668394
64667609
64674666
64667811
64674170
64682904
64668394
64668394
64669159
64667627
64668843
64667609
64668090
64667609
64668090
64667609
64669106
64675349
64669106
64668394
64668394
64669106
64669274
64672481
64668042
64667609
64668394
64674170
64668090
64668090
64668090
64669106
64667621
64668394
64667609
64669106
64669106
64667609
64668394
64668892
64669106
64671770
64668394
64669920
64667801
64667503
64669106
64669106
64673607
64668394
64668090
64668394
64668090
64667609
64667609
64667475
64671648
64668239
64668090
64670422
64671373
64669106
64667609
64668394
64669289
64667609
64669106
64667475
64668394
64667475
64668394
64668147
64675073
64670510
64669106
64671911
64667388
64668090
64669818
64669278
64667475
64668394
64673079
64668394
64669106
64667609
64669106
64667609
64667801
64672296
64668394
64668394
64669106
64668278
64675082
64670676
64668090
64667734
64668394
64668683
64670379
64667609
64670379
64668394
64667609
64669106
64673489
64668090
64667609
64667609
64668394
64668394
64667609
64668394
64668090
64668394
64668278
64667609
64671528
64676433
64671554
64668394
64667811
64668163
64667609
64668351
64668394
64668090
64671407
64668090
64677117
64668827
64673850
64672253
64668394
64668394
64668394
64668090
64669106
64668394
64667406
64669043
64669106
64669106
64668394
64667609
64667609
64668394
64668056
64674170
64674170
64668394
64667609
64667609
64668394
64668090
64668394
64674170
64674170
64668090
64668090
64667475
64668056
64668394
64669620
64669106
64670725
64669106
64668394
64668394
64667609
64667811
64668394
64668394
64668394
64667609
64667507
64668007
64668090
64668090
64669220
64668394
64668456
64670725
64667801
64676470
64669106
64670471
64669106
64671181
64669106
64667609
64668394
64668394
64667475
64668394
64668062
64668191
64669106
64667784
64667816
64667609
64669106
64668394
64668394
64675632
64668394
64668559
64667609
64668683
64669106
64669106
64668394
64668394
64667609
64668394
64671364
64667816
64675083
64667546
64668394
64667609
64668394
64668394
64671150
64669818
64668394
64668007
64668394
64668394
64668394
64667609
64674170
64669106
64667609
64669106
64668394
64668090
64668090
64668394
64667388
64668394
64668196
64667609
64667488
64672312
64667609
64668394
64668394
64669342
64669106
64668218
64670347
64669106
64667609
64668394
64673233
64668580
64668090
64668394
64668394
64669274
64676306
64668394
64669510
64668306
64668739
64668394
64667475
64668394
64667609
64668394
64668394
64667609
64668394
64668394
64669274
64668394
64667609
64673831
64667609
64669106
64668394
64672949
64675083
64673233
64668394
64667388
64671770
64668394
64669106
64668394
64667609
64670471
64669106
64673231
64669819
64667898
64669106
64667609
64671911
64676704
64670583
64668394
64670471
64667609
64668580
64681224
64668394
64667475
64667907
64668394
64670025
64671081
64671911
64669106
64668090
64668394
64670379
64668394
64667435
64668090
64668394
64668394
64667609
64669106
64668090
64668394
64668394
64668827
64668394
64667388
64669106
64668394
64668394
64669106
64668101
64668136
64668394
64668394
64668394
64669106
64668394
64669106
64672213
64668394
64667388
64668394
64670742
64668394
64674170
64668394
64668136
64667609
64673549
64668394
64668056
64668394
64669313
64668394
64669106
64668827
64668090
64669106
64667484
64668394
64668394
64668394
64668394
64669106
64669106
64668394
64667546
64668394
64667609
64669106
64668394
64671407
64669106
64668394
64669106
64668136
64668090
64667609
64667970
64668127
64668090
64670471
64667609
64667609
64671911
64667609
64668306
64669989
64671667
64667609
64673553
64668394
64667609
64669106
64670025
64669106
64671911
64669220
64668394
64670471
64672022
64669106
64667609
64668205
64668394
64668394
64669220
64680182
64672748
64667609
64668394
64667526
64668626
64669106
64670742
64667609
64668394
64667609
64667609
64667609
64669106
64668090
64668090
64667609
64668421
64674170
64669106
64668394
64667811
64669220
64667609
64667811
64668394
64674170
64668394
64668394
64669106
64669106
64668394
64669106
64667609
64672213
64667609
64674170
64668432
64679127
64668394
64676433
64668394
64669106
64667609
64669106
64668394
64669106
64669106
64667609
64668394
64670379
64668394
64668651
64667809
64670379
64668394
64667609
64673287
64670379
64668394
64668394
64669106
64670379
64668316
64669052
64668394
64669106
64667609
64668394
64667613
64669106
64668394
64669106
64669106
64669220
64667898
64668306
64667609
64674170
64667897
64668394
64667901
64667801
64669106
64667475
64668394
64668357
64667609
64667816
64670967
64672569
64668394
64668683
64668090
64669106
64676576
64669221
64668278
64669106
64668205
64668394
64667609
64669106
64677970
64670379
64668090
64668559
64669920
64678059
64668675
64669106
64669274
64668394
64674170
64668394
64667475
64676704
64668394
64668394
64667609
64668394
64679231
64668394
64671323
64673958
64669457
64670379
64668394
64667609
64668394
64669106
64669491
64667811
64672543
64667898
64669106
64669106
64667609
64668394
64675082
64669106
64667809
64668421
64668394
64668394
64668090
64668090
64668394
64668394
64668394
64669106
64674605
64668394
64668394
64668394
64668090
64670742
64667609
64667609
64669106
64670379
64668394
64669106
64668394
64669106
64673233
64668394
64668394
64668394
64668196
64669106
64668127
64667901
64667609
64669920
64681125
64670025
64669106
64668147
64680419
64669106
64667811
64668559
64667609
64677582
64667462
64667507
64668394
64669797
64668090
64667609
64668394
64667897
64668394
64667450
64667816
64668394
64668394
64668394
64668193
64669106
64669106
64668843
64668394
64668306
64669106
64668394
64669106
64668090
64671635
64668559
64668394
64668394
64667609
64673796
64669106
64668090
64667609
64669925
64667898
64668394
64668394
64669106
64668394
64668394
64675607
64672296
64671627
64668090
64671770
64667686
64668394
64671886
64668120
64668120
64668394
64673821
64668090
64669106
64668394
64671766
64673575
64668090
64668394
64673607
64667609
64668394
64681914
64671294
64676466
64668136
64668056
64668394
64667609
64668394
64670379
64667546
64668394
64668394
64668394
64667609
64667609
64667546
64668394
64672912
64667811
64668394
64668394
64668394
64668090
64674170
64668090
64668090
64668394
64668394
64668394
64679357
64668394
64668559
64668394
64668580
64669106
64668394
64667609
64667609
64668323
64667503
64670379
64672498
64668394
64670025
64675083
64668090
64667816
64668090
64694822
64667804
64667609
64668394
64667574
64667475
64669106
64670471
64668394
64668394
64669471
64671081
64669797
64668394
64668394
64668090
64669106
64667609
64668394
64668580
64672391
64668394
64669106
64672391
64671911
64668090
64674305
64681888
64668394
64674170
64667445
64669106
64679444
64669106
64667609
64667609
64672529
64676449
64670498
64667811
64668278
64668394
64668394
64668559
64668394
64668278
64667609
64668333
64668394
64668394
64668394
64668394
64668394
64669014
64678059
64668394
64669106
64667906
64668394
64668306
64669274
64671803
64669106
64667609
64668394
64669106
64667445
64667609
64669106
64668394
64668580
64668432
64669567
64668394
64671471
64668394
64668016
64667609
64669106
64668388
64669106
64667801
64668278
64667609
64669797
64669106
64667507
64670379
64669052
64668090
64667609
64669106
64668090
64668394
64667475
64668090
64667801
64669106
64667388
64668090
64668394
64668394
64667609
64668090
64668394
64672949
64669106
64668394
64667742
64668394
64675587
64669249
64668090
64668394
64667546
64669106
64668090
64676337
64667970
64668394
64667609
64668394
64670533
64670379
64669106
64669106
64668225
64673796
64673603
64667609
64669430
64675477
64668090
64668394
64668394
64668399
64669106
64668394
64668394
64668090
64669106
64668508
64668090
64668090
64669106
64668394
64674168
64667906
64672515
64669220
64668090
64667801
64684326
64667801
64668090
64668306
64668954
64670379
64669274
64668394
64669106
64673264
64667609
64673823
64674305
64668394
64669106
64669106
64667609
64668394
64668394
64669106
64668683
64668090
64668394
64667609
64667546
64668090
64670379
64670025
64669106
64670290
64668394
64668166
64667495
64671103
64668394
64668120
64668394
64669106
64668394
64668394
64669106
64668503
64667609
64667609
64667609
64669106
64685344
64668090
64669106
64667811
64668394
64671103
64668090
64668394
64668394
64670025
64669910
64668166
64670876
64667484
64668147
64669539
64668394
64668394
64668395
64667609
64669106
64667609
64671911
64667609
64668394
64669106
64668090
64668394
64668090
64669106
64668394
64667609
64669106
64668394
64670154
64669106
64669573
64669220
64668394
64668394
64670025
64668090
64668394
64668394
64667609
64668578
64669106
64671554
64668090
64668090
64667609
64668394
64669159
64673079
64667546
64668394
64668090
64669006
64667801
64670742
64668239
64667546
64668090
64667609
64668394
64668394
64669106
64668394
64667609
64667583
64668394
64668394
64668394
64668394
64674658
64668394
64667609
64668394
64667621
64667546
64672949
64668323
64668394
64667816
64675349
64667574
64668394
64668136
64669274
64669106
64667640
64668394
64668090
64668394
64668394
64669106
64669106
64668394
64668394
64669106
64667609
64670025
64674125
64667609
64676433
64667609
64667609
64669106
64668306
64668394
64671950
64668394
64671117
64668394
64667609
64668394
64667801
64669106
64681833
64668394
64668090
64669106
64668090
64668394
64667621
64667475
64669106
64668090
64669471
64668062
64667450
64668394
64667609
64668394
64667609
64668559
64669106
64668394
64668394
64669881
64667811
64668090
64668090
64669106
64669797
64668394
64667809
64668056
64667609
64669468
64667811
64667609
64671911
64667609
64667609
64668306
64668394
64673079
64668127
64667609
64668394
64672399
64674713
64669106
64668090
64669106
64668394
64668394
64669106
64667609
64668394
64668384
64667475
64668394
64669265
64673822
64668394
64667609
64670241
64668394
64667546
64667574
64669106
64668394
64669106
64669920
64667609
64668394
64667445
64668394
64676445
64679357
64667574
64667609
64668090
64672399
64668090
64667609
64668056
64670498
64668188
64667613
64668394
64673233
64683282
64668062
64668394
64674478
64668090
64668394
64668090
64669106
64667609
64667503
64672481
64668090
64667406
64667609
64667609
64668394
64669106
64675073
64669106
64670533
64671150
64667535
64667507
64668394
64667609
64668950
64669920
64667583
64678059
64668090
64671911
64668394
64669106
64669106
64667475
64668394
64669106
64669106
64668090
64669106
64668683
64669106
64667944
64669106
64669920
64669106
64667609
64668394
64670651
64669220
64668394
64668090
64668394
64668136
64667609
64667609
64667609
64667475
64667609
64667609
64668394
64668394
64667901
64668090
64667609
64668394
64668394
64668394
64667609
64668394
64669106
64667940
64673079
64677436
64669106
64668394
64668090
64668136
64668090
64671167
64670742
64668147
64667609
64668278
64667609
64667609
64669106
64668394
64668394
64668394
64672569
64669106
64668090
64668136
64667811
64669797
64674305
64668394
64674170
64669819
64668394
64667906
64668191
64667609
64668090
64667546
64669106
64668394
64679153
64667609
64669922
64668394
64668394
64667546
64669797
64668394
64670574
64668090
64668329
64667811
64674170
64668394
64668394
64669274
64668394
64668090
64668394
64678613
64669106
64669106
64668191
64672153
64670848
64675431
64668090
64674170
64668394
64669106
64669106
64667609
64669106
64669106
64668394
64668090
64667609
64669106
64668090
64668056
64668394
64668394
64673850
64667609
64673233
64667475
64668394
64667609
64668394
64667609
64670217
64668056
64669106
64669106
64668394
64671190
64669920
64669106
64668394
64668090
64669274
64667609
64669106
64667546
64667609
64668212
64667609
64669106
64668394
64668306
64668306
64668394
64669106
64669106
64668090
64668062
64668394
64669106
64667388
64668394
64668394
64667609
64668394
64673597
64668090
64668394
64668394
64668394
64667796
64677961
64668090
64667388
64668191
64667507
64668090
64671294
64668394
64668090
64668394
64668559
64671407
64667609
64668323
64668090
64670583
64667609
64667609
64668394
64668394
64677058
64668394
64668559
64667609
64668394
64668394
64669106
64667804
64668394
64669106
64670633
64668394
64668090
64670744
64668394
64672253
64676498
64668394
64667475
64668912
64668278
64667475
64667811
64669881
64667609
64668394
64667609
64668394
64669106
64669106
64670519
64668394
64669106
64668090
64667609
64668394
64668090
64669220
64668218
64668191
64667898
64667609
64668394
64669106
64674170
64667609
64671695
64667811
64670379
64669920
64667609
64667609
64667609
64668394
64668394
64668394
64668120
64667609
64669274
64668090
64669106
64669106
64668394
64669106
64668394
64669052
64669106
64667609
64674170
64671911
64668394
64667609
64669106
64668394
64667912
64668394
64668394
64668225
64682084
64669106
64668394
64667450
64668394
64669920
64668399
64671339
64668394
64668394
64670985
64668090
64668394
64669106
64668394
64668394
64668191
64667811
64668432
64669797
64668394
64668394
64667742
64668090
64668090
64667811
64668306
64668394
64668394
64667609
64668166
64667609
64668559
64668394
64668090
64668090
64667609
64668394
64670225
64669106
64668394
64668394
64667609
64670217
64667546
64667901
64668394
64668421
64669106
64668394
64668090
64667609
64670510
64667609
64674170
64671323
64669106
64667609
64669106
64668580
64667609
64667609
64667609
64667507
64668394
64669106
64672253
64667609
64668399
64668139
64668394
64669106
64668394
64669106
64668394
64667475
64668394
64667406
64667609
64668394
64668394
64668394
64674455
64668394
64668090
64668139
64671081
64667609
64669106
64669106
64668394
64667574
64668090
64675121
64668394
64668580
64668394
64668394
64669106
64668394
64674170
64668090
64675193
64667609
64668394
64671081
64668394
64667912
64667609
64668090
64671360
64669106
64668016
64667609
64668343
64667609
64669106
64668394
64669106
64668278
64669043
64669106
64668394
64677890
64668090
64668394
64669106
64668394
64669106
64667609
64668394
64671886
64669274
64667609
64667507
64667609
64667609
64672293
64669106
64669106
64681914
64667609
64668394
64667475
64668394
64672031
64673169
64668120
64668394
64668394
64668090
64669106
64667609
64678966
64667475
64667609
64668394
64669106
64667546
64667609
64668394
64668394
64673026
64669430
64668394
64668675
64668394
64676470
64668351
64669207
64668394
64668090
64669106
64668090
64668394
64669920
64668394
64668641
64674170
64671339
64668394
64670848
64672968
64667609
64668394
64669106
64667742
64674360
64668394
64667609
64668090
64668090
64668090
64667609
64668394
64668090
64674305
64667811
64668394
64668394
64668394
64668278
64668090
64668090
64671323
64669106
64668394
64669106
64669106
64668394
64671655
64668394
64668394
64668056
64668394
64668394
64668056
64670236
64668090
64668559
64673822
64672151
64674170
64668394
64669274
64668090
64670744
64667609
64667609
64669884
64667388
64681224
64667811
64668394
64667621
64668394
64669106
64668306
64668394
64667609
64667503
64668394
64667609
64667609
64667609
64669106
64668090
64668394
64674170
64667609
64668394
64669819
64667475
64667816
64668394
64667609
64670379
64670537
64667507
64667609
64668394
64677616
64668394
64670379
64667609
64667609
64667609
64668394
64675209
64669106
64669106
64667609
64673768
64668394
64669106
64667609
64668394
64668166
64673079
64667801
64667609
64668166
64667691
64667609
64668394
64669106
64668394
64668306
64669106
64668090
64668394
64667546
64673030
64668090
64671232
64668394
64667462
64669106
64671655
64668394
64667734
64668278
64669106
64667430
64668394
64669106
64668394
64668394
64668394
64668394
64668136
64669220
64668196
64667816
64671150
64667609
64673850
64667488
64671554
64667475
64668394
64668432
64668394
64668090
64668395
64667547
64667609
64670744
64668090
64667609
64667621
64669106
64667609
64668323
64667609
64667609
64668394
64668394
64668090
64668984
64668394
64667784
64669106
64668394
64670583
64668394
64682904
64667801
64672543
64667609
64669106
64667609
64669819
64667491
64669881
64668394
64667801
64669106
64671862
64668090
64670725
64667462
64667609
64668394
64673079
64684380
64669106
64668090
64668090
64668090
64670379
64669106
64668329
64672114
64668090
64672531
64669797
64668394
64667609
64668421
64668394
64669818
64673572
64678059
64668394
64668090
64669106
64668090
64669106
64669106
64668394
64668394
64668394
64673474
64673079
64669106
64668394
64668090
64669106
64668394
64668394
64668090
64668166
64668394
64668698
64671239
64667801
64668394
64667742
64668394
64667816
64667609
64669106
64673079
64668090
64669106
64673231
64674648
64668394
64667609
64667609
64669106
64668394
64668090
64669106
64667609
64667609
64667546
64669106
64669438
64668394
64673662
64686440
64668394
64668394
64668394
64668394
64674170
64676337
64667462
64667475
64667609
64669159
64668394
64668090
64668090
64668090
64669106
64668166
64669106
64668090
64669106
64668090
64673796
64668090
64684294
64668090
64667801
64668394
64667609
64669052
64668394
64668394
64668394
64668394
64667609
64669106
64668394
64668394
64668090
64668331
64669052
64669920
64669106
64677530
64668394
64669106
64667609
64667609
64668090
64668394
64667970
64667609
64668394
64668101
64667811
64667609
64668394
64668306
64668394
64669106
64668394
64668394
64668935
64667609
64670978
64669106
64669920
64668394
64668147
64667475
64668394
64669106
64668394
64669014
64668394
64668394
64668394
64668948
64668384
64667609
64669106
64678795
64669106
64668090
64667475
64667609
64668626
64668090
64667609
64668394
64668333
64668257
64668394
64670241
64674170
64668394
64670742
64668090
64667609
64668394
64668394
64667546
64667613
64671471
64669106
64668147
64668090
64668306
64668394
64669106
64669106
64672761
64669014
64667609
64668394
64670379
64668090
64667475
64668394
64667609
64668394
64668394
64668225
64667435
64668090
64668090
64673572
64674907
64668893
64668394
64668394
64668090
64667609
64669274
64668394
64668090
64668394
64668394
64669881
64668394
64668394
64668090
64668394
64674718
64669106
64668090
64669106
64670379
64668394
64668394
64668394
64668218
64668843
64668626
64668090
64669106
64677890
64668394
64667609
64667784
64680182
64668559
64668090
64668394
64668394
64668394
64667609
64668394
64668394
64668090
64668056
64668394
64676794
64668394
64669797
64667906
64668580
64668090
64668090
64668278
64668139
64669106
64673079
64668394
64668394
64667507
64667609
64667462
64668394
64681055
64668394
64669106
64668090
64667609
64667445
64671294
64667609
64668394
64668394
64668394
64672188
64668394
64668394
64668559
64667475
64670025
64667796
64668394
64668090
64667475
64667526
64669106
64671323
64667816
64668394
64668193
64674170
64669106
64668394
64669220
64668394
64668394
64667609
64667621
64667574
64668394
64668394
64668090
64668394
64667454
64671294
64671339
64667445
64674478
64668090
64669106
64672153
64667609
64674170
64668090
64668394
64669106
64672391
64668394
64668394
64680066
64667609
64668394
64669220
64668394
64668394
64680291
64667609
64671911
64668394
64667801
64667609
64667801
64671232
64668394
64668394
64667609
64668394
64676033
64668394
64668090
64669106
64668394
64669106
64667801
64668394
64669106
64668394
64668090
64668394
64668394
64668090
64669106
64668306
64674170
64673438
64667609
64667462
64667609
64667609
64668394
64669106
64667609
64668394
64668159
64667801
64671402
64668394
64669106
64669797
64667609
64668090
64668090
64671471
64667475
64667609
64669106
64668399
64679086
64667462
64668090
64668394
64667546
64668394
64671911
64668394
64667507
64669106
64667609
64667609
64669106
64669220
64668090
64668394
64668394
64668394
64670725
64669106
64668394
64668394
64668090
64672706
64669773
64668394
64669106
64667811
64668394
64667475
64669106
64672481
64673796
64667811
64668394
64680357
64668394
64668056
64667609
64669106
64668090
64669797
64668394
64667609
64667609
64667609
64668090
64669106
64668394
64668090
64669220
64669274
64669925
64668559
64667816
64668394
64668394
64667475
64667609
64668090
64668394
64669106
64667784
64668394
64667609
64668394
64668394
64668394
64672904
64668394
64668394
64674170
64677970
64669106
64668090
64668394
64667609
64667901
64667609
64667609
64670742
64668394
64667388
64675083
64668394
64667801
64668394
64667970
64668090
64669106
64669106
64667609
64668394
64669106
64668159
64675083
64668394
64668394
64668394
64668394
64667912
64667609
64668056
64667609
64668056
64668090
64669106
64668394
64667796
64669106
64667388
64670025
64668090
64668651
64678059
64667445
64668394
64667609
64668205
64669220
64669106
64667609
64669220
64669106
64669106
64669106
64669106
64667609
64669014
64668090
64668293
64674170
64668394
64669106
64669106
64673146
64677637
64668394
64667801
64668559
64667609
64668394
64667802
64669106
64671434
64672569
64668399
64683282
64674170
64667609
64668394
64669106
64667609
64667475
64667609
64667609
64668120
64669274
64667906
64668090
64667609
64668323
64668090
64670651
64668090
64668147
64668394
64668394
64667535
64669106
64668394
64669274
64672481
64673894
64668090
64669342
64669797
64668090
64668394
64669274
64667609
64673854
64668306
64670379
64668394
64668090
64669797
64669106
64668394
64668306
64668394
64669106
64669274
64668394
64669106
64668394
64674648
64669342
64668090
64668394
64668090
64667940
64668394
64667609
64667445
64668056
64668147
64668191
64668394
64670422
64668683
64669106
64669106
64669106
64668090
64667388
64667609
64668394
64668329
64667811
64672481
64667811
64668394
64667609
64668394
64667445
64674241
64668090
64668394
64667609
64671587
64672481
64678488
64676497
64683959
64668225
64669106
64668394
64668394
64670583
64668394
64668394
64668394
64669106
64670241
64668394
64669106
64671988
64668683
64668257
64668394
64668843
64675193
64668090
64667811
64667609
64674170
64667609
64668394
64668394
64667609
64667609
64669274
64668090
64669106
64672399
64668144
64667816
64667609
64673831
64679917
64669106
64669106
64669106
64671911
64669106
64670236
64668394
64671597
64669106
64668394
64668090
64672091
64668090
64669283
64677895
64667609
64667609
64669925
64668090
64668394
64669106
64669274
64669106
64669220
64668090
64668394
64667475
64668394
64668394
64669573
64668394
64668328
64668394
64671294
64668394
64667546
64670422
64668193
64667609
64667609
64668394
64669106
64673233
64667801
64669106
64668950
64669518
64669106
64668394
64669106
64670713
64667609
64667816
64667811
64668394
64668394
64688069
64667609
64676794
64668394
64669106
64667609
64669106
64669106
64668310
64669106
64667609
64672481
64668394
64668306
64674170
64672569
64668394
64669106
64667801
64669106
64669881
64669106
64667507
64668090
64668056
64668042
64668394
64667475
64669106
64668394
64668394
64674170
64669106
64668394
64667801
64668518
64669106
64670233
64667609
64668090
64668394
64669106
64668580
64667609
64668394
64669106
64668218
64667475
64668090
64667609
64668394
64670471
64668090
64667609
64668394
64673168
64668212
64670233
64668394
64668090
64668090
64668205
64674666
64667609
64668394
64668090
64668394
64670633
64667811
64668394
64667609
64668559
64667609
64668560
64668394
64667901
64668394
64668212
64669106
64669106
64668394
64668394
64667609
64667609
64668394
64668090
64668394
64667609
64668394
64667609
64668394
64669106
64670742
64669468
64667609
64669106
64669106
64677890
64667609
64667609
64668698
64669106
64668136
64667691
64668090
64668306
64668090
64686826
64667609
64667609
64672912
64668090
64668394
64669106
64668060
64673079
64668090
64668278
64669106
64671724
64668394
64669106
64669106
64669106
64669274
64667546
64668163
64668394
64668394
64669904
64672569
64669106
64668090
64667627
64668394
64669106
64668394
64667801
64668090
64668394
64668394
64669106
64668394
64670379
64669106
64669106
64668394
64674360
64672529
64669106
64668394
64668090
64667609
64667609
64668394
64670583
64668120
64668090
64667609
64672949
64668394
64667609
64667816
64669106
64669567
64669106
64668990
64669106
64670379
64668306
64668090
64669106
64668394
64668147
64668394
64669106
64668394
64669106
64667609
64667816
64668090
64669106
64667816
64671081
64669220
64668394
64667609
64668394
64668394
64668166
64668205
64668306
64668394
64670241
64668889
64668394
64668394
64667609
64667546
64672949
64668580
64668394
64669342
64667609
64667609
64667609
64668394
64667435
64668062
64668394
64667609
64667609
64669471
64667816
64669106
64673079
64667546
64671081
64668090
64667898
64669106
64668239
64669627
64667491
64668090
64668090
64670961
64667609
64668090
64668394
64668212
64668394
64668090
64668808
64667816
64667901
64668394
64669106
64667801
64668394
64668306
64667906
64668136
64669106
64667609
64670471
64668306
64669106
64670225
64668394
64669106
64668394
64669106
64668394
64668394
64671323
64667609
64668394
64669106
64669106
64667609
64667475
64669106
64668278
64669106
64668394
64668580
64667609
64668394
64668090
64668394
64667546
64667609
64668306
64667609
64668950
64667898
64669106
64669106
64667811
64668306
64669106
64669106
64668166
64667609
64668394
64669106
64675826
64667435
64667609
64668323
64668056
64668394
64668580
64667462
64667609
64667609
64667609
64669474
64669106
64667445
64669106
64668394
64679710
64668394
64668394
64670379
64668683
64667609
64668394
64667609
64675073
64671886
64676337
64667609
64670466
64668090
64667784
64669274
64675193
64668394
64668090
64669106
64669106
64668421
64667801
64674170
64673372
64668394
64670583
64668394
64668394
64668432
64668394
64669422
64668394
64667609
64670379
64668394
64668394
64668394
64668394
64672391
64667609
64668394
64669106
64668394
64668394
64668394
64668306
64669106
64669819
64667609
64668090
64668394
64667609
64668394
64668394
64668394
64669220
64669106
64667609
64668857
64667906
64669910
64668163
64668827
64667609
64669220
64674752
64668394
64667901
64668007
64671578
64669274
