1258746727743
1259094566170
1258554312900
1258645527918
1258997907198
1258672907296
1258606744048
1258388264450
1258552286461
1259224613640
1259215774791
1258522100892
1258904719333
1259146059692
1259071447592
1258709703838
1258779217069
1258589445805
1259000046087
1258414236154
1258256532175
1259054125645
1258369297577
1258894333645
1258424694638
1258581203640
1259123433354
1258940479203
1258419533679
1258706130636
1258278518784
1258970788109
1258723027677
1258507677807
1258356544587
1258511219038
1258791743200
1258714476025
1259028598823
1258583846065
1258299682547
1258340465980
1258664244266
1258967967479
1258660662130
1259103434072
1259167263416
1258617653540
1258869024675
1258763956629
1258887214630
1258272258725
1258419389399
1258392127755
1258809458367
1258387755254
1259114117814
1259067702613
1258333165057
1258801631407
1259102093895
1258628254749
1259032661891
1259140450825
1259198928976
1258679723637
1258318631713
1259004409824
1258878867748
1258981158062
1258734250488
1259039984143
1259157499870
1258751466967
1259198812275
1258810628602
1259000179487
1258980660063
1258411897756
1259023059699
1258910944333
1258955869794
1258889408471
1258505558389
1258914307748
1258594920680
1258307705316
1258463951439
1258463089891
1258253972342
1259226985077
1258387972109
1258364156298
1258571377006
1258853520837
1258559755257
1258522065478
1258859013330
1258587869957
1259075401037
1258308226633
1258270718263
1258868373543
1259079624257
1258982414094
1258744662774
1259123837953
1258746727743
1258269068939
1258318631713
1258402841512
1258707947163
1259140827759
1258433473790
1258373067086
1258887214630
1258412700078
1259054094622
1258956437514
1258609847982
1259227469083
1258571377006
1258507677807
1258876056044
1259209860512
1258971987996
1258489529630
1258251714028
1258976664195
1258387755254
1258349199571
1258595041378
1258513789599
1258638940331
1259148358805
1258426870306
1258450410093
1259116874852
1259146293067
1258807367875
1259144703183
1258546065710
1258438554093
1258912292571
1259150727893
1258955061203
1258905708995
1259083818683
1258281015573
1258464667696
1258839088692
1258476518103
1258524336558
1258998840188
1258655329300
1258477673261
1258386587336
1258361431159
1258751490068
1258394875692
1258706130636
1258530455176
1258770680491
1258470279870
1259099238651
1259037299620
1258595041378
1258952459834
1259068991112
1259028786250
1258889899548
1258251714028
1259071330957
1258379954373
1258487403861
1258925294733
1259006805906
1259177704925
1258530881211
1258913532226
1259005415672
1259075100581
1258445028984
1259050894166
1259036934870
1258270203423
1259162959057
1258481712182
1259073115229
1258522065478
1259000179487
1258290596521
1259162409559
1259145135812
1258584668799
1258641355425
1259201415747
1259105859849
1258336130230
1258907217029
1259017582018
1259031466484
1258868245388
1259157480424
1259002568931
1258566199635
1258471897958
1258343610393
1258881102952
1258274504382
1258560893471
1258512483651
1259150935487
1259053823899
1258480552705
1258801799145
1258263703912
1258859064644
1259204197280
1258772574270
1258949719586
1258419533679
1258511178102
1258801086729
1258328942518
1259058905947
1258310760081
1258907519773
1258315375602
1258736569333
1258910944333
1259204453753
1258598061270
1258599508713
1258604591423
1258270150900
1259210281009
1258556011506
1258549685907
1258772004604
1259052300527
1259113615697
1259186990079
1258960274083
1258747039602
1258425604850
1258943989489
1259036343825
1259176681085
1258488921622
1258443546307
1259204445230
1258962123826
1258399514471
1258503577430
1258736985152
1258803911705
1259217168456
1258580582882
1258726320925
1259093115546
1258698238382
1258664244266
1258440557684
1259138132283
1258333498921
1258491505686
1258567598193
1259223206857
1258326262167
1259018273534
1258713842770
1259189793190
1259141729305
1258952825247
1258387755254
1258593256579
1258447188436
1258387755254
1258621620811
1258636252198
1258459723533
1258737408619
1258992115766
1259144349931
1258338243082
1258819177531
1258527858171
1258687224511
1258490565332
1258236020923
1259039270786
1259162959057
1258534063611
1258646620208
1258989308691
1258697072160
1259054056451
1258617653540
1258445028984
1258232196749
1258691628199
1258643538182
1258507295862
1258269564827
1258840618384
1258736985152
1258703363765
1258562899842
1258560893471
1258458580195
1258625083850
1258480710957
1259006433965
1258402752367
1258344457656
1258897277420
1258756394206
1258613666974
1258677660767
1258560547604
1258458581605
1258432780611
1258333498921
1259003354496
1258982414094
1258863700278
1258579946981
1258427743966
1258820597536
1258347384925
1258613049437
1259228465729
1258741434080
1258990094572
1258801631407
1258941735246
1258277708797
1259136269097
1258880520465
1259032433501
1258976664195
1258338726856
1258316271855
1258285160325
1258760918971
1259110341214
1258867284960
1258467681705
1258296972397
1258943883814
1259019648998
1258604656042
1258589035106
1259214522387
1258236020923
1258566399039
1258657867510
1258810790466
1259190573689
1259136049195
1259193564313
1258560065674
1258438811430
1258963298978
1258698451371
1259116040489
1258971890717
1258663268547
1259146842641
1258630742823
1258820942500
1258866946751
1258507677807
1258538117668
1259007848772
1258670324866
1258897648681
1258604799385
1259118696349
1259003007113
1258631232033
1258522880713
1259108432223
1258930416388
1258655329300
1259223329096
1259179215409
1258288219806
1259227639900
1258970881581
1258895549023
1259169159034
1259071447592
1258737408619
1258683911594
1258870721794
1258993939881
1258479357806
1258332562535
1258517859021
1258744228348
1258940291325
1258801799145
1258667276143
1259061481046
1258329769836
1258967998733
1258588176951
1258318321013
1258924537135
1258518156547
1258918466268
1259113275881
1259003440165
1258644770628
1258616298697
1258561015329
1258748504347
1259035135404
1258830949773
1258299033785
1259193301897
1259183427416
1258820942500
1258858200767
1259131071614
1259172857690
1258894297895
1258811330057
1258863700278
1258751225693
1259226067922
1258839385907
1259113152968
1258764785638
1258296638478
1258795216029
1258927929572
1258884306886
1258694458445
1258971158578
1258486470291
1258732914137
1258850081426
1258358657854
1259173721877
1258296638478
1258837164291
1258519270131
1258873774771
1258443395765
1258555498741
1258592593493
1258593256579
1259007289966
1259018714768
1259042941954
1258812237690
1258756858381
1259035013662
1259118284359
1258996433887
1258389054439
1258414586248
1258380755125
1258376344174
1258394774893
1259155949835
1258991817045
1259041457077
1259149542862
1259124050854
1258522316857
1259034421738
1258684777947
1258774711157
1258621302902
1258503833888
1258438198808
1259196360781
1258381375433
1258737408619
1258577475409
1258423846324
1258281015573
1258891660184
1258846650512
1259103699483
1258889999360
1258615650067
1259040004762
1259220972882
1259196360781
1258735490466
1258318268957
1258308226633
1258280829128
1258334593147
1258565692645
1258298723460
1258574369352
1258764380166
1258491640907
1258703391888
1258347384925
1258787072415
1258837126327
1258652154109
1258763956629
1258672569135
1259134823755
1258986019681
1258495818340
1258542017893
1258438198808
1258335821953
1259022991012
1259101072538
1258807645958
1259128134027
1258470979331
1258557775258
1258764785638
1258427445083
1258724720675
1258839949497
1258707947163
1258801799145
1258460061090
1258866084341
1258458580195
1258333165057
1258757144737
1259169784197
1258251714028
1258625083850
1258545324526
1259001519822
1259046646159
1258516893610
1258981257662
1258905708995
1258480552705
1258399239671
1258356927192
1258290079833
1258293269239
1259075501330
1259011482896
1258503799404
1258316753945
1258394774893
1259041337286
1259134823755
1258852704082
1258287255868
1258850138381
1258910459633
1258883767201
1258349199571
1258764380166
1258321807258
1258822779072
1258453124487
1258505753091
1258990094572
1258935780291
1258544543839
1259185539164
1258944807756
1258404942972
1258772574270
1259163880467
1258975360231
1258714849548
1259122385885
1258424219692
1258443080564
1259085103042
1258628863922
1258357414297
1259044790316
1258560547604
1258940479203
1259140989528
1258894386246
1258463951439
1258751598697
1258967598123
1258915011930
1258304431462
1259006904939
1258679723637
1258414236154
1258324826099
1258408571477
1258980835073
1258699073717
1258876610400
1258529507241
1258549446492
1258958794972
1258360784651
1259130805983
1258427445083
1259095504707
1258392127755
1258896428507
1258374694634
1258664008542
1259199342713
1259136269097
1258308226633
1258859763071
1258604656042
1258837164291
1259213982223
1258781541532
1258498186440
1259148217487
1259101962684
1259147745334
1259053238875
1259087930853
1259189111034
1258637024145
1259123708000
1258930924131
1259126091348
1259133198525
1259141629014
1258249515175
1258709703838
1258989904218
1259166131424
1258560893471
1258821072578
1258967549990
1259180159129
1258783187792
1258984054357
1258860473042
1258775250291
1258668960141
1258376344174
1258822779072
1258687669058
1258550860289
1258895002209
1258630088351
1259048614429
1258387091884
1258447188436
1258780550785
1258728665945
1258954930372
1258380755125
1258708348949
1258943943457
1258889999360
1258666104698
1259171643605
1259165774090
1259196131485
1258763226879
1258340465980
1258869024675
1258550860289
1259055109760
1258438554093
1258434326933
1258663431161
1258898041672
1258302707055
1258763226879
1258994316706
1258744662774
1258933484904
1258803911705
1258791743200
1259093751909
1258895589520
1258577537815
1258460061090
1259150939693
1258466861224
1258645382373
1258446004509
1258625083850
1258404060551
1258955616183
1258256532175
1259053801831
1258487403861
1258269734922
1258641834965
1259071330957
1258374131569
1258560083506
1258426122159
1258365288387
1258961635126
1258460527949
1258895106717
1258751979918
1258399968440
1258510558663
1258299802727
1259093141543
1258903237233
1258556425857
1258380755125
1258862946844
1258543757091
1258580106926
1258654883196
1258655329300
1258357414297
1258399963932
1258948156530
1258393146841
1258626466838
1258356544587
1258852748804
1258468212647
1258479357806
1258751114819
1258556947929
1258807367875
1258949719586
1258730485954
1258973320762
1259039955069
1258858681093
1258835360907
1258823104724
1258604414957
1258354211737
1258271674367
1259020145035
1258687669058
1259098212286
1258522880713
1259037202359
1259213424180
1259133813505
1258626466838
1258414419371
1258437377638
1258980939255
1259218579869
1258489529630
1259030903705
1258279121891
1259192471725
1258279193763
1258566351665
1259156985272
1259093094075
1258970442671
1258687262229
1258958958805
1258620424568
1259119720744
1258507295862
1259048092607
1258608020224
1259179706759
1259105242103
1259141240560
1259088840629
1259097533766
1259183527606
1259049672938
1258613666974
1258629432371
1259217787290
1259034122130
1258412036523
1258383230926
1258787336023
1258664263282
1258693920669
1258881102952
1258406570790
1258411897756
1258750317824
1258264105573
1259004934805
1258264468010
1258380755125
1259014981442
1258924537135
1258963298978
1258871744459
1258517859021
1258726401329
1258647021513
1258730485954
1258898041672
1259139508095
1259032433501
1258471897958
1258381086674
1258790097738
1259174375577
1258716453045
1258460546624
1258324682596
1258895589520
1258359456840
1258443395765
1259190573689
1258574903397
1259157256169
1258763226879
1258401892188
1258698787279
1258654169170
1258261231410
1258785144806
1259167263416
1258895802713
1259143257427
1259007289966
1258677384476
1258930924131
1258406585973
1258375119901
1258419533679
1259151381736
1258984987968
1258594741955
1258699981905
1258968247970
1259028350361
1258446997740
1258404942972
1258562458444
1258748504347
1258676771015
1259198680110
1258349620488
1258795216029
1258958327652
1258681073574
1259204331314
1258895549023
1259080264265
1258257049245
1258624768668
1258676400069
1258390996431
1258574903397
1258652105741
1258801706058
1259047986258
1259155021500
1258470678741
1258432780611
1259013461631
1258980856315
1258577511271
1259031021214
1258506231998
1258675959241
1258760826045
1258846650512
1258271310876
1259047717202
1258439406424
1258785221663
1258982414094
1258715481689
1259077513551
1259033329545
1258664008542
1258394875692
1258780409956
1258624511309
1259107807479
1258466523131
1259154569737
1258347384925
1258788544748
1258836310617
1259017080956
1259110471699
1258700705231
1259200216287
1259025126807
1258946614674
1258445028984
1258342093537
1258513789599
1259224337114
1258753643304
1258251990467
1258507344561
1258668021258
1258876493601
1258273385417
1258791448086
1258645847758
1258514059824
1258716453045
1258791166095
1258784874742
1258749821092
1258659759531
1258798636967
1258602967056
1258801528417
1259079868096
1258378796241
1258609266793
1258285246392
1258554330736
1258660662130
1259148924935
1258676409063
1258711040012
1258917354753
1258961002552
1258756685195
1259182609873
1258997733695
1258789097159
1258573425250
1258698451371
1258645153554
1258997907198
1258285160325
1258982631612
1259052595577
1258987314479
1258884306886
1258714276959
1258274504382
1258556947929
1259053780634
1258765117428
1258550860289
1258819177531
1259094099691
1258616159383
1258895549023
1258648758433
1258725374579
1258801631407
1258554848773
1258607365256
1258457111669
1258451464206
1258677660767
1258503799404
1258780114492
1258933311116
1258443781763
1258452617674
1258756046684
1258947027558
1258678028145
1259216980996
1258277825659
1258773371066
1258271763016
1258794207032
1258384460273
1258787336023
1258675988915
1258812818272
1258516893610
1259051717549
1258987539578
1258981257662
1258785221663
1259093264480
1258585943501
1258866492437
1259043068730
1259186990079
1259213397517
1259086367559
1259053788773
1258724718836
1259180375562
1258462516914
1259202498389
1258907493126
1259105242103
1258272527207
1258530881211
1258684570487
1258809880704
1258726527576
1258992455411
1258767349859
1258905185549
1259136305721
1259014880548
1258895106717
1258426122159
1258725197178
1258857804508
1258333165057
1258860090701
1258771033423
1258511178102
1258963228583
1258659479639
1258657867510
1258785509422
1258737340172
1258589178228
1258708348949
1258545324526
1258414022224
1258323990022
1258290596521
1258290079833
1258794669387
1259176720737
1258694095677
1258995823204
1259224871329
1258264905628
1258324682596
1258886459413
1258297406814
1258516893610
1258941572722
1258797715876
1258288219806
1258767349859
1258527858171
1258981372606
1258269734922
1258839949497
1258554330736
1258387972109
1258859064644
1258589091585
1259037421445
1258938458236
1258414419371
1258846457046
1259189943479
1258843667694
1259163110577
1258529213964
1259149715051
1258967717181
1258417649737
1259104652025
1258785509422
1258991728073
1258510558663
1258376891798
1258701779852
1258354211737
1258361431159
1258713829211
1258990334755
1259215838500
1258968308126
1258986744626
1258334593147
1259066351530
1258905369215
1258795144651
1259131367198
1258380755125
1258560893471
1258382402138
1259133607030
1258645527918
1258840618384
1258366337404
1258376344174
1258559755257
1258771067059
1258787336023
1258732685847
1258762036579
1258335770878
1259081883064
1259002568931
1258431438834
1259123661743
1259183956576
1258352432331
1258571660258
1258714535534
1258350084112
1258845607625
1258530881211
1258750493077
1259007289966
1258846596888
1259184948646
1258322359489
1258780978482
1258791166095
1258746727743
1258877465288
1258344457656
1258756858381
1258889408471
1258323990022
1258627460284
1259069418545
1258991728073
1258427583940
1258310813430
1259019604126
1258685114244
1259097918248
1258457846499
1258602138870
1259020479281
1258387312784
1258997799930
1258383698564
1258326169541
1258892871775
1259123433354
1258307079158
1258468212647
1258477012049
1259039984143
1258505753091
1258260835122
1259126414874
1258668021258
1258321618962
1258238015442
1258474715697
1258785509422
1259145474273
1258917354753
1258530881211
1259004934805
1258334593147
1258863700278
1259168528059
1258960521051
1258849996877
1258374582639
1258285246392
1258787336023
1258627460284
1259131765488
1258973979550
1258343610393
1258655329300
1258477755321
1258854064954
1258243387032
1259169498009
1258281015573
1258898041672
1258560547604
1259156985272
1258349620488
1258281744041
1258526995859
1258273385417
1258584668799
1259074395829
1258324826099
1258299033785
1258713543238
1259120905589
1259181372803
1258960088839
1258269734922
1259096808203
1258487895766
1258922331732
1259081863883
1258907217029
1258337264757
1258808705799
1258973320762
1258336130230
1258507453081
1258337264757
1259012290058
1258990334755
1258832392546
1259040303540
1258532238344
1258505558389
1258339021912
1258767626925
1258536692185
1259105859849
1259227018109
1258698596049
1258658241802
1258834519753
1259015503646
1258468212647
1259058093316
1259167291004
1258924019285
1258688135970
1259136629725
1258965162309
1259133523719
1258980856315
1258705774033
1258731088923
1258557775258
1259130932645
1259025207035
1258830949773
1258286105871
1258470678741
1258958337691
1259143745129
1258590703453
1258694207637
1258387755254
1259203693638
1258330868831
1258527280321
1258320337342
1258642850229
1258629269593
1258453124487
1258792598043
1258349246599
1258697072160
1259093094075
1258335642313
1258522880713
1258748504347
1259179755796
1258807645958
1259141240560
1258404942972
1258522436171
1258283698829
1258912853469
1258599508713
1258426122159
1258376344174
1258889999360
1258491541460
1258552286461
1258560083506
1258921020381
1258791448086
1258598061270
1258803911705
1259172678115
1258625083850
1258617653540
1258918497751
1258932422860
1258406570790
1258319199811
1259148053089
1258724718836
1258349199571
1258285826321
1258323990022
1258633392205
1259103638547
1258384363753
1259014590518
1258508299431
1258442611680
1258451378561
1258856040912
1258755346217
1258543757091
1258905185549
1258450370388
1258952459834
1258387972109
1258734113708
1258617653540
1258385194219
1258950117593
1258605485880
1258753656841
1259044790316
1258490949664
1259035135404
1258928904651
1258566399039
1259185504610
1258666104698
1259183348143
1259209864088
1258457536793
1258710969463
1258944264139
1258919428042
1258463089891
1259172678115
1258853520837
1258551885312
1259072288608
1258542424452
1258359303283
1258967549990
1258714476025
1258286446782
1258693141922
1259177833672
1258254903922
1258566351665
1258765117428
1258918107502
1259182310843
1258438198808
1258459216046
1259057504270
1258322868330
1258363382016
1259204129954
1258256231691
1258318631713
1258910511076
1258839385907
1259201633516
1259178992458
1259075468649
1258983858900
1258413400348
1258713543238
1258621620811
1258592593493
1258941735246
1258938379409
1258272258725
1258941735246
1259137923934
1258784874742
1258477479537
1258682263748
1258962852164
1259203769633
1258255646228
1258997799930
1258379954373
1258928044081
1259088840629
1258751225693
1258676400069
1259228123551
1259174855590
1258655329300
1259066395879
1258727935664
1258764410037
1258587624862
1258476518103
1258382191873
1259186990079
1259136386711
1258809559300
1258876254331
1258459723533
1259059998090
1258470678741
1258375774756
1258521974933
1258992455411
1258729834345
1258637489817
1258545825594
1258772004604
1258613049437
1258280829128
1258963534658
1258381172517
1258717345662
1258906471514
1258300669793
1258701779852
1258945017875
1258667002314
1258310379704
1258428902989
1258944632005
1258904021365
1258363382016
1258981158062
1258608020224
1259050407715
1258832627836
1258627460284
1258610783465
1258381375433
1259119976259
1258868245388
1258842561501
1258645847758
1258859064644
1258559755257
1259021055478
1258393146841
1258450853498
1258354022870
1258704570839
1258851124499
1258698787279
1258376891798
1258879987311
1259163880467
1258753656841
1259043163178
1258530125360
1259222639607
1258747983941
1258897242833
1258715481689
1258750424446
1259179808002
1259069418545
1258712130748
1259221388130
1258967928776
1259131367198
1259005521193
1259138289087
1258322898597
1258669142124
1258866691921
1258801528417
1259228779523
1258915260642
1259196220086
1259012290058
1258390996431
1258404060551
1259054094622
1258354995715
1258662016899
1258669142124
1258342093537
1259049267480
1258770069375
1258858200767
1259012725935
1259093751909
1259013220883
1258490949664
1258273405369
1258859064644
1259211012932
1259164622086
1258714535534
1258524336558
1258897242833
1258489529630
1259131071614
1258471897958
1258971690982
1258439541878
1258424647206
1258263703912
1258950174406
1258726738760
1258879987311
1259072070356
1259140989528
1258353535980
1258329769836
1258868329428
1259170298045
1258556947929
1259003664319
1258440921679
1258692418001
1258642964132
1258263703912
1258924537135
1259163855989
1259023535127
1259093751909
1258521974933
1259102521807
1258588276905
1259057848721
1258801799145
1259194927350
1258356544587
1258796179675
1258256639687
1259033643656
1258775737139
1258476518103
1258832392546
1258946221422
1258272527207
1259050485121
1258572318825
1259007675158
1258941472653
1259228524223
1258866946751
1258261231410
1258694142752
1258476843942
1258381375433
1258522316857
1258513789599
1259174480589
1258305956463
1259176987942
1258446632533
1259168181724
1258668960141
1258941461150
1259184948646
1259001048076
1259224026726
1258451378561
1258616159383
1258803209456
1258819941041
1259045531816
1258542057441
1258885504796
1258348840455
1259182772052
1258673777352
1258491640907
1258868373543
1258696553176
1259160933285
1258556025294
1258533750962
1258659479639
1259028324103
1258641834965
1258560065674
1258394875692
1258621302902
1259197725107
1258470764869
1258734113708
1258970544056
1259209616167
1258487403861
1259061573596
1258802057729
1258400554822
1258349299810
1258997799930
1259219155840
1259043141652
1258488921622
1259044280071
1259137553909
1258470279870
1258296972397
1258476518103
1258339021912
1258462516914
1259090134486
1258487895766
1258470678741
1258987859222
1258458581605
1258819598307
1259186103657
1258574369352
1259089631540
1258860310819
1259072600813
1258772543791
1258751466967
1258898134321
1258853130765
1258811330057
1259074746990
1259052424650
1258668195396
1258678028145
1259062218174
1258684570487
1258967928776
1259134705914
1258722245374
1258992645946
1258853088611
1258539497859
1258592593493
1258710089240
1259058041068
1258829330548
1259218218980
1258342165440
1258374694634
1258694458445
1258527858171
1259178713872
1259056768637
1259091300994
1258958302062
1259142105140
1258850081426
1258643538182
1258419533679
1258363952068
1258475789348
1259124050854
1259003904761
1258905369215
1258756685195
1258631232033
1258834017079
1258420917672
1258818469971
1258353535980
1259123433354
1259114969563
1259137553909
1259225863346
1258589091585
1259127543211
1258741434080
1258245802246
1259213235213
1259181804651
1258987859222
1258563477906
1258845685634
1258412036523
1258992645946
1259101962684
1258480277366
1258915170835
1258343705324
1259154569737
1259108515562
1259084070711
1258270150900
1259095504707
1258989904218
1258675474735
1258972123517
1259008742151
1258853612039
1259005069839
1258422668563
1258803911705
1259065541190
1258821072578
1258981548026
1258927726183
1258318321013
1258304431462
1258560547604
1259152383978
1258831064039
1258859064644
1258880487947
1259161878439
1258743850645
1258875173273
1258984228419
1258433586105
1259157692055
1258713359707
1258849996877
1258789598595
1259037203606
1258249515175
1258414586248
1258822779072
1259149715051
1258520894304
1258605485880
1258837275123
1258657867510
1258268430027
1258390299724
1258968168019
1258594156224
1258425076216
1258577475409
1258308903662
1258420039013
1258508299431
1258877531383
1258766274889
1259156558027
1258969548710
1258488496929
1258928044081
1258477012049
1258994267657
1258918661663
1258749821092
1258578845057
1258641834965
1259116276987
1258462516914
1258479893200
1259201947856
1258662016899
1258692602610
1258717234507
1258724718836
1258784026795
1259123960498
1258377096969
1258886183519
1259072965836
1259005521193
1258568666371
1258933484904
1258780550785
1258624768668
1258750317824
1259217198245
1258736577405
1259081863883
1259210268905
1258529213964
1259140827759
1258982631612
1258476518103
1258383230926
1258343610393
1258753960854
1258491541460
1258344457656
1258957854723
1258829757614
1258529410895
1258392716723
1259187051294
1258588276905
1259129944344
1258844813324
1258842174652
1258986019681
1258332562535
1258580762694
1258253827205
1259176340412
1259149427496
1259044280071
1258321618962
1258382402138
1258972465074
1258416014740
1258487403861
1258843931221
1258422399857
1259062218174
1258956437514
1258849220899
1258589091585
1259042941954
1258350084112
1258645153554
1258467681705
1258752169257
1259083072051
1258644770628
1259208660913
1258910962216
1258444812445
1258751225693
1259001048076
1259032383179
1258504357042
1258273385417
1258948142014
1258678028145
1258710089240
1258468212647
1258999705509
1258858580235
1258297406814
1258349026660
1258780419436
1259041457077
1259127543211
1259208722314
1258318140277
1258910716136
1258830949773
1258638196524
1259150939693
1258879083877
1259193855308
1259039984143
1258406585973
1258415356856
1258698787279
1258337264757
1258711036160
1258645950779
1258767815852
1259031185072
1258322359489
1258756858381
1259071627974
1258596894562
1258482254234
1259224936299
1258466227915
1258826658574
1259135480056
1259038614151
1258307079158
1258759838493
1259121850139
1258345215066
1258608026203
1259043188128
1258428902989
1258311626866
1258615376910
1258943943457
1258661006483
1258837804421
1259199437332
1259033329545
1259145887030
1259193121045
1259005521193
1258736243339
1258481745201
1258846710655
1258970788109
1258386587336
1258414022224
1258582778385
1258645153554
1258540977511
1258611112273
1258870509803
1258982962614
1258735490466
1259192330275
1259193699949
1259174819982
1259163805931
1259055678291
1258818833330
1259212731606
1259162409559
1259130932645
1258818833330
1259054151796
1258505558389
1258861845225
1258791933443
1259123508830
1258818753187
1258458149711
1258543757091
1258964130904
1259165774090
1258383174408
1259196360781
1258427659583
1258422668563
1259218512590
1258897277420
1259083072051
1258668021258
1258675959241
1259118284359
1258881416447
1258494600993
1258839385907
1259025207035
1258664637558
1258990497720
1258724720675
1258381172517
1259071330957
1258965924370
1258385194219
1258687137640
1258308977941
1258668021258
1258915170835
1258387505379
1258356544587
1258512530085
1258858681093
1258798636967
1259224348903
1259087273750
1258234669151
1258344457656
1258460070576
1259165055761
1258958337691
1259082768674
1258417649737
1258839161279
1259049968575
1258293269239
1258664263282
1258352432331
1259154569737
1258232196749
1258824524427
1258621126581
1259109882001
1258692602610
1258812509153
1258487895766
1258375774756
1258946465697
1258256231691
1258881416447
1258491640907
1258707947163
1258572318825
1259028324103
1259142680391
1258443080564
1258875171613
1258592940618
1258274077756
1258433586105
1258894386246
1259099141703
1258956437514
1259046646159
1258364501788
1259052595577
1258625854004
1258748208324
1258984784109
1258967717181
1258491505686
1259084070711
1259199219907
1258404942972
1259134672381
1259003538035
1258725374579
1258915767070
1258783187792
1259118260001
1258921785987
1258403303733
1258458149711
1258325402329
1258952459834
1259176669587
1258437377638
1258349299810
1259081190752
1258460527949
1258684570487
1258870721794
1258480277366
1258344327948
1259181726225
1258708327963
1258832124685
1259012290058
1258982696649
1258525747000
1259021055478
1259069014068
1258912171324
1258906430707
1258300669793
1259186822185
1258300669793
1258670324866
1258471344283
1259108933877
1258854852119
1258596894562
1259070555976
1258395226984
1258834017079
1258960088839
1258269734922
1258451464206
1258751705296
1258360289379
1259132004860
1259062218174
1258784785890
1259047717202
1258813317189
1258481745201
1259093094075
1259092810291
1258923588401
1259141427879
1258518156547
1258236020923
1258907217029
1258678760848
1259170110499
1259108515562
1258977711373
1259140103920
1259144703183
1259014314736
1258735158160
1258801631407
1258689400652
1258709206015
1258483798805
1258339605891
1259036783568
1258477012049
1258562899842
1259197907366
1258383698564
1258575343153
1259224157778
1258527362761
1258982631612
1258839088692
1259114650061
1258810252013
1258458581605
1258776847586
1258951039915
1259079624257
1258904424697
1259217787290
1258829003765
1258434359769
1258993968387
1258285246392
1259172857690
1258507677807
1259124908240
1258490949664
1258529523715
1258491505686
1258702722907
1258948530040
1258681791748
1258427659583
1259027840277
1259158932641
1258290079833
1258652285245
1259068183934
1258667674202
1258645847758
1258649965648
1259041933603
1258711109965
1259096808203
1258906215502
1259013752098
1258559024345
1259066693503
1259064689248
1259154784035
1258681437129
1258449693784
1259097009576
1258426122159
1258299814788
1258823104724
1258315677463
1259163110577
1258447813049
1258748934030
1258362018978
1258299802727
1259113189966
1258542424452
1258255530799
1258895549023
1259035635503
1258726242694
1259067644600
1258704955547
1259050618102
1258475789348
1258940479203
1258534686516
1259081315489
1258363382016
1258309800935
1258709206015
1258928490055
1259118260001
1259075705544
1258849996877
1258478356602
1258300669793
1258686592633
1259218306175
1259148277887
1259002215137
1259071192953
1258615125196
1258882883383
1258876056044
1258450410093
1258458149711
1258501605702
1258767349859
1258381772536
1258921785987
1258707885633
1258645293830
1258382191873
1259099435680
1258403303733
1258478356602
1258460527949
1258309145259
1258590542556
1258949722508
1258880559847
1259058792463
1258619505701
1259095504707
1259038614151
1258977711373
1258987493251
1258970788109
1258296638478
1258785144806
1258540099181
1258986019681
1258433586105
1259088503977
1258846457046
1259064689248
1258440921679
1259090205784
1259140009014
1259050485121
1259046646159
1259139982228
1258918466268
1258598061270
1258864828114
1258339021912
1258382402138
1258968803595
1258387505379
1258403626645
1258946614674
1258837126327
1258487895766
1259039955069
1259200377181
1259028786250
1258767064600
1258359303283
1258950737296
1258584025852
1258902749832
1259065091231
1259154775814
1258330676343
1259195153263
1258358657854
1258315677463
1258652285245
1258849943992
1258894386246
1258575343153
1258595041378
1258658241802
1259200781698
1259177376965
1258629269593
1258522316857
1258687102612
1258438997517
1258290596521
1259083972840
1259056393106
1258752693024
1258756213289
1258752784146
1258554441296
1258562899842
1259187778819
1258330925120
1259032433501
1258944965180
1259046850588
1259061573596
1258590703453
1258500534775
1258613049437
1258475651201
1258968803595
1258532618145
1258637755318
1258453008637
1258479893200
1258457846499
1259178062709
1258877500066
1258653709527
1258320337342
1259073834238
1258349199571
1258625753377
1258676409063
1259135114109
1258736243339
1259167652954
1259217867715
1258997509724
1258631232033
1259173522726
1258696810118
1258923484231
1259073115229
1258322359489
1259154930885
1258264909977
1258573425250
1258945807405
1258540099181
1258338243082
1258604414957
1258890375878
1259216958399
1258737408619
1258890467385
1259171473197
1258697203056
1258822255227
1259163867990
1258703775195
1259142053061
1258669142124
1258877465288
1258744228348
1259055109760
1258400834803
1258530881211
1259182742683
1259209799310
1259092749897
1258470979331
1258309145259
1259171837358
1258338465305
1259034327024
1258836310617
1258851330501
1258841108653
1258415356856
1259132717517
1259054151796
1258692418001
1258980835073
1259197962792
1258615376910
1258477755321
1259145166682
1258616298697
1259123305011
1259066702596
1258349299810
1258997733695
1258868373543
1258868373543
1259053788773
1259015330522
1258369297577
1258667002314
1259200059240
1258447188436
1258668195396
1258507344561
1258747430142
1258962032704
1258866691921
1258431438834
1258727935664
1258384460273
1258613049437
1258434725418
1258488921622
1258941572722
1258326169541
1259198812275
1258653178367
1258820597536
1258877531383
1259036154948
1258611319455
1259081883064
1259110034677
1258958337691
1258318140277
1258281744041
1258439541878
1258642850229
1258698238382
1259030903705
1259003664319
1258487895766
1258274077756
1259182625498
1259067691618
1258750317824
1258349620488
1258812364814
1259053238875
1258811803665
1258789311960
1258526995859
1259038614151
1258927733016
1258582791955
1258694458445
1258684562979
1258426027545
1258930924131
1258447188436
1258876493601
1258466939827
1258433586105
1258486470291
1258297406814
1259039907677
1259092956595
1259179808002
1258589178228
1258853765937
1258870721794
1258544543839
1259108853428
1258420357064
1258698787279
1258654883196
1258302095148
1259138289087
1259157878681
1258625083850
1259058093316
1258894297895
1258772543791
1258387755254
1258951039915
1259210916353
1258744662774
1258475207360
1259069014068
1258668021258
1258876254331
1258434326933
1258693920669
1259071192953
1258837804421
1258933484904
1258474421073
1258834017079
1258914307748
1258457536793
1258726186886
1258665859955
1259005521193
1259051717549
1258691078326
1258299802727
1258270150900
1258962852164
1258491061854
1259187385347
1258647652939
1258697203056
1258315298844
1259046145953
1258468212647
1258914072148
1258474715697
1258296638478
1258659759531
1258784263327
1258561015329
1259214554855
1258633392205
1258697072160
1258251257175
1258763226879
1258589445805
1258559024345
1258594156224
1258795144651
1258986744626
1259163160477
1259029586957
1258309800935
1258675474735
1258924019285
1258849943992
1258711326441
1259180317055
1258487432179
1258507344561
1259181372803
1259033621337
1258604656042
1259187051294
1258329120521
1258919756914
1258539497859
1258322888817
1258286055317
1259143556419
1259058783247
1258271074340
1259034728180
1258687102612
1258355730475
1258669142124
1258889408471
1259185511551
1259182629975
1259039727647
1258254903922
1258792715794
1258321452451
1259161847965
1259216053513
1258424694638
1258616298697
1258610290005
1258692602610
1258997303280
1258866492437
1259116276987
1258310813430
1258753643304
1259082966877
1258404060551
1258302783600
1258944887983
1258543954561
1258764147771
1258967717181
1259159151378
1258302783600
1258314738862
1258918107502
1258818833330
1258590703453
1258458580195
1258894386246
1258383174408
1258931815887
1259019648998
1258466939827
1258907519773
1258537664514
1258807645958
1259154089433
1258784263327
1258843380733
1258494038976
1259140989528
1258269734922
1259159067541
1259140714372
1258968247970
1258272527207
1258392716723
1258952906618
1258290079833
1258773868489
1258518044775
1259029407088
1258772543791
1258656044678
1258946875989
1258296638478
1258948571941
1258556011506
1258987541345
1258888430309
1259018504403
1258572626590
1258543954561
1258335219130
1258692418001
1258751225693
1258992115766
1259208110737
1259007289966
1258696836893
1258729834345
1258696836893
1259125757676
1258400834803
1259157211093
1258360784651
1258705764374
1258297406814
1259035480648
1258645527918
1258480710957
1259108568850
1258403626645
1259135923354
1258604656042
1259082768674
1258471897958
1258746727743
1258402841512
1259154784035
1258907519773
1258290079833
1258789311960
1259076905173
1258729119664
1259203896046
1258643841482
1258797700473
1258735887324
1258643493304
1259043163178
1259089319456
1258919756914
1258945069058
1259083958082
1258945580956
1258786123153
1258736886659
1258293269239
1259006904939
1258628863922
1259151373176
1259026102199
1258480277366
1258912508099
1258930416388
1258416014740
1259096266385
1258604591423
1259080546206
1258907217029
1258773697942
1258961635126
1258348265886
1258588276905
1258544382374
1258925973137
1258748934030
1258340465980
1259227678636
1258397697551
1259027993269
1258422399857
1258960996194
1258681791748
1258502514664
1258876864172
1258573436641
1259161719135
1259091883586
1258756465978
1258915767070
1258997509724
1259020448012
1258931553484
1258910991587
1258438811430
1258251990467
1258529213964
1258633392205
1258559755257
1259026759956
1259006557539
1258267535326
1258368335855
1259174855590
1259120384621
1258894798422
1258624570996
1259117760030
1259137430391
1258869024675
1258912508099
1258273385417
1258941735246
1259023059699
1258866691921
1258843667694
1258565692645
1258394572223
1258330925120
1258526995859
1258533297090
1258718279515
1259198821455
1258478516721
1259023819103
1259046646159
1258656147936
1258264502507
1258334593147
1258993431814
1258941461150
1258561692655
1258268788655
1259032661891
1259025462746
1259215608537
1258674941818
1258763226879
1258681791748
1258387755254
1259007518488
1258842174652
1259211320421
1258805735712
1259113275881
1258380407574
1258414586248
1258274077756
1258342093537
1258505558389
1259150658999
1258540099181
1259119720744
1258806721514
1259112003717
1258487895766
1259136629725
1259204708239
1258431438834
1258376891798
1258446997740
1258735766850
1259138008203
1258823311854
1258809559300
1258935056553
1259141729305
1258253072050
1258882038110
1258669142124
1258382191873
1258789311960
1258859064644
1258960274083
1259118512471
1258503833888
1258446997740
1258467681705
1258797820215
1258784785890
1259137546600
1258668925601
1258652285245
1259079868096
1258525747000
1258536692185
1258948142014
1258896616349
1259016231012
1259227692437
1258487432179
1258589178228
1259193121045
1258261231410
1258349026660
1258810628602
1259040303540
1258915170835
1258717345662
1258402752367
1258280829128
1258907217029
1258595041378
1258855544426
1258790097738
1258256639687
1259160544463
1258299033785
1258269564827
1258442611680
1259022173151
1258620109594
1258438235207
1258375119901
1259105859849
1258447813049
1259039984143
1259186822185
1259229138206
1258546065710
1259004790470
1258587624862
1258316753945
1258765117115
1259178801712
1258309800935
1258915975497
1259058093316
1258527858171
1258544382374
1258820301010
1258273385417
1258426122159
1258994166029
1258388264450
1258286030096
1258427659583
1258933484904
1258770069375
1258636252198
1258374694634
1258335219130
1258705811214
1259154855852
1258822779072
1259179215409
1258875464646
1258952503253
1258526995859
1259144796866
1259074746990
1259183834758
1258403303733
1259156115575
1258587638959
1258377096969
1258767349859
1258824524427
1258746727743
1258522100892
1258286030096
1258717234507
1259140450825
1259046646159
1258747941017
1259050618102
1258487895766
1258948530040
1258729834345
1259031559979
1258354559046
1259014590518
1258343610393
1258877605973
1258699073717
1258831370055
1259034719780
1258298723460
1258989904218
1259090969338
1259032433501
1259065795939
1258771067059
1258839385907
1258482254234
1258971601054
1258529410895
1258820343287
1259189420375
1258823737872
1258894087339
1258858112153
1259089319456
1259176987942
1258602138870
1259031069099
1258983146812
1259219576853
1258343484261
1259154844969
1258704955547
1259035013662
1258359303283
1258870509803
1258745043346
1258364501788
1258751598697
1259023819103
1258512483651
1258992190469
1258625926324
1259207524495
1258302783600
1258263703912
1258933484904
1259028350361
1259221494298
1258845607625
1259041337286
1258650795936
1258280852299
1258553670704
1258698787279
1258980332600
1258467681705
1258936596988
1259023066783
1258520371018
1258682263748
1258665859955
1258759838493
1258711326441
1259074746990
1258485821475
1259022373548
1258565868613
1259216940937
1258450410093
1258529410895
1258703775195
1258544545284
1258659479639
1258946221422
1258618766617
1258657890701
1258968247970
1258919756914
1258887271702
1259091300994
1258612246509
1258894867582
1258404545999
1258621302902
1259018691008
1258424219692
1258776715399
1258631630803
1258993230586
1258491541460
1258890673782
1258675474735
1258315329633
1258269068939
1258752693024
1259114990317
1258269068939
1259182200120
1258996384870
1259136519740
1258475651201
1258984784109
1258830949773
1259142686043
1258534188841
1258894087339
1258654169170
1258667276143
1258792715794
1259147504025
1259169454390
1259050894166
1258288219806
1258507453081
1258421332617
1258344457656
1258572722768
1258739589392
1258590703453
1258764147771
1258256231691
1258724340610
1258471831664
1258532238344
1258922829057
1258860310819
1258980835073
1258406570790
1258330705670
1258485821475
1258428902989
1258576880645
1258979724709
1259015330522
1258475789348
1258927460526
1258529523715
1258838053505
1258348265886
1259130932645
1258853130765
1258684176230
1258894333645
1259139982228
1258625753377
1258629269593
1258729834345
1258776885606
1258593441761
1258271310876
1258643538182
1258350090404
1258442611680
1258918661663
1258234669151
1258514655591
1258465917848
1258860090701
1258653178367
1258450370388
1259072288608
1259126091348
1258821072578
1258478516721
1259070973961
1258818469971
1258465866928
1258593523515
1258426027545
1258818544286
1258354397279
1258904128036
1258333498921
1258696810118
1258390152577
1258713829211
1259036154948
1259185626073
1259111433373
1258324826099
1258420039013
1258881416447
1259185120204
1258619505701
1258353288623
1258997303280
1258604656042
1258751705296
1259052649070
1258521974933
1258747983941
1258776847586
1258343705324
1258704827809
1259208354961
1258438811430
1259209395767
1258776885606
1258586685462
1258850799203
1258728898451
1258568730906
1258830583845
1258503577430
1259119556056
1258666104698
1258361431159
1258841975040
1258304222780
1258762036579
1259094827209
1258534188841
1259163740752
1258983330362
1258231289000
1258434725418
1259025462746
1258366337404
1258270150900
1258403626645
1259206585307
1258333498921
1258565692645
1258269068939
1258388264450
1258845607625
1258698787279
1258357961382
1259137480209
1258791743200
1258261231410
1258839385907
1258964130904
1258507344561
1259102093895
1259125695534
1258556947929
1258692060807
1258743850645
1259135210654
1258615650067
1258549446492
1259160461015
1258608020224
1258912269822
1259065541190
1258247755086
1258950737296
1258318140277
1259213483934
1259189419184
1259016171706
1259097248425
1259032165222
1258403626645
1258650795936
1258324682596
1258535419300
1259025532957
1258820597536
1258616453879
1259211653608
1258713998703
1258826079803
1258448534354
1258263703912
1259216086518
1258260835122
1258770069375
1259030710076
1258264502507
1259168894370
1259120878152
1259199823626
1258773697942
1259011745422
1258238753754
1258460546624
1258925294733
1258862706032
1259084863467
1258251714028
1258560893471
1258943386077
1259058881909
1258634548675
1259223101011
1258885504796
1258522880713
1258912292571
1258516893610
1258442611680
1258365288387
1258264909977
1258839161279
1258994267657
1259062954018
1259071702416
1258645950779
1259135408193
1258443395765
1259102578215
1258560065674
1258285399286
1258291293037
1259016171706
1258799412385
1259108173032
1258941572722
1258647021513
1258667276143
1258784263327
1259000179487
1259186012113
1259158975723
1258668960141
1258279121891
1258272527207
1258968803595
1258264468010
1258773868489
1258866946751
1258521061434
1258530455176
1258915011930
1258429831989
1258399968440
1258758990671
1258652285245
1259193699949
1258692418001
1258931815887
1258891660184
1258942491765
1258971987996
1258561015329
1258752169257
1258400834803
1259158906731
1258452617674
1258540977511
1259080855663
1258532238344
1258609292222
1259042354231
1258775737139
1258678760848
1259050961992
1258299033785
1258364156298
1259143990446
1259136522036
1258677181665
1259185626073
1258382402138
1258343484261
1259042941954
1259059998090
1258566199635
1258851330501
1259229579843
1259046071027
1258468946608
1258584902543
1259056056347
1259048092607
1258653709527
1258615650067
1259001519822
1258575343153
1258251951104
1258402752367
1258394774893
1258916121787
1258847833104
1258281015573
1258863700278
1258771067059
1258583846065
1258662919220
1258794669387
1258399968440
1258955616183
1259057737348
1258843931221
1258760918971
1258680576828
1258414236154
1259148217487
1258861903953
1259158975723
1258271674367
1258951990143
1258259560241
1258967011788
1258860473042
1258260353508
1258251257175
1259105104193
1258608847212
1259057504270
1258853765937
1258440557684
1258304431462
1259094099691
1258968168019
1258660752306
1258234669151
1258514655591
1258792598043
1258400834803
1258259560241
1258393146841
1258967967479
1259096078793
1259206104097
1259029877925
1259046850588
1258811456165
1258897793505
1259096522343
1258971890717
1259140714372
1258568666371
1258539497859
1259159370616
1259228779523
1259215063151
1259081863883
1258621620811
1258940479203
1258695438297
1258997509724
1258785221663
1258587638959
1258381086674
1258892871775
1258972524852
1258855061559
1258508299431
1258924739875
1258958794972
1258544837219
1259075468649
1258980939255
1258287255868
1258538117668
1258971158578
1258266415284
1259154569737
1258552286461
1258993431814
1258726242694
1259077163147
1259092956595
1259031558137
1259101744527
1258967998733
1258424647206
1258726401329
1258349620488
1258818753187
1259053801831
1258791901700
1259067644600
1258594156224
1259123837953
1259026102199
1258399514471
1258269564827
1258304065254
1258353288623
1259000129803
1258842658728
1258382191873
1258393720359
1259020070010
1259193121045
1258463440361
1258705764374
1259224268205
1258752693024
1258918716045
1258713543238
1259055602975
1258807645958
1258335642313
1258787781452
1258906927940
1258820194711
1259086367559
1258915767070
1258609565780
1258610783465
1258340465980
1258698238382
1259217328674
1258616453879
1258352432331
1259009129678
1258939746656
1258375774756
1258394875692
1259160050982
1258643493304
1258574369352
1258870509803
1258613010692
1258695816378
1259195887257
1258298723460
1259198928976
1259199567223
1259164898804
1258924739875
1258736577405
1258955309622
1258250393607
1258296638478
1258670325698
1258787336023
1258377096969
1259041337286
1258944542286
1258342165440
1258665859955
1258886459413
1259199823626
1259093688466
1259068183934
1258416014740
1258756465978
1258460070576
1258985199923
1258521257507
1258580185864
1259204226638
1258607066538
1258434326933
1258295234479
1258687102612
1258898134321
1258674941818
1258901120668
1259007289966
1259140045999
1259146440870
1258490565332
1258983820800
1259136269097
1259090044152
1258555498741
1259182905054
1259093115546
1258946221422
1258589178228
1258756046684
1258723027677
1259150448295
1258329120521
1259021402273
1258791166095
1258460070576
1258878388969
1259060824315
1259094859110
1258286030096
1259077509660
1258390996431
1258556947929
1258478356602
1258624511309
1258910716136
1258960521051
1258642964132
1258317707137
1258537664514
1258607066538
1259052230123
1258922465914
1258642672884
1258939746656
1259090134486
1258404545999
1258580762694
1258631863240
1258576880645
1259044790316
1258542424452
1258672907296
1258569984224
1259011230048
1259048614429
1258709206015
1258382191873
1258349199571
1258427659583
1258801528417
1259174316445
1258297406814
1258606744048
1258512136500
1259184984928
1258458580195
1258438811430
1258359456840
1258283698829
1258907493126
1258322868330
1259097425046
1259077509660
1258513323154
1258405002034
1259155499424
1258424647206
1259144365566
1258802057729
1258588176951
1258687262229
1259043051372
1258620326455
1259161920100
1259186802750
1258944632005
1258676771015
1258996078522
1258477755321
1258944264139
1258870686480
1259220916246
1259080264265
1258463440361
1258315375602
1258898495607
1259003354496
1258335770878
1258615650067
1258924830041
1258281015573
1258953784945
1258901562633
1258357961382
1258308977941
1258625854004
1258735887324
1258243387032
1258263055543
1258776026710
1259091678479
1258846650512
1259050894166
1258560417410
1258543757091
1258638409564
1258625083850
1258829757614
1258751598697
1258503833888
1258335770878
1258264905628
1258676409063
1258546065710
1258997611671
1258617394184
1258670324866
1258264905628
1258928044081
1259112003717
1258291293037
1258343484261
1258333498921
1258263055543
1258609292222
1258842322874
1258474715697
1258968803595
1258759606677
1258887271702
1258824524427
1259060450910
1259190554007
1259203161955
1258568663839
1258996433887
1258933504870
1259072965836
1258894297895
1258463089891
1258763956629
1259140009014
1258529213964
1258333498921
1258478674089
1258273385417
1258611149484
1258405871670
1258320337342
1259201415747
1258638409564
1258491541460
1258947027558
1259114098644
1259202200040
1259227341496
1259101867073
1258939746656
1258543586987
1258489739627
1258571660258
1258592940618
1259053376175
1258522436171
1258830583845
1258624511309
1258795216029
1258866946751
1258310813430
1258664263282
1258725374579
1259155772943
1259146793943
1258277676679
1258316271855
1259031069099
1258271074340
1258419533679
1258607365256
1258520894304
1258363458509
1258388264450
1258568730906
1258621620811
1259198210746
1258845067331
1259113294627
1258781972858
1258661006483
1258267535326
1258756213289
1259027993269
1258450678081
1258817822870
1258363298148
1258458149711
1258785144806
1259068561948
1258285160325
1258849996877
1258517859021
1258670324866
1259043188128
1258846457046
1258694142752
1259069484775
1259055291057
1258868302081
1258338465305
1259028598823
1258471344283
1259199416646
1259001232440
1258941494482
1258491061854
1259208373262
1259138132283
1258986255620
1258286446782
1258790236860
1258794083686
1259123786604
1258759838493
1259085288755
1258433473790
1258843931221
1259099244747
1258710969463
1258717187539
1258654883196
1258830949773
1259096991687
1259049267480
1258922465914
1258308977941
1258631630803
1259186347067
1259117918149
1258967998733
1258920262707
1259221088695
1258557775258
1258862946844
1259073115229
1258446537720
1259217312858
1258596894562
1258404545999
1258283141834
1258648204615
1259077509660
1258983803586
1258596894562
1258841108653
1258549685907
1259113615697
1259220836182
1258675474735
1258877465288
1259037902241
1259094071182
1258604799385
1259163304263
1258429831989
1259066537658
1258812364814
1258946810257
1258647502990
1258708348949
1258350084112
1258269579200
1258919428042
1258647652939
1258819556266
1258527662640
1258641355425
1258402841512
1259162409559
1258780978482
1259220916246
1258944887983
1258593523515
1258339157996
1259039142419
1258396488846
1258756394206
1258752693024
1258299802727
1258897793505
1259223856475
1258264105573
1258421332617
1258349299810
1258554330736
1258895574698
1258624768668
1258487432179
1258253126239
1259082891994
1258677181665
1258608020224
1258995544963
1258707947163
1258696836893
1258883801109
1259066957958
1258845067331
1258251990467
1258258801102
1259039142419
1259221767203
1259040004762
1259151871251
1258820194711
1258337264757
1258993968387
1258452617674
1258932234083
1258643841482
1258376891798
1258750226917
1259060450910
1259032661891
1258526065442
1259046034612
1258349246599
1258750424446
1259211964954
1258587638959
1259112003717
1258554861174
1258858200767
1258773868489
1258736985152
1258733565525
1258453008637
1258775250291
1258928904206
1258675908886
1258676409063
1258304065254
1259128759582
1258756465978
1258968168019
1259194716128
1258728665945
1259189708510
1258887214630
1259224234501
1259176681085
1258285686127
1259199342713
1258670325698
1259051367247
1258256231691
1258572722768
1259017833473
1258285686127
1259081808354
1258781249966
1258621620811
1258256639687
1259109882001
1258663485116
1259052424650
1258880487947
1258936596988
1258445028984
1259139722214
1259139982228
1258991439761
1259031185072
1258338465305
1258686049098
1258394875692
1258946556575
1258707885633
1259043068730
1258811456165
1258716453045
1259108173032
1259140009014
1258504592290
1258944264139
1259032531321
1258983803586
1259077509660
1258384363753
1259034728180
1258874884384
1258924537135
1258769195874
1258304225790
1258596894562
1258593441761
1259086175853
1258571660258
1259047717202
1258910991587
1258668021258
1258759870216
1259213235213
1258831064039
1258465917848
1259223038514
1258964075288
1258682831129
1258764380166
1258507295862
1258414258165
1259029952465
1258946875989
1258910716136
1258253072050
1259005415672
1258775250291
1259066957958
1259071447592
1259172259828
1259016265518
1258882038110
1258952825247
1258947124813
1258269564827
1258959186262
1258304065254
1258610231561
1258620109594
1259041457077
1259167681812
1258759838493
1259052230123
1258545324526
1258308903662
1259052649070
1258608847212
1259060209371
1258487895766
1258402752367
1258590542556
1259093264480
1258968803595
1259148510615
1258798636967
1258318140277
1258415367452
1258666104698
1258764147771
1258518081625
1258567091835
1258323277167
1258570060507
1259160606767
1259077411103
1258708348949
1259097918248
1259077411103
1258583929639
1258416014740
1259012290058
1259152605106
1258726320925
1258475207360
1258826079803
1259133607030
1258859763071
1258565692645
1258382191873
1258654883196
1259054125645
1258852704082
1259187286450
1258330925120
1258339157996
1258457846499
1258664244266
1259124737019
1258446004509
1258697072160
1258748934030
1258724720675
1258815574993
1258750424446
1259031466484
1259144274158
1258854757261
1258322359489
1258711036160
1258977129652
1259157480424
1258972465074
1259096737970
1258620109594
1258467681705
1258383174408
1259171719004
1258534188841
1258884306886
1259157211093
1259173775018
1258405871670
1258333498921
1259050819856
1258400834803
1258789407686
1258759606677
1259192724734
1258522065478
1259055678291
1259193499591
1258796139187
1258328942518
1259012725935
1258414586248
1258304065254
1259206504042
1259006557539
1258819713245
1258958986203
1259159067541
1258791448086
1258453726903
1258544545284
1258631630803
1259205928389
1258568666371
1258664263282
1258264008092
1258679723637
1259205928389
1259022373548
1258786123153
1258637489817
1258298266063
1258279121891
1258336130230
1259003440165
1258534686516
1258339021912
1258620109594
1258901562633
1259101962684
1258750012946
1258629432371
1259203103499
1258782469853
1258417649737
1258625753377
1259084070711
1258785432211
1258568730906
1258404060551
1258476518103
1258329120521
1259222864636
1258919756914
1258629432371
1258414397950
1258436318321
1259182310843
1259074746990
1258773868489
1258996078522
1259164622086
1258458580195
1258560417410
1258458581605
1259200781698
1258643841482
1259150658999
1258268788655
1259048274605
1258546065710
1258479567580
1259157480424
1258390299724
1258684692561
1258475651201
1258309145259
1258744986517
1258322868330
1259144349931
1258943386077
1259031558137
1258631863240
1258439541878
1258557775258
1258321618962
1258497781938
1258450410093
1259193756362
1258963128898
1258949413281
1258792700624
1258823104724
1258234669151
1258378796241
1259143556419
1259161555302
1258765117428
1259213397517
1258570060507
1258440921679
1259039907677
1259162900507
1258283698829
1258986744626
1259119479029
1259155021500
1258757508675
1258818753187
1258883949504
1259046034612
1258255530799
1258408571477
1258389190347
1258478516721
1258687224511
1258436753951
1258530125360
1259114650061
1258771511910
1258776026710
1258997708860
1258887271702
1259147276312
1259087273750
1258339605891
1258616159383
1259151381736
1259208098920
1258631630803
1259132302809
1258330925120
1258414236154
1258928904206
1258447188436
1258652285245
1258703363765
1258399968440
1258374131569
1258451464206
1259219552520
1259114098644
1259024025767
1259054151796
1258565692645
1258476518103
1258304225790
1259104304299
1258958337691
1258990094572
1258281015573
1258433586105
1258562899842
1258279121891
1259161022108
1258924537135
1258789311960
1259020448012
1258542057441
1259124908240
1258917732771
1258572318653
1259039727647
1258405002034
1258643538182
1259121850139
1258445529313
1258462516914
1258860473042
1258977711373
1258252464934
1258844813324
1258275590319
1259176720737
1259103746039
1258278961114
1259194626736
1258382119454
1258734250488
1258857108941
1259186802750
1258439541878
1258238015442
1258755346217
1258532618145
1259167472987
1258731088923
1258599968994
1259098782349
1259220002484
1258559024345
1258251951104
1258477755321
1259131367198
1258877605973
1258981548026
