65473284
65474196
65473339
65474196
65472232
65472996
65474196
65472945
65471256
65472200
65474301
65471729
65474415
65471256
65473797
65473203
65471442
65471613
65471947
65480731
65471163
65472585
65475007
65471256
65471256
65478787
65475542
65474540
65472232
65472898
65480798
65472528
65473044
65472116
65473222
65474196
65472716
65471613
65474196
65471256
65472007
65474196
65476083
65472597
65474196
65472229
65474196
65474196
65473044
65471266
65471586
65471164
65472200
65474196
65471604
65471163
65474772
65477202
65474114
65472001
65472405
65471962
65474196
65474196
65474196
65472585
65471256
65474196
65474196
65475997
65474196
65473044
65471256
65474415
65477202
65475166
65471003
65472001
65472002
65474196
65473044
65475860
65471769
65471256
65471256
65487606
65472608
65471164
65474143
65474196
65471256
65471119
65474772
65471265
65471256
65471715
65471855
65474196
65471718
65474196
65474196
65472133
65479660
65474196
65471769
65472007
65471802
65472000
65475007
65471256
65474196
65474196
65471613
65471256
65473044
65473044
65471164
65472861
65477762
65471451
65475542
65476670
65473162
65471520
65471844
65471442
65471434
65472816
65471520
65474196
65475162
65471256
65476670
65472116
65471709
65471256
65480412
65471935
65474196
65471278
65470979
65472580
65471451
65471164
65471256
65474196
65471613
65471256
65472115
65475649
65471003
65473044
65474415
65472608
65471278
65477561
65474114
65471641
65473213
65474614
65476838
65473044
65472200
65471844
65474196
65473044
65474196
65473213
65471709
65471256
65479047
65474196
65473545
65474196
65471411
65471411
65471520
65477158
65471808
65473930
65474196
65472585
65475598
65474196
65472115
65472209
65471164
65474196
65471256
65481297
65471613
65474196
65471003
65475516
65474196
65476231
65477275
65471063
65474196
65471451
65471800
65471641
65471265
65473640
65476670
65471256
65474196
65472716
65472405
65473369
65474196
65475180
65477810
65474196
65471256
65471641
65475542
65472007
65474822
65472530
65471769
65474196
65477202
65474114
65471028
65471256
65471250
65477215
65474196
65471003
65473411
65472528
65474196
65471003
65471356
65474196
65474196
65473450
65473640
65479703
65474196
65471442
65471915
65472666
65474196
65474196
65473940
65471077
65471844
65471256
65479047
65472501
65476277
65471786
65471411
65471258
65471256
65473284
65473339
65471077
65474196
65488510
65474196
65480077
65477202
65473827
65471729
65474196
65473362
65474196
65474196
65471694
65474196
65475033
65475997
65473984
65474196
65472232
65472380
65473868
65477202
65471004
65472556
65471374
65471003
65474196
65477234
65473362
65471164
65471729
65471256
65473044
65471256
65472800
65473868
65471256
65477202
65475340
65473538
65473007
65472585
65474196
65471256
65474196
65471256
65471876
65471256
65474196
65471256
65472585
65473044
65471786
65474196
65473723
65473315
65472302
65472809
65471256
65471411
65471531
65472513
65471164
65474196
65473044
65472580
65471256
65471003
65474196
65474196
65474196
65474196
65474196
65477561
65474160
65471411
65472716
65473556
65474196
65472861
65476035
65482144
65472115
65474196
65474196
65485917
65471935
65471003
65475542
65471256
65471256
65471256
65471077
65474196
65478441
65476670
65475542
65473398
65471003
65473351
65471808
65471411
65472200
65482805
65471256
65473162
65474176
65479703
65474287
65471164
65476670
65471256
65474196
65471417
65471256
65474415
65474196
65480699
65474176
65471935
65476531
65474196
65473640
65473102
65475542
65472007
65473667
65474176
65475180
65471256
65471077
65474196
65473044
65471302
65475860
65471256
65472909
65471250
65471161
65475590
65478138
65474196
65477202
65475033
65474196
65476145
65474196
65472200
65474415
65471256
65474196
65475180
65471256
65471028
65472861
65471256
65474196
65475180
65473417
65475997
65473044
65472007
65471531
65474196
65474196
65474415
65473213
65475997
65474196
65474176
65477907
65473940
65473315
65474455
65474196
65471769
65475219
65476268
65471256
65474196
65475640
65472749
65474196
65475840
65471266
65474196
65477490
65473134
65477202
65475542
65478441
65476457
65475166
65471164
65477885
65474196
65471256
65474196
65471844
65472809
65472945
65474196
65471256
65480731
65473044
65473151
65474196
65477202
65474114
65474196
65472189
65472299
65474196
65471411
65474196
65471256
65480412
65474196
65471164
65474196
65471256
65480754
65471256
65474196
65472294
65474196
65473482
65473398
65474196
65477973
65474196
65472258
65480430
65471256
65473162
65473213
65471003
65479181
65471256
65471451
65476035
65471694
65475219
65471099
65471709
65471003
65474196
65475997
65474196
65473315
65475007
65473984
65471256
65473315
65474196
65471256
65471718
65471641
65474196
65472716
65474196
65471164
65474196
65473315
65474196
65471163
65471256
65474196
65474114
65471256
65474196
65471256
65471256
65476231
65474196
65472996
65471256
65473044
65475219
65477202
65471164
65471063
65472250
65471613
65471879
65471164
65471935
65471256
65473102
65471844
65471451
65480190
65474196
65471087
65474196
65471256
65474196
65472218
65474196
65474196
65471844
65474196
65472809
65474196
65474196
65475542
65474196
65474196
65472965
65471256
65473102
65473271
65473044
65471256
65473940
65477673
65474196
65473044
65475340
65473482
65471256
65475154
65471256
65474196
65474196
65472442
65474196
65473451
65473284
65473482
65471164
65472405
65471256
65474196
65474196
65471256
65471003
65475997
65477234
65476953
65472744
65473162
65471256
65473362
65471531
65474614
65477158
65477202
65474172
65473362
65474196
65475166
65471256
65476193
65472115
65474114
65471613
65472754
65472608
65484134
65474196
65471164
65474196
65471119
65475997
65474196
65472405
65471531
65478924
65473096
65471256
65471483
65475007
65474196
65480754
65473248
65471256
65472749
65471613
65476312
65479752
65471411
65474196
65471164
65474196
65472115
65471256
65475482
65471442
65471256
65479446
65471256
65476896
65471256
65471641
65472016
65472654
65471165
65471115
65479617
65479617
65471258
65472404
65471641
65473822
65473645
65474196
65471256
65476838
65474196
65474196
65475463
65472898
65471256
65473482
65472116
65474772
65480560
65474822
65476670
65471003
65471201
65473162
65471256
65473595
65473723
65478149
65471214
65474614
65471256
65476670
65476062
65474196
65473482
65474196
65471935
65474875
65471531
65474196
65473640
65471256
65471256
65474196
65478958
65474196
65473162
65474196
65471214
65472299
65479111
65474196
65477158
65471641
65471256
65474196
65473213
65471256
65471256
65476838
65472812
65473213
65477561
65472680
65475997
65472387
65473128
65473044
65476474
65474196
65474196
65476083
65471256
65471411
65471164
65488791
65474176
65471256
65471935
65476177
65473096
65474196
65473162
65473096
65474196
65475444
65474196
65471256
65473519
65474196
65474196
65471256
65473315
65474196
65471256
65473044
65474114
65471256
65473044
65472001
65474196
65472749
65472210
65474196
65474196
65471356
65474196
65476838
65473331
65475649
65472133
65472250
65473162
65472405
65471451
65473645
65474196
65471442
65474196
65477324
65476193
65476538
65472996
65471451
65473667
65476277
65478219
65474196
65471256
65474196
65471293
65474196
65473134
65473339
65472115
65474196
65473102
65471641
65471164
65474196
65473362
65477561
65471531
65474196
65481902
65483859
65471256
65475997
65474196
65474196
65479617
65473213
65471164
65474196
65471164
65471915
65475516
65474196
65474196
65474415
65474196
65472809
65474176
65474196
65473315
65473339
65471520
65482144
65477073
65474196
65474196
65473398
65471256
65473213
65472816
65473339
65471451
65474196
65474196
65474196
65474196
65472116
65471256
65472866
65472597
65474844
65474196
65475542
65481208
65471256
65471171
65474196
65471729
65471003
65477444
65472115
65474196
65471417
65474196
65474772
65471256
65474196
65472210
65472816
65475219
65471256
65471256
65471003
65471161
65473362
65478924
65471256
65478278
65472002
65474196
65471164
65476083
65474196
65472387
65476177
65474196
65474196
65472944
65471411
65474196
65474196
65474196
65471531
65471434
65478475
65471256
65476538
65472302
65477777
65471451
65473284
65474196
65474176
65474196
65472002
65474176
65474614
65474196
65471256
65471003
65471250
65472585
65474467
65494216
65471214
65476670
65474196
65471613
65475997
65473645
65477934
65471256
65474415
65471613
65477202
65474114
65471613
65475180
65471164
65471161
65474196
65475997
65471376
65471641
65474196
65474196
65473044
65471256
65471641
65471256
65471164
65473007
65473380
65474196
65475997
65472299
65474196
65472007
65473102
65477158
65475997
65476507
65471729
65472210
65474196
65474196
65471256
65476670
65471729
65474686
65480662
65474196
65471256
65472380
65471089
65471695
65474176
65478138
65474196
65476670
65476083
65482790
65474196
65474196
65471769
65474196
65474196
65475340
65481043
65471451
65472115
65471256
65471531
65471879
65472597
65476083
65472210
65472809
65473645
65471256
65475997
65471256
65472387
65471164
65475475
65471119
65472501
65473213
65474196
65471256
65471451
65471442
65474196
65473102
65471256
65474196
65472302
65473213
65474196
65471729
65474196
65471411
65474196
65474196
65472442
65477202
65471256
65474196
65472945
65474114
65471163
65474196
65474196
65482144
65474196
65476504
65474822
65471061
65471256
65473595
65471256
65471265
65474196
65474196
65471591
65474196
65473162
65477234
65471786
65480190
65479617
65474196
65473315
65473545
65474196
65474460
65471164
65473284
65472816
65477202
65471256
65473162
65471164
65473868
65474196
65470996
65471442
65471164
65471876
65473096
65479422
65471164
65471613
65475166
65474196
65476474
65474196
65471201
65481166
65473482
65475667
65472116
65474196
65474196
65476268
65475180
65480695
65471256
65477202
65474196
65474196
65474114
65471256
65474196
65474196
65480731
65472001
65474196
65474196
65477490
65474196
65473315
65476670
65473162
65472809
65490474
65477885
65475355
65471442
65474196
65475219
65474415
65471165
65477158
65471379
65471164
65471256
65474415
65482805
65473667
65474196
65474196
65471256
65471256
65476083
65477275
65478138
65471266
65471164
65473417
65473218
65474196
65472716
65471164
65471003
65473213
65472056
65476870
65471115
65480635
65471256
65471613
65473797
65471881
65471641
65471266
65489208
65473096
65471201
65474196
65472209
65471256
65474196
65484250
65473329
65471256
65471214
65472232
65472816
65474176
65471256
65471256
65472232
65471115
65475166
65474196
65480412
65474614
65472200
65473218
65474614
65473284
65471313
65471256
65474415
65490755
65475007
65471380
65472680
65471915
65477202
65474196
65471256
65477202
65474196
65473041
65477073
65474196
65473315
65474196
65472585
65473984
65474196
65473545
65474196
65474196
65471442
65473398
65477215
65473868
65472002
65472115
65471260
65474415
65472749
65474196
65471256
65471256
65473051
65471164
65472982
65473776
65472751
65474196
65475544
65472007
65473959
65471626
65475997
65477158
65471256
65473315
65474196
65476670
65474196
65475446
65473369
65473556
65473044
65476559
65471077
65473827
65474196
65474773
65471613
65477202
65474415
65474196
65476670
65476670
65471695
65473372
65474196
65479047
65474196
65474196
65471256
65472945
65474196
65471483
65471256
65473044
65471256
65472209
65472585
65472666
65471256
65471164
65488241
65474196
65474114
65471256
65471256
65474196
65473545
65471379
65471256
65474196
65471256
65471256
65474196
65471256
65472654
65472993
65477202
65471003
65483981
65474773
65471077
65473213
65473284
65479617
65474196
65472200
65474196
65474196
65474196
65473640
65475151
65475033
65471520
65474196
65471591
65471935
65474196
65482726
65474925
65472716
65477202
65477202
65478281
65480662
65475542
65471277
65471844
65473532
65474196
65471591
65474196
65471003
65471256
65472017
65477885
65482240
65475997
65472898
65471591
65471077
65475246
65474196
65471256
65472898
65473139
65471613
65471256
65473667
65473044
65472007
65478589
65476325
65472007
65471915
65473772
65471256
65474196
65471451
65474614
65471256
65471087
65473545
65483048
65475340
65474176
65471003
65473618
65474196
65471256
65471256
65475033
65471256
65474196
65475475
65475180
65473051
65475219
65471256
65471171
65474196
65471164
65474196
65471164
65474955
65471077
65476145
65471164
65471677
65471380
65488140
65471256
65474196
65471256
65471256
65471164
65473122
65471250
65474287
65475860
65471256
65471531
65483981
65471256
65475544
65474176
65471256
65474196
65474196
65474301
65473007
65474196
65471256
65473162
65474196
65472840
65474196
65474196
65473284
65474196
65475180
65473162
65474196
65471962
65471256
65474167
65471256
65474196
65473417
65474287
65474196
65474196
65474196
65477573
65471256
65474196
65476670
65471123
65475542
65474773
65473075
65472956
65471941
65471613
65477001
65476216
65471411
65471256
65471003
65471641
65474196
65470988
65474196
65474196
65472996
65474196
65473450
65471769
65472115
65474415
65471451
65471434
65473482
65471256
65474415
65473398
65471256
65475219
65471255
65474196
65474196
65471613
65474196
65474839
65476538
65478219
65473444
65471256
65473284
65474196
65471003
65481617
65474196
65483335
65471279
65471256
65474196
65471164
65471266
65473162
65476268
65471654
65477202
65477053
65475180
65478441
65471266
65471214
65474166
65471687
65474614
65471844
65474196
65472716
65471256
65474430
65471164
65475180
65474662
65474196
65472461
65471256
65471520
65474176
65471256
65476507
65473041
65473162
65471915
65472654
65480259
65476670
65472751
65474196
65472898
65471256
65474196
65476670
65474196
65476083
65472001
65474196
65471256
65474196
65474462
65474287
65471442
65475340
65472299
65474196
65471531
65477907
65474196
65475997
65474196
65472210
65474196
65471800
65471417
65477445
65471520
65472861
65472002
65471003
65485125
65474196
65471434
65475542
65474196
65480349
65474196
65471119
65474196
65471411
65479111
65474455
65477202
65474196
65472809
65473162
65472824
65478219
65476461
65474196
65472530
65475007
65471256
65471256
65473365
65472898
65471164
65474196
65474196
65474196
65473044
65475033
65471256
65475651
65471256
65475151
65479703
65474196
65472115
65474453
65471164
65474415
65473860
65476670
65474196
65472133
65471256
65471888
65471164
65474196
65472608
65476670
65471256
65473310
65471003
65472643
65473139
65473213
65473827
65471786
65476107
65471613
65471003
65474196
65472726
65471715
65474196
65476331
65471256
65472017
65471256
65479465
65473339
65470988
65474114
65471729
65472898
65476670
65474196
65471256
65474196
65471855
65471256
65471769
65471004
65472585
65473482
65472530
65471256
65474196
65475649
65472405
65486680
65473102
65477234
65471256
65473556
65471256
65472002
65475640
65475156
65474196
65471520
65471256
65472898
65472001
65472585
65474781
65474196
65471935
65472979
65471695
65472116
65471613
65474196
65471641
65474176
65473044
65475180
65471164
65474196
65471436
65473783
65473044
65474196
65474196
65471256
65480731
65471379
65474368
65471256
65473984
65480233
65471003
65474196
65474955
65477202
65474196
65478219
65473959
65471718
65471256
65471256
65471256
65471256
65473284
65471164
65480163
65471003
65471256
65474196
65478285
65471256
65474196
65474196
65473362
65473380
65474196
65484660
65478281
65471844
65471256
65471442
65472635
65472809
65471003
65471256
65471119
65473044
65473044
65474196
65475544
65473645
65471451
65471256
65474196
65474196
65471256
65471256
65474196
65471256
65473044
65471164
65475007
65471164
65472115
65471266
65472982
65471256
65471073
65474822
65471844
65471256
65471256
65472309
65473096
65478439
65471781
65472898
65473797
65471256
65471442
65472706
65474196
65471718
65474196
65473772
65473044
65474196
65474196
65471164
65472625
65471769
65477202
65476670
65471256
65471164
65474196
65475997
65473417
65472967
65471256
65473538
65471089
65473154
65475542
65471613
65471729
65474196
65472749
65471531
65474196
65474287
65471161
65473339
65474196
65474196
65471115
65471380
65475542
65472056
65471141
65473339
65472580
65474196
65474352
65480412
65474196
65475997
65471256
65471164
65471256
65474196
65473827
65472254
65472200
65473776
65475166
65473213
65471641
65472809
65471164
65471531
65476670
65471256
65472585
65474415
65471163
65474547
65476062
65472809
65474196
65472824
65475997
65471119
65473044
65471451
65474196
65471591
65471626
65473315
65471256
65472809
65474547
65472258
65474196
65474453
65474196
65473162
65474600
65472115
65477001
65473315
65471691
65473723
65479314
65474196
65471256
65488140
65476670
65471256
65472809
65475516
65474196
65470979
65471531
65471729
65474614
65472254
65474196
65473213
65473162
65471411
65471256
65471164
65471256
65471256
65472810
65471613
65473723
65474196
65474196
65476670
65475463
65472749
65474196
65471164
65475033
65474196
65473339
65471256
65474196
65474415
65471769
65473959
65477202
65472258
65473044
65471531
65474196
65473482
65475542
65472787
65472861
65478758
65471256
65474196
65471808
65471256
65471003
65472996
65474196
65471584
65472861
65473369
65480412
65472721
65472209
65473044
65471374
65472754
65473041
65473044
65471442
65473645
65474196
65474571
65471256
65474196
65474196
65473059
65471451
65474415
65474196
65473213
65471256
65474196
65473813
65471380
65471003
65476896
65471277
65471256
65476670
65473284
65474196
65477202
65474196
65471256
65478356
65473044
65474196
65474196
65474196
65471586
65477202
65474196
65477202
65471214
65474196
65475007
65473959
65473440
65474176
65474196
65471531
65473822
65474196
65480430
65473723
65471844
65476145
65475649
65471256
65477158
65476122
65471256
65472632
65473485
65471531
65471256
65473640
65474196
65474196
65471161
65471899
65472979
65474614
65471256
65473044
65471161
65471256
65471531
65471256
65471093
65471164
65476597
65473044
65471635
65471442
65471164
65472528
65471164
65471942
65475544
65472809
65474142
65473783
65471256
65471256
65474196
65471451
65472898
65474176
65475401
65477202
65471165
65473860
65474196
65477202
65474196
65475151
65477202
65471531
65477490
65472002
65471141
65475007
65471376
65474196
65476838
65474196
65473315
65474196
65480430
65472210
65471769
65473545
65481166
65474196
65472816
65474196
65474196
65473538
65472810
65472608
65472680
65475180
65472002
65474196
65475033
65480699
65472210
65475997
65472861
65472116
65476670
65474196
65471962
65474196
65479446
65474196
65473868
65471531
65471256
65471099
65471256
65474196
65476726
65478219
65476145
65471164
65474830
65472956
65474196
65474196
65474196
65473310
65475007
65474196
65471003
65470996
65473122
65474196
65472898
65471164
65471256
65473984
65477202
65471256
65473203
65471604
65471028
65473162
65472585
65472809
65471531
65472654
65475007
65474196
65473284
65471039
65471808
65474196
65471256
65471003
65473044
65471256
65474196
65471604
65474196
65474196
65473772
65477202
65474196
65477725
65474614
65473218
65475997
65481982
65474196
65473827
65475180
65474196
65471256
65482144
65472200
65474176
65474196
65474614
65472299
65472741
65474784
65471256
65474781
65471003
65474196
65474196
65482805
65474196
65471256
65475033
65471442
65472002
65473797
65472115
65474196
65472210
65471003
65473482
65474196
65471003
65472866
65474196
65474196
65471256
65473044
65473044
65471531
65472666
65474196
65474196
65474196
65474196
65473218
65477373
65473482
65474196
65474196
65473213
65471310
65474196
65472002
65475542
65474196
65472115
65473772
65473545
65472898
65471451
65480190
65473556
65471915
65471729
65471715
65475542
65471277
65471718
65471250
65482144
65473315
65471256
65471256
65471164
65475338
65471119
65471256
65473213
65474196
65471411
65478441
65471256
65474196
65471256
65471451
65471379
65473339
65471256
65473532
65473365
65475340
65475997
65473827
65474176
65476670
65472840
65473482
65471256
65475033
65474196
65477490
65473213
65471256
65472585
65471641
65474196
65472405
65476670
65480190
65474196
65474114
65477777
65474196
65474196
65471119
65474196
65471591
65471844
65472996
65471256
65471003
65471520
65474196
65471256
65471003
65479446
65472996
65472404
65472002
65474415
65473162
65471451
65471591
65477202
65471695
65471718
65473450
65471003
65471442
65474839
65474196
65472001
65474196
65472229
65476670
65477202
65474196
65479259
65474196
65471256
65473940
65474740
65471256
65474196
65471256
65475542
65471844
65477202
65479112
65475180
65474196
65471256
65471119
65474196
65473868
65473315
65474772
65477202
65477202
65476670
65471520
65472956
65477202
65474196
65471256
65474462
65475151
65474196
65471769
65474196
65472754
65474196
65474196
65474196
65471256
65473369
65471256
65471258
65471256
65474196
65474167
65474196
65475401
65472726
65471508
65474196
65474196
65474196
65471256
65474128
65475162
65472861
65477373
65477202
65474773
65471591
65474196
65473411
65473822
65472115
65473151
65471256
65471256
65472007
65478799
65477725
65471256
65472007
65477885
65474196
65473545
65473417
65473640
65474196
65471003
65471119
65471613
65471003
65471119
65474196
65473213
65474196
65474196
65472001
65473213
65470994
65471729
65480699
65471119
65472396
65473905
65474614
65471735
65474196
65471451
65474196
65477001
65472816
65475166
65473213
65471613
65475007
65474196
65472304
65478441
65474196
65479617
65480731
65474196
65472007
65477202
65473315
65477202
65472800
65476177
65474167
65471613
65473008
65474262
65472597
65473218
65471003
65471641
65474668
65471256
65479047
65474196
65480822
65471256
65474196
65473735
65473213
65471256
65473776
65482018
65474262
65477059
65472716
65474196
65472749
65476670
65475151
65476670
65480484
65473134
65474196
65478194
65471161
65473930
65477202
65475516
65471915
65473482
65475590
65474196
65476193
65471256
65471256
65482018
65474196
65475542
65475651
65471164
65471654
65476474
65473315
65477202
65471256
65474196
65471256
65471171
65471844
65472680
65471256
65480662
65471164
65472200
65471451
65471256
65471277
65482560
65471844
65474196
65474196
65471256
65474196
65474196
65477234
65471003
65474196
65471448
65471161
65471256
65471089
65471256
65470996
65471786
65475151
65471256
65474196
65473213
65472580
65473868
65473315
65473813
65471164
65474196
65472299
65472501
65472866
65473368
65473482
65474196
65482018
65472706
65472115
65471003
65471256
65474597
65471164
65475180
65475033
65471256
65471003
65473096
65476531
65473545
65472280
65483090
65474287
65472944
65471256
65471266
65471256
65477202
65474597
65478441
65473645
65474196
65472809
65471003
65472299
65482546
65471881
65480699
65471729
65471256
65471880
65471718
65474196
65470988
65473315
65484660
65474196
65474196
65475151
65473162
65472232
65476268
65472654
65474196
65473545
65473096
65474196
65471531
65472945
65471256
65471003
65474196
65474196
65471935
65471163
65474839
65474902
65471256
65474196
65478029
65475355
65473440
65477158
65471256
65474196
65471123
65474781
65473218
65472115
65474196
65474196
65471256
65472380
65474196
65473096
65471613
65474196
65472000
65474196
65473667
65474196
65473485
65474614
65472530
65471641
65472530
65471164
65471256
65471214
65474196
65474196
65474196
65474196
65474196
65474196
65471442
65471735
65476670
65471256
65472585
65471256
65473218
65475598
65473556
65473162
65474196
65474196
65473044
65477170
65473864
65474196
65471256
65474299
65474196
65477202
65471411
65471709
65479259
65477258
65473075
65471687
65473783
65474196
65471119
65473444
65471376
65475516
65473051
65474686
65471164
65474176
65471531
65471531
65472530
65471531
65474196
65471256
65474196
65473044
65471163
65471613
65474196
65474176
65480072
65474196
65471613
65474196
65474196
65474822
65479047
65471256
65474196
65473213
65473162
65471729
65472816
65474196
65473398
65479112
65473151
65475651
65471844
65474196
65471777
65471256
65477762
65475997
65474196
65471266
65474415
65474196
65471442
65476670
65473044
65474196
65471256
65471356
65474196
65480190
65474839
65474196
65475997
65473162
65473044
65474268
65471256
65471844
65474224
65471591
65474176
65472007
65474196
65473044
65475542
65471256
65476670
65471451
65474196
65478278
65473315
65471769
65476268
65472133
65474196
65471531
65472218
65471256
65475997
65474196
65475180
65482144
65471691
65471256
65472898
65475667
65471613
65471379
65471256
65473284
65474196
65476670
65471256
65471531
65472809
65486897
65471451
65473339
65474196
65471256
65479407
65474196
65473398
65483511
65471256
65471256
65473271
65471380
65474196
65473645
65471613
65471915
65474196
65474114
65472232
65473545
65473315
65471256
65473827
65477202
65474196
65474196
65473984
65474196
65471256
65474196
65473545
65471531
65478303
65474196
65472597
65474196
65473362
65473930
65474196
65471119
65471256
65471164
65472706
65471279
65471256
65472556
65470968
65474196
65473213
65471256
65473044
65471256
65471881
65471256
65474176
65471164
65471256
65474196
65472597
65474196
65471164
65471256
65471256
65474792
65475542
65472706
65472405
65476145
65472666
65472898
65472840
65474196
65473213
65474196
65474822
65473561
65473667
65474196
65474196
65471119
65475747
65474196
65473284
65474738
65480699
65476457
65471613
65471256
65471256
65475997
65471256
65473827
65474196
65474196
65473096
65471613
65471171
65471003
65471256
65472530
65473139
65474196
65473162
65471171
65474196
65471256
65474196
65474196
65471256
65472405
65471531
65471256
65471256
65474196
65474196
65474196
65473868
65472002
65473640
65471786
65471214
65473315
65474196
65473482
65477202
65474196
65474196
65474196
65473271
65475598
65474196
65471356
65473545
65473482
65472898
65471258
65474196
65475219
65473532
65471164
65474196
65472002
65471163
65473362
65471258
65472809
65473315
65474681
65471164
65472898
65472007
65474196
65476562
65471256
65475997
65472115
65473044
65471093
65474196
65471256
65473545
65478138
65474128
65476670
65473339
65476670
65474196
65474196
65471164
65472809
65472840
65471266
65478194
65474196
65473482
65471786
65474772
65475007
65472556
65482144
65474196
65471256
65477202
65474614
65472200
65471256
65471256
65475899
65472405
65474556
65471771
65474114
65475542
65474196
65474196
65474196
65474196
65471796
65473417
65471256
65474768
65471256
65471591
65471164
65474196
65474196
65474196
65475180
65480146
65471591
65474114
65471844
65472232
65472898
65474614
65473905
65473044
65473555
65471844
65471356
65473797
65471434
65471256
65474196
65473044
65474076
65473044
65476670
65472007
65471256
65475154
65471256
65475033
65471786
65471641
65474196
65474196
65471256
65474196
65474196
65477777
65473556
65474196
65472115
65474196
65477774
65473972
65471256
65475622
65475444
65474196
65474738
65471119
65472007
65472232
65471256
65475649
65475444
65471256
65471915
65471531
65474196
65471161
65471256
65474196
65471256
65471256
65470988
65474196
65474196
65473213
65471141
65472299
65471613
65473044
65474196
65471164
65474196
65476670
65476838
65473459
65474196
65471256
65471256
65471777
65471695
65472002
65472016
65474196
65471256
65474822
65474839
65480731
65473854
65474196
65474781
65471380
65471256
65471256
65471119
65471786
65471302
65472408
65488241
65474196
65471099
65477202
65471256
65474338
65473044
65471163
65473772
65471635
65472861
65471808
65474196
65471802
65477592
65472002
65474196
65479617
65471256
65471786
65471256
65474196
65471256
65473044
65471266
65473989
65475475
65481524
65472726
65474196
65474143
65472556
65472530
65473213
65473044
65474196
65476145
65473284
65476265
65472528
65472002
65474196
65472861
65477885
65476083
65471256
65488403
65472232
65474738
65471164
65472299
65472898
65475340
65471879
65471256
65476083
65474196
65484092
65472299
65475219
65471591
65473868
65471786
65474196
65471450
65471531
65474196
65474196
65477112
65474196
65474196
65475475
65473450
65481937
65479047
65471164
65474114
65475162
65471695
65474196
65474340
65473044
65471256
65478787
65471256
65471003
65474196
65475997
65473044
65475598
65471256
65476670
65471613
65471451
65473044
65474196
65472945
65474196
65471256
65479446
65471718
65471077
65474076
65472996
65471003
65474196
65471256
65471786
65472299
65473096
65474196
65474614
65471411
65471256
65471256
65475154
65478515
65472716
65480731
65471164
65471654
65471694
65479473
65475340
65474196
65474196
65472254
65473044
65474114
65471256
65473162
65473485
65474196
65474196
65471613
65471613
65474196
65472680
65471256
65472442
65474196
65472408
65471442
65473096
65472000
65474196
65472898
65472200
65471256
65474196
65471411
65472007
65471163
65474196
65473284
65472898
65474597
65471077
65472280
65475180
65473984
65471003
65473545
65472898
65471164
65474196
65471256
65471591
65471256
65476670
65477202
65472001
65471256
65473162
65478440
65471709
65477202
65471613
65471256
65472556
65472824
65479422
65474114
65471266
65471161
65472405
65471256
65477202
65472597
65472996
65474196
65477444
65471531
65473889
65473102
65471164
65475154
65476083
65474114
65474196
65474196
65471256
65473213
65474196
65481043
65471411
65473044
65472405
65473822
65472002
65471003
65473213
65473827
65473797
65470988
65474196
65473162
65474196
65473263
65474196
65473385
65471256
65471256
65474196
65471256
65471771
65471256
65474196
65473218
65477202
65471256
65475007
65471771
65471959
65471265
65473315
65474196
65473940
65472115
65474196
65476670
65471256
65474196
65473556
65473640
65475803
65478096
65473044
65474196
65471277
65474196
65471256
65474114
65471256
65472017
65471769
65478185
65475007
65471003
65474196
65474196
65471139
65472816
65474196
65472405
65474822
65472002
65471256
65472405
65474196
65471119
65473271
65471771
65472247
65474196
65474822
65472007
65471256
65477158
65474196
65474430
65472530
65474196
65476117
65474196
65473284
65475391
65472404
65475542
65479703
65480412
65472295
65474196
65471164
65472597
65474196
65471004
65471935
65480699
65471256
65471613
65472956
65471769
65471613
65474196
65471256
65481982
65471256
65473044
65471256
65479617
65474196
65476670
65475033
65472866
65473766
65476843
65475651
65474196
65471256
65472810
65474773
65478278
65472898
65473440
65482144
65471256
65476531
65471164
65490755
65480699
65473203
65471256
65471451
65473165
65472016
65471256
65474196
65473984
65475997
65476193
65474196
65474196
65473162
65473315
65471256
65483981
65471451
65473044
65474196
65471256
65471256
65472956
65471039
65472749
65474196
65472608
65475033
65471256
65474196
65472461
65474196
65474196
65474196
65472816
65474196
65474196
65472133
65476531
65471574
65471256
65471256
65471256
65477202
65473044
65472189
65471451
65474196
65477777
65471256
65475033
65472741
65478441
65474196
65475542
65473044
65474196
65493525
65474196
65478441
65474196
65475667
65473519
65480662
65471442
65471256
65476670
65483981
65471003
65473482
65472608
65471256
65473315
65471256
65480528
65473772
65471769
65475007
65475997
65475997
65474196
65472380
65472116
65474415
65471376
65480484
65474166
65474196
65474196
65471256
65472380
65471163
65471256
65471256
65471256
65475446
65471451
65474196
65475033
65474196
65473856
65471613
65471915
65485849
65473008
65471584
65474196
65471256
65473102
65471729
65474196
65472406
65471258
65484454
65472210
65474839
65476670
65471434
65473043
65474196
65474196
65471161
65471788
65471256
65474196
65474196
65473417
65471256
65471165
65481626
65474196
65477202
65474196
65472387
65471256
65474196
65474196
65474196
65472706
65471531
65471256
65477202
65472002
65477234
65472002
65473284
65474196
65476531
65477861
65481902
65473162
65471451
65477234
65473667
65473218
65476670
65475640
65471584
65471256
65474196
65471214
65476223
65474196
65474196
65474196
65477202
65471442
65471256
65471164
65474768
65474196
65474114
65473043
65471256
65474196
65474196
65471808
65471256
65474196
65471256
65474196
65473213
65471256
65474540
65471256
65473263
65474196
65473044
65477202
65471050
65474196
65472716
65474196
65481982
65475007
65474196
65474614
65472751
65472001
65474196
65473362
65480635
65471256
65471256
65480412
65472017
65471531
65474196
65475544
65471256
65474196
65477202
65472680
65477441
65471881
65480699
65475997
65480560
65471520
65475007
65472144
65479969
65472002
65474196
65473213
65472380
65477202
65472809
65472200
65476083
65474196
65473096
65474196
65471808
65473822
65471935
65474196
65471411
65474196
65471161
65472528
65473545
65472809
65476051
65471256
65471256
65474196
65473556
65471003
65473213
65474196
65471584
65471003
65474196
65476199
65471451
65473538
65471119
65473102
65471256
65473868
65474160
65471256
65471531
65471380
65473044
65474196
65471256
65476216
65474196
65471256
65477202
65474822
65477001
65474196
65471613
65473044
65471119
65479969
65476277
65474196
65472133
65483859
65471256
65476670
65472115
65473044
65471520
65471935
65471256
65473096
65471256
65471313
65476670
65474196
65474196
65471087
65474196
65474196
65474167
65474196
65475997
65473482
65471796
65473044
65473213
65471411
65473482
65473766
65474196
65474196
65471411
65474196
65472209
65473640
65471164
65477202
65471613
65472209
65474955
65480662
65476670
65471256
65471709
65474196
65474196
65473362
65471256
65474196
65472133
65471256
65477444
65474076
65471161
65474196
65474196
65471256
65472064
65474196
65471808
65475997
65471769
65478109
65474196
65474822
65474196
65471256
65472406
65473417
65471063
65472002
65471256
65472299
65473213
65474196
65472115
65475997
65471161
65480662
65471164
65473640
65471915
65472007
65471087
65477234
65474614
65471729
65479020
65471003
65473362
65471434
65473532
65471915
65471061
65472001
65471139
65471800
65475180
65471777
65477444
65476265
65471256
65471531
65476199
65471003
65474196
65474196
65471119
65474463
65473339
65473284
65471003
65475180
65471256
65471687
65474196
65472001
65474114
65472654
65475997
65471302
65473315
65475340
65472996
65474196
65474287
65472996
65471613
65471613
65474415
65471256
65474196
65477202
65474196
65473203
65471256
65471256
65479752
65472597
65474196
65476670
65474143
65472716
65471039
65473681
65472809
65474196
65480072
65471119
65471256
65471164
65473450
65474196
65471256
65471256
65471613
65473162
65474614
65474196
65475391
65475997
65471256
65471214
65473860
65474196
65471654
65473315
65472866
65471256
65471256
65471844
65472405
65474196
65471256
65474196
65474196
65473102
65474196
65471769
65471258
65472380
65472654
65471256
65474196
65473339
65472716
65473417
65471256
65471165
65477907
65474196
65471164
65473813
65474196
65477202
65471256
65471256
65473213
65472405
65474196
65473561
65474773
65475667
65471003
65474196
65471256
65474196
65471164
65474196
65471256
65473044
65472556
65472115
65471256
65473044
65472404
65474196
65477373
65472816
65473044
65473284
65471256
65474196
65474262
65477202
65471256
65471256
65471256
65471935
65472007
65474196
65471256
65474196
65471718
65472405
65471256
65471256
65471164
65471256
65474196
65471256
65471256
65472585
65475007
65474196
65471164
65476670
65477202
65476277
65475667
65472812
65477592
65474196
65477202
65472898
65476670
65476670
65473482
65472751
65474196
65474196
65474196
65476670
65472405
65471256
65471256
65476670
65474196
65470994
65475542
65475338
65474196
65471003
65477202
65471003
65472232
65474196
65474196
65476670
65474196
65471442
65473362
65471164
65473007
65472840
65471256
65471531
65477885
65475997
65473044
65471256
65475997
65471256
65472528
65473450
65471003
65475180
65473044
65472643
65473044
65471164
65476538
65473284
65471073
65473339
65473417
65472115
65474196
65472824
65474196
65473545
65474196
65472996
65471379
65471786
65476670
65474614
65471256
65479047
65474142
65474196
65474196
65471164
65474196
65473213
65471411
65471265
65471003
65474196
65474196
65471613
65471164
65474772
65471451
65474196
65474196
65471256
65471265
65473213
65471256
65471844
65475180
65478138
65476838
65471165
65471613
65471201
65474196
65471935
65485320
65473640
65471003
65471003
65478728
65471164
65471256
65471256
65473561
65474114
65473213
65471531
65474196
65474196
65473362
65471003
65471164
65474352
65475997
65476670
65471379
65471442
65471695
65474196
65479047
65471256
65474196
65473556
65473813
65471786
65473284
65475475
65474196
65475007
65472115
65474196
65473362
65471164
65470979
65474196
65471003
65471899
65473417
65473044
65471256
65474196
65479617
65471293
65473213
65473450
65474196
65474176
65471380
65474196
65479004
65471256
65474415
65471411
65474196
65471161
65471161
65480699
65472680
65472210
65473723
65471256
65472002
65472585
65471003
65471119
65474196
65474196
