64938151
64937988
64937348
64937239
64936941
64939412
64939274
64939412
64936926
64942146
64937988
64937239
64936915
64937988
64937988
64937239
64937162
64940022
64937988
64937948
64938233
64937239
64937379
64941246
64937988
64937737
64945563
64937988
64938233
64936941
64939038
64937067
64941493
64937988
64937988
64942146
64937373
64938151
64940191
64939412
64938912
64937239
64937793
64937988
64940047
64936919
64937239
64937328
64936915
64936926
64937988
64937988
64937067
64942080
64943746
64937221
64937239
64937239
64939412
64938134
64937881
64936939
64941758
64936926
64944026
64939412
64937239
64943747
64937239
64936915
64940411
64937239
64938407
64937239
64937372
64937239
64937988
64938112
64937221
64938407
64936977
64939412
64937239
64938084
64938093
64937988
64937899
64937239
64937988
64938978
64937239
64940191
64938084
64940022
64939412
64939412
64937162
64937383
64937391
64937328
64940022
64939412
64937239
64940799
64936915
64937988
64942815
64937239
64938407
64937793
64937239
64936941
64938233
64938546
64937075
64949457
64939412
64937239
64938900
64937239
64937239
64937239
64937162
64937988
64937988
64937988
64937239
64938316
64937239
64937737
64940022
64937239
64937287
64936939
64937110
64937988
64936926
64937207
64937379
64937239
64937239
64940411
64939412
64937162
64940411
64937239
64945563
64938559
64937239
64937239
64937239
64937988
64937354
64940336
64939412
64937988
64939274
64937849
64937988
64936926
64937777
64936968
64937239
64939412
64938544
64939051
64937239
64937239
64937883
64937239
64938316
64937221
64942725
64937239
64937988
64937806
64936944
64945461
64937239
64936916
64937023
64938407
64940859
64937806
64939412
64938544
64940701
64937777
64948600
64937239
64937239
64939274
64936916
64941772
64937239
64938544
64937988
64939412
64938342
64937373
64938848
64940108
64936934
64936915
64937988
64937031
64937328
64938316
64937607
64937988
64940191
64936926
64937988
64939431
64937023
64938134
64937239
64937239
64946543
64952205
64938151
64937239
64937221
64944172
64940411
64937133
64937239
64937239
64942080
64937379
64937067
64938559
64944506
64938233
64936915
64938544
64937239
64936939
64936926
64942146
64937465
64937988
64937239
64937162
64939412
64937988
64936915
64937793
64939354
64937239
64937239
64937938
64936915
64936926
64936915
64937239
64937239
64938957
64937988
64943746
64945563
64937239
64937239
64937239
64937457
64940411
64936916
64940829
64937239
64937328
64940245
64938389
64937239
64942435
64938558
64936915
64936915
64937988
64937988
64936915
64940925
64937239
64936926
64937988
64937239
64937239
64937007
64938936
64937988
64937988
64937239
64937988
64936941
64936915
64938544
64937239
64938233
64937239
64937239
64939288
64939773
64938252
64939274
64937239
64939412
64937239
64937348
64936926
64937607
64937119
64937239
64936915
64937791
64937988
64936968
64938383
64940104
64937502
64937988
64936915
64937239
64936926
64938407
64936915
64941933
64937503
64937379
64941198
64937239
64943747
64942028
64937239
64938057
64943539
64940596
64940411
64937239
64937442
64937239
64944197
64942815
64940245
64947503
64937950
64937981
64944685
64937988
64938794
64940245
64938900
64937239
64945563
64936926
64940701
64937023
64937988
64937239
64939274
64942080
64937239
64937372
64937988
64938875
64939412
64937737
64938084
64937023
64939412
64939412
64938558
64940083
64938030
64939412
64939412
64937133
64937162
64936934
64944506
64937239
64937239
64942080
64937354
64937239
64937239
64950001
64936915
64936926
64937239
64938822
64937053
64943023
64939412
64939274
64938957
64937353
64944197
64938233
64937988
64937966
64938151
64944520
64939082
64940829
64937239
64939274
64939412
64936915
64938544
64937467
64940815
64938407
64940551
64938151
64937988
64937467
64937053
64938134
64937988
64937988
64937467
64937328
64938084
64936926
64940191
64940336
64940669
64945563
64940159
64937239
64937988
64948723
64937988
64937239
64937988
64937239
64939773
64937988
64951407
64937379
64939412
64938233
64937348
64937988
64936926
64937239
64937239
64937239
64937988
64937328
64937239
64937988
64937162
64938544
64939412
64937353
64937239
64936934
64937239
64940191
64936926
64937239
64937239
64938410
64942027
64937468
64937239
64936915
64937239
64939412
64937468
64940799
64936915
64936941
64937239
64938875
64937239
64937239
64937239
64937988
64937239
64937737
64937239
64937988
64939412
64938278
64937239
64937239
64937988
64938185
64938316
64936915
64940022
64937758
64937239
64937239
64937066
64938407
64937383
64937239
64937988
64937383
64938407
64937328
64936926
64937988
64937239
64937467
64937988
64940245
64938134
64937988
64947172
64937383
64937988
64937239
64937988
64940701
64936926
64937988
64940022
64938134
64942368
64937239
64939412
64937239
64936915
64937239
64940411
64937239
64939620
64937592
64937239
64939274
64939274
64938407
64937988
64940411
64937988
64938084
64944026
64939412
64937239
64937988
64937988
64938407
64937988
64942080
64939431
64937465
64936915
64940701
64937373
64938093
64937372
64938407
64937239
64938981
64937239
64937988
64937239
64937381
64937206
64937067
64939412
64937468
64937189
64937988
64937080
64938151
64939548
64939412
64940536
64937067
64937239
64937328
64937988
64937239
64936944
64937239
64950872
64938389
64936926
64937988
64937988
64937239
64937383
64942169
64940411
64937239
64937239
64943152
64937239
64940245
64936916
64939412
64939274
64937988
64938814
64937988
64937988
64940701
64939412
64937239
64937328
64937239
64937239
64940596
64937981
64936915
64938383
64939274
64937239
64937239
64937239
64937239
64936944
64942080
64941483
64937207
64937239
64937906
64937239
64939412
64937637
64938134
64936977
64940411
64937899
64936939
64936916
64937988
64937239
64939412
64936988
64940411
64938134
64943746
64937239
64938151
64937162
64940079
64937988
64942626
64937162
64938985
64937239
64940675
64937988
64940245
64937239
64937988
64937239
64956257
64937239
64937239
64940022
64937988
64937239
64937988
64940191
64937988
64937981
64943068
64937239
64937806
64937988
64936915
64936915
64939412
64937806
64937239
64937239
64940799
64939412
64937239
64936982
64938233
64940022
64937988
64936926
64937239
64936926
64937988
64937239
64937988
64937239
64936915
64937239
64937239
64937239
64938544
64937239
64937906
64937988
64937373
64937379
64937182
64937162
64945563
64937328
64943746
64938544
64937239
64943152
64942729
64936915
64936915
64940411
64936915
64937239
64937383
64937487
64937988
64937468
64937239
64937239
64937239
64941758
64944506
64939540
64939821
64937383
64937239
64937468
64936968
64937988
64941291
64952205
64936926
64939412
64937988
64936941
64938134
64939274
64937239
64940411
64937988
64937379
64940245
64938407
64937988
64942359
64937988
64937239
64936926
64937239
64937162
64943023
64951407
64939412
64939412
64936915
64937239
64937906
64940411
64936915
64937239
64941817
64937988
64936915
64937383
64937207
64937988
64936939
64937207
64939412
64937239
64936915
64949962
64940411
64936926
64937988
64937239
64942146
64937988
64937988
64939783
64937110
64940313
64937162
64937467
64936915
64944520
64936915
64937207
64938233
64939274
64938912
64937162
64939274
64936915
64937988
64938450
64940853
64937988
64943747
64940411
64939645
64937239
64937988
64944039
64939274
64941493
64937067
64939412
64937067
64940108
64937468
64937988
64937239
64936926
64940669
64937328
64941689
64939412
64937303
64940245
64947586
64937948
64936915
64936939
64938407
64937988
64938233
64937988
64940411
64937467
64940132
64939802
64936926
64937988
64938151
64939326
64937239
64937988
64944520
64945563
64938407
64936939
64939821
64936915
64937988
64937467
64937239
64937988
64942080
64938407
64937883
64940701
64937348
64944506
64942028
64937988
64937988
64937988
64937716
64937239
64938407
64938181
64945148
64936977
64950660
64940191
64940317
64936915
64937239
64939298
64939412
64937988
64937239
64939274
64937988
64940411
64937373
64941413
64936926
64937239
64939274
64938558
64939846
64936915
64943450
64936915
64937189
64949820
64938285
64937379
64939412
64945447
64939274
64937988
64937123
64938084
64937988
64940701
64937239
64939773
64940245
64937239
64937259
64952205
64937988
64937379
64936915
64940853
64938438
64937239
64937467
64938544
64937988
64937239
64939412
64938057
64940701
64940411
64937379
64944645
64937988
64937239
64937302
64940191
64937988
64940022
64939274
64939412
64937373
64942080
64937328
64937592
64937988
64939274
64937988
64936915
64937988
64936915
64939274
64947148
64937239
64936915
64937075
64937239
64937988
64937467
64937239
64940701
64938342
64938559
64938544
64943023
64936980
64937988
64939412
64937239
64937988
64937259
64940191
64936915
64939540
64937988
64936926
64937239
64938134
64937239
64937110
64938544
64940411
64938407
64940245
64943746
64937988
64940076
64937162
64939274
64939645
64937988
64944382
64938407
64945803
64941950
64937981
64939412
64936926
64937988
64937988
64938544
64939274
64938438
64939412
64937988
64938407
64938233
64937373
64939412
64937592
64940022
64939412
64937373
64937988
64937239
64937988
64937988
64937502
64941238
64940338
64944864
64937988
64938417
64939326
64937988
64937465
64937162
64939274
64937239
64936915
64940191
64939298
64937988
64940859
64938407
64937988
64937988
64938407
64937239
64937988
64944026
64937239
64937988
64943394
64937348
64943216
64939773
64937379
64939061
64936915
64937239
64937468
64938600
64937988
64948106
64937988
64937373
64937239
64936915
64936915
64936915
64940411
64938407
64939082
64941306
64941028
64936926
64936915
64944197
64937189
64939274
64937988
64937162
64937988
64937376
64939274
64942166
64937988
64939412
64937383
64943747
64937239
64937239
64938057
64937067
64937988
64937133
64945563
64937207
64937239
64937239
64937988
64937502
64939412
64937988
64939412
64937164
64941430
64949942
64937239
64937353
64937348
64937239
64937383
64937239
64937988
64937053
64939412
64940022
64938233
64937379
64937239
64937988
64942674
64937988
64939412
64937988
64939274
64938875
64938444
64945563
64937239
64937988
64937239
64936941
64936915
64939645
64938936
64937981
64937082
64940022
64937123
64937988
64937353
64936926
64937239
64937239
64936926
64936915
64940411
64938504
64939274
64943746
64936915
64940022
64938407
64937239
64937239
64937162
64940191
64937383
64938233
64937988
64936916
64937239
64937988
64936915
64937239
64936915
64937871
64937988
64937988
64936926
64937239
64939724
64937988
64940799
64937239
64937053
64937189
64940701
64938559
64939412
64940411
64937239
64938185
64937239
64937080
64937988
64937348
64938544
64939274
64937207
64936915
64940411
64937067
64938957
64937988
64937067
64937239
64937239
64937123
64937239
64936944
64936926
64939412
64937239
64937239
64936915
64937988
64938407
64937239
64937383
64937988
64940022
64936944
64938316
64937239
64937162
64939274
64937988
64941955
64939412
64937066
64938407
64939274
64937988
64937988
64937988
64937239
64939326
64937988
64940245
64938134
64938883
64937988
64948723
64937379
64937239
64937468
64937239
64940022
64937988
64939274
64937007
64937239
64937067
64937988
64939412
64936926
64937502
64938273
64938407
64937457
64937988
64937988
64937383
64936926
64940701
64941955
64939412
64937988
64937988
64943450
64937239
64945636
64936915
64937988
64947649
64939274
64937467
64938316
64937988
64937988
64937239
64937427
64937239
64936939
64937239
64937988
64937239
64937988
64936915
64937328
64938181
64936915
64936926
64939412
64936941
64938991
64937239
64937239
64937988
64948133
64940157
64936926
64937988
64939412
64937239
64937468
64937239
64942080
64937988
64944506
64937239
64937162
64937239
64940411
64938407
64937328
64945373
64937239
64937239
64938957
64937239
64938018
64939274
64937988
64937239
64938900
64938181
64937239
64937162
64937988
64937373
64937067
64939412
64939412
64937239
64938383
64936926
64939061
64940022
64939431
64936926
64937988
64937239
64940191
64936915
64939412
64937239
64938900
64937988
64937239
64937468
64937239
64937239
64945563
64937239
64941829
64937239
64938407
64938233
64939298
64937468
64940191
64937468
64941198
64937988
64936957
64943747
64939274
64940411
64944506
64937239
64941479
64936915
64942940
64941274
64944506
64938233
64937988
64937988
64937239
64936926
64940596
64937239
64939412
64937239
64937198
64937239
64938814
64940079
64937162
64937814
64938556
64937239
64942080
64937988
64936915
64937066
64949645
64937988
64936939
64950449
64939412
64939315
64938900
64936915
64936977
64940245
64937239
64937502
64937379
64937239
64940411
64941198
64937239
64937239
64937523
64937239
64937239
64937468
64936982
64937988
64940828
64937328
64937239
64944520
64940411
64937988
64937988
64938977
64938261
64937162
64937988
64941817
64937503
64941872
64939274
64940245
64937239
64937239
64937328
64937328
64939051
64938342
64936977
64939880
64937239
64942146
64936926
64937239
64937067
64937239
64936941
64936915
64941451
64936915
64940191
64937328
64937239
64938057
64937239
64937239
64937468
64937988
64939274
64937607
64937239
64940191
64938407
64939274
64936915
64939412
64936926
64937119
64937239
64937988
64937239
64938407
64936915
64938342
64937239
64937988
64937348
64937162
64937162
64937239
64937239
64936915
64942080
64937988
64937988
64937467
64937988
64937239
64937988
64938134
64937239
64937468
64937988
64936944
64939412
64938737
64945681
64936944
64937023
64937239
64938267
64940701
64937206
64939862
64938544
64937239
64937133
64936915
64937239
64937988
64938407
64939412
64942146
64937067
64942362
64938181
64937239
64937353
64938195
64939274
64937067
64936915
64940245
64936939
64937988
64937239
64936939
64937239
64937239
64937373
64937383
64937988
64938450
64937239
64938900
64937239
64937467
64940799
64936926
64937239
64937988
64939412
64937607
64937239
64937383
64937239
64937239
64937239
64937379
64937988
64937988
64936915
64937162
64943152
64936926
64936915
64937988
64939412
64936915
64936926
64938544
64937239
64937239
64937328
64937793
64937383
64937239
64939412
64937162
64937981
64939412
64936916
64944506
64943152
64939412
64937379
64936919
64937988
64938057
64942256
64937239
64937239
64937239
64938499
64936926
64942080
64951407
64937988
64937239
64938499
64937067
64937239
64937239
64940853
64938112
64937737
64936926
64939274
64937988
64937988
64940853
64937239
64937239
64937239
64938407
64945681
64943747
64937988
64939326
64937988
64944197
64938900
64937239
64937239
64937468
64939412
64937988
64947172
64937328
64940022
64938342
64937239
64937239
64936926
64937988
64937988
64936941
64940411
64941479
64936939
64940411
64937239
64939412
64937239
64937239
64938407
64937189
64938134
64937239
64937067
64937988
64937988
64936977
64940701
64937988
64937067
64937468
64940411
64940191
64937239
64936915
64937988
64937123
64950660
64937239
64936926
64937156
64942626
64937239
64936915
64936915
64937379
64937239
64944506
64942080
64941817
64939412
64937239
64937239
64936926
64937988
64939487
64936915
64937239
64936926
64937123
64939846
64937793
64936926
64938559
64937988
64943431
64950660
64939412
64940191
64937239
64937988
64939274
64936926
64937373
64937988
64939412
64937239
64942080
64937372
64937373
64939412
64936915
64936926
64937988
64937988
64942626
64937988
64937239
64939352
64937239
64936926
64940132
64939412
64936915
64937988
64937881
64937468
64939548
64940022
64937119
64939298
64937239
64937988
64939412
64937988
64937988
64937239
64939274
64940191
64940338
64944984
64937373
64937920
64938134
64939412
64937239
64937502
64937162
64938407
64937239
64937239
64937353
64937239
64938600
64937988
64938151
64937988
64937981
64937532
64937239
64937468
64947649
64936915
64936915
64942027
64937988
64939412
64936915
64938410
64937988
64944393
64937372
64937393
64937988
64937988
64940701
64942921
64938957
64936926
64937239
64937133
64936915
64937737
64937467
64937328
64937239
64937239
64938794
64936941
64937239
64937835
64940245
64937988
64937239
64937950
64937239
64937239
64942502
64938316
64937239
64937189
64936915
64937988
64936957
64937239
64937239
64941758
64937988
64937239
64939412
64937835
64937383
64940022
64936941
64939412
64939412
64940317
64940597
64937988
64937988
64939412
64936941
64937023
64936968
64939773
64937239
64936926
64937988
64940076
64937162
64937988
64937988
64939412
64938663
64937239
64938570
64937468
64936915
64936915
64949833
64937467
64937239
64937328
64937988
64938233
64943614
64936915
64936915
64939274
64937239
64941895
64946821
64937239
64937988
64939412
64942432
64937988
64936915
64937988
64952650
64940411
64939412
64940967
64940191
64937007
64936915
64937988
64937239
64940191
64937988
64937468
64940411
64937988
64937988
64937239
64938018
64940651
64937383
64940675
64938233
64937239
64938342
64939083
64937468
64940245
64938817
64940411
64937988
64937067
64941179
64937239
64937988
64937067
64937239
64939412
64938407
64942080
64937373
64937156
64936916
64936926
64962854
64937981
64936915
64940411
64936982
64937239
64939412
64937239
64936915
64936916
64939061
64939412
64937239
64937239
64937442
64941829
64937988
64938018
64939880
64937239
64939412
64939274
64937239
64937239
64937239
64938417
64940411
64942359
64937988
64938794
64940245
64937239
64939274
64938233
64937239
64937239
64940245
64937373
64937988
64937988
64937379
64937465
64939412
64942080
64937239
64938875
64938220
64939274
64936926
64940701
64936968
64937988
64937239
64938267
64936915
64937189
64939724
64939412
64937239
64937988
64939802
64938342
64937988
64945563
64937239
64937988
64937239
64942169
64937189
64936926
64942027
64937988
64937607
64937221
64940267
64937442
64937988
64936915
64937067
64942161
64937988
64937988
64937239
64940411
64940799
64936915
64939412
64940551
64937067
64940411
64937988
64937239
64936915
64939412
64941179
64939326
64939713
64937988
64938134
64937239
64937988
64940859
64937182
64936915
64936926
64937328
64937988
64937981
64937239
64937328
64940245
64940411
64937373
64937988
64949833
64956471
64939274
64942725
64937239
64938134
64938544
64937239
64937239
64937988
64937239
64937988
64937239
64937239
64936916
64939274
64939352
64936915
64938407
64937328
64941525
64944197
64937239
64943747
64937373
64938084
64940411
64937239
64939412
64948723
64940191
64936941
64937948
64936926
64937239
64938407
64941872
64938233
64942080
64936915
64937988
64937468
64940022
64937988
64936926
64942080
64941493
64937239
64936915
64938407
64937239
64940276
64938407
64936939
64937988
64940701
64939274
64937067
64937467
64938407
64937988
64938407
64936961
64937023
64938233
64940245
64939657
64940799
64940245
64936915
64937239
64937467
64940411
64937348
64937468
64942169
64940411
64937239
64938084
64940245
64937988
64937379
64938407
64938018
64937747
64940853
64953207
64937239
64940411
64939412
64939412
64940411
64940022
64937988
64937988
64937485
64936926
64936926
64940411
64937988
64937239
64939412
64937988
64938822
64941758
64937988
64937988
64939274
64937988
64937239
64939288
64937328
64939298
64937239
64939412
64937239
64939412
64937988
64939412
64936926
64936926
64951407
64938342
64937988
64937239
64937328
64942146
64936915
64936926
64943064
64939412
64937162
64940411
64936915
64939431
64939412
64942143
64939326
64937988
64937988
64936926
64937239
64936944
64936941
64937988
64937988
64937239
64937988
64938544
64937239
64936915
64938544
64937988
64939412
64937239
64939274
64938084
64937239
64939274
64937651
64937988
64937053
64940022
64937162
64937239
64941895
64938084
64939412
64937988
64936915
64939412
64936916
64938957
64940411
64939412
64936957
64943746
64936926
64943358
64938407
64939412
64938883
64939274
64940245
64937239
64937239
64937162
64937219
64936944
64936926
64941479
64937239
64948562
64938134
64937988
64937239
64937239
64937189
64937162
64942940
64937067
64940317
64937988
64938407
64937162
64937239
64937988
64937239
64936915
64939274
64938407
64937883
64940799
64937988
64937239
64936944
64937988
64941059
64936926
64937883
64937239
64938134
64941250
64938407
64937239
64939412
64937162
64937239
64939274
64941895
64937467
64937988
64937067
64942080
64937372
64937988
64937162
64939412
64940411
64937988
64940411
64939412
64939412
64937239
64937239
64938233
64938141
64937239
64937988
64936915
64937239
64937239
64939412
64940022
64936915
64937373
64940022
64941525
64937988
64940440
64937123
64943746
64940853
64944197
64936915
64937988
64940191
64939412
64944172
64940338
64937239
64937981
64937348
64937328
64938438
64937381
64937988
64937988
64937239
64937988
64936926
64936915
64949459
64937162
64940411
64946944
64938151
64947729
64938417
64939412
64937373
64937239
64938407
64943450
64937067
64941198
64938544
64940245
64943539
64937162
64948107
64939412
64939412
64944506
64939274
64937067
64943747
64940022
64937239
64937239
64937239
64947503
64936926
64936919
64937328
64939298
64957810
64937328
64939412
64936926
64937468
64937607
64937465
64938151
64936915
64938900
64937239
64937239
64937162
64938454
64943023
64937373
64937372
64937239
64943023
64937023
64936915
64939365
64939412
64939412
64939412
64937239
64937189
64950872
64939793
64938957
64937988
64938900
64938407
64940411
64936915
64936915
64937988
64942940
64937239
64937988
64944506
64937988
64941947
64937988
64937383
64937239
64945574
64937119
64936939
64940411
64937737
64938383
64937239
64937207
64936915
64952205
64937988
64937239
64939412
64940191
64939274
64937988
64939412
64950660
64937988
64937988
64937239
64937239
64936915
64937239
64936943
64938302
64937239
64939431
64937383
64937988
64937468
64940191
64937239
64937239
64940245
64937902
64939846
64937988
64937502
64936915
64937988
64939365
64939412
64937181
64936915
64937239
64937988
64937239
64942169
64936915
64937988
64937467
64938252
64938141
64937239
64937988
64939412
64937133
64937988
64936915
64936926
64937988
64937988
64938900
64937502
64937988
64937485
64937988
64939412
64937988
64940411
64940022
64937239
64944984
64937239
64940022
64937239
64937373
64936915
64937328
64937239
64936939
64937988
64938407
64940411
64940411
64937239
64951487
64938442
64937239
64937239
64937239
64937239
64940022
64940551
64937067
64937806
64937189
64938134
64941829
64937354
64937239
64943746
64939846
64937239
64942146
64942166
64940022
64937988
64937988
64937373
64939051
64937988
64938407
64937988
64938407
64937899
64941250
64937379
64937162
64937133
64937988
64937988
64939431
64937239
64937849
64939412
64939274
64940022
64939858
64938652
64941483
64936915
64937532
64937239
64937988
64937988
64937239
64938407
64939403
64937123
64943747
64936915
64937988
64940411
64937988
64937379
64937082
64944197
64937379
64937067
64940701
64942080
64938134
64940057
64938407
64941483
64937328
64937988
64937239
64937881
64943747
64937162
64938316
64936926
64937239
64937239
64937239
64937239
64942166
64938900
64937988
64937988
64936915
64939150
64937239
64938600
64937988
64937239
64941689
64942432
64938570
64940245
64937239
64936926
64937239
64938957
64943023
64937988
64938407
64937806
64940022
64939814
64943746
64937427
64936915
64937468
64936926
64937988
64936939
64937988
64936926
64943746
64937373
64938342
64939412
64937328
64939390
64943746
64943746
64937239
64945327
64940191
64938407
64938233
64937988
64941306
64939412
64938407
64937239
64936919
64944520
64940022
64936915
64937372
64937239
64937468
64936915
64940022
64937737
64938900
64937372
64937239
64937239
64937988
64937814
64942626
64938544
64937239
64939082
64936926
64941829
64937988
64938544
64937239
64936915
64939274
64938407
64937239
64939288
64937383
64937988
64937239
64937988
64937239
64940411
64937353
64937239
64937716
64937239
64938134
64937373
64942146
64937988
64937239
64943381
64937988
64938544
64937988
64937950
64937239
64936915
64945009
64936939
64937082
64936934
64937239
64936915
64937239
64937239
64937239
64937379
64937988
64937373
64937988
64937239
64937239
64936915
64937119
64938383
64937988
64937239
64937532
64937162
64937162
64940411
64936915
64937239
64937239
64937239
64940191
64937119
64937239
64937239
64937988
64937988
64936915
64937067
64936915
64937054
64937379
64938407
64937988
64937348
64937353
64937239
64938134
64938084
64939274
64940397
64939390
64936919
64937373
64939412
64944506
64937239
64937239
64937988
64940669
64938302
64937938
64936915
64944118
64940411
64940411
64938407
64937239
64937607
64937988
64940701
64936982
64937468
64941028
64938544
64937067
64940411
64937379
64936915
64936968
64937239
64939412
64937502
64937259
64937239
64938608
64936915
64942080
64937467
64937239
64940701
64942080
64937239
64937328
64936926
64937067
64937239
64937988
64937239
64939684
64937239
64940793
64936915
64937988
64937503
64939412
64936915
64937239
64937988
64938084
64937189
64944506
64937532
64936996
64943039
64940411
64937988
64939412
64964567
64944506
64939618
64937023
64937066
64937381
64937239
64936915
64942146
64940701
64937467
64937239
64940701
64939274
64939274
64940701
64937239
64937123
64937239
64944506
64939431
64942256
64942359
64940022
64944506
64938405
64937123
64937988
64936926
64940191
64937348
64944506
64938814
64937988
64940411
64940411
64939412
64939274
64937468
64937239
64937239
64937239
64940191
64939412
64942146
64938233
64937239
64938342
64937239
64936915
64937162
64937468
64940191
64943538
64938395
64937239
64936926
64938407
64937239
64939274
64940829
64939274
64937239
64936915
64937988
64938608
64939412
64937239
64937239
64937066
64937988
64937239
64941538
64937988
64937239
64937373
64940411
64939412
64937207
64937239
64937239
64936915
64938134
64937422
64936926
64937067
64939412
64937239
64938407
64936977
64940701
64937988
64941479
64939412
64937988
64942028
64937379
64944506
64936915
64937487
64938407
64948723
64937239
64948246
64937239
64938018
64939412
64937328
64937239
64937239
64940853
64937494
64937988
64937988
64938600
64937373
64937239
64937239
64937442
64937239
64940411
64939412
64937988
64937988
64939412
64938504
64941758
64936915
64937988
64937328
64937988
64937239
64939274
64938900
64949820
64938134
64938900
64944984
64937239
64937239
64939274
64939407
64939274
64937988
64937988
64936915
64937239
64936915
64941895
64938112
64937239
64936934
64939274
64937383
64939274
64940022
64940022
64949506
64937988
64937988
64938559
64938407
64937239
64936941
64937988
64937067
64936915
64940411
64940967
64939412
64937239
64936941
64940313
64940411
64937988
64940022
64936926
64938134
64937988
64937988
64938134
64936926
64943152
64938112
64937467
64937379
64937239
64940191
64941829
64937239
64937379
64937988
64937468
64936915
64936939
64937239
64940411
64942146
64940245
64937637
64939412
64938900
64941829
64938044
64940191
64937239
64946889
64939793
64938407
64937123
64937988
64939412
64940375
64937988
64940191
64937988
64937373
64939412
64937467
64941747
64938442
64937373
64937353
64940245
64937988
64938957
64937988
64936915
64943747
64937381
64939412
64938134
64937988
64937806
64937988
64938957
64942940
64941806
64940022
64943747
64943746
64936926
64937239
64939620
64944365
64936926
64940242
64940411
64943538
64939540
64945563
64937950
64937239
64937988
64939274
64937067
64939412
64938407
64937988
64937239
64937239
64939412
64939412
64948723
64938900
64943415
64937806
64939412
64937239
64939823
64937239
64936941
64937239
64938185
64937239
64937373
64936926
64937988
64939412
64936915
64943190
64938342
64939274
64937607
64942146
64937239
64941758
64940245
64937067
64937207
64937239
64939274
64939412
64940701
64937592
64937053
64937328
64937239
64937239
64937328
64937988
64939412
64939412
64941758
64937239
64938233
64937948
64938957
64937239
64946944
64937239
64937239
64940022
64937239
64937239
64940701
64937981
64938407
64937067
64940022
64938383
64937988
64937988
64938048
64938316
64937239
64937328
64936926
64937239
64936926
64936941
64937988
64941806
64937988
64937239
64951487
64937239
64938755
64943236
64942359
64937379
64937988
64937467
64937066
64936939
64939274
64937239
64939274
64939711
64937988
64937988
64936915
64940411
64937239
64937239
64940675
64942080
64937239
64937239
64940182
64937988
64939274
64937383
64937207
64938407
64937239
64938267
64938900
64941094
64939412
64937239
64937988
64940022
64937988
64938985
64937353
64940871
64937239
64937239
64937988
64945461
64940022
64939412
64947503
64937239
64937239
64939352
64938407
64937988
64940669
64938559
64937988
64939412
64936916
64937239
64937239
64938600
64945574
64936926
64937988
64937302
64939403
64938055
64943415
64937442
64937988
64941872
64937221
64937379
64937468
64939274
64938407
64937372
64937988
64938544
64937988
64937353
64936926
64936915
64940022
64936926
64937067
64937328
64936915
64937988
64937239
64938814
64952048
64938410
64936915
64943041
64939412
64937239
64939412
64937372
64936941
64939783
64937988
64939412
64937239
64937239
64937239
64936926
64938407
64945563
64937239
64937988
64937239
64937381
64940440
64937239
64937239
64937239
64937988
64937988
64937981
64940799
64937239
64938544
64944026
64937239
64939412
64939412
64940411
64938233
64937379
64937239
64939412
64937758
64937988
64936926
64937523
64940245
64937239
64937162
64937239
64943997
64937164
64937607
64943747
64937239
64937239
64940411
64937468
64938407
64940022
64940787
64937988
64936915
64937988
64937162
64936915
64944506
64936915
64937988
64939540
64937988
64937239
64937379
64937988
64947172
64936915
64937239
64936915
64940079
64939412
64938978
64938057
64937067
64939274
64940245
64939274
64937988
64936919
64938112
64938559
64937239
64943746
64936915
64942256
64943747
64947549
64940536
64937162
64937988
64936915
64937981
64937355
64937607
64937239
64937328
64939274
64937328
64941689
64936926
64946543
64937303
64936915
64937988
64938342
64937080
64940829
64955587
64937239
64938407
64939412
64937239
64937239
64938407
64937162
64937239
64937988
64936926
64938407
64944284
64937239
64940022
64936926
64940799
64940245
64936919
64947148
64943711
64938233
64937328
64937328
64937988
64936915
64939711
64942359
64937328
64937988
64938957
64936926
64939412
64940313
64937988
64944420
64937239
64939412
64937532
64939274
64937988
64937988
64939412
64938407
64937988
64937381
64940701
64939412
64937239
64937328
64938544
64943746
64940104
64937239
64938544
64938794
64936926
64936926
64937207
64937239
64939412
64941306
64936977
64942146
64940477
64939412
64938407
64939412
64936915
64937651
64936915
64938185
64937988
64937988
64937988
64937600
64943450
64936915
64937221
64939274
64940191
64939274
64937239
64943998
64944560
64937239
64937066
64939412
64937239
64940551
64940022
64937988
64941640
64938233
64937988
64942146
64937988
64937239
64937239
64936915
64937239
64938316
64937988
64937239
64937988
64940191
64937988
64937239
64941466
64940411
64937988
64937239
64937379
64937988
64944506
64937162
64936915
64937328
64937181
64940411
64937206
64938407
64937239
64937239
64937988
64944506
64937239
64937075
64937988
64941005
64940411
64936968
64936926
64939274
64936934
64936926
64938438
64937988
64937988
64937988
64937239
64937239
64937988
64937988
64937239
64937239
64936915
64937988
64937988
64939274
64938091
64936915
64940022
64937502
64939412
64937328
64939412
64937988
64937988
64940411
64939412
64937988
64939412
64937239
64937988
64937239
64937988
64937988
64938134
64942146
64939412
64937988
64936915
64937221
64939236
64947729
64939412
64940245
64939471
64937239
64942146
64940313
64937988
64938018
64937239
64937328
64939412
64944506
64941198
64937988
64938273
64937353
64940191
64937988
64937239
64939412
64936915
64937328
64937988
64937442
64937239
64937239
64937328
64939548
64939769
64940411
64939431
64937965
64937965
64940191
64937239
64937737
64939352
64937988
64937066
64937239
64937988
64937239
64946927
64937988
64938405
64937182
64937328
64937988
64936926
64937239
64939412
64938544
64937239
64936926
64939412
64938342
64939412
64937239
64936926
64936926
64937239
64937239
64937133
64937239
64937239
64938407
64941535
64937239
64937328
64942359
64939412
64937532
64937239
64942359
64940245
64938985
64937066
64942143
64944506
64937162
64938875
64937735
64940701
64947065
64940191
64936926
64937239
64937328
64937067
64937053
64941274
64937239
64937239
64937239
64937373
64937239
64937328
64937239
64937988
64939412
64937119
64936926
64938233
64937239
64938055
64937793
64937988
64937239
64937303
64940411
64937239
64937988
64939431
64936926
64938273
64937239
64941947
64937988
64942373
64940867
64937082
64937328
64937162
64940411
64945563
64937239
64937189
64936939
64940853
64937162
64937239
64939084
64938977
64938570
64938900
64937239
64950123
64937465
64940022
64937988
64937239
64937988
64942080
64937239
64943550
64937988
64938134
64938273
64936915
64937198
64938267
64942815
64945055
64937239
64937988
64936926
64937988
64940338
64937239
64942146
64937239
64937221
64936968
64941829
64937821
64937075
64941895
64938407
64940853
64937988
64937239
64945139
64937988
64937239
64940338
64937988
64938302
64937988
64945681
64937123
64942256
64944278
64939742
64937881
64937383
64937988
64939412
64940191
64937737
64941368
64937988
64937988
64938643
64937988
64937239
64938018
64937988
64939274
64938407
64936915
64937383
64937373
64937239
64936926
64937702
64938342
64937988
64936926
64939412
64939821
64942359
64943152
64940712
64948723
64937239
64938912
64939412
64938057
64940245
64937239
64943747
64940191
64938814
64947184
64936926
64937239
64937239
64939274
64944197
64940022
64936915
64937988
64939274
64937162
64937988
64937379
64936915
64942146
64938978
64937988
64937988
64937988
64938544
64939412
64943746
64949457
64936939
64943747
64937379
64937239
64936915
64937239
64937988
64939412
64938233
64938181
64936968
64936944
64937239
64949506
64938316
64943746
64941747
64937239
64937239
64936926
64944506
64936926
64937468
64937607
64937239
64938151
64937348
64937988
64937239
64937988
64937988
64937906
64949080
64937239
64940701
64937988
64937988
64938438
64937207
64938559
64941493
64937467
64940701
64937239
64937162
64937988
64937988
64937468
64943538
64937239
64937221
64939274
64939412
64937806
64937988
64937988
64938134
64939274
64937988
64937988
64936915
64943539
64938407
64937239
64939274
64939274
64937348
64937988
64943579
64951498
64939274
64957631
64937303
64937373
64937737
64936915
64937379
64937239
64937239
64938134
64937239
64938559
64937532
64937981
64937442
64938438
64940411
64936926
64937066
64937239
64943747
64940536
64938544
64937988
64941719
64937123
64937239
64938134
64936941
64937239
64938134
64936926
64937239
64937383
64937981
64940245
64936926
64937239
64937221
64942146
64937737
64937988
64937988
64937988
64938342
64936926
64939412
64937162
64936926
64936926
64940191
64937988
64936939
64938558
64937239
64937988
64937239
64939412
64943746
64937328
64937328
64942359
64937239
64937162
64940411
64937239
64937328
64944984
64938407
64937988
64939891
64936915
64937239
64939937
64937372
64936941
64939390
64937221
64948606
64942359
64939412
64937988
64937239
64937328
64938985
64937899
64940411
64937067
64961948
64937239
64937239
64942435
64938900
64937239
64937239
64937239
64937206
64942146
64937467
64937239
64938018
64937988
64937988
64943394
64937487
64944520
64937899
64947635
64937373
64937988
64937239
64937966
64937239
64940191
64937067
64937239
64937239
64937239
64937373
64937988
64941817
64937988
64938875
64938185
64939412
64937067
64948723
64937239
64940191
64943539
64937239
64936939
64940104
64937239
64940022
64940157
64937988
64938407
64939412
64937988
64937066
64937239
64940245
64937239
64942921
64938407
64937988
64942435
64936926
64941245
64937372
64937239
64937988
64943997
64936926
64937468
64939403
64942729
64939932
64946944
64939274
64939274
64944197
64939412
64937988
64936926
64954321
64940551
64937373
64942080
64937239
64937988
64940191
64938985
64939274
64940411
64941250
64937123
64939713
64937053
64937239
64937988
64941895
64938084
64938559
64937239
64937988
64937239
64937348
64937239
64937066
64939412
64936926
64939274
64937988
64943736
64938410
64936915
64938900
64940757
64939412
64940191
64942080
64937373
64937988
64936939
64938342
64946543
64941466
64936915
64937221
64940076
64938134
64937239
64938407
64937988
64939274
64936915
64937239
64939288
64937354
64936915
64937988
64937239
64939793
64937162
64936915
64936926
64939412
64937119
64943152
64944506
64937468
64940859
64938407
64937303
64937239
64939412
64937239
64937871
64938267
64937239
64937133
