65288624
65285406
65286105
65283081
65287144
65283300
65286090
65288734
65283194
65283586
65283300
65285406
65283300
65283780
65283322
65285253
65306541
65290451
65288605
65285406
65287508
65283194
65285364
65284037
65290180
65284474
65287313
65289239
65283213
65284230
65286702
65284485
65286425
65289184
65283239
65288274
65287508
65283300
65283780
65282793
65291764
65290642
65289576
65296860
65288734
65283300
65288140
65287313
65285343
65290381
65284167
65289562
65285406
65283300
65288274
65283300
65285406
65283120
65283579
65286596
65286007
65284574
65284167
65285581
65292131
65283991
65288162
65282951
65291657
65296716
65291764
65283300
65283081
65291098
65295995
65285844
65284474
65289577
65285571
65285444
65283962
65285406
65284060
65302585
65283322
65287000
65283780
65285389
65288734
65283213
65283711
65285406
65283322
65282930
65288624
65284485
65288734
65285343
65283194
65286702
65282969
65286105
65288076
65296591
65283194
65285406
65283081
65282969
65284507
65287538
65282898
65294159
65284002
65288487
65285844
65282930
65283990
65285406
65286702
65283359
65285844
65284474
65286767
65286134
65286022
65287313
65282969
65286105
65283741
65285909
65283780
65285343
65285003
65282597
65285333
65283081
65285406
65287953
65284916
65284230
65282930
65283780
65285406
65285347
65283194
65282637
65283012
65283780
65283322
65283902
65283194
65282793
65285406
65285364
65283773
65284574
65283194
65282969
65288463
65285227
65288076
65283232
65284372
65285844
65282969
65283013
65291232
65282969
65284167
65286447
65290231
65285406
65283522
65288076
65285406
65282969
65286847
65285406
65286623
65287313
65282879
65285406
65289217
65288617
65287094
65283378
65283151
65283300
65284541
65285485
65285780
65283239
65282930
65289041
65285406
65282808
65285909
65288487
65282890
65287313
65288734
65291600
65284002
65285406
65285343
65284952
65283300
65288274
65286842
65283586
65294159
65287258
65283120
65283300
65291669
65286812
65283322
65285406
65286090
65282930
65288472
65288487
65283741
65290212
65283194
65284894
65285581
65283773
65282739
65283248
65288076
65285406
65284939
65287472
65291600
65290381
65283264
65284437
65285406
65285477
65282814
65282793
65282969
65283902
65294159
65285333
65283991
65286105
65283081
65285406
65283322
65290228
65283773
65285406
65283780
65285406
65285227
65285406
65283120
65289576
65283974
65291049
65287400
65294159
65285406
65286702
65284167
65286552
65283239
65283579
65285706
65285406
65283081
65284534
65283780
65283120
65283463
65285691
65284081
65286105
65282597
65294159
65283101
65283239
65282820
65282930
65285121
65284590
65282969
65287875
65283300
65285844
65288463
65283780
65282930
65283194
65283194
65282808
65283248
65285844
65283830
65283330
65289432
65284230
65283194
65283024
65294159
65284638
65285343
65285406
65285406
65283761
65285406
65285406
65287896
65288274
65283314
65292308
65288752
65288076
65286438
65282597
65287749
65283410
65284474
65286438
65282969
65283788
65291657
65282905
65285767
65283780
65283811
65285406
65285406
65283300
65287508
65283741
65285406
65285844
65292916
65285844
65283788
65284474
65286702
65288274
65288061
65283300
65286702
65288274
65291078
65284095
65283194
65285794
65286596
65283463
65286094
65290180
65283322
65287723
65286702
65287438
65291657
65287632
65290381
65284099
65282799
65285406
65284097
65283769
65283962
65284574
65282610
65283075
65286702
65298616
65285918
65291657
65285710
65285844
65282597
65282969
65286702
65285710
65282905
65290381
65283780
65283741
65289917
65283194
65290610
65285389
65282930
65288162
65283120
65288274
65285343
65283322
65282786
65287313
65285406
65283364
65284002
65289977
65282930
65285406
65289562
65282969
65296591
65283322
65288274
65285406
65288510
65288401
65291078
65284437
65287313
65283811
65283322
65290610
65284474
65287685
65283902
65283239
65291764
65285406
65282930
65282934
65283364
65282905
65283081
65285406
65283194
65285406
65287508
65283232
65283628
65287313
65283305
65283232
65283780
65285406
65287508
65286090
65284650
65285406
65283300
65283012
65283739
65285389
65283780
65287011
65284201
65285323
65283773
65291138
65283300
65283194
65285406
65285406
65285477
65283586
65283322
65286094
65285406
65283300
65283194
65283170
65283239
65283239
65283232
65282969
65284111
65283780
65285406
65283991
65284277
65282930
65285470
65283773
65284095
65284036
65283780
65282690
65282969
65287953
65289041
65285406
65282597
65285710
65282637
65283081
65283364
65286105
65285406
65285406
65283120
65284299
65285406
65284158
65286702
65282700
65283711
65285710
65282969
65285406
65295842
65284474
65282969
65286517
65283111
65284300
65289577
65283522
65283769
65283586
65285844
65287953
65288274
65290939
65285406
65284277
65284174
65283579
65286090
65288076
65289239
65283780
65283120
65284037
65291657
65290544
65285909
65287313
65283742
65287689
65283780
65288421
65285918
65285406
65285406
65285406
65286165
65285710
65285844
65285406
65284819
65292221
65287508
65285406
65285844
65290381
65284742
65284277
65285406
65283378
65289138
65283232
65282930
65284027
65283322
65285844
65287313
65284277
65284095
65283322
65283322
65285406
65285406
65285406
65288162
65283830
65283788
65286105
65286760
65282597
65283811
65287499
65282788
65287997
65288462
65285909
65285844
65285406
65284430
65283213
65285406
65283586
65285406
65286090
65284485
65286702
65285406
65284094
65285710
65285406
65285343
65283741
65287472
65288734
65282786
65283194
65283300
65288734
65285406
65282890
65282597
65283137
65283081
65293208
65289239
65283232
65286358
65285406
65285638
65291764
65287422
65285485
65286105
65283120
65283780
65288487
65285231
65288076
65288462
65286049
65292543
65287508
65283425
65284574
65285406
65291669
65289576
65285406
65282793
65283579
65285343
65282890
65285844
65285406
65286335
65298695
65285963
65294159
65285406
65284230
65285406
65285343
65286771
65282951
65286105
65285286
65285364
65282637
65283300
65292239
65287472
65283264
65285406
65282930
65291171
65288076
65285406
65287142
65284677
65287111
65285391
65285406
65289619
65283120
65283742
65287953
65284590
65284710
65288734
65283322
65285677
65300111
65282969
65285406
65286552
65287313
65285577
65288752
65286509
65287525
65288076
65285406
65287313
65283120
65285581
65291939
65285909
65288734
65285406
65285406
65283811
65282969
65285374
65284978
65287313
65286299
65283194
65284174
65282990
65285406
65282930
65283729
65285844
65284002
65287313
65284645
65284230
65284590
65284916
65283194
65284277
65286056
65283194
65291657
65282597
65286501
65285296
65293619
65285374
65282898
65284804
65283248
65287293
65284507
65283780
65283024
65285343
65288274
65285406
65285343
65284373
65288162
65283300
65282951
65286702
65285343
65283773
65283248
65288812
65285406
65285406
65284167
65284277
65285406
65286980
65282863
65285794
65287632
65283788
65283741
65302155
65287472
65287313
65285780
65285377
65294159
65287953
65282637
65285406
65288752
65283741
65282909
65285227
65285406
65282597
65286105
65287373
65288076
65283668
65285909
65285406
65285571
65308702
65282905
65284097
65283300
65283300
65288274
65285909
65283194
65289239
65283788
65283248
65283248
65290844
65283300
65287472
65285710
65284373
65285406
65282949
65283321
65283711
65282969
65282766
65285406
65283729
65286552
65288076
65283811
65285909
65287896
65290590
65283194
65285343
65283769
65285406
65285406
65284488
65285343
65285406
65284916
65288076
65282597
65283322
65283300
65285406
65282863
65287508
65282597
65283300
65288496
65286049
65285844
65289619
65285333
65284167
65284901
65299174
65289608
65285406
65287953
65285406
65287313
65283780
65285581
65288752
65284590
65283322
65285844
65284943
65284097
65288274
65282969
65283322
65282688
65285638
65288076
65288162
65285844
65284474
65293214
65289445
65284152
65287508
65285844
65283741
65287880
65284277
65288162
65285406
65283780
65294159
65288076
65286477
65283300
65285333
65285406
65288076
65283741
65283773
65288734
65290063
65282597
65283300
65285406
65285406
65284215
65285343
65285844
65287422
65286105
65285406
65285406
65282930
65289619
65283194
65287953
65285377
65285844
65283432
65284373
65285227
65285406
65290180
65282786
65284094
65285844
65283300
65282670
65288076
65282930
65289445
65283741
65285406
65289577
65283322
65285406
65292357
65282879
65283788
65283300
65286516
65289577
65283300
65283194
65287422
65288076
65283769
65282969
65284097
65285406
65287144
65283773
65287113
65285931
65283300
65288274
65282905
65285406
65282930
65283020
65283194
65286363
65284579
65288752
65283322
65285794
65283194
65282808
65282969
65289217
65283741
65283463
65285406
65283120
65283711
65285406
65282670
65285406
65282690
65283830
65290544
65291078
65284060
65284731
65283120
65285406
65284474
65283811
65283248
65283780
65283015
65286760
65287508
65283773
65285710
65284474
65282799
65284819
65286094
65285364
65283239
65284126
65283322
65282597
65284097
65285406
65285296
65289577
65282879
65285406
65283232
65292131
65285844
65282969
65284742
65282930
65283194
65282637
65285406
65284300
65283990
65289577
65283300
65282863
65290063
65285343
65284590
65283232
65284221
65284905
65285485
65285003
65285406
65285406
65282930
65290381
65287689
65284373
65284158
65285406
65282930
65285406
65287625
65282930
65284230
65286552
65284230
65285406
65283741
65284167
65282930
65287508
65289576
65284916
65283586
65288252
65291600
65285844
65285406
65290180
65285406
65283761
65283264
65283432
65285406
65287472
65287953
65284645
65283902
65285296
65289252
65282690
65285617
65283635
65286477
65289917
65285406
65286702
65289216
65283830
65290180
65285406
65283322
65289577
65287293
65284167
65282930
65291078
65283300
65285406
65287313
65283120
65283081
65283355
65282808
65285377
65285406
65283194
65286165
65287508
65282688
65285470
65284299
65287565
65289364
65283651
65283769
65288175
65285343
65285477
65285389
65284731
65285323
65294159
65290048
65285719
65282820
65288274
65283322
65283364
65283830
65283086
65287011
65282930
65284026
65283194
65284099
65283773
65285634
65301564
65285844
65283194
65284474
65282969
65284095
65291078
65286596
65285844
65285406
65290180
65283756
65284230
65283300
65283322
65283801
65282969
65284170
65284519
65288294
65283194
65284488
65287373
65291764
65282637
65284677
65283902
65284095
65284574
65285844
65292357
65282788
65288076
65289041
65285406
65283194
65292239
65283194
65287883
65292131
65283780
65287313
65283194
65285581
65282898
65287101
65283788
65287313
65286105
65282597
65284382
65285023
65287953
65286049
65283780
65284201
65282969
65287011
65285027
65282905
65285343
65283773
65282969
65285406
65286007
65284131
65285406
65286002
65284574
65285844
65285844
65293225
65287313
65283773
65285844
65287953
65284645
65283322
65283769
65285296
65284488
65288812
65287738
65286702
65283194
65283463
65283194
65284280
65285844
65287875
65284437
65283300
65288076
65283773
65284519
65283742
65285406
65283586
65283194
65282688
65291669
65283151
65285406
65288076
65283780
65283830
65285406
65284474
65287559
65285406
65282969
65287852
65283111
65284026
65285406
65289041
65283239
65282597
65285523
65289284
65283239
65283300
65282969
65283194
65283300
65285278
65285844
65288076
65285406
65290063
65285844
65291750
65283101
65283259
65287313
65285406
65283788
65283620
65287313
65283769
65285710
65287210
65283586
65283239
65285406
65283300
65283081
65285406
65287287
65285406
65287414
65285677
65283314
65284277
65290610
65282597
65283081
65284485
65291078
65283830
65283194
65285406
65285844
65283425
65283120
65283232
65288413
65283463
65284167
65283194
65286683
65283788
65288752
65284901
65282637
65285844
65283364
65285844
65289576
65286105
65284060
65282879
65285844
65285406
65283811
65294159
65287011
65285406
65283359
65285844
65283291
65285719
65282930
65284804
65285406
65288752
65282969
65282969
65282930
65287953
65282949
65283586
65282665
65285406
65285909
65283194
65284036
65288752
65287953
65284485
65288624
65283830
65288464
65285780
65289577
65286702
65286623
65288624
65282799
65284097
65283300
65288274
65286771
65285377
65285844
65283012
65282847
65283020
65285406
65285343
65286552
65284549
65283974
65285406
65288274
65283773
65289576
65288274
65283151
65283300
65285406
65283300
65287313
65285027
65283788
65285406
65284916
65285374
65285406
65283830
65287508
65284645
65289713
65291527
65283830
65286292
65283780
65284035
65282733
65285406
65283780
65285406
65289577
65283711
65283373
65289713
65290180
65283328
65284574
65283322
65283317
65285485
65287953
65284952
65285406
65285406
65286191
65289364
65284201
65285844
65285406
65288076
65282890
65284230
65286702
65283962
65286951
65289849
65282759
65288076
65286025
65285406
65287011
65283300
65283151
65282597
65285844
65288162
65288274
65283579
65282597
65288076
65283788
65287507
65283012
65288401
65283879
65285406
65283317
65289284
65290642
65285710
65284916
65285844
65285719
65284230
65291600
65285406
65284097
65288076
65283194
65286094
65287896
65287422
65286396
65285406
65285406
65293569
65282930
65290180
65282969
65285406
65290463
65283152
65284230
65285909
65282969
65283239
65285406
65285406
65283788
65283300
65285406
65283170
65283991
65285844
65282786
65285406
65289150
65283300
65283320
65285844
65285031
65285844
65283013
65287953
65287953
65283780
65285844
65283691
65283586
65282597
65284382
65285406
65283300
65287313
65285406
65284437
65283148
65284300
65283194
65287313
65283120
65283300
65287506
65285121
65283232
65285909
65283830
65282969
65289934
65285844
65287738
65282930
65294159
65284081
65287258
65285343
65285844
65283194
65283300
65284035
65290939
65288734
65285406
65283364
65284485
65283761
65286094
65283811
65282597
65285406
65285844
65283780
65287313
65283830
65285844
65288512
65289749
65285844
65285780
65285651
65290381
65282930
65283081
65289364
65285147
65287414
65294159
65285343
65285343
65291078
65289041
65282969
65283239
65287472
65284277
65283671
65285844
65285844
65286105
65283300
65285227
65285406
65289577
65283769
65283322
65287438
65283830
65285794
65285406
65283232
65285406
65283579
65283659
65283438
65283322
65283801
65285844
65283668
65287313
65283194
65285406
65285406
65283300
65283761
65287508
65290610
65283081
65285406
65288162
65287313
65285389
65288162
65282879
65288487
65290048
65293685
65284002
65282930
65285485
65283194
65283300
65285406
65289239
65283194
65282969
65285400
65283773
65293685
65284230
65287313
65282930
65285719
65285406
65287313
65283101
65283830
65285850
65283590
65284474
65290310
65285892
65285406
65283830
65285485
65289749
65289577
65291764
65283788
65283120
65284574
65285406
65287422
65285710
65282597
65289576
65287142
65283120
65289576
65287084
65287875
65285021
65283300
65283590
65283463
65291600
65284590
65285406
65282665
65289217
65285406
65287472
65285406
65292316
65286702
65282805
65288076
65283951
65285343
65283780
65283322
65287313
65282930
65283300
65294159
65287953
65287506
65285406
65287313
65285406
65283300
65283194
65282930
65284097
65282820
65285147
65282890
65283522
65283194
65288274
65283586
65285406
65284474
65283801
65284382
65283120
65282820
65292308
65284804
65290048
65284097
65285406
65284952
65283780
65283239
65285406
65285406
65284095
65283300
65283761
65291657
65283780
65283780
65284710
65283194
65288076
65283194
65284138
65284277
65283194
65285389
65287632
65288752
65283300
65283239
65283300
65283788
65283773
65287953
65283239
65285406
65283780
65283879
65283517
65288340
65285909
65285406
65287463
65285581
65289608
65290544
65288734
65285406
65283830
65287400
65282969
65285844
65289216
65283788
65283711
65285844
65283300
65285581
65285406
65288936
65290180
65289217
65285406
65288624
65285406
65285406
65287971
65286477
65284095
65288093
65283232
65284590
65282670
65287777
65283194
65288340
65287525
65282597
65284097
65283322
65284097
65285677
65285406
65285581
65282820
65285406
65285003
65282793
65285406
65289577
65283120
65288076
65284573
65288076
65285406
65284215
65285406
65288274
65285844
65285844
65285764
65285406
65283151
65285406
65285581
65284097
65282969
65284230
65287414
65288734
65288274
65286702
65283300
65284721
65289576
65286702
65283902
65285406
65283300
65285406
65285406
65285844
65297911
65283194
65286552
65285406
65290381
65288624
65283741
65283773
65283756
65285844
65285406
65283259
65289216
65284036
65284939
65286509
65287508
65283741
65283902
65291078
65282930
65285844
65287313
65283300
65285909
65285406
65290939
65283780
65286501
65285406
65284147
65284574
65283151
65285343
65284036
65287011
65282969
65288340
65283300
65284170
65288274
65287094
65290111
65290921
65286649
65282969
65288630
65285406
65284097
65283300
65288667
65287538
65286105
65282799
65283788
65288274
65285584
65291764
65288401
65283410
65283194
65287953
65285406
65282969
65283300
65283463
65288076
65284130
65287738
65294159
65285406
65288274
65287953
65286056
65285296
65282930
65289141
65287373
65290381
65288617
65287313
65285406
65282930
65282969
65282690
65291227
65289934
65288076
65288076
65291600
65284437
65283194
65282793
65284901
65288714
65283137
65286702
65284574
65285567
65285844
65283120
65293569
65287258
65285406
65287875
65284291
65283020
65291895
65282597
65283300
65283785
65285374
65283300
65290381
65283780
65283300
65286662
65285406
65292316
65282913
65283620
65285406
65283248
65285406
65282930
65282969
65291600
65285406
65283137
65285343
65285406
65285909
65294159
65289217
65285377
65284277
65283579
65286056
65287111
65286105
65288162
65285406
65284474
65283300
65283120
65283668
65283259
65283780
65283577
65283830
65285406
65285844
65283081
65283300
65296591
65285406
65287011
65285406
65287953
65286165
65283300
65283830
65283194
65285406
65284244
65285406
65283830
65287313
65283317
65289749
65296980
65285406
65288076
65282930
65283780
65282597
65284916
65290180
65283811
65285406
65291764
65291078
65283239
65290180
65284978
65291600
65285136
65287373
65282700
65293497
65283830
65289527
65288076
65283801
65285406
65290180
65287538
65283194
65288162
65285003
65289576
65290424
65283300
65291657
65283773
65287880
65284474
65286165
65285844
65283300
65283830
65282597
65285909
65287313
65284574
65284677
65285406
65287508
65284174
65284277
65283357
65288274
65287313
65283239
65285470
65283463
65285278
65282969
65285406
65287554
65289116
65284097
65287472
65285406
65284277
65308778
65286090
65282879
65284097
65283300
65286090
65282793
65293685
65283830
65285844
65286509
65283788
65289577
65285844
65287094
65284097
65288763
65283788
65285406
65289041
65287685
65283322
65285844
65287787
65288076
65289577
65285844
65285909
65287313
65283194
65283579
65283780
65283194
65285485
65283291
65286280
65283194
65286090
65282806
65282786
65283741
65283120
65287508
65283194
65283780
65289239
65282597
65285406
65284978
65283322
65282597
65285406
65291078
65290048
65283194
65288102
65291750
65287048
65285444
65285406
65293569
65285406
65283780
65283780
65284574
65283322
65283259
65282969
65284372
65282930
65282969
65284574
65287142
65283232
65283300
65284230
65287313
65294388
65283830
65287866
65283780
65283239
65283788
65282930
65287313
65282969
65285844
65285406
65283081
65285406
65284318
65282930
65283194
65285406
65285406
65287313
65285406
65283410
65283194
65285406
65287094
65285719
65283742
65283447
65282969
65283590
65285634
65285844
65288093
65298552
65283081
65283780
65285343
65283194
65282969
65285146
65285710
65285406
65290180
65284097
65282969
65285844
65283300
65288076
65285406
65287142
65286509
65284097
65287313
65285296
65292297
65292357
65287313
65283300
65285581
65285406
65284230
65290048
65283120
65283081
65288274
65285323
65283132
65288076
65283148
65283517
65283780
65286788
65291750
65284095
65285406
65283741
65285406
65286438
65283410
65287953
65283991
65282714
65283300
65285406
65285406
65285966
65285406
65284579
65287875
65286702
65287953
65283194
65283239
65283322
65283780
65287538
65282930
65283830
65287101
65285844
65284382
65288076
65283579
65285406
65282930
65287111
65283466
65283586
65285377
65287373
65288061
65288624
65282969
65285406
65283322
65285343
65283081
65283788
65288734
65284978
65285377
65284590
65284152
65288076
65283991
65282969
65285406
65288506
65286007
65283739
65283830
65283300
65283217
65285406
65283239
65285406
65282930
65285406
65283773
65285844
65283373
65310724
65285406
65282786
65282990
65285850
65283780
65290289
65283780
65283081
65286280
65283300
65291657
65287971
65283773
65282973
65283579
65283463
65285406
65282637
65288184
65285406
65283780
65283780
65289364
65289217
65282969
65283194
65285470
65288274
65283780
65282879
65283194
65284230
65285406
65283425
65284534
65285406
65283194
65285844
65285406
65282969
65284037
65294159
65283194
65299174
65283300
65288624
65285147
65284130
65285844
65282930
65286056
65283194
65284474
65282930
65285406
65282637
65284277
65283741
65283788
65285844
65288734
65285638
65285406
65283322
65287875
65289239
65285909
65283081
65285406
65288624
65283671
65285844
65285343
65288140
65284097
65290381
65283780
65283111
65282688
65287169
65283390
65287175
65285377
65285406
65283773
65284299
65282930
65285581
65283322
65283239
65285844
65283357
65291764
65283773
65287472
65286509
65285581
65286812
65283194
65288274
65285844
65285406
65283962
65283194
65285406
65285406
65288274
65283830
65285278
65290572
65282793
65284220
65287777
65283322
65283830
65286702
65285406
65283577
65285406
65283322
65283248
65288340
65283300
65289041
65282597
65285444
65283194
65283773
65283101
65287508
65283194
65282930
65285406
65285844
65287472
65286466
65283194
65285343
65286702
65287777
65285406
65283773
65283300
65290289
65284167
65285406
65283780
65288076
65288415
65285844
65288487
65283081
65283300
65283579
65285406
65283794
65286134
65283017
65285323
65284485
65287313
65287313
65283780
65285343
65285406
65285406
65287472
65283373
65283586
65283741
65285485
65283300
65293497
65284916
65285343
65285406
65285844
65285444
65288752
65285967
65285406
65282688
65283410
65283756
65285918
65285278
65285844
65282960
65290180
65286105
65283788
65283322
65286105
65285406
65282969
65293625
65283194
65282854
65285406
65283300
65284430
65284002
65284677
65282969
65283194
65288076
65285963
65287953
65284037
65285406
65284382
65284579
65284130
65283300
65283780
65287313
65283773
65284158
65283769
65290063
65285377
65283902
65282597
65285343
65284277
65286049
65285406
65285123
65285374
65283579
65285389
65283024
65282927
65289619
65283811
65285581
65283463
65284130
65287313
65291614
65285406
65282719
65283431
65283773
65285844
65282637
65285844
65283300
65283322
65287313
65284978
65284952
65282597
65283711
65287313
65283447
65285406
65293497
65288061
65283081
65283300
65292131
65285333
65283132
65285406
65285377
65285850
65287801
65285406
65290420
65287953
65288076
65283811
65282739
65282930
65286172
65288274
65283194
65287953
65282733
65285844
65284131
65285911
65283081
65288274
65283586
65283780
65282930
65282969
65290180
65283780
65283364
65289576
65283441
65285406
65293497
65294252
65283322
65287100
65283300
65287953
65284430
65284097
65282714
65283194
65286105
65294159
65282969
65282597
65285330
65283300
65283830
65288274
65283248
65289041
65284474
65283390
65284174
65283194
65283300
65287472
65285844
65284095
65285406
65282930
65287508
65285406
65282597
65294159
65288076
65283300
65286105
65283788
65285477
65288749
65290610
65283671
65285844
65283780
65283463
65283830
65283788
65288076
65285406
65284291
65283590
65282969
65282597
65285581
65283239
65287645
65286702
65285406
65283586
65282597
65285406
65287142
65288162
65283300
65283330
65285844
65283741
65282688
65287953
65289577
65285406
65285909
65283798
65286952
65285003
65288274
65287499
65285406
65284230
65287472
65283902
65282930
65289217
65285406
65284095
65286105
65282930
65283194
65283500
65282597
65287094
65283086
65294159
65283773
65289713
65288145
65285844
65284230
65288274
65293906
65286165
65283990
65283317
65284095
65285406
65285343
65283780
65289239
65288076
65282597
65286952
65288140
65283811
65285406
65285844
65284437
65285649
65285406
65287508
65284220
65282799
65292916
65282930
65285406
65285406
65287373
65283024
65285406
65292916
65286702
65287508
65290381
65283425
65286172
65283300
65283317
65284244
65286105
65282670
65284099
65288126
65289129
65283780
65285406
65283232
65284978
65291783
65288274
65283081
65289722
65288274
65284534
65284624
65287953
65288274
65286552
65285377
65282969
65284382
65290544
65291764
65283194
65287313
65284973
65287508
65283017
65283773
65282597
65285406
65289576
65283410
65284574
65287313
65296134
65285477
65284036
65284382
65285406
65287444
65287080
65285406
65285444
65285406
65286007
65287875
65282808
65282969
65283577
65284819
65285844
65285406
65286509
65283410
65289577
65294159
65282969
65283773
65290610
65288943
65287422
65287313
65289184
65282969
65285377
65282969
65293685
65285406
65288076
65289775
65289576
65284915
65286722
65290048
65285406
65285406
65287113
65282969
65287313
65288487
65285377
65284299
65285581
65284138
65285844
65285406
65285677
65286105
65286165
65282890
65286552
65283978
65283239
65283659
65299402
65283579
65283151
65283357
65285406
65287313
65286702
65282969
65283194
65285844
65284036
65284574
65283300
65288004
65293497
65283590
65287875
65283902
65291078
65291783
65287953
65286477
65282949
65283239
65283780
65284474
65287508
65283691
65282969
65283194
65282969
65286283
65288274
65285406
65282969
65283194
65283081
65283300
65285121
65285844
65283811
65287313
65290048
65284916
65284230
65283659
65283194
65283788
65285764
65283780
65283780
65284097
65285406
65282969
65286702
65282808
65285406
65290381
65287142
65285406
65282679
65284507
65284437
65287953
65283120
65283830
65283590
65283322
65287313
65287113
65282637
65287738
65287313
65282930
65287142
65284802
65286702
65283447
65285406
65284997
65283794
65283322
65283522
65285844
65285406
65285406
65287011
65296498
65287508
65284097
65285406
65285406
65283300
65289577
65282898
65286165
65284915
65289533
65282930
65287444
65283577
65285406
65288274
65282973
65284916
65285406
65285844
65283425
65290544
65283586
65283418
65282670
65294159
65285844
65282719
65286702
65282930
65285844
65284978
65282670
65286702
65283239
65285406
65283902
65284742
65283081
65285406
65283586
65288076
65283586
65285966
65289184
65285406
65283081
65282597
65290048
65283741
65283232
65283741
65283773
65283577
65282930
65283780
65283300
65285406
65282969
65293214
65283385
65287313
65283579
65283788
65283788
65283194
65283322
65285406
65289034
65289217
65285343
65289917
65286292
65284493
65285764
65285844
65285918
65290063
65283801
65282879
65285844
65283194
65290381
65287313
65284474
65283780
65283194
65284590
65284277
65287313
65288340
65289826
65283788
65282793
65285343
65283811
65282969
65285581
65290921
65283373
65283081
65283300
65284027
65285406
65283248
65283322
65287472
65293497
65283300
65283780
65283741
65285844
65287313
65283239
65287313
65285343
65285909
65286002
65287313
65286702
65283322
65284638
65283780
65285406
65283753
65284027
65283780
65285406
65285523
65284731
65283635
65283217
65285406
65284002
65288752
65290610
65283769
65285966
65285406
65283081
65285406
65289217
65288294
65283300
65283259
65287499
65282597
65285406
65282969
65284804
65286425
65285406
65285406
65289934
65285406
65285406
65285406
65286425
65288734
65288076
65287953
65282597
65285406
65286299
65287438
65284111
65283780
65301652
65284490
65283020
65285406
65287313
65283300
65283466
65282597
65292316
65287313
65285844
65288004
65291600
65286090
65283668
65284002
65283902
65285581
65283811
65283811
65283811
65286702
65287313
65285406
65284804
65285406
65287011
65283194
65284804
65288728
65283300
65285406
65282969
65285444
65287373
65283248
65284731
65284382
65285406
65285485
65285844
65285406
65284519
65285581
65285406
65283129
65284534
65288487
65283194
65284244
65286105
65283390
65284939
65282820
65290048
65285406
65284916
65286105
65287787
65285844
65283300
65283300
65284802
65282905
65285406
65285406
65283239
65285780
65289577
65286952
65284373
65283780
65283194
65287313
65288145
65283194
65283194
65283152
65283773
65288274
65285844
65290180
65303060
65286503
65288274
65286702
65284002
65286559
65287011
65284036
65284742
65285406
65288274
65284060
65285389
65283322
65283170
65285343
65283741
65284894
65287113
65285406
65290642
65284573
65288274
65288274
65282597
65285844
65283780
65283101
65282670
65285406
65282820
65283773
65288076
65282930
65283194
65285406
65286299
65286702
65283194
65283150
65282969
65283194
65283291
65287313
65286625
65287953
65283788
65284952
65283213
65284099
65288487
65282930
65285406
65285333
65288126
65287777
65286625
65285377
65288274
65288076
65283300
65286258
65284710
65287011
65286002
65287313
65283194
65290610
65284026
65287313
65284437
65289977
65285406
65285406
65289252
65285406
65283248
65283264
65284978
65282913
65285406
65285844
65291600
65287313
65291363
65288076
65282969
65285343
65282930
65284677
65285844
65285406
65282597
65282799
65288274
65285406
65287011
65285406
65286134
65290048
65282808
65285909
65285406
65284973
65283300
65287953
65288487
65287508
65294159
65292316
65283741
65288274
65286812
65283264
65283741
65285677
65288624
65282930
65290642
65283378
65287113
65290451
65285323
65285003
65282930
65287113
65285406
65289775
65282930
65285844
65285844
65283741
65282930
65283788
65283194
65284645
65283635
65282774
65285406
65282930
65286292
65285844
65285343
65287113
65291657
65283773
65286702
65283305
65285389
65283081
65283711
65283194
65284437
65283322
65290212
65286090
65292316
65283780
65288076
65283300
65292077
65284094
65287313
65283780
65286702
65283463
65282949
65285227
65288093
65282969
65284230
65285157
65288076
65291239
65286165
65283651
65282951
65294159
65285343
65283015
65283194
65283773
65282688
65283385
65283322
65289775
65288494
65285406
65284095
65287770
65282597
65285966
65287313
65283974
65283811
65282806
65284230
65290939
65284318
65283300
65282597
65286477
65283780
65286702
65282670
65282670
65286552
65285844
65283259
65282913
65291669
65285909
65283769
65286002
65283769
65285844
65285477
65285333
65285523
65287142
65287953
65287472
65284170
65290048
65283239
65285581
65289849
65283259
65282597
65285406
65284095
65285406
65283390
65284731
65283342
65286702
65282808
65287738
65283239
65282597
65285406
65284485
65282597
65285406
65286702
65283586
65285323
65282879
65285477
65283300
65283194
65283780
65293214
65284710
65286552
65284916
65285844
65287313
65287554
65283256
65286094
65283773
65285406
65286105
65285844
65283811
65282949
65282960
65289577
65283741
65283463
65285406
65283990
65282934
65286105
65282890
65282786
65285844
65282820
65282930
65284277
65283780
65285406
65282890
65287508
65285581
65289239
65285567
65290048
65284277
65285523
65283081
65283232
65283357
65283194
65285710
65285406
65284474
65291078
65289619
65286517
65285406
65285406
65285406
65286105
65282597
65285377
65287258
65283120
65285406
65285406
65283239
65283991
65289803
65289217
65283300
65283239
65282969
65286105
65290544
65285406
65282969
65283300
65283300
65292139
65282969
65285201
65285343
65282969
65283300
65288667
65284574
65283137
65285406
65285844
65287422
65288140
65282808
65287313
65288752
65284230
65285581
65285343
65283780
65282905
65286292
65285844
65284474
65287080
65282597
65283441
65285406
65288076
65283463
65288076
65284474
65284215
65283300
65286552
65285406
65287997
65282670
65288487
65283328
65287777
65283300
65288496
65283342
65283811
65288462
65285406
65282879
65284437
65287896
65291764
65288444
65287953
65287932
65283788
65282688
65288512
65287422
65285406
65288274
65287738
65283769
65284174
65285343
65283086
65285780
65285406
65282597
65284036
65283300
65283194
65283780
65284174
65283305
65287313
65285406
65288734
65285844
65284277
65285406
65286702
65282969
65287142
65286509
65289217
65288274
65283322
65283120
65283194
65283780
65289775
65283194
65288421
65283364
65284690
65285406
65284804
65285406
65283194
65283590
65285406
65283463
65287258
65286299
65285406
65287787
65285406
65285406
65282879
65283772
65284507
65282637
65288487
65289577
65285377
65283579
65290048
65282969
65285343
65286105
65284152
65283579
65284574
65282969
65286335
65283788
65284474
65283248
65285844
65285296
65291706
65286105
65288076
65285406
65285406
65287953
65283586
65285406
65285844
65283248
65283577
65283586
65285406
65287525
65282969
65287953
65285406
65294159
65283788
65286299
65283194
65285406
65285296
65282969
65287012
65285406
65283217
65282969
65283769
65290610
65283322
65283194
65285343
65283300
65287559
65288464
65287507
65282820
65282808
65284507
65288734
65283322
65285406
65290048
65284373
65285710
65283741
65285566
65285780
65283780
65288076
65285406
65287508
65282808
65283300
65285406
65290048
65286818
65283773
65287313
65283194
65293214
65284437
65282930
65283811
65285406
65287508
65284097
65287373
65285406
65283194
65287313
65284430
65290228
65287243
65283081
65286090
65285296
65285581
65285406
65282930
65285406
65283780
65287953
65286105
65290289
65283628
65283150
65285844
65289034
65283300
65285406
65291895
65285003
65285389
65285844
65285844
65283239
65285343
65284230
65285581
65282597
65285333
65285406
65283811
65284230
65287875
65288076
65284230
65285406
65284474
65284624
65283811
65285406
65291239
65285406
65288061
65283577
65284277
65289445
65284894
65285406
65283194
65289034
65283756
65286702
65290544
65283081
65285364
65294159
65282969
65285406
65289577
65284220
65287313
65285406
65283300
65290048
65283830
65283902
65285406
65283322
65286552
65283194
65285406
65289577
65283081
65283194
65282913
65282597
65285406
65283741
65285406
65285406
65285581
65282597
65282879
65283962
65285406
65286105
65285406
65283148
65283773
65284244
65288162
65290048
65282890
65284277
65283300
65284097
65290824
65283586
65283741
65283418
65285406
65290048
65283410
65287313
65287508
65283194
65282930
65283651
65285333
65285406
65286172
65287011
65283780
65282597
65283194
65285581
65285844
65287414
65282969
65284437
65291764
65283248
65285406
65283194
65284574
65288160
65282930
65285406
65284474
65287821
65285406
65285343
65283463
65285406
65288510
65284382
65284916
65283300
65283773
65282799
65292798
65294159
65283811
65283194
65283300
65282930
65286702
65284097
65285844
65283798
65283780
65284677
65288401
65283194
65285343
65283291
65285584
65283300
65283305
65285406
65283300
65282808
65289239
65283866
65284097
65287313
65282637
65283635
65285599
65284474
65286702
65283300
65285581
65283586
65286509
65285963
65285621
65285391
65282934
65288140
65283780
65285406
65286702
65289217
65283773
65291239
65287011
65283902
65285406
65286662
65282930
65285406
65289619
65285406
65283081
65283780
65284952
65287875
65285406
65283300
65283364
65287875
65283780
65283322
65285406
65285406
65283264
65285157
65283317
65282597
65285566
65282930
65285406
65288734
65290264
65287953
65288624
65285406
65287554
65287094
65285406
65284215
65283780
65289577
65283248
65283300
65284507
65283811
65282905
65282890
65282879
65282719
65287508
65283137
65296227
65285844
65285003
65282628
65285343
65285023
65289445
65283788
65282969
65286299
65286702
65285581
65288752
65284579
65283300
65288076
65283151
65283769
65285406
65287896
65290180
65283194
65284489
65283342
65284138
65285406
65287875
65282805
65282808
65285844
65285581
65283463
65285844
65285844
65285406
65288734
65283742
65289239
65284997
65285844
65287313
65284650
65287953
65285780
65286134
65282930
65283390
65285406
65287632
65284138
65283300
65283830
65294159
65285406
65288398
65283794
65287896
65282930
65285710
65283300
65285406
65284097
65282597
65289870
65290610
65285844
65285966
65283300
65283081
65287422
65285844
65288421
65284485
65288274
65283780
65283322
65290844
65284474
65285406
65288076
65283753
65293685
65284230
65296498
65283830
65285406
65285780
65283671
65284230
65283579
65285406
65285406
65285343
65282930
65283317
65292308
65282739
65284474
65283357
65284638
65286702
65283291
65283120
65294159
65285584
65291600
65285844
65284230
65283410
65288752
65284002
65284710
65285391
65294159
65285406
65285406
65283741
65283151
65283322
65285406
65282597
65287821
65282930
65284645
65285406
65288274
65282930
65285406
65285844
65287313
65284002
65283120
65289527
65283410
65282679
65293046
