65835045
65835045
65833446
65834789
65834307
65839857
65839388
65833628
65835045
65835045
65836702
65834301
65839607
65836363
65835045
65835415
65835415
65834495
65838102
65834933
65834592
65835716
65838178
65838828
65835045
65835045
65840436
65835045
65833511
65835045
65834937
65835104
65835045
65835221
65838970
65838264
65836495
65838178
65835872
65834184
65833734
65838132
65833763
65834159
65835045
65836653
65837264
65835045
65838784
65834937
65835104
65836910
65833638
65835045
65835045
65835559
65834145
65833421
65833400
65834433
65834803
65835045
65838102
65839701
65835045
65835045
65840436
65834369
65835045
65835045
65834747
65836758
65835045
65840028
65835045
65839861
65836495
65835716
65833734
65834533
65836479
65834343
65834713
65834227
65835045
65837002
65836879
65835551
65836938
65834937
65834369
65837564
65835045
65834684
65837315
65835159
65835551
65834343
65836214
65838784
65835063
65834937
65835045
65835716
65835321
65835029
65837908
65833496
65833763
65834080
65835518
65839788
65834131
65840965
65835045
65834937
65836910
65835364
65835716
65834369
65834673
65835045
65835415
65835716
65834937
65835045
65835600
65834937
65837072
65835585
65833638
65835104
65835045
65835415
65834499
65835045
65835045
65836479
65840436
65834398
65834227
65835447
65833577
65836013
65837987
65835518
65836834
65840654
65835045
65837315
65835373
65834933
65837908
65833638
65834747
65837558
65834184
65837987
65843098
65834618
65838627
65835415
65833771
65844943
65835045
65835045
65843624
65835045
65837315
65838102
65837987
65834395
65835551
65836879
65835045
65833628
65833761
65833534
65837987
65833802
65835518
65837987
65835063
65837355
65835045
65835045
65842144
65834747
65835104
65841187
65837908
65835551
65834809
65834937
65835045
65840501
65840120
65837315
65833477
65835045
65834937
65838178
65848967
65840436
65840029
65836145
65835716
65840436
65840436
65838429
65834152
65834159
65835045
65836188
65834309
65833628
65835045
65834809
65835415
65835716
65835045
65835518
65834369
65835045
65833477
65837002
65835045
65835045
65835716
65835045
65834227
65835045
65835415
65834369
65834937
65834131
65833421
65840436
65839544
65834937
65835045
65835104
65839317
65835045
65837640
65834369
65834159
65834343
65855561
65836263
65837987
65834343
65835045
65835045
65835921
65833477
65834720
65837908
65838178
65834131
65834227
65834937
65838832
65834747
65833473
65837908
65833477
65835045
65835045
65838178
65834937
65835470
65835699
65835551
65834272
65834937
65833638
65836359
65835045
65835560
65834747
65837661
65839857
65834990
65834937
65835045
65835045
65834747
65840654
65839857
65833669
65835045
65835045
65838178
65834747
65833761
65835415
65834618
65833721
65839451
65835518
65835405
65833421
65835045
65834747
65835975
65835364
65834937
65835045
65834747
65835045
65839793
65834937
65834937
65838956
65839388
65834937
65837315
65837908
65836479
65834080
65837344
65834747
65837832
65834937
65839618
65835320
65834885
65834803
65836759
65836910
65833613
65834395
65835045
65833446
65835045
65834990
65835716
65835045
65836702
65837987
65834990
65835045
65835045
65840965
65837987
65839544
65834933
65839038
65837987
65835045
65836495
65833421
65835045
65835045
65833696
65834467
65834618
65843768
65836879
65835045
65836879
65840436
65840436
65834747
65833400
65835855
65839544
65835029
65834937
65835045
65839053
65834747
65837987
65836910
65837268
65834937
65834937
65835600
65834356
65833400
65836237
65833761
65834809
65835045
65835045
65833708
65836359
65835045
65846137
65838970
65833754
65835560
65836910
65835518
65837995
65835415
65835716
65833496
65837908
65833734
65838970
65837315
65835716
65834937
65836181
65840436
65834809
65839861
65835646
65834618
65835045
65835045
65834933
65835045
65834145
65834747
65845469
65833421
65835716
65833477
65834101
65834937
65835045
65839544
65836943
65833628
65834709
65835045
65833754
65834131
65836879
65835716
65835045
65838182
65833715
65835045
65835076
65834709
65835045
65835742
65836214
65835045
65840436
65833756
65835045
65836759
65835045
65834222
65835045
65833763
65835045
65838178
65835518
65835551
65835045
65837344
65835045
65834937
65839317
65835045
65836583
65835290
65834618
65839857
65833421
65838178
65833798
65837115
65837045
65835045
65833511
65837268
65835045
65840654
65833477
65835415
65835415
65833734
65833511
65835045
65834101
65834933
65834159
65837315
65835045
65840436
65834618
65835045
65837908
65834227
65834662
65837990
65834937
65835640
65836879
65836495
65834369
65833708
65838178
65835045
65840029
65833977
65835045
65836653
65835716
65833646
65835518
65835045
65835045
65835045
65837002
65835415
65836495
65835415
65837002
65835045
65839544
65835646
65834343
65833763
65835518
65843850
65839317
65836425
65834599
65834121
65835029
65835716
65833977
65834101
65834395
65834937
65834618
65835045
65834937
65840911
65840436
65839544
65835551
65834803
65835855
65834265
65838970
65833977
65837908
65834937
65834618
65835045
65834495
65834937
65835045
65833876
65835045
65835716
65836425
65835045
65836237
65834618
65835640
65834803
65833534
65834131
65834618
65835254
65835608
65835045
65836237
65835045
65835939
65844786
65834479
65835045
65834990
65838805
65834029
65834990
65836145
65836795
65835482
65837908
65837999
65835104
65835518
65834428
65837987
65839544
65835045
65836359
65833977
65836017
65838970
65835045
65840436
65836861
65834747
65835373
65839857
65836861
65835045
65835045
65835673
65840436
65833473
65833421
65834080
65835045
65835045
65836843
65836226
65835045
65835045
65834747
65835716
65834514
65834618
65835045
65835045
65837987
65833650
65835045
65835415
65836795
65835045
65835716
65835551
65835320
65835415
65835045
65833802
65835045
65833990
65840654
65833828
65835045
65835045
65835045
65836583
65833477
65833477
65835045
65835716
65838832
65834937
65834618
65835045
65836214
65835045
65834554
65834990
65835045
65837908
65834159
65833696
65835045
65835045
65834499
65834551
65835045
65833472
65835045
65836910
65834937
65836910
65834499
65837901
65837990
65835045
65838178
65834618
65833477
65835329
65834337
65835415
65836861
65833421
65835045
65836214
65834937
65837987
65835716
65835518
65834240
65835045
65835716
65834937
65838178
65835045
65839388
65839857
65835104
65835045
65836770
65835600
65840107
65833734
65833771
65835518
65835364
65836237
65835872
65835679
65834159
65836145
65835415
65838178
65834499
65835045
65835045
65840268
65835600
65835045
65834990
65836479
65834514
65835415
65834937
65835045
65835373
65834184
65838178
65833638
65838178
65834080
65837813
65835029
65834369
65835716
65839857
65835045
65838178
65839861
65835045
65835600
65834803
65835415
65834554
65835045
65839857
65843758
65835415
65835045
65838408
65835063
65834709
65834343
65836658
65835045
65838178
65834662
65833734
65835045
65837315
65834990
65833628
65836214
65837987
65836237
65835415
65835221
65834990
65833613
65835045
65836879
65835415
65834618
65837987
65833761
65836145
65835716
65838264
65834101
65835045
65835045
65839857
65834937
65837315
65840436
65835045
65833496
65833440
65835921
65835045
65840911
65837864
65834747
65837987
65834747
65834937
65837344
65833823
65834343
65835045
65834240
65833491
65836879
65835045
65834369
65836237
65833446
65838286
65833823
65835363
65835045
65837315
65838970
65835898
65835646
65834175
65838963
65834433
65837807
65835551
65833613
65843098
65838178
65838970
65834990
65835045
65835045
65835045
65835045
65838178
65837632
65837118
65835716
65834937
65834792
65835045
65837776
65834618
65835716
65835278
65839190
65834599
65838178
65836910
65835921
65834937
65835045
65833734
65835415
65834121
65835045
65835045
65834885
65835045
65836237
65837072
65834369
65837086
65847643
65834937
65833742
65835716
65838178
65836214
65835045
65840654
65837776
65834937
65833477
65835518
65839388
65835292
65834618
65834937
65834618
65834937
65835045
65835076
65835887
65835104
65835104
65835518
65838781
65838287
65834933
65833802
65840436
65833754
65835045
65834531
65837262
65837821
65833628
65835415
65835045
65837632
65833833
65835716
65833477
65835045
65836359
65834131
65840654
65833628
65835716
65835518
65835551
65836479
65835045
65834343
65834227
65838990
65834720
65833455
65836359
65835518
65834369
65833455
65835104
65835518
65835045
65834618
65838178
65835045
65835012
65835045
65835045
65835045
65834227
65835045
65839317
65835321
65834101
65836910
65833646
65835045
65835045
65835045
65835045
65838178
65839943
65835045
65839600
65835045
65840965
65837990
65836214
65835551
65836237
65839544
65835415
65833734
65838178
65836359
65838178
65833628
65834937
65835373
65833638
65837268
65835551
65835045
65839317
65835045
65835045
65835045
65834747
65834747
65834937
65834937
65835045
65835045
65836363
65835045
65834990
65835045
65839861
65840497
65839701
65834809
65835518
65833421
65835716
65836214
65834369
65835716
65834369
65835045
65834145
65833628
65834369
65834947
65835104
65835045
65834937
65836495
65835482
65837328
65836879
65836495
65835045
65835045
65834747
65836479
65835373
65834720
65835716
65835921
65835716
65838970
65834369
65835045
65836237
65838178
65833761
65835045
65834933
65835415
65833833
65834191
65840122
65834948
65835872
65835045
65834240
65837189
65835254
65835104
65835518
65835045
65840654
65833628
65839857
65834747
65837987
65838178
65835045
65835415
65835045
65835045
65836555
65835045
65835045
65840896
65833628
65835045
65835149
65839332
65834937
65833421
65833828
65834131
65845469
65835373
65834990
65838182
65835829
65835518
65837987
65835600
65838137
65835045
65835045
65837987
65835415
65833421
65835045
65837315
65834937
65835329
65834809
65835045
65835320
65834131
65835063
65835045
65834159
65835045
65835716
65834990
65835921
65835151
65834709
65835045
65836328
65836214
65840436
65840145
65837987
65840922
65837002
65837160
65840436
65840847
65833534
65834725
65837700
65837564
65836171
65835045
65838178
65836214
65834467
65834428
65836237
65834937
65834356
65836495
65836359
65839098
65835045
65837693
65839053
65834554
65835045
65837987
65833771
65833440
65835045
65833742
65833421
65835373
65835045
65834369
65834937
65835045
65836479
65839861
65840436
65835045
65838132
65833558
65833577
65835045
65834937
65833624
65835518
65840654
65839446
65836214
65835415
65835045
65835600
65833477
65835104
65834725
65834709
65834265
65833477
65835518
65835518
65837908
65837813
65835045
65835045
65834301
65833421
65834101
65833421
65834145
65834599
65835716
65834618
65838835
65834554
65837118
65838178
65834618
65838178
65834227
65838970
65834990
65834809
65835551
65835716
65834145
65840965
65834747
65835600
65834885
65835045
65834265
65840436
65833624
65834618
65835071
65837315
65834227
65836479
65835921
65834720
65835045
65837045
65834599
65837908
65833734
65835716
65835104
65838178
65835373
65835292
65835045
65835470
65834937
65835045
65840436
65835373
65835482
65835921
65834471
65834554
65838102
65836237
65834131
65836479
65835045
65835415
65835373
65835045
65836479
65837987
65837864
65836237
65835045
65835045
65835045
65837908
65835518
65834471
65835045
65833708
65837115
65834720
65834618
65840436
65840436
65834618
65837361
65839544
65835045
65837987
65833879
65835551
65833638
65835045
65835045
65833966
65837987
65836495
65835292
65834937
65834479
65835045
65834618
65835482
65839317
65835045
65835716
65833638
65835045
65834725
65833628
65835716
65835716
65835518
65835518
65833734
65834145
65837987
65834369
65834937
65834809
65835172
65837002
65835679
65835045
65836910
65839285
65836359
65835045
65834131
65835045
65838970
65834466
65834618
65833589
65836495
65833734
65835045
65835045
65835045
65835104
65833421
65834937
65833381
65835045
65835045
65835045
65842953
65833761
65837344
65833421
65833754
65835045
65836770
65833628
65833833
65835551
65833613
65835045
65835045
65837315
65835045
65838178
65833421
65835045
65834139
65833613
65839571
65834618
65835716
65836479
65834709
65836910
65834747
65835600
65835045
65835415
65836237
65833558
65833628
65834618
65835045
65833734
65840300
65835518
65835518
65835045
65836495
65833977
65836555
65833628
65841253
65835045
65834131
65836861
65835321
65834152
65834662
65838832
65854090
65839857
65839544
65833628
65838178
65834747
65833833
65839388
65835716
65835159
65838832
65837776
65835045
65835551
65834184
65840436
65833421
65838832
65834159
65840965
65834232
65834246
65833628
65834937
65834131
65837908
65851498
65834369
65835646
65834937
65834948
65834937
65835045
65835518
65835045
65836214
65840436
65833669
65834747
65835518
65835045
65835045
65837404
65837315
65835045
65833990
65837987
65836237
65838781
65835661
65833734
65835045
65835898
65835560
65840436
65838178
65840436
65835518
65839317
65835600
65835646
65835045
65838963
65847546
65841955
65834948
65834131
65835045
65835045
65833613
65833472
65834198
65834937
65833763
65834369
65835045
65834125
65835872
65837315
65834369
65833589
65835518
65835608
65834885
65835159
65834101
65835716
65833907
65834191
65840965
65835355
65833638
65834937
65835871
65835716
65833646
65840436
65837787
65835045
65835716
65837987
65835716
65835518
65835045
65834937
65834395
65833734
65835673
65834618
65837045
65835551
65834227
65835045
65837115
65835551
65835029
65833400
65836879
65835214
65833421
65834792
65833761
65836653
65835045
65833638
65835320
65835045
65835045
65835518
65833628
65836910
65838178
65836879
65834937
65838630
65837115
65839317
65835045
65835045
65835716
65837315
65834990
65835045
65854441
65840436
65835045
65839317
65835415
65835415
65835640
65835045
65835045
65835716
65833613
65836214
65836910
65834554
65833802
65837315
65835045
65834514
65833446
65835716
65833761
65835518
65833446
65835415
65834937
65838178
65840965
65835045
65834369
65835045
65835415
65835415
65833482
65840436
65833761
65837057
65835045
65833511
65837987
65840399
65836214
65841176
65839544
65835045
65835104
65834104
65835045
65835716
65835045
65834467
65835045
65837315
65835045
65835045
65835045
65835045
65836479
65835716
65834937
65835716
65834747
65837072
65833771
65835045
65835518
65833628
65839857
65835518
65839943
65835405
65834618
65834937
65833715
65834747
65835045
65838178
65835551
65835045
65836879
65834937
65837391
65834428
65838970
65833669
65840436
65835045
65834961
65835045
65838630
65834937
65834933
65835045
65835415
65834937
65834937
65837268
65835551
65837987
65840399
65835518
65835063
65836136
65842033
65834885
65837987
65838102
65835045
65833823
65835045
65833473
65836702
65835045
65835415
65835045
65835045
65835551
65835716
65840436
65836479
65840436
65837908
65835045
65834937
65835045
65835045
65838178
65833761
65834937
65835045
65835045
65836214
65835045
65835415
65834803
65834937
65833421
65833734
65835716
65833734
65835646
65835045
65835045
65837344
65835045
65835045
65835320
65835045
65838023
65835045
65835045
65840436
65839861
65835045
65848100
65836237
65834230
65835045
65837315
65835329
65834937
65837987
65835085
65835045
65834937
65834825
65835045
65834618
65833421
65835320
65835045
65834413
65835975
65834990
65833446
65835716
65835045
65836758
65837999
65834747
65835045
65835045
65833742
65835045
65835518
65837315
65835221
65835045
65834937
65834369
65835661
65835045
65835878
65836702
65833802
65837072
65834948
65835928
65834937
65839618
65833628
65834433
65840268
65833777
65833628
65837908
65837908
65833628
65835716
65833558
65834937
65835045
65836957
65834684
65836237
65835045
65834937
65834809
65835045
65834618
65833754
65835221
65834992
65840965
65834937
65835045
65833734
65834933
65843847
65837160
65839332
65835045
65839317
65841292
65833802
65834171
65849136
65840436
65840654
65834343
65835045
65835045
65833446
65835045
65835045
65835045
65835045
65833977
65835045
65835415
65834885
65838178
65836214
65835716
65838178
65835045
65835045
65835841
65834367
65834657
65835045
65834618
65836237
65835045
65837678
65834937
65837315
65839607
65838178
65835045
65837987
65835716
65838137
65834937
65833823
65835551
65838166
65837002
65834937
65837744
65838178
65835045
65834531
65833477
65837344
65835045
65835921
65835045
65835045
65835104
65835415
65835415
65835045
65838178
65839285
65837987
65835415
65833977
65833734
65835045
65835646
65835716
65835045
65834697
65838429
65837987
65834184
65834369
65835518
65835045
65835551
65836226
65833426
65834937
65837268
65836180
65838178
65835045
65833558
65834369
65838561
65835415
65838178
65834227
65835518
65837908
65835415
65838963
65835405
65837404
65835104
65837908
65834792
65834227
65839544
65837523
65840436
65840436
65837402
65834369
65835045
65840436
65835415
65835482
65838178
65835716
65833734
65837807
65834369
65835045
65835551
65837987
65837864
65834937
65835872
65834684
65835518
65835716
65837987
65836214
65836145
65834495
65837987
65834499
65834612
65837987
65844395
65839285
65836226
65834937
65837220
65835045
65838178
65835045
65835045
65835045
65834948
65836237
65835045
65837072
65835045
65837987
65839861
65834990
65835373
65840654
65836237
65840436
65835045
65835045
65834990
65834937
65835029
65838178
65834885
65835045
65835551
65835045
65835921
65835104
65834684
65833771
65835320
65838276
65839701
65834307
65835716
65835104
65839818
65835716
65833558
65834720
65835518
65835551
65838178
65836910
65834937
65834422
65833473
65845158
65834184
65835045
65836214
65835045
65835045
65834937
65840436
65835045
65835045
65833833
65835045
65834933
65834191
65834618
65837118
65835045
65834789
65835045
65838963
65833628
65840965
65835329
65836910
65837908
65834937
65838970
65834747
65840911
65834227
65834369
65838287
65834369
65835045
65834240
65835312
65834937
65834101
65837908
65835045
65834191
65835551
65835045
65840654
65834145
65838346
65835045
65841605
65835045
65834116
65836702
65835646
65837908
65835716
65834618
65837315
65837987
65834937
65834367
65834101
65833473
65838178
65839857
65834937
65840436
65834159
65835045
65835104
65839365
65838087
65834662
65835829
65833421
65839607
65835045
65835045
65839861
65835716
65834937
65835212
65835921
65834224
65833802
65835254
65834479
65837990
65835104
65835045
65834369
65835045
65835045
65840436
65839857
65835499
65839544
65835518
65840965
65834005
65835104
65836237
65834145
65837908
65835872
65833421
65834947
65834747
65840654
65835415
65836214
65833638
65836410
65833400
65835320
65835716
65835045
65835045
65839857
65836879
65835716
65835045
65833734
65835045
65834937
65833477
65840436
65835518
65835045
65837987
65835329
65836879
65835045
65836214
65834227
65833496
65835878
65835307
65834933
65835045
65835045
65837987
65837315
65834990
65835045
65834937
65835921
65835045
65836237
65835045
65836910
65834747
65835045
65835045
65834990
65837429
65834747
65836237
65844245
65833823
65834803
65835600
65835278
65833477
65835872
65837235
65838178
65834343
65837220
65835699
65834937
65834937
65837908
65833400
65840436
65835262
65838178
65835045
65837115
65833628
65834948
65835415
65837678
65835560
65835640
65837115
65834618
65835415
65835045
65834369
65835045
65835045
65840965
65835045
65836214
65833734
65835045
65835104
65837987
65834937
65840654
65836226
65835716
65835104
65834131
65838970
65834343
65840965
65836237
65836214
65834809
65833628
65838970
65837987
65835045
65833734
65833477
65835012
65837072
65833976
65835646
65837192
65835329
65833421
65840654
65835559
65833628
65838963
65835921
65834657
65835716
65834803
65837908
65834809
65833472
65835045
65836237
65835045
65836910
65837428
65835045
65834861
65844395
65834227
65836359
65836214
65835221
65839857
65838102
65834152
65836479
65834809
65835716
65835045
65835518
65837072
65834618
65838878
65835045
65836804
65834227
65838178
65836853
65835329
65836359
65835045
65835045
65834599
65834747
65833628
65835518
65838178
65834514
65835045
65834369
65833534
65835045
65838318
65834569
65839701
65834937
65838023
65835191
65835045
65835518
65835045
65845520
65839317
65836795
65833477
65835716
65834139
65835716
65834990
65833628
65835029
65844907
65836145
65835405
65834937
65834307
65834466
65835320
65835329
65835518
65835716
65835045
65835045
65835921
65838178
65835518
65834413
65835221
65834569
65835415
65835600
65837987
65834101
65833734
65834747
65835518
65834139
65833638
65835045
65834937
65839861
65837908
65836359
65834514
65837944
65840107
65833771
65834990
65840120
65835045
65834191
65839857
65835363
65833823
65835045
65851765
65837821
65835373
65836425
65835045
65839857
65835045
65833628
65838178
65836879
65833638
65835045
65835045
65834592
65836495
65835673
65835045
65837315
65835716
65837908
65835104
65840436
65834101
65837002
65835045
65835716
65834499
65837900
65834937
65834101
65840436
65833628
65835045
65834937
65836359
65835045
65833628
65836479
65835439
65835045
65836879
65834937
65835045
65834324
65835373
65837220
65835829
65835518
65834747
65833400
65836237
65834937
65835518
65834356
65838318
65838178
65834937
65835560
65836237
65834747
65834937
65854158
65834101
65833446
65839861
65835373
65838178
65834428
65838132
65835045
65834809
65834618
65835045
65837558
65834005
65837115
65833477
65835045
65840436
65835329
65836237
65835518
65834309
65838178
65834990
65840965
65834709
65833823
65835045
65835518
65837355
65834937
65835045
65838178
65835045
65833823
65839317
65834809
65837908
65834709
65834937
65841101
65835600
65837315
65833421
65837821
65837558
65834922
65835045
65835045
65834937
65834227
65834159
65839317
65833628
65834131
65835045
65833734
65833798
65835045
65833577
65835045
65834422
65834599
65837908
65835045
65836180
65834747
65840436
65834554
65836145
65838178
65834618
65835518
65835045
65833761
65834937
65837908
65837987
65834514
65834159
65836013
65835045
65837908
65834246
65840436
65835045
65834279
65835045
65835329
65835415
65838178
65837315
65839544
65835669
65843830
65835716
65836479
65839607
65835878
65837908
65833421
65835045
65835045
65836879
65833761
65834145
65835045
65835045
65835045
65835518
65835415
65834937
65833907
65835045
65833798
65837987
65839544
65835012
65836479
65834191
65840436
65835518
65835045
65837678
65835045
65834191
65835104
65838178
65839600
65836495
65838178
65835045
65836879
65835716
65835415
65834937
65834422
65834198
65833646
65835716
65835045
65835104
65835045
65836879
65836910
65834428
65833638
65837999
65833446
65835716
65834080
65841605
65838970
65834937
65833534
65833421
65840654
65834937
65833628
65833446
65835518
65838178
65835415
65833638
65837908
65838178
65834937
65840436
65835415
65833638
65837002
65835045
65835591
65834159
65835012
65838178
65837943
65835045
65834990
65835045
65833421
65836583
65835045
65835608
65837429
65834618
65833455
65833789
65835003
65833650
65837776
65842144
65833638
65836876
65840116
65838927
65833558
65837987
65835928
65834369
65834184
65834600
65834933
65834937
65838743
65833761
65838178
65835045
65833735
65835045
65836145
65836583
65836910
65834937
65834101
65839446
65833696
65834766
65836237
65835045
65833977
65833628
65837072
65840436
65838178
65834937
65833734
65833823
65837361
65834933
65835045
65834937
65838408
65835716
65839544
65835045
65834747
65836214
65833421
65835522
65834159
65835045
65835716
65834937
65838408
65834990
65835045
65834809
65835045
65840896
65833446
65839857
65834618
65835045
65835045
65835415
65835716
65833421
65833421
65835551
65835518
65837987
65838963
65837344
65836479
65835045
65833683
65835045
65835045
65833628
65835045
65834948
65835045
65834159
65840436
65835045
65834403
65835045
65839793
65834369
65837987
65834618
65835415
65834937
65833421
65834937
65836237
65834990
65834937
65833477
65834159
65838178
65835716
65837115
65834227
65837428
65835320
65836214
65839446
65835405
65839701
65835679
65834937
65836251
65838178
65834618
65838178
65840436
65834990
65834747
65835150
65835415
65834191
65836013
65834184
65835551
65835045
65840654
65834947
65835045
65834747
65834618
65836410
65834937
65834937
65834937
65835191
65834184
65835716
65833477
65835716
65835045
65835045
65834116
65834937
65837908
65835278
65834437
65836237
65836804
65838102
65833734
65835104
65834159
65834937
65835518
65835045
65835045
65836879
65834618
65840436
65836910
65835045
65835518
65835640
65834159
65835045
65833421
65834809
65836795
65845158
65834747
65844578
65833977
65834433
65835045
65836759
65834937
65835045
65839607
65835415
65837999
65835045
65833976
65836145
65833789
65833735
65838970
65837987
65834937
65835551
65837115
65835045
65834747
65835045
65835045
65837987
65840436
65836214
65836910
65835045
65835045
65835150
65833708
65834937
65835278
65835716
65835045
65835855
65840436
65835045
65839363
65840436
65838178
65834747
65838318
65834720
65833421
65837315
65839841
65833477
65834948
65835071
65834121
65833472
65835045
65834533
65834937
65838178
65836910
65835045
65835921
65834428
65836770
65837556
65835045
65836214
65840436
65837115
65834933
65834337
65835063
65835045
65838178
65834937
65833761
65833511
65834343
65835045
65838603
65835415
65834713
65835045
65836017
65833690
65836910
65833734
65834720
65835045
65834933
65835045
65840436
65837315
65835045
65836214
65836359
65836759
65834937
65835716
65833718
65834937
65833628
65836495
65834720
65836237
65840654
65838781
65838132
65836479
65839754
65835716
65834942
65834720
65838963
65839544
65835045
65835551
65835045
65836237
65835045
65838318
65834145
65837404
65834937
65836879
65835104
65834933
65834101
65839544
65836328
65833628
65839857
65836237
65840375
65840436
65835045
65833421
65833763
65838178
65835898
65839857
65837987
65835518
65835447
65836910
65834990
65835104
65840436
65835415
65835045
65835045
65835045
65835716
65836938
65834937
65837315
65833763
65834139
65833628
65835716
65837987
65834868
65837315
65834618
65837344
65837315
65839285
65835716
65834937
65834121
65833715
65834937
65835045
65839544
65834029
65837864
65833735
65835045
65835045
65835104
65834990
65833879
65838886
65835045
65835045
65834121
65837987
65834937
65837353
65841101
65833646
65834933
65835329
65836237
65839600
65835045
65835518
65835029
65833477
65835716
65834080
65838178
65833424
65835518
65839857
65839857
65835045
65835415
65838178
65835045
65836237
65837315
65836879
65833534
65835600
65840654
65843247
65834230
65834937
65837315
65835045
65835045
65834618
65836214
65835045
65834990
65835415
65835872
65835518
65835887
65835045
65833421
65836425
65835045
65833828
65835716
65836013
65835045
65835045
65835045
65834933
65835045
65834937
65835518
65835373
65834272
65835082
65837315
65840654
65834413
65834159
65835518
65835415
65835608
65834937
65834145
65835551
65835415
65834230
65835045
65835716
65840436
65838178
65838408
65834990
65835818
65836879
65835373
65835892
65834343
65839446
65833823
65833491
65835518
65836861
65839544
65835045
65835045
65835600
65835045
65834747
65833628
65834933
65835045
65835045
65834809
65835045
65833638
65837908
65836425
65835045
65833421
65833628
65834101
65834990
65835045
65835278
65833777
65837693
65834803
65839861
65835104
65834720
65836479
65835373
65844346
65835045
65834747
65833771
65834747
65835045
65835045
65833754
65837421
65835045
65833777
65834145
65833771
65835045
65835600
65834618
65835522
65839375
65835045
65836879
65835716
65837058
65833477
65834937
65835045
65835045
65840436
65834990
65833628
65836237
65839857
65835551
65835716
65836188
65836479
65838970
65838178
65837731
65837072
65839861
65834937
65840436
65834990
65835045
65833976
65836479
65835045
65836804
65838178
65835278
65837104
65836237
65834139
65833628
65835921
65833683
65835045
65834937
65837344
65834747
65834885
65837558
65835045
65837908
65835045
65835871
65852611
65833966
65837002
65835045
65834937
65834947
65834145
65834507
65838963
65837660
65833735
65838178
65833558
65835415
65840436
65835045
65834192
65838970
65838102
65838178
65835045
65835045
65834618
65835560
65835159
65834227
65837908
65837400
65838178
65837987
65835045
65835045
65839363
65835045
65840436
65834618
65835045
65834227
65835518
65834747
65835045
65835045
65834885
65836237
65839857
65837987
65833628
65834422
65835329
65838182
65836495
65839857
65839388
65835045
65836879
65837987
65836479
65836834
65841159
65835045
65837987
65834428
65834937
65836479
65839159
65835679
65833638
65835045
65840116
65835045
65838956
65833833
65833734
65833823
65835045
65835045
65834868
65836036
65842714
65835045
65837900
65835045
65835551
65833669
65840436
65834131
65835600
65835012
65839857
65833761
65840399
65835045
65835067
65834369
65833558
65834131
65834825
65835045
65836214
65834747
65837987
65835045
65834514
65834227
65835872
65834514
65834747
65835045
65837429
65835551
65834514
65834662
65834101
65836214
65835045
65835045
65835045
65833777
65835551
65839544
65835373
65835045
65835045
65836237
65838178
65838963
65834159
65833761
65840654
65834937
65833761
65835600
65835012
65835045
65836226
65835499
65833789
65840654
65836795
65834937
65845520
65835045
65835045
65835045
65835045
65837217
65834343
65833734
65839544
65839861
65836237
65835045
65834460
65833421
65837761
65835045
65835045
65833761
65835045
65837908
65834747
65835045
65840436
65837987
65835373
65836425
65840436
65836237
65836479
65834937
65835214
65837908
65835415
65834720
65834747
65835045
65835415
65840436
65838743
65835045
65835045
65837115
65833754
65834809
65834809
65834937
65834131
65836879
65835045
65835329
65834937
65837908
65834990
65836237
65834809
65835373
65835045
65834460
65840965
65833638
65833734
65840436
65833558
65835439
65836861
65834145
65835045
65836237
65835045
65835045
65833455
65835640
65835045
65835045
65834947
65835045
65835518
65838178
65835872
65839317
65833851
65839607
65834937
65834471
65835045
65835045
65834937
65835716
65834937
65835716
65837328
65836237
65835518
65833823
65840654
65834937
65834324
65833421
65833421
65836237
65835045
65835104
65835045
65835045
65835600
65835518
65834747
65835716
65840436
65835045
65834145
65840436
65834554
65837987
65834131
65834101
65834937
65834499
65835551
65835551
65835045
65836237
65840654
65834961
65833400
65835716
65834343
65835716
65834618
65834937
65840654
65833802
65837315
65835045
65835045
65833735
65833421
65838970
65836214
65835716
65834101
65833496
65836425
65833628
65838178
65838178
65835329
65835045
65834343
65839388
65835518
65835045
65834198
65835415
65839544
65835518
65835045
65833477
65834227
65837115
65834369
65834101
65833638
65840654
65839857
65835716
65834937
65839544
65833421
65834145
65833734
65837908
65838178
65833400
65837995
65835551
65834990
65835716
65833734
65840436
65835045
65835045
65835045
65835518
65834937
65835045
65837731
65834937
65835518
65837558
65835415
65835373
65835551
65834937
65836359
65833802
65834343
65838889
65833508
65837908
65834618
65839857
65834937
65835373
65838178
65835045
65834937
65839317
65834230
65833589
65840332
65835045
65844245
65834343
65838178
65833734
65835045
65834937
65835045
65833638
65835415
65835551
65834125
65835045
65838137
65842254
65836214
65837908
65836237
65835045
65835329
65840120
65833558
65835878
65837558
65835415
65834720
65834937
65835045
65834131
65836359
65835045
65837987
65834343
65842767
65834072
65835045
65839317
65835482
65833966
65835045
65844907
65833558
65835045
65835045
65836237
65837987
65840029
65834101
65834145
65835045
65837987
65838178
65835045
65833446
65834937
65834937
65835045
65834747
65839317
65835518
65834720
65835045
65833761
65837382
65835045
65834747
65834937
65834713
65835045
65834937
65835716
65835518
65836583
65835045
65834232
65835045
65834792
65834933
65836910
65833477
65839861
65835104
65835045
65835045
65834803
65838832
65839544
65834937
65837776
65833421
65835045
65834720
65835045
65835373
65835045
65835716
65838178
65836759
65835045
65834933
65835045
65835518
65835415
65834990
65835045
65835415
65838178
65833754
65835445
65834369
65838523
65835518
65837908
65834657
65833661
65834437
65835551
65835149
65834937
65835045
65835045
65834937
65838178
65835518
65833638
65833823
65833421
65840436
65833761
65837908
65834990
65836285
65833455
65837908
65835045
65834747
65835373
65839861
65835045
65834947
65835887
65836879
65835045
65834937
65835482
65836795
65838781
65835551
65836237
65835045
65835646
65835045
65838630
65836237
65837115
65837908
65834191
65838178
65833496
65834131
65834514
65833763
65835045
65834531
65838781
65836910
65834369
65834528
65835045
65834947
65834369
65835518
65834159
65838832
65836795
65836359
65835716
65834618
65840436
65835045
65833628
65833381
65834551
65835045
65834792
65838287
65833613
65835045
65836910
65834990
65836359
65835482
65835716
65834369
65833638
65834145
65833798
65835029
65834809
65837315
65835716
65834171
65834937
65834369
65834937
65838117
65836495
65838178
65837315
65835045
65835045
65835045
65833496
65836017
65834937
65835045
65836013
65835045
65833534
65833734
65833734
65835045
65834471
65835221
65835612
65835373
65835045
65833761
65833734
65833734
65840436
65834618
65835045
65834394
65835716
65836145
65834080
65835045
65833446
65833763
65835045
65835045
65840145
65834937
65836853
65834747
65835045
65833789
65839857
65835405
65834885
65833977
65835045
65837943
65834937
65833421
65838346
65838178
65838178
65835045
65835045
65835104
65835045
65835045
65839544
65834343
65834533
65834709
65835045
65834809
65837944
65835029
65843098
65835551
65835278
65834937
65835045
65834747
65834240
65835045
65837908
65836214
65835045
65835045
65833421
65834471
65835045
65835045
65838178
65835716
65837391
65835278
65837192
65839857
65834937
65833771
65835045
65835045
65835551
65834992
65837072
65837344
65835716
65838805
65835415
65835045
65835045
65837118
65833628
65834618
65833421
65835045
65834720
65833734
65838178
65838178
65835551
65834145
65833638
65835518
65834937
65834369
65835045
65835071
65836214
65834131
65835045
65835045
65833925
65834131
65836017
65835551
65840965
65834992
65834159
65837002
65835045
65838178
65835045
65836237
65835045
65837908
65835292
65838429
65834937
65837315
65835716
65835045
65833735
65835716
65834747
65834981
65834499
65835045
65838132
65838963
65835045
65835045
65835082
65835045
65833977
65833613
65833477
65836237
65835045
65835716
65834720
65834792
65835190
65834191
65835551
65836882
65835045
65834433
65836770
65835921
65835373
65838178
65833421
65837002
65835045
65833421
65835045
65839512
65837821
65835221
65835716
65833558
65838178
65839544
65833929
65835045
65835415
65834080
65835221
65834145
65834922
65835045
65835551
65835716
65839861
65838963
65833628
65840436
65835045
65835045
65834175
65834460
65833628
65833638
65835716
65834937
65833577
65835045
65839038
65836214
65838178
65834369
65834265
65836359
65834080
65835045
65835415
65836479
65833939
65835415
65835045
65839098
65835045
65834937
65835045
65834803
65835104
65835045
65839857
65835518
65836759
65838970
65834747
65835045
65833966
65834343
65834885
65834592
65834937
65833400
65836237
65837990
65835560
65836145
65836017
65834175
65833508
65835045
65837908
65834343
65833477
65835716
65834343
65833734
65835045
65835329
65834667
65834618
65834937
65836214
65835149
65840254
65834599
65837002
65836237
65835045
65835045
65835551
65835045
65835045
65836214
65840436
65835045
65835939
65835045
65834937
65835104
65833734
65834937
65834343
65835551
65835415
65835518
65835045
65838110
65838963
65838630
65836702
65835045
65835208
65833628
65835045
65835045
65836495
65835045
65835608
65838178
65836879
65838970
65835320
65835045
65835045
65840436
65835045
65840436
65834747
65836879
65836226
65835551
65837908
65837315
65834422
65837402
65837908
65836237
65835045
65833450
65833734
65834937
65838963
65836214
65833683
65837864
65835320
65841634
65834937
65834709
65836861
65833977
65835716
65837987
65835329
65837361
65834885
65834937
65840119
65835551
65834937
65834792
65835045
65837580
65840119
65835716
65833683
65833421
65834709
65838178
65835045
65833421
65835716
65838178
65833472
65839317
65834495
65835045
65834990
65845832
65837217
65837072
65833833
65838178
65833638
65833421
65834667
65836237
65835415
65835045
65834369
65838178
65840436
65834343
65835415
65835262
65838178
65834145
65834937
65833761
65835329
65835329
65834947
65839934
65837220
65837987
65833477
65839317
65838903
65839317
65835551
65839544
65833496
65834528
65838970
65834395
65835612
65836214
65840145
65835716
65836584
65834369
65836237
65833534
65838178
65834747
65835551
65833446
65834990
65833828
65835045
65833628
