52886746828
52888527450
52889242450
52886994866
52867826785
52886703499
52889331536
52885935499
52887729240
52872599249
52881025524
52877751690
52893375945
52884736024
52879417342
52890165130
52882176118
52891928540
52878240856
52889665309
52881718366
52879475366
52875834366
52846640470
52889676200
52883482632
52888406009
52882311544
52888991355
52877706568
52884277911
52865766804
52862595316
52884859422
52890601021
52888152888
52887222056
52881782418
52886449167
52858624170
52890913846
52881527472
52887307498
52892137867
52890165130
52883482632
52883188516
52876396054
52890141058
52889083001
52885717563
52891929350
52888838848
52891883363
52889855191
52890886327
52877643117
52887864750
52890434518
52881723521
52883528749
52888926478
52883796053
52872394887
52883890198
52883923973
52883188516
52889495063
52866129751
52889665309
52890573118
52885393195
52886554903
52888569134
52878554894
52882930733
52868995555
52863579175
52892751347
52871944204
52859714078
52853916914
52893036870
52876396054
52871805530
52885393195
52871581062
52892177894
52882010244
52873606112
52875902978
52890563669
52886116811
52879035647
52884075057
52877392363
52888778691
52889735545
52887423740
52873526888
52886820210
52891567829
52877257022
52880103929
52891329890
52875146265
52893245477
52884854421
52879923918
52891861702
52891211986
52871622961
52869583891
52870101802
52891861702
52858624170
52890675426
52884644614
52857461921
52892751347
52870921390
52890763795
52887423740
52892178489
52880624847
52889615349
52884410818
52885174429
52879522340
52891980403
52890433183
52838489197
52890763795
52890107579
52868083821
52883890198
52891960768
52888406009
52868292053
52891332228
52886882503
52884732144
52870101802
52889714881
52884607942
52870179077
52890601021
52889242450
52884830271
52889242450
52887423429
52888455504
52869279058
52891510293
52883816406
52891567829
52872060382
52890251595
52887332504
52890601021
52884564989
52887026407
52890584025
52890141058
52884592088
52892177894
52890142606
52893749171
52887313322
52885320886
52872172819
52890584025
52888013674
52886746828
52890165130
52886882503
52890165130
52880466811
52886994866
52884496658
52894149400
52855058766
52883523014
52891567829
52892178489
52885393195
52891211986
52868199761
52892178489
52891928540
52890601021
52870443254
52880528196
52881514154
52885223671
52889242450
52885813195
52891329890
52846669389
52879402714
52885320886
52889349967
52891417536
52889666131
52887026407
52886879022
52887643976
52889248178
52868462746
52877392363
52860620195
52893283835
52889331536
52884673035
52883482632
52888015332
52890584025
52890313752
52890165130
52890400509
52881527472
52878915465
52874352250
52886127829
52892137867
52877233327
52876850958
52882311544
52889495063
52887485263
52889196737
52852398748
52887368519
52890584025
52891567829
52889166898
52887606767
52883800482
52868263526
52880284949
52889100606
52889665309
52885598308
52889855191
52895393700
52876787333
52890790147
52889931527
52882015558
52883654102
52889349967
52883516012
52882522261
52881906752
52887972165
52881326929
52883032387
52863947942
52892979033
52884592088
52847209144
52858157903
52875305851
52892751347
52872065930
52851228515
52890913846
52888993701
52884592088
52863669853
52886310023
52887871497
52883482632
52888302140
52891211986
52868292053
52877794031
52889566995
52883008984
52859677555
52883248660
52891567829
52886730658
52888524743
52892344642
52887864750
52890601021
52881514154
52869587059
52877794031
52865501188
52867040457
52871091103
52884076859
52890881687
52882262263
52884736024
52891429830
52882682063
52889676200
52882563968
52877683892
52890213253
52889349967
52890862278
52880288933
52891211986
52887307498
52887590817
52888026763
52892751347
52873593878
52880284949
52880065373
52877706568
52875911805
52887864750
52891520216
52868217489
52892256578
52892091767
52887076092
52890912380
52876189605
52889620085
52880516803
52891883363
52886609658
52887864750
52889965110
52890601021
52893283835
52884673035
52889700399
52886173234
52886882503
52891969863
52882531168
52890467506
52882682063
52879752835
52890691113
52889114584
52885389066
52888419932
52890790147
52893466653
52890161078
52878189007
52863716821
52884855778
52891980403
52890251595
52883218468
52885061447
52879475366
52884413117
52892818071
52886554903
52890683531
52891964109
52890913846
52875702823
52860072750
52885336157
52879115589
52879211155
52889855191
52890133616
52863179557
52879782218
52893352298
52884993968
52885188228
52874352250
52890762402
52886609658
52873827937
52887313322
52887945986
52888865123
52890141058
52890433183
52889676200
52883482632
52886994866
52880243262
52880214923
52888230626
52882930733
52891329890
52886637873
52883482632
52885290695
52860783845
52891144642
52891150394
52884496658
52870932135
52888865123
52889676200
52891567829
52875205574
52880180737
52881998447
52863288977
52877392363
52883008984
52882531168
52878764112
52887606767
52889926483
52885886354
52891510115
52861622545
52888926478
52886749551
52880036494
52885407964
52890601021
52886730658
52877683892
52877332558
52892751347
52873827937
52884934451
52892751347
52889855191
52884607942
52889242450
52885500178
52889620085
52889642413
52868462746
52886746828
52891567829
52889331536
52886363115
52886533565
52876884222
52881412071
52893245477
52891329890
52891045864
52886563965
52890675426
52887313322
52880651519
52884859422
52890141058
52890781625
52873432924
52863716821
52873605429
52888735928
52891211986
52889331536
52890675426
52890981780
52872065930
52887462158
52887026407
52890674124
52887307498
52881660555
52884642065
52879794748
52890912380
52873746918
52889265160
52866640026
52877392363
52887864750
52864545748
52869069414
52883364548
52886533565
52887887351
52886360194
52852929749
52888435251
52870528242
52885685773
52878567570
52878764112
52891211986
52888735928
52880178514
52885741704
52891567829
52882563968
52884496658
52891189944
52865907837
52877508442
52886715996
52888726367
52892801290
52889566995
52891851152
52878080267
52891851152
52887887258
52876777035
52884607942
52892751347
52892751347
52871002386
52884644825
52860783845
52884993968
52860620195
52890141058
52886667819
52886363115
52871163098
52887423429
52885125569
52875834366
52877403614
52865139073
52890491992
52873526888
52885389066
52890675426
52886347435
52884983174
52888865473
52886882503
52877403614
52874740207
52873526888
52885597939
52888013674
52877508442
52886462314
52878687724
52881105737
52891567829
52882531168
52882432156
52879632502
52879308001
52891567829
52891567829
52882531168
52880339932
52869279058
52888026763
52892751347
52893245477
52882191836
52867074295
52887590817
52879278890
52890306363
52884075057
52883649935
52886492329
52865276432
52862141561
52890141058
52890675426
52887643976
52883482632
52882262263
52883890198
52873513480
52879226246
52887590817
52872239373
52883482632
52887225655
52865276432
52890601021
52891150394
52888095210
52889700399
52890576143
52889391526
52883188516
52838399728
52863044952
52887307498
52869782401
52879394492
52889889715
52892137867
52880089579
52871944204
52877392363
52888865123
52893245477
52892751347
52880036494
52883817813
52888334141
52891061194
52886679170
52885993368
52880651519
52889855191
52875275475
52870104001
52888793116
52892751347
52880089579
52889336186
52872599249
52878513354
52887061856
52889196737
52862141561
52879923918
52883532218
52889855191
52883611020
52889290249
52848452553
52880284949
52891329890
52879308001
52876377483
52879863228
52887628091
52875975874
52883986431
52875193551
52884496658
52890912380
52888486499
52863823809
52881067948
52873606112
52890213253
52885588520
52888527450
52886666103
52888505912
52886994866
52884779473
52884760549
52889248178
52890675426
52887871497
52879802883
52891853865
52888281490
52879872830
52877392363
52891883363
52889349967
52885174429
52889687774
52874746650
52881849342
52886926318
52876978159
52889665309
52892818455
52860072750
52885993368
52891180026
52880660060
52885407964
52891061194
52885553101
52882682063
52889446750
52872536218
52879278890
52883945715
52890601021
52889498706
52887434126
52890688865
52877983279
52885845214
52881518091
52864046701
52884607942
52887295341
52893966263
52868199761
52882352119
52856152889
52888120757
52889971668
52888867192
52872536218
52886994866
52890601021
52889447993
52869782401
52891567829
52881662633
52890601021
52880668042
52866332255
52871163098
52881554009
52883248660
52879226246
52862958528
52880651519
52890230752
52889615349
52866161805
52885993368
52889665309
52858988726
52892943805
52892177894
52886633953
52884859422
52886173234
52863273067
52892049230
52887845823
52887222056
52892207611
52866640026
52887278658
52887464309
52878513354
52884993968
52884476120
52889714881
52887307498
52879923918
52889498706
52864884428
52886492329
52877392363
52890164063
52877332558
52880036494
52884402635
52887307498
52876247310
52878163685
52888400498
52852398748
52889855191
52887222056
52890142606
52890133616
52890601021
52878986177
52862157475
52892935188
52883945715
52890601021
52881514154
52878208807
52870443254
52873542850
52882908284
52885174429
52879402714
52883006522
52887423740
52892751347
52876396054
52888735928
52872060382
52890213790
52882279664
52882703206
52873526888
52890706034
52876247310
52887369556
52883516012
52885935554
52851224321
52891329890
52892751347
52870424756
52875889596
52890706034
52891211986
52879041674
52877233327
52889248178
52889571540
52883218468
52887423740
52887423740
52880347890
52848966486
52888735928
52881518091
52890251595
52893163133
52890706034
52887590917
52890912380
52889349967
52889431467
52891758917
52891409525
52880466811
52877739601
52887423429
52883456335
52876087266
52885545218
52867357836
52891329890
52887423429
52877643117
52890513463
52884294433
52882919778
52881514154
52888356704
52888688166
52883796832
52890069987
52885115389
52886129896
52879195153
52888827833
52878554894
52890165130
52890776685
52891820590
52879227474
52885065288
52891567829
52886206412
52893139341
52875797122
52857730297
52889642413
52875975874
52885799129
52870101802
52890981780
52885407964
52890665463
52891567829
52878890822
52875275475
52891567829
52887423740
52868263526
52890674124
52882559416
52890529114
52893245477
52890886327
52891567829
52884049824
52891567829
52882432156
52889855191
52883847382
52887729240
52881518091
52882164391
52882919778
52886892261
52892177894
52890584025
52877203461
52891969863
52890289976
52890913846
52880660060
52880882784
52891853865
52870681790
52880399560
52887222056
52886675778
52890142606
52888340407
52889901414
52891661114
52850106593
52883623138
52884673035
52882262263
52891041870
52866332255
52891211986
52885111832
52888026763
52889565707
52895422721
52886316184
52890912380
52882682063
52892979033
52871114237
52890931145
52890675426
52890881687
52887222056
52880971260
52892160319
52891928540
52877794031
52879802883
52880788457
52873432924
52891928540
52887125712
52891076798
52877314459
52880347890
52858624170
52890073199
52885799129
52886257969
52889196737
52889242450
52877937972
52892940030
52877751690
52890675426
52890601021
52887436823
52887222056
52892751347
52866332255
52888120757
52869286252
52892818071
52888026763
52891928540
52871119471
52887026407
52888334141
52889642413
52887729240
52887423740
52887590917
52886618034
52879068641
52888284228
52881135748
52886129896
52874508575
52883817813
52877323816
52874864159
52892137867
52887429049
52879613013
52888455504
52879752835
52889615349
52894783669
52890601021
52858624170
52891211986
52866205255
52892344642
52886675778
52893245477
52874113349
52890433183
52881208640
52893245477
52883796053
52887436823
52892344642
52889132024
52880651519
52879229262
52891567829
52884469677
52893283835
52884076859
52892751347
52891567829
52852398748
52886435777
52886926318
52880971260
52885597939
52877036260
52865276432
52887105638
52874770774
52881518091
52883523014
52889700399
52838399728
52876893907
52888951263
52893749171
52864046701
52880214923
52890165130
52888015332
52890584025
52884854421
52893245477
52886882503
52891211986
52882531168
52877332558
52890913846
52893036870
52879519859
52888756832
52892751347
52887169632
52892561699
52889571540
52882467091
52885677831
52882262263
52885389066
52887176558
52878986177
52884591766
52886695216
52857259693
52878760924
52893245477
52890790147
52887887351
52892875660
52867629124
52888435251
52886749551
52889926483
52879271161
52892137867
52890569220
52873490659
52891567829
52870906998
52868217489
52880101028
52877151067
52881712053
52893749171
52887076092
52889676200
52862595316
52875834366
52888796896
52848564325
52885085555
52877508442
52890912380
52883817813
52889495063
52885992581
52858624170
52844967819
52872803511
52886159108
52884049824
52887076092
52878031966
52893098620
52889615349
52888230626
52872065930
52891041870
52889700399
52879691402
52891820590
52889060469
52886637873
52888518923
52856335982
52889242450
52873606112
52890601021
52883061432
52881527472
52889972673
52889718588
52884859422
52890400509
52887026407
52887278658
52882352119
52886533565
52867863550
52890665463
52891211986
52891944282
52887313322
52893283835
52852398748
52882797554
52888015332
52890614049
52889654352
52892751347
52885500178
52888348971
52884859422
52886310023
52892751347
52880847946
52884280366
52891567829
52891130784
52876850958
52873526888
52881849342
52893283835
52885389066
52890540220
52888275248
52870443254
52890691113
52886239380
52887972165
52884779044
52892207611
52887864750
52872444114
52889447993
52889242450
52890563669
52877862267
52889718588
52888756832
52884496658
52889642413
52892517798
52871132555
52786165331
52890951090
52889242450
52882262263
52880284949
52884983174
52891211986
52883456335
52886926318
52862595316
52872172819
52884830271
52873991219
52886994866
52882865990
52889901414
52893283835
52887864750
52883347503
52888435251
52860783845
52872239373
52890675426
52890107579
52888455504
52890133616
52884993968
52890141058
52883352375
52890141058
52888524743
52888652812
52884573231
52889349967
52888735114
52891944282
52881038335
52887076092
52893283835
52876396054
52855058766
52893283835
52891567829
52890736691
52887864750
52893036870
52887125712
52859677555
52861377893
52890790147
52822333026
52894498903
52881514154
52890142606
52886129896
52877420147
52857730297
52877706568
52889615349
52861404984
52870654714
52882559416
52890951090
52882301031
52884478668
52875275475
52888348971
52887307498
52879778334
52875942330
52891567829
52871622961
52886802294
52878163685
52885799129
52889431467
52889857706
52890313752
52892751347
52887368519
52892137867
52889248178
52890694188
52892517798
52888201691
52890584025
52880284949
52885500178
52879278890
52877213617
52893283835
52888347180
52883923973
52883865853
52886675778
52893036870
52888196445
52878567570
52882467091
52892751347
52884993968
52871314200
52887729240
52890691113
52892751347
52875702823
52873991219
52888013674
52890665463
52876978159
52868217489
52891850538
52875834366
52891567829
52885845214
52883456335
52892517798
52883724551
52892751347
52882531168
52892751347
52871168616
52879278890
52888455504
52872685625
52888864107
52879871611
52873554114
52871944204
52882262263
52877508442
52891567829
52892751347
52885598308
52868436345
52877314459
52890675426
52887313322
52892261167
52887203285
52856335982
52870104001
52891944282
52878837895
52889855191
52890706034
52892137867
52877574671
52890563669
52890433183
52881362520
52895526219
52877146694
52858624170
52887313322
52889901414
52892751347
52874556198
52869643037
52865766804
52879863228
52890107080
52892558180
52887590917
52882035336
52889494832
52864326287
52884983174
52879752835
52890981780
52889132024
52884993968
52885407964
52890165130
52880651519
52884859422
52884732144
52885785014
52882559416
52838399728
52879308001
52890433183
52875702823
52887864750
52883163363
52890141058
52890601021
52872172819
52876396054
52858988726
52885966262
52891211986
52867477890
52884591766
52891214676
52882919778
52883758208
52890601021
52884764245
52886033864
52840298576
52888000581
52857730297
52874746650
52889290975
52893245477
52886882503
52890433183
52869587059
52879866218
52892281106
52892818071
52891211986
52891567829
52878890822
52890165130
52882403604
52889495063
52884993968
52886879395
52887009361
52893245477
52892133876
52874715802
52896106450
52876082672
52890133616
52890161078
52888527450
52886757176
52880089579
52870443254
52893749171
52884644614
52877862267
52877257022
52889200719
52888413601
52889495063
52882128775
52889857706
52855058766
52886402499
52862141561
52873812652
52875702823
52892293655
52861668726
52891778200
52877508442
52884592088
52886030250
52890666403
52888527450
52883800877
52858268944
52870721637
52891567829
52890913846
52874508575
52892218071
52890753175
52889495063
52880087863
52889242450
52884607942
52877151067
52889999403
52881553116
52887278658
52877739601
52886994866
52872394887
52890912380
52872036944
52879923918
52879741192
52876894251
52885598308
52884277911
52890289976
52882522261
52878443387
52891883363
52891883363
52889545578
52875489368
52892654755
52890563669
52887590917
52888230626
52886033864
52887871497
52892517798
52884736024
52871163098
52865907837
52881998447
52891211986
52888435251
52861993323
52875275475
52890313752
52886746828
52845762678
52882490160
52886666103
52889676200
52886926318
52862047360
52862595316
52891883363
52865907837
52887590917
52874715802
52890306363
52881906752
52891041870
52887729240
52863579175
52888291056
52884570273
52893966263
52876124381
52871805530
52863579175
52860783845
52885799129
52861226751
52891567829
52891928540
52891180530
52886926318
52874715802
52851200730
52888531175
52890863816
52890912380
52857012700
52890165130
52883032097
52875552409
52888796896
52893098620
52883482632
52883482632
52888037228
52890142606
52892751347
52891698700
52894783669
52869643037
52887429049
52886347435
52884628549
52887821475
52875702823
52891567829
52883611020
52892473279
52889200719
52873605429
52888864107
52887972165
52888026763
52889200719
52883234412
52885500178
52877327717
52889665309
52890057299
52881297097
52887590917
52855898456
52863273067
52877549956
52889666131
52891969863
52885598308
52861377893
52889972673
52884673035
52891883363
52884736024
52888688166
52880284949
52892751347
52884779473
52889889715
52891211986
52879700057
52889642413
52882919778
52889907550
52891041870
52893725841
52891567829
52891429830
52890706619
52888442640
52886994866
52885867125
52891546884
52887278658
52885260118
52883061432
52887026407
52888026763
52888455504
52873757662
52855532448
52870932135
52884993968
52882531168
52884934451
52838449700
52892818071
52887061856
52892818455
52892091767
52883062672
52884673035
52889843037
52891567829
52875888641
52881554009
52891820590
52883724551
52888865123
52888347180
52890601021
52881338310
52886585812
52886310023
52888864107
52857259693
52882123666
52888818185
52890142606
52883817813
52891960768
52883032387
52891883363
52865907837
52890313752
52869643037
52879226246
52890313752
52886892261
52893283835
52865501188
52884570273
52891567829
52852315759
52891567829
52893245477
52885326560
52877074069
52855532448
52889855191
52893036870
52866556588
52873526888
52884413117
52888316884
52874740207
52882919778
52868927218
52889248178
52884843909
52885815012
52893098620
52865907837
52885845147
52884277911
52882164391
52886801919
52878176648
52867357836
52891928540
52891546884
52888934603
52890213790
52884002164
52887436823
52849115149
52880971260
52890165130
52885867125
52886114462
52866556588
52881553116
52884830271
52883061432
52887026407
52879786185
52882531168
52863579175
52890141058
52885924961
52890601021
52881906752
52875275475
52877643117
52871132555
52890165130
52887307498
52857012700
52879782218
52887871497
52877683892
52883865853
52857461921
52858519009
52888734046
52883817813
52873052059
52888435251
52868217489
52885473839
52880339932
52874864159
52885816838
52886116811
52890313752
52886851255
52887061856
52886363115
52892011280
52863179557
52891883363
52889290249
52885799129
52891005967
52870036417
52886347435
52858268944
52886206412
52889907550
52888196445
52888865473
52888527450
52877937972
52881756564
52893245477
52890675426
52862368604
52889200719
52879227474
52886665457
52881518091
52886633953
52880668042
52890584025
52887125712
52891567829
52887590917
52880087863
52875552409
52885799129
52891567829
52855855555
52879700057
52883433161
52879118652
52887369556
52878760924
52883847382
52883516012
52786165331
52891211986
52875888641
52886637873
52886129896
52890584025
52878208807
52889049650
52861130403
52889384498
52865276432
52890790147
52875552409
52876127315
52884248948
52890584025
52888498813
52886391438
52892281106
52883817813
52851353379
52893036870
52891150394
52884642065
52882814478
52877549956
52882176118
52888334141
52863485082
52870096079
52887313322
52892751347
52889349967
52888015332
52891567829
52887225655
52893139341
52889242450
52876189605
52891928540
52877392363
52883704746
52889907550
52892975001
52890706034
52889615349
52886926318
52873490659
52878521686
52881712053
52884248948
52887871497
52887423740
52882563968
52889242450
52875834366
52887267513
52881756564
52887061856
52891214676
52891211986
52887590917
52890601021
52887590817
52890675426
52890164063
52887429049
52874508575
52879700057
52879923918
52877508442
52886667819
52890601021
52878217719
52891944282
52891318625
52884924295
52890776685
52884496658
52875888641
52883482632
52888196445
52891211986
52891567829
52891076798
52887267513
52890601021
52889855191
52875001786
52891332228
52879923918
52890141058
52884070547
52892751347
52886248265
52887036127
52884700809
52883797477
52883623138
52891883363
52891211986
52876124381
52886554903
52893245477
52873016994
52883061432
52890912380
52889132024
52886159108
52882176118
52883532218
52888726367
52889266054
52889265160
52876396054
52877794031
52892801441
52877257022
52881362520
52887026407
52889615349
52883234412
52892178489
52882262263
52858817496
52884656281
52850601521
52876127315
52882919778
52889855191
52882716340
52880089579
52884656281
52889031110
52852398748
52861179090
52887590917
52884592088
52863579175
52860623069
52885577591
52885785014
52890398822
52884993968
52889642413
52890141058
52886065611
52889855191
52893245477
52881121409
52887313322
52883753325
52889803761
52891664334
52887887351
52889676200
52852562604
52890691113
52879794748
52884673035
52890688865
52880101028
52862595316
52887307498
52877683892
52879794748
52878760924
52892818455
52891723817
52891929350
52883986431
52879802883
52884729143
52886633079
52891980403
52889242450
52883300225
52871944204
52891567829
52884592088
52865403486
52883945715
52881297097
52882262263
52870104001
52866161805
52889965110
52890776685
52881135748
52869069414
52884496658
52887871497
52871473425
52892935188
52874842871
52887590917
52878890822
52878443387
52885598308
52871821792
52882431334
52889196737
52876777035
52885500178
52891698700
52868217489
52871119471
52891928540
52860072750
52887643976
52875489368
52883758208
52860777115
52889546999
52882561669
52891211986
52886248265
52879041674
52880284949
52884410818
52888865123
52886926318
52889615349
52888865123
52869712369
52859475710
52893245477
52890675426
52890981780
52884854421
52875834366
52888026763
52877815317
52885556042
52893283835
52885710821
52880528196
52885207966
52891254500
52869583891
52883800482
52886996160
52887626676
52887864750
52887682401
52890540220
52884934451
52888524743
52892751347
52886904044
52883523014
52890133616
52880288933
52887871497
52865162767
52881518091
52853916914
52887423429
52876777035
52887408810
52886926318
52878760924
52892751347
52891567829
52883797477
52882033416
52882582535
52887408810
52880268540
52864304471
52890683531
52888867192
52892801441
52868217489
52884644614
52893098620
52882919778
52889083001
52893622412
52885177057
52885151153
52892751347
52891510115
52884993968
52890141058
52887423740
52882797554
52886239380
52890213253
52884673035
52875888641
52889965110
52890862278
52890142606
52889083001
52882876773
52892751347
52869760424
52887590917
52888406009
52884736024
52885915881
52884435898
52884592088
52890790147
52879613013
52891211986
52865276432
52879632502
52884673035
52884249446
52892177894
52879833411
52891567829
52871805530
52891980403
52870096079
52886675778
52891211986
52892818071
52881756564
52893283835
52891045864
52886239380
52892187114
52887871497
52856438714
52882563968
52886482199
52891214676
52885223671
52864382422
52887871497
52891861702
52890141058
52880971260
52884764245
52891211986
52876777035
52887408810
52890675426
52890539246
52892011280
52891297048
52888442640
52886246828
52882606300
52885061447
52861404984
52885290695
52890781625
52886666103
52871722424
52887429049
52886994866
52876396054
52889290975
52870443254
52868995555
52885085555
52878035714
52886490255
52892473279
52886533565
52884993968
52880399560
52862221886
52890790147
52891076798
52867477613
52885500178
52884277911
52890513463
52890706034
52888865123
52889654352
52876189605
52883991251
52891928540
52882531168
52887307498
52887429049
52890463280
52883061432
52875001786
52883699094
52880756858
52887423740
52890601021
52871002438
52889529928
52850353776
52889676200
52881800250
52871924807
52888347180
52883523014
52891329890
52880065373
52882797554
52888191460
52879752835
52867629124
52881514154
52870534370
52889907550
52890886327
52884736024
52885311338
52891045864
52891567829
52893245477
52865403486
52887368519
52884570273
52884478668
52891211986
52886391438
52879923918
52881237652
52886435777
52883146633
52883352375
52882515115
52884592088
52890141058
52882279664
52892818071
52890540220
52877508442
52870101802
52875250153
52891964109
52887313322
52885799129
52881025524
52882371201
52892256578
52884673035
52864704772
52883482632
52890896098
52890141058
52882919778
52886116811
52880624847
52869469143
52883061432
52870443254
52877314459
52884859422
52864989435
52877794031
52873937037
52888735928
52882010244
52882606300
52891698700
52884667370
52875451812
52887026407
52852562604
52892178489
52881849342
52892818455
52886926318
52891429830
52874842871
52871924807
52892765739
52888991355
52876143105
52887313322
52886435777
52886065611
52876143105
52888518923
52889718588
52891820590
52892517798
52894195761
52880284949
52891076798
52886275500
52883816406
52884779473
52890539246
52884538688
52888951263
52883133269
52884570273
52883532218
52892751347
52869373924
52885598308
52887026407
52889248178
52871119471
52887871497
52889706856
52892751347
52890683531
52890584025
52879417342
52883234412
52885935499
52880089579
52890584025
52890213790
52883482632
52886667819
52892137867
52867629124
52891980403
52880971260
52890913846
52880065373
52877146694
52873746918
52877992007
52892940030
52855134407
52888400498
52880101028
52871581062
52892751347
52893454799
52889132024
52880103929
52886746828
52874864159
52885500178
52891567829
52885935554
52888455504
52867477613
52891567829
52888527450
52875975874
52868995555
52885813195
52890141058
52867820357
52880284949
52891567829
52886746828
52889987380
52887026407
52870424756
52879195153
52883006522
52892207611
52887871497
52889391526
52852398748
52893245477
52878890822
52888926478
52893245477
52883300225
52884993968
52872536218
52891211986
52885458894
52890142606
52879866218
52886598725
52882716340
52888938921
52890540220
52883837133
52887176558
52881554009
52891106664
52887887351
52890876936
52876189605
52881297097
52881135748
52875834366
52884591766
52890540220
52887423429
52870443254
52882279664
52878585197
52893283835
52844967819
52890856023
52890763795
52887169632
52892737507
52881038335
52893283835
52888735928
52868399874
52887436823
52887972165
52882431334
52887122641
52886065611
52883800482
52883061432
52879308001
52886746828
52883516012
52875932910
52875797122
52893302319
52888387410
52876893907
52883704746
52893283835
52889529928
52886065611
52875797122
52887076092
52890073199
52885500178
52892818071
52867826785
52884843909
52890584025
52865501188
52850353776
52886533565
52880214923
52879741192
52873606112
52878825357
52884435898
52874770774
52889566995
52888531175
52887332504
52875975874
52887394925
52883796832
52876124381
52890913846
52883516012
52890306363
52891929350
52890912380
52884843909
52889565707
52844967819
52855662593
52886462314
52883163363
52891130784
52885473839
52883758208
52881412071
52850353776
52877757531
52882682063
52887313322
52867477613
52866640026
52890141058
52886995556
52889498706
52871970401
52889855191
52886851255
52892585864
52871314200
52890133616
52893168577
52876124381
52885242134
52890540220
52886492329
52876273660
52887864750
52890665463
52862047360
52870534370
52874740207
52877392363
52855751490
52888120757
52890981780
52883222105
52883847382
52882682063
52893283835
52886533565
52873606112
52889036634
52881338310
52888406009
52870721637
52890763795
52889907550
52891883363
52878825357
52885393195
52875054734
52890141058
52861377893
52886316184
52893048122
52885500178
52877332558
52883611020
52890584025
52889855191
52892751347
52862595316
52892049230
52886675778
52891567829
52890913846
52870721637
52877235920
52890913846
52883248660
52821795765
52888442640
52890400509
52887423429
52880868287
52888413601
52879778334
52888505912
52880562083
52884070547
52882301031
52890862278
52886307341
52890573118
52892818455
52890584025
52885590475
52889242450
52885115389
52880284949
52891573964
52891329890
52883817813
52871722424
52872395270
52885935554
52893283835
52890706034
52880971260
52879226246
52892751347
52891318625
52887029436
52885966262
52857929198
52880797007
52891114219
52883008984
52882666541
52885260118
52858157903
52872685625
52888026763
52887590917
52864382422
52884993968
52892818071
52889248178
52890776685
52879049973
52875889596
52883986431
52886679170
52879522340
52890133616
52883300742
52868217489
52882908284
52889615349
52886879395
52876189605
52885326560
52888735928
52887729240
52868995555
52889665309
52884168950
52860955908
52884464062
52891567829
52885813195
52882919778
52882975528
52889700399
52869583891
52887590917
52887026407
52891980403
52877332558
52869808150
52892472534
52892801290
52892517798
52864884428
52875698312
52891114219
52878443387
52850851999
52876777035
52888413601
52884854950
52889855191
52882522261
52886402499
52891883363
52883061432
52882602614
52888013674
52902049974
52877508442
52889901414
52871993307
52886665457
52870143087
52889718588
52888864107
52858406607
52889700399
52890529114
52887450885
52890449658
52890202301
52886316184
52880971260
52872036944
52883133269
52879752835
52871340915
52858157903
52889855191
52863823809
52878208807
52887750994
52882515115
52882561669
52877794031
52885590475
52887026407
52872754221
52884732144
52881274548
52884656281
52872239373
52884363482
52892137867
52890913846
52882262263
52888821069
52886774277
52878760924
52877257022
52891045864
52878513354
52885320886
52887434126
52893283835
52885320886
52877146694
52880178514
52886449167
52882561669
52892751347
52888712314
52885144090
52890717417
52890912380
52882262263
52879049973
52884854421
52886996160
52883248660
52886851255
52889242450
52880562083
52889196737
52881274548
52890165130
52893283835
52880214923
52874113349
52890981780
52883208835
52878018224
52838489197
52889060469
52888778691
52890691113
52850851999
52890165130
52887026407
52886598725
52889615349
52862595316
52870179077
52890736691
52886882503
52890862278
52878443387
52887307498
52864293007
52889132024
52872444114
52891567829
52883188516
52892751347
52886330455
52890601021
52890913846
52885597939
52891211986
52891929350
52890601021
52892751347
52888013674
52890825479
52888196445
52888387410
52855662593
52890584025
52882703206
52882279664
52888281490
52874740207
52881338310
52871114237
52886996160
52885845147
52885597939
52884993968
52886746828
52892751347
52884644614
52889907550
52875305851
52892818071
52886994866
52891567829
52848452553
52875702823
52882737772
52882164391
52888818185
52886666103
52883817813
52878240856
52872536218
52891807509
52887682401
52884496658
52885311338
52887643976
52883241015
52893098620
52886310023
52876777035
52895502511
52891041870
52882531168
52888291056
52889132024
52886778806
52878080267
52888013674
52891211986
52889498706
52890683531
52886209806
52889543794
52890753175
52885966262
52867629124
52885144161
52868083821
52886882503
52879866218
52871581062
52892256578
52885993368
52888793116
52871622961
52889676200
52891883363
52880339932
52882515115
52865492953
52885577591
52888793116
52866556588
52883433161
52887127215
52883837133
52890313752
52877233327
52871622961
52882509734
52892667701
52885966262
52884248948
52882479554
52892177894
52888865123
52887987308
52864326287
52891211986
52891510293
52888026763
52887434126
52867040457
52892751347
52870921390
52881800250
52887450885
52880414016
52876884222
52890601021
52887429049
52886882503
52890706034
52875131197
52891567829
52871163098
52883890198
52882389460
52884854421
52887332504
52883991251
52883837133
52889494832
52887972165
52887125712
52890573118
52890951090
52887392300
52883899089
52877574671
52887222056
52877235920
52887423429
52885598308
52889265160
52889422210
52877392363
52892751347
52887026407
52852791359
52884924295
52882682063
52888651885
52872395270
52885598308
52882015558
52888152888
52886257969
52880065373
52861025528
52887436823
52887189157
52888013674
52884607942
52890584025
52882666541
52875749351
52884476120
52880528196
52893283835
52856438714
52881712053
52873757662
52893245477
52876396054
52887394925
52883062672
52887127215
52879091561
52887889466
52882262263
52882916226
52889907550
52887434126
52876189605
52891820590
52890913846
52889478607
52891980403
52887871497
52888013674
52881362520
52893245477
52884496658
52871002386
52887307498
52888191460
52876396054
52891567829
52865492953
52876777035
52884673035
52892137867
52873324968
52885115389
52876396054
52890576143
52891567829
52890675426
52885588520
52881577045
52889248178
52855058766
52876850958
52873526888
52882703206
52881412071
52881297097
52871559987
52883120147
52887641782
52886330455
52881326929
52867357836
52859714078
52881727266
52859714078
52888017335
52884753548
52891493261
52891567829
52878663653
52891567829
52870424756
52865276432
52889654352
52891150394
52887972165
52874115637
52876102180
52882919778
52879752835
52879632502
52872704915
52875489368
52883146633
52888818185
52870178004
52892289083
52881105737
52872754221
52889297276
52879700057
52890675426
52882559416
52863579175
52879402714
52879115589
52886257969
52886801919
52892751347
52885577591
52889200719
52880393694
52855058766
52889571540
52880562083
52887140799
52890313752
52889676200
52889931527
52889615349
52872065930
52891254677
52889855191
52889615349
52837922170
52852929749
52889566995
52857730297
52887590917
52888827833
52882919778
52890107080
52858988726
52889758115
52890573118
52872172819
52889431467
52882262263
52889615349
52891045864
52881849342
52890141058
52873526888
52890601021
52884993968
52869469143
52884015845
52889889715
52889102037
52886679170
52872685625
52884277911
52887005008
52892751347
52886994866
52891928540
52879068641
52875853161
52881412071
52892751347
52867629124
52879226246
52885867125
52890981780
52876850958
52892818071
52890336130
52867442989
52884002164
52886994866
52882164391
52892935188
52886585812
52890912380
52890601021
52888442640
52889265160
52861993323
52891567829
52891076798
52885115389
52889706856
52869069414
52886715996
52848469512
52892137867
52866197661
52880065373
52885799129
52885785014
52883482632
52888881702
52892091767
52886926318
52889665309
52891820590
52890781625
52886802294
52891041870
52849115149
52892011280
52892385552
52880756858
52890313752
52891045864
52890141058
52885685773
52890912380
52891567829
52884496658
52887590817
52879802883
52889047310
52886746828
52886116811
52786165331
52892751347
52848458777
52888013674
52876127315
52884564989
52883817813
52887887351
52885845214
52878443387
52887408810
52885395582
52885389066
52853700208
52891567829
52888527450
52868263526
52893283835
52871944204
52888951263
52871944204
52877257022
52886802294
52886127829
52892420435
52859475710
52872754221
52885393195
52877327717
52879402714
52882682063
52875942330
52881338310
52870179077
52862595316
52868927218
52891076798
52853916914
52885886354
52882876773
52877323816
52884249446
52886129896
52886402499
52887887351
52882522261
52855257906
52877257022
52878031966
52885924961
52887729240
52890665463
52889907550
52883244302
52846669389
52884983174
52858988726
52891132406
52884410818
52879691402
52869373924
52871559987
52891928540
52890576143
52884736024
52891851152
52890706619
52891567829
52891211986
52892751347
52885080721
52877257022
52850851999
52887313322
52878760924
52889889715
52786165331
52880528196
52883482632
52891883363
52891964109
52855134407
52886892261
52872961179
52848469512
52889495063
52855898456
52882509734
52891567829
52876850958
52873746918
52886746828
52888793116
52889070155
52851353379
52875702823
52872025720
52887887351
52872036944
52874508575
52893245477
52887408810
52872036944
52822333026
52873547471
52879278890
52870534370
52887026407
52885177057
52888196445
52872191225
52893163133
52891297048
52863823809
52892558180
52879786185
52890133616
52890142606
52877233327
52887307498
52890165130
52873526888
52890141058
52882984806
52886906420
52891429830
52883222105
52883061432
52887076092
52892177894
52889676200
52890161078
52882531168
52890165130
52888838848
52887423429
52890584025
52879226246
52889666131
52880178514
52876124381
52886904044
52889676200
52889200719
52872803511
52886129896
52890165130
52887061856
52878837895
52884591766
52880792971
52879802883
52882975528
52889248178
52889566995
52875205574
52885061447
52855751490
52880268540
52890584025
52883753325
52889615349
52891928540
52879866218
52867442989
52893245477
52880651519
52861377893
52883718226
52891318625
52891076798
52887125712
52891211986
52892391576
52891096972
52891045864
52886275500
52888230626
52867357836
52877257022
52862958528
52893245477
52882035336
52870424756
52891928540
52885907384
52883611020
52891567829
52886679170
52883899089
52887643976
52882559416
52891820590
52862157475
52877794031
52887213337
52885815012
52889855191
52880074428
52884570273
52891738502
52889901414
52886637873
52894149400
52886746828
52883523014
52887436823
52871970401
52884476120
52876396054
52890165130
52877983279
52880398769
52877992007
52887151743
52879866218
52878915465
52880797007
52891578522
52884592088
52890569220
52881362520
52879923918
52885677831
52886744652
52885992581
52890142606
52875054734
52887307498
52891211986
52893283835
52888712314
52882531168
52891567829
52890165130
52885177057
52885867125
52887222056
52889446750
52877323816
52868199761
52890165130
52884673035
52890912380
52885590475
52886246828
52886926318
52891567829
52889676200
52882561669
52886851255
52877937972
52867863550
52862595316
52890213790
52890584025
52887429049
52882479554
52888772490
52889335518
52880089579
52889242450
52880075118
52889543794
52870921390
52878825357
52879514274
52874113349
52881274548
52875131197
52891883363
52880180737
52888583442
52890141058
52890338013
52889615349
52887332504
52890706034
52861993323
52889034028
52886402499
52891510293
52883623138
52883991251
52887069364
52880243262
52885815012
52882572842
52882572842
52879632502
52887222056
52868083821
52865276432
52890601021
52867477613
52891567829
52891429830
52883516012
52889290249
52883241015
52882582535
52877213617
52872961179
52879308001
52853916914
52871944301
52880971260
52882033416
52882919778
52890564186
52889665309
52884478668
52889654352
52892751347
52877203461
52878018224
52878890822
52889965110
52889495063
52884279856
52884644614
52887641782
52875853161
52886287562
52892420435
52883133269
52891101615
52875305851
52871821792
52884476120
52884168950
52891132406
52892818071
52890416303
52867074295
52892818071
52884983174
52870528242
52881763133
52887871497
52889987380
52881800250
52865527688
52872536218
52890602292
52866640026
52886533565
52885759808
52883865853
52892751347
52882559416
52893245477
52878986177
52890141058
52891176193
52865162767
52884993968
52892818071
52892751347
52885959700
52875975874
52886129896
52885799129
52890675426
52888046362
52883482632
52890416303
52885993368
52883890198
52879278890
52891567829
52877392363
52886239380
52891410899
52873432924
52880178514
52870096079
52890165130
52891329890
52886609658
52882876773
52892137867
52887664920
52888230626
52886879395
52891883363
52880393694
52877992007
52878583791
52877332558
52872536218
52880792971
52891567829
52887423429
52884279856
52881723521
52851353379
52890790147
52892751347
52885473839
52868436345
52860620195
52876894251
52884564989
52881577045
52887423740
52887429049
52890675426
52882666541
52888435251
52872395270
52891778200
52891510115
52886637873
52880103929
52880268540
52863179557
52887076092
52887864750
52889615349
52885188228
52890230752
52848458777
52889242450
52874508575
52852315759
52884673035
52890601021
52879041674
52886882503
52885407964
52892751347
52886598725
52840295794
52885966262
52883523014
52875749351
52873526888
52888013674
52889495063
52880788457
52878760924
52893544548
52884993968
52885080721
52867477613
52878828712
52889349967
52880214923
52891211986
52891883363
52882176118
52863273067
52882682063
52893245477
52887682401
52853916914
52886994866
52878851694
52886206412
52884854421
52875950852
52879227474
52889855191
52874616016
52885813195
52869712369
52889615349
52884656281
52880509059
52890141058
52889070155
52887026407
52885598308
52890569220
52893283835
52887436823
52880562083
52890913846
52887423429
52890165130
52882703206
52876273660
52878189007
52886882503
52891211986
52877757531
52889495063
52882975528
52890601021
52870104001
52890491992
52886926318
52883753325
52872025720
52886534958
52879778334
52887864750
52888196445
52873547471
52891820590
52891211986
52891045864
52879514274
52865367788
52881162812
52890790147
52871805530
52862157475
52891661114
52886030250
52888735928
52891567829
52882015558
52881297097
52861377893
52886378952
52878585197
52886802294
52891211986
52879691402
52887061856
52887462158
52888827833
52875489368
52881067948
52880243262
52891567829
52884673035
52887423740
52848564325
52893283835
52859677555
52883923973
52879115589
52882682063
52890161078
52887307498
52889248178
52885144090
52885815012
52870424756
52888865123
52877643117
52881274548
52885588520
52889907550
52878828712
52889571540
52866161805
52855058766
52888793116
52890142606
52868292053
52886030250
52863947942
52862865360
52889844011
52879394492
52887590917
52877992007
52887664920
52864817842
52883241015
52893283835
52891883363
52877327717
52873432924
52852398748
52886257969
52889571540
52890313752
52889049650
52871473425
52886173234
52876850958
52886996160
52884744462
52884673035
52872394887
52887125712
52889335518
52876377483
52883352375
52891814073
52882479554
52867431369
52887643976
52877327717
52892751347
52873490659
52864046701
52883218468
52891567829
52889782794
52885590475
52890675426
52891106664
52869286252
52884573231
52884993968
52877074069
52879519859
52873937037
52865367788
52888952040
52866556588
52880284949
52893245477
52887276238
52872065930
52884644614
52886360194
52873490659
52881362520
52868927218
52882431334
52891567829
52883796053
52890449658
52892558180
52862221886
52877332558
52891567829
52878189007
52875902978
52878828712
52890133616
52891076798
52887423429
52870178004
52879927572
52863579175
52860072750
52890601021
52884476120
52856335982
52888013674
52880089579
52891944282
52877392363
52883456335
52881338310
52888527450
52891820590
52884015845
52880074428
52881189419
52882563968
52884607942
52886563965
52881712053
52889999403
52882522261
52859677555
52882431334
52888827833
52891045864
52881518091
52882582535
52892207611
52891567829
52883800877
52887222056
52879514274
52875275475
52881514154
52890573118
52886893565
52889855191
52868927218
52884736024
52890601021
52889735545
52890213790
52889855191
52893962022
52887423429
52882975528
52887436823
52889844011
52884594863
52876850958
52890675426
52880089579
52870171595
52890165130
52875932910
52888735928
52867863550
52883986431
52877643117
52844967819
52892091767
52862595316
52848564325
52890694188
52882531168
52887125712
52884993968
52886196042
52870178004
52870101802
52877901339
52892751347
52877508442
52867629124
52862595316
52883661991
52885144161
52883456335
52890161078
52889571540
52873016994
52883797477
52886554903
52878531686
52862368604
52881849342
52890165130
52893245477
52876777035
52890601021
52882033416
52889106402
52868462746
52891851152
52885845214
52882522261
52874770774
52884478668
52863579175
52890601021
52886129896
52893245477
52884830271
52891429830
52892344642
52869643037
52881718366
52881362520
52879923918
52821795765
52864046701
52892975001
52891567829
52884015845
52887590917
52884435898
52869373924
52878240856
52875975874
52890165130
52887871497
52887423740
52885174429
52885311338
52883661991
52865766804
52887026407
52868217489
52889615349
52890161078
52889855191
52884075057
52888258476
52890141058
52882975528
52883817813
52877392363
52887729240
52890400509
52890491992
52873606112
52884830271
52885598308
52880393694
52891510293
52849115149
52871114237
52888527450
52881178677
52889060469
52891045864
52879786185
52889965110
52890400509
52882164391
52864304471
52892215917
52892507795
52885085555
52891045864
52863273067
52874770774
52889036634
52865367788
52861130403
52880792971
52879752835
52877332558
52891567829
52884843909
52889855191
52881297097
52875902978
52874616016
52880101028
52884607942
52892765739
52886534958
52883797477
52877257022
52887871497
52871163098
52877794031
52888043183
52891520216
52862157475
52865653972
52880756858
52889242450
52881025524
52884570273
52891076798
52881884476
52887729240
52889495063
52863579175
52884779473
52889495063
52876652103
52880288933
52884476120
52892137867
52891318625
52873554114
52884884935
52884570273
52858906554
52888864107
52877845669
52891510115
52893283835
52891329890
52884594863
52881723521
52894195350
52863579175
52883456335
52857363343
52871168616
52887972165
52887125712
52887470875
52876850958
52888191460
52880882784
52890665463
52884700809
52875131197
52891211986
52884591766
52886053528
52853916914
52890601021
52890230752
52875745149
52879786185
52867484823
52879632502
52857929198
52886129896
52891567829
52889349967
52866332255
52883724551
52890790147
52867484823
52887125712
52885813195
52886492329
52884993968
52885389066
52870143087
52890573118
52890047274
52870932135
52890913846
52887176558
52883986431
52863288977
52893283835
52888152888
52891211986
52884898598
52889999403
52883248660
52887590917
52883516012
52890404225
52866332255
52891211986
52881514154
52880279948
52887606767
52863579175
52884564989
52890913846
52884342897
52852398748
52886378952
52887036127
52882311544
52890694188
52886703499
52892751347
52886065611
52884993968
52871002438
52887429049
52888818185
52876652103
52890188042
52889112465
52890251595
52887009361
52887026407
52867820357
52889615349
52875305851
52890675426
52890463280
52869373924
52890601021
52886996160
52883704746
52884496658
52891567829
52888991355
52889665309
52866205255
52879308001
52880087863
52887864750
52885935554
52867477613
52889615349
52880201843
52880347890
52890165130
52879752835
52892187114
52876850958
52888230626
52891041870
52880284949
52883482632
52886778806
52879866218
52891944282
52885500178
52889987380
52891929350
52883817813
52893966263
52872239373
52871340915
52873812652
52882432156
52891281349
52880065373
52892654755
52891928540
52884854421
52891211986
52885458894
52887423429
52888291056
52890165130
52892137867
52877535311
52863579175
52889242450
52890306363
52863485082
52850106593
52882934126
52876777035
52890073199
52879226246
52892751347
52892751347
52889297276
52889543794
52888734046
52888531175
52886695216
52874891508
52886239380
52888406009
52888043183
52892137867
52886554903
52891076798
52890944279
52892293655
52883724551
52893514771
52887423740
52890573118
52888527450
52887313322
52892751347
52887450885
52874740207
52889718588
52891928540
52875451812
52888865123
52891861702
52886749551
52892751347
52889242450
52861226751
52891211986
52880089579
