64186409
64186351
64186534
64186401
64186409
64186387
64186401
64186409
64186387
64186473
64186351
64186473
64186401
64186401
64186351
64186351
64186387
64186351
64186351
64186401
64186401
64186389
64186351
64186387
64186409
64186473
64186387
64186387
64186351
64186351
64186401
64186351
64186827
64186401
64186409
64188094
64186527
64186401
64186351
64186351
64186351
64186401
64186527
64186401
64186409
64186387
64186401
64186627
64186387
64186401
64186401
64186351
64186401
64186387
64186387
64186401
64186436
64186409
64186401
64186409
64186473
64186853
64186401
64186401
64186401
64186401
64186401
64186351
64186527
64186351
64186387
64186527
64186351
64189800
64186401
64186351
64186409
64186351
64186351
64186401
64186351
64186351
64186351
64186389
64186401
64186930
64186693
64186387
64186387
64186401
64186351
64186534
64186387
64186351
64186401
64186409
64186401
64186401
64186387
64186527
64186409
64186401
64186401
64186598
64186351
64186387
64186351
64186401
64186387
64186401
64186387
64186401
64186387
64186409
64186473
64186351
64186401
64186351
64186387
64186351
64186351
64186401
64186527
64186401
64186409
64186409
64186351
64186409
64186473
64186351
64186409
64186401
64186827
64186409
64186582
64186351
64186401
64186409
64186887
64186387
64186807
64186401
64186351
64186351
64186387
64186627
64186828
64186853
64186387
64186401
64186527
64186387
64186527
64186598
64186401
64186387
64186351
64186387
64186387
64186527
64186401
64186473
64186387
64186716
64186387
64186401
64186409
64186409
64186401
64186853
64186409
64186409
64186351
64186409
64186401
64186389
64186401
64186436
64186351
64187108
64186401
64186409
64186351
64186527
64186827
64186409
64186401
64186713
64186527
64186401
64186351
64186387
64186401
64186526
64186436
64186351
64186401
64186811
64186401
64186351
64186401
64186409
64186853
64186387
64186526
64186401
64186473
64186534
64186387
64186387
64186401
64186526
64186598
64186401
64186401
64186409
64186387
64186351
64186401
64186643
64186409
64186387
64186401
64186409
64186351
64186351
64186387
64186401
64186409
64186409
64186811
64186351
64186526
64186401
64186401
64186401
64186409
64186387
64186387
64186387
64186351
64186811
64186401
64186401
64186351
64186387
64186387
64186387
64186401
64186473
64186387
64186387
64186436
64186853
64186351
64186351
64186401
64186351
64186811
64186401
64186401
64186387
64186409
64186409
64186401
64186401
64186351
64186387
64186436
64186401
64186734
64186409
64186387
64186387
64186351
64186409
64186527
64186401
64186409
64186401
64186598
64186409
64186827
64186409
64186351
64186473
64186351
64186811
64186351
64186387
64186401
64186409
64186401
64186351
64186387
64186401
64186351
64186401
64186401
64186351
64186473
64186351
64186402
64186351
64186409
64186401
64186716
64186526
64186401
64186351
64186401
64186409
64186351
64186387
64186401
64186401
64186409
64186409
64186351
64186387
64186887
64186351
64187559
64186401
64186401
64186409
64186401
64186477
64186409
64186351
64186409
64186401
64186351
64186351
64186387
64186351
64186401
64186436
64186387
64186533
64186401
64186387
64186387
64186351
64186387
64186387
64186387
64186409
64186876
64186387
64186401
64186527
64186409
64186409
64186409
64186409
64186387
64186351
64186351
64186389
64186527
64186627
64186473
64186401
64186527
64186351
64186387
64186526
64186401
64186387
64186401
64186477
64186401
64186401
64186387
64186401
64186387
64186811
64186533
64186387
64186351
64186409
64186401
64186409
64186387
64186401
64186351
64186978
64186351
64186598
64186387
64186582
64186387
64186401
64186401
64186351
64192132
64186401
64186401
64186387
64186387
64186853
64186401
64186527
64186387
64186401
64186409
64186401
64186527
64186401
64190829
64186351
64186351
64186387
64186351
64186401
64186401
64186720
64186409
64186409
64186409
64186409
64186387
64186409
64186401
64186351
64186387
64186401
64186473
64186387
64186351
64186527
64186387
64186409
64186409
64186526
64186401
64186387
64186598
64186409
64186387
64186351
64186526
64186401
64186351
64186387
64186409
64186409
64186401
64186351
64186401
64186351
64186473
64186526
64186387
64186351
64186351
64186401
64186351
64186401
64186387
64186351
64186351
64186387
64186409
64186402
64186387
64186409
64186387
64186598
64186401
64186720
64186401
64186387
64186409
64186387
64186853
64186409
64186351
64186387
64186351
64186409
64186409
64186401
64186401
64186387
64186387
64186387
64186401
64186351
64186351
64186436
64186351
64186693
64186409
64186527
64186436
64186409
64186401
64186351
64186351
64186582
64186401
64186627
64186387
64186401
64186409
64186401
64186387
64186401
64186409
64186401
64186409
64186401
64186387
64186409
64186409
64186401
64186351
64186351
64186401
64186401
64186351
64186409
64186387
64186389
64186409
64187540
64186387
64186401
64186351
64186409
64186473
64186387
64186351
64186598
64186401
64186702
64186853
64186387
64186387
64186473
64186409
64187983
64186351
64186401
64186401
64186387
64186527
64186351
64186401
64186351
64186401
64186527
64186351
64186351
64186409
64186387
64186401
64186351
64186401
64186477
64186351
64186401
64186527
64186527
64186387
64186627
64186351
64186401
64186351
64186351
64186527
64186387
64186409
64186351
64186387
64186401
64186811
64186887
64186401
64186582
64186387
64186351
64186387
64186351
64186351
64186527
64186409
64186351
64186401
64186401
64186401
64186409
64186351
64186387
64186409
64186409
64186351
64186401
64186351
64186409
64186527
64186401
64186387
64186827
64186351
64186387
64186401
64186409
64186409
64186409
64186401
64186351
64186401
64186401
64186351
64186401
64186436
64186387
64187171
64186387
64186693
64186387
64186351
64186401
64186351
64186401
64186387
64186351
64186473
64187284
64186409
64186387
64186351
64186627
64186409
64186401
64186387
64186351
64186387
64186351
64186401
64186401
64191848
64186401
64186351
64186387
64186401
64186387
64186351
64186387
64186527
64186401
64186401
64186811
64186401
64186811
64189035
64186811
64186436
64186351
64186401
64186387
64186527
64186401
64186401
64186387
64186387
64186351
64186351
64186827
64186401
64186401
64186351
64186401
64186734
64186351
64186351
64186351
64186526
64186409
64186351
64186409
64186436
64186401
64186401
64186351
64186811
64186387
64186401
64186387
64186351
64186401
64186582
64186401
64186436
64186876
64186387
64186351
64186409
64186409
64186351
64186351
64186351
64186720
64186436
64186582
64186401
64186716
64186351
64186387
64186409
64187284
64186351
64186401
64186387
64186387
64186351
64186401
64186409
64186401
64186387
64186351
64186387
64186387
64186351
64186401
64186409
64186527
64186351
64186527
64186351
64186401
64186351
64186401
64186351
64186351
64186387
64186409
64186887
64186827
64186351
64186527
64186351
64186527
64186827
64186401
64187874
64186351
64186401
64186387
64186401
64186401
64186387
64186351
64186409
64186409
64188665
64186387
64186387
64186582
64186351
64186351
64186401
64186401
64187360
64186401
64186387
64186351
64186351
64186409
64186526
64186351
64186351
64186928
64186477
64186387
64186387
64186401
64190057
64186409
64186527
64186409
64186387
64186387
64186387
64186387
64186387
64186401
64186401
64186401
64186716
64186387
64186351
64186401
64186351
64186351
64186409
64186401
64186387
64186409
64186387
64186351
64187187
64186387
64186387
64186387
64186351
64186401
64186401
64186351
64186409
64186401
64186401
64187878
64186351
64186401
64186409
64186387
64186401
64186527
64186409
64186351
64186387
64186436
64186387
64186401
64186526
64186811
64186526
64186387
64186387
64186853
64186401
64186997
64186477
64186409
64186387
64186387
64186436
64186351
64186534
64186716
64186409
64186351
64186409
64186401
64186387
64186713
64186351
64186351
64186351
64186387
64186401
64186401
64186527
64186401
64186402
64186409
64186401
64186351
64186527
64186401
64186351
64186409
64186387
64186401
64186351
64186351
64186387
64186387
64186527
64186409
64186812
64186527
64186351
64186409
64186409
64186401
64186387
64186351
64186387
64186387
64186387
64186351
64186828
64186473
64186409
64186693
64186387
64186387
64186527
64186582
64186351
64186387
64186401
64186351
64186387
64186401
64186401
64186401
64186811
64186473
64186387
64186978
64186387
64186401
64186527
64186401
64186401
64186351
64186968
64186526
64186387
64186387
64186409
64186351
64186351
64186693
64186401
64186409
64186387
64186387
64189035
64186401
64186828
64186351
64186582
64186387
64186387
64186827
64186930
64186401
64186351
64186387
64186598
64186401
64186401
64186351
64186401
64186716
64186401
64186351
64188590
64186351
64186527
64186527
64186401
64186351
64186387
64186409
64186409
64186401
64191364
64186351
64186351
64186387
64186409
64186351
64186401
64186387
64186401
64186409
64186351
64186351
64186401
64186827
64186401
64186401
64186387
64186401
64186401
64186401
64186716
64186401
64186401
64186387
64186387
64186401
64186387
64186351
64186351
64186401
64186351
64186387
64186720
64186627
64186527
64186477
64186387
64186526
64186401
64186401
64186853
64186387
64186527
64186436
64186351
64186527
64186387
64186351
64186401
64186716
64186436
64186627
64186351
64186351
64186527
64186401
64186693
64186351
64186409
64186401
64186351
64186351
64186526
64189039
64186401
64187171
64186401
64186387
64186389
64186351
64186473
64186409
64186387
64186387
64186387
64186401
64186409
64186401
64186401
64186387
64186351
64186401
64186387
64186401
64186436
64186351
64186351
64186409
64186716
64186401
64186436
64186351
64186387
64186401
64186527
64186401
64186527
64186401
64186734
64186401
64186401
64186526
64186477
64186401
64186936
64186473
64186387
64186387
64186401
64186401
64186351
64186527
64186387
64186387
64186409
64186387
64186351
64187400
64186401
64186351
64186401
64186387
64186351
64186351
64186401
64186409
64186401
64186387
64186401
64186473
64186351
64186401
64186387
64186409
64186582
64186401
64186387
64186387
64186387
64186351
64186387
64186387
64186401
64186401
64186387
64186387
64187243
64187243
64186473
64186401
64186387
64186534
64186351
64186401
64186387
64186351
64186401
64186387
64186401
64186351
64186401
64186968
64186401
64186387
64186598
64186401
64186387
64186387
64186401
64186409
64186401
64186387
64186387
64186387
64186387
64186351
64186387
64186401
64186627
64186527
64186401
64186853
64186409
64186351
64186351
64186582
64186351
64186351
64186387
64186401
64186401
64186401
64186387
64186526
64186387
64186526
64186401
64186627
64186436
64186401
64186401
64186827
64186387
64186473
64186401
64186401
64186351
64186527
64186387
64186401
64186401
64186387
64186409
64186387
64186401
64186409
64186401
64186887
64186473
64186351
64186351
64186409
64186598
64186409
64186351
64186351
64186527
64186401
64186387
64186351
64186807
64186401
64186387
64186409
64186401
64186473
64186526
64186527
64186351
64186409
64186401
64186401
64188665
64186351
64186387
64186387
64186409
64187284
64186598
64186527
64186351
64186387
64186401
64186351
64186876
64186351
64186351
64186401
64186351
64186387
64186436
64186409
64186351
64186351
64186351
64186351
64186387
64186401
64186401
64186409
64186526
64186473
64186409
64186387
64186409
64186351
64186401
64186409
64186828
64186351
64186387
64186409
64186387
64186351
64186387
64186598
64186527
64186409
64186401
64186387
64186409
64186351
64186811
64186401
64186387
64186409
64186351
64186436
64186351
64186409
64186401
64186401
64186351
64186409
64186401
64186401
64186401
64186409
64186473
64186409
64186401
64186387
64186582
64186351
64186387
64186533
64186409
64186807
64186351
64186351
64186527
64186409
64186387
64186473
64186351
64186627
64186387
64186401
64186351
64186409
64186401
64186436
64186401
64186387
64186401
64186351
64186351
64186627
64186387
64186387
64186401
64186387
64186351
64186401
64186401
64186387
64186526
64186409
64186351
64186387
64186387
64186351
64186401
64186387
64186351
64186716
64186351
64186409
64186387
64186401
64186387
64186387
64186387
64186351
64187243
64186351
64186387
64186351
64186387
64186401
64186351
64186351
64186401
64186387
64186351
64186401
64186401
64186401
64186401
64186409
64186351
64186401
64186387
64186811
64187243
64186387
64186351
64186827
64186409
64186527
64186409
64186387
64186387
64186828
64186387
64186401
64186351
64186387
64186527
64186401
64186351
64201146
64186351
64186351
64186409
64186401
64186401
64186387
64186387
64186401
64186387
64186351
64186401
64186409
64186351
64186387
64186401
64186582
64186409
64186436
64186351
64186387
64186401
64186351
64186401
64186387
64186401
64186693
64186401
64186387
64186401
64186401
64186387
64186401
64186387
64186351
64186387
64186351
64186351
64186598
64186401
64186401
64186387
64186351
64186351
64186409
64186401
64186401
64186387
64186598
64186351
64186387
64186351
64186693
64186387
64186351
64186401
64186527
64186401
64186387
64186387
64186387
64186351
64186387
64186526
64186401
64186351
64186627
64186401
64186473
64186527
64186351
64186351
64186387
64186387
64186401
64186401
64186387
64186401
64186351
64186436
64186402
64186527
64186401
64186351
64186436
64186401
64186387
64186401
64186527
64186436
64186351
64186387
64186401
64186401
64186387
64186387
64186473
64186409
64186387
64186401
64186973
64186409
64186351
64186409
64186387
64186351
64186526
64186473
64186526
64186401
64193859
64186409
64186387
64186387
64188011
64186409
64186387
64186582
64186351
64186401
64186351
64186527
64186734
64186401
64186387
64186527
64186351
64186401
64186409
64186351
64186527
64186401
64186401
64186401
64186401
64186387
64186598
64186351
64186387
64186351
64186351
64186811
64186401
64186387
64187360
64186351
64186401
64186527
64186409
64186351
64186401
64186401
64187843
64186401
64186351
64186582
64186401
64186351
64186401
64187171
64186401
64186387
64186401
64186387
64186409
64186351
64186401
64186409
64186351
64187400
64186401
64186401
64186387
64186401
64186401
64186409
64186351
64186351
64186409
64186409
64186401
64186409
64186527
64186351
64186387
64186811
64187108
64186401
64186351
64186351
64186473
64186387
64186401
64186387
64186527
64186387
64186409
64186351
64186527
64186387
64186527
64186401
64186409
64186436
64186351
64186811
64186387
64186409
64186351
64186401
64186401
64186387
64186401
64186973
64186401
64186409
64187243
64186827
64186401
64186387
64186401
64186409
64186401
64186401
64186351
64186401
64186351
64186387
64186387
64186351
64186351
64186387
64186477
64186401
64186409
64186387
64186409
64186351
64186436
64186401
64186351
64186401
64186351
64186401
64186351
64186401
64186828
64186526
64186409
64186527
64186351
64186436
64186387
64186716
64186402
64186409
64186401
64186387
64186387
64186401
64186387
64186713
64186409
64186387
64186351
64186387
64186387
64186387
64186401
64186387
64186387
64186387
64186526
64186401
64204038
64186387
64186351
64186409
64186351
64186387
64186387
64186387
64186401
64186409
64186387
64186409
64186387
64187360
64186401
64186387
64189862
64186387
64186401
64186401
64186401
64186401
64186409
64186401
64186387
64186526
64186401
64186409
64186811
64186387
64188665
64186401
64186401
64186401
64186351
64186387
64186389
64186811
64186351
64186351
64186401
64186827
64186853
64186387
64186401
64186401
64186401
64186401
64186409
64186351
64186828
64186409
64186409
64186351
64186387
64186401
64186887
64186351
64186527
64186401
64186351
64186409
64186387
64186401
64186401
64186401
64186401
64186387
64186387
64186409
64186387
64186387
64186387
64186387
64186351
64186409
64186387
64186401
64186401
64186351
64186387
64186401
64186401
64186401
64186351
64186598
64186401
64186387
64186968
64186387
64186401
64186409
64186401
64186387
64186387
64186401
64186387
64188150
64186409
64187400
64186387
64186351
64189412
64186409
64186853
64186401
64186526
64186876
64186387
64187909
64186387
64186436
64186409
64186351
64186387
64186351
64186387
64186811
64186387
64186387
64186401
64186401
64186401
64186409
64186473
64186401
64186409
64186351
64186351
64186526
64186351
64186409
64186401
64186387
64186387
64186401
64186351
64186436
64186401
64186401
64186351
64186387
64186401
64186351
64186401
64186473
64186527
64186387
64186409
64186409
64187108
64186351
64186351
64186351
64186351
64186526
64186387
64186409
64186351
64186387
64186351
64186436
64186387
64186409
64186409
64186409
64186387
64186401
64186409
64186351
64186409
64186401
64186387
64186351
64186409
64186582
64186387
64186351
64186401
64186401
64186387
64186473
64186409
64186527
64186351
64186351
64186401
64186627
64186401
64186409
64186351
64186693
64186387
64186387
64186401
64186351
64186387
64186401
64186582
64186401
64186401
64186401
64186436
64186351
64186351
64186409
64197166
64186351
64186351
64186527
64186351
64186401
64186387
64186716
64186401
64186351
64186351
64186351
64186351
64186409
64186526
64186477
64186409
64186387
64186409
64186812
64186401
64186387
64186401
64186387
64186409
64186401
64186387
64186473
64186387
64186387
64186351
64186401
64186527
64186401
64186351
64186526
64186387
64186473
64186387
64186387
64186387
64186527
64186527
64186713
64186409
64186401
64186351
64186401
64186401
64186401
64186401
64186351
64186387
64186409
64186409
64186401
64186401
64186387
64186401
64186351
64188214
64186387
64186401
64186409
64186387
64186409
64186401
64186401
64186828
64186351
64186351
64186716
64186473
64186526
64186387
64186351
64186351
64186351
64187243
64186401
64186409
64186387
64186387
64186409
64186853
64186401
64186853
64191373
64186387
64186387
64186598
64186351
64186409
64186533
64186351
64186827
64186401
64186401
64186401
64186401
64186527
64186389
64186387
64186351
64186409
64186387
64186387
64186351
64186401
64186387
64186401
64186351
64186401
64186527
64186401
64186409
64186401
64186401
64186401
64186401
64186351
64186876
64186387
64186387
64186401
64186387
64186409
64186351
64186409
64186387
64186527
64189419
64186526
64186351
64186387
64186827
64186401
64186401
64186387
64186401
64186387
64186401
64188338
64186387
64186409
64186598
64186436
64186409
64186401
64186351
64186351
64186401
64186436
64186409
64186409
64186351
64186387
64186387
64186409
64186401
64186351
64186401
64186401
64186351
64186401
64186409
64186401
64186351
64186351
64186409
64186409
64186401
64186401
64186473
64186387
64186351
64186401
64186351
64186387
64186627
64186527
64186436
64186351
64186582
64186387
64186351
64186409
64186387
64186409
64186387
64186351
64186351
64186887
64186436
64186401
64186409
64186409
64186582
64186401
64186401
64186389
64186387
64186409
64186527
64186401
64186402
64186598
64186387
64186387
64186887
64186473
64186387
64186351
64186387
64186351
64186409
64186401
64186401
64186351
64186387
64186477
64186401
64186598
64186401
64186401
64186401
64186387
64201082
64186409
64186534
64186401
64186387
64186409
64186436
64186409
64186401
64186351
64186351
64186351
64186387
64186387
64186387
64186828
64186409
64186409
64186387
64186387
64186401
64187333
64186401
64186409
64186351
64186409
64186527
64186401
64186351
64186436
64186401
64186401
64186351
64186409
64186693
64186401
64186351
64186401
64186598
64186401
64186409
64186716
64186409
64186473
64186387
64186387
64186351
64186401
64186351
64186351
64186409
64186351
64186351
64186387
64186436
64186409
64186387
64186401
64186351
64186401
64186401
64186351
64186351
64186387
64186409
64186387
64186401
64187559
64186351
64187878
64186387
64186402
64186351
64186387
64186351
64186387
64186409
64186351
64186401
64186351
64186409
64186387
64186409
64186401
64186527
64186409
64186409
64186401
64186351
64186387
64186409
64186387
64186598
64186401
64186401
64186387
64186716
64186401
64186401
64186525
64186401
64186473
64186351
64186351
64186527
64186578
64186387
64186401
64186351
64186401
64186401
64186387
64186401
64186409
64186693
64186527
64186351
64186401
64186351
64186409
64186527
64186351
64186351
64186387
64186436
64186401
64186387
64186409
64186387
64186401
64186387
64186387
64186526
64186409
64186401
64186401
64186351
64186734
64186401
64186716
64186401
64186387
64186401
64186351
64186401
64186598
64186828
64186409
64186351
64186811
64186582
64186409
64186351
64186436
64186627
64186409
64186351
64186387
64186409
64186401
64186401
64188993
64187360
64186827
64186351
64186401
64186387
64186351
64186401
64186527
64186409
64186401
64186409
64186351
64186401
64186716
64186387
64186351
64186436
64187070
64186473
64186401
64186401
64186387
64186401
64186409
64186351
64186387
64186351
64186387
64186387
64186409
64186351
64186387
64186351
64186409
64186351
64186387
64186351
64186351
64186473
64186387
64186351
64186387
64186401
64186401
64186526
64186409
64186409
64186401
64186351
64186401
64186387
64186401
64186387
64186401
64186409
64186409
64186627
64186387
64186351
64186351
64186527
64186473
64186351
64186401
64186527
64186401
64186436
64186409
64186527
64186401
64186387
64186351
64186387
64186387
64186351
64186387
64186351
64186387
64186401
64186351
64186582
64186351
64186351
64186527
64186351
64186409
64186716
64186526
64187400
64186409
64186387
64186401
64186351
64186409
64186533
64186401
64186401
64186828
64186401
64186387
64186387
64186401
64186409
64186401
64186351
64186477
64186387
64186387
64186401
64186526
64186409
64186387
64186401
64186351
64186409
64186401
64186351
64186387
64186409
64186387
64186351
64186436
64186473
64186409
64186401
64186401
64186401
64186527
64186526
64186401
64186928
64186401
64186409
64186401
64186387
64186828
64186527
64186409
64186716
64186526
64186351
64186401
64186351
64186351
64186351
64186401
64186351
64186409
64186436
64186351
64189519
64186351
64186387
64186387
64186734
64186351
64186887
64186526
64186401
64186401
64186409
64186401
64186387
64186387
64186351
64186351
64186387
64186527
64186401
64186402
64186351
64186351
64186387
64186401
64186351
64186351
64186401
64186409
64186887
64186351
64186387
64186527
64186409
64186409
64186387
64186351
64186351
64186598
64186436
64186351
64188993
64186387
64186401
64186401
64186351
64186409
64191367
64186387
64186527
64186409
64186401
64186387
64189874
64186401
64186387
64186389
64186351
64186811
64186351
64186387
64186387
64186351
64186351
64186387
64186387
64186351
64186401
64186387
64186387
64186401
64186351
64186526
64187018
64186351
64186351
64186387
64186473
64186401
64186387
64186387
64186527
64186598
64186409
64186351
64186401
64186387
64186387
64186351
64186387
64186401
64186401
64186401
64186387
64186351
64186351
64186351
64186811
64186387
64186401
64186351
64186387
64186401
64186526
64186351
64186876
64186351
64186387
64186409
64186387
64186387
64186401
64186387
64186351
64186401
64186351
64186409
64186387
64186401
64186387
64186387
64186526
64186401
64186527
64186401
64186387
64186582
64186401
64186401
64186351
64186401
64186526
64186401
64186526
64186409
64186387
64186401
64186828
64186387
64186409
64186351
64186351
64186351
64186409
64186401
64186401
64186401
64186401
64186401
64186387
64186409
64186525
64186387
64186351
64186387
64186351
64186387
64186693
64186401
64186387
64186401
64186401
64186387
64187400
64186387
64188416
64186409
64186473
64186387
64186387
64186827
64186401
64186351
64186527
64186387
64186351
64187108
64186387
64191248
64186409
64186387
64186351
64186351
64186582
64186409
64186351
64186351
64186643
64186627
64186401
64186527
64186401
64186828
64186402
64186351
64191248
64186827
64186409
64186473
64186387
64186387
64186693
64186401
64186526
64186401
64186527
64186387
64186627
64186351
64186387
64186351
64186534
64186409
64186351
64186387
64186409
64186387
64186351
64186409
64186582
64186409
64186401
64186387
64186387
64186401
64186409
64186401
64186401
64186351
64186409
64186387
64186401
64186387
64186351
64186807
64186401
64186827
64186387
64186409
64191054
64186351
64186401
64186401
64186527
64186582
64187401
64186401
64186351
64188665
64186527
64186409
64186401
64186351
64186351
64186387
64186387
64186401
64186401
64186436
64186473
64186401
64186351
64186351
64186401
64186627
64186351
64186409
64186409
64186401
64186401
64186351
64186387
64186716
64186401
64186401
64186527
64186409
64186387
64186387
64186351
64186387
64186351
64186827
64186351
64186527
64186401
64186387
64186351
64187108
64186401
64186387
64186387
64186401
64186811
64186401
64186389
64186409
64186387
64186351
64186401
64186351
64186387
64186716
64186527
64186527
64186409
64186409
64186351
64186401
64186409
64186401
64186401
64186387
64186401
64186409
64186387
64186527
64186387
64186351
64186887
64186401
64186436
64186811
64186387
64186351
64186387
64186387
64186436
64186827
64186351
64186409
64186527
64186387
64186401
64186387
64186409
64186401
64186387
64186527
64186401
64186401
64186409
64186387
64186387
64186351
64186387
64186351
64186409
64186401
64186401
64186401
64186401
64186387
64186402
64186973
64186401
64186827
64186387
64186401
64186387
64186627
64186387
64186351
64186409
64186401
64186387
64186387
64186734
64186387
64186473
64186351
64186351
64186401
64186387
64186387
64186527
64186351
64186930
64186351
64186716
64186387
64186401
64186387
64186409
64186401
64186387
64186527
64186387
64186351
64186351
64186387
64186351
64186387
64186409
64186351
64186387
64186473
64186387
64186887
64186387
64186387
64186351
64186401
64186351
64186716
64186401
64186351
64186387
64188140
64186401
64186401
64187974
64186351
64186387
64186387
64186351
64186853
64186409
64186401
64186351
64186401
64186527
64186582
64186401
64186409
64186409
64186409
64186409
64186827
64186409
64186401
64186401
64186387
64186527
64186387
64186351
64186387
64186387
64186409
64186409
64186351
64186351
64186401
64186716
64186387
64186526
64186351
64186387
64186401
64186527
64186387
64186401
64186526
64186351
64186387
64186351
64186598
64186527
64186401
64186401
64186436
64186387
64186387
64186526
64186351
64186387
64186527
64186409
64186351
64186387
64186401
64186401
64186351
64186387
64186351
64186436
64186351
64186401
64186401
64186351
64186351
64186351
64186351
64195754
64186387
64186527
64186526
64186401
64186401
64186387
64186527
64186387
64186527
64186387
64186716
64186351
64186409
64186351
64186409
64186351
64186527
64186387
64186387
64187400
64186351
64186351
64186401
64186401
64186351
64186526
64187243
64186387
64186409
64186387
64186401
64186351
64186527
64186627
64186401
64186387
64186409
64186716
64186409
64186473
64186351
64186401
64188560
64186827
64186409
64186401
64186351
64186527
64186387
64186387
64186473
64186473
64186351
64186387
64186409
64186401
64186351
64186351
64186387
64186582
64186401
64186387
64186387
64186351
64186582
64186351
64186526
64186351
64186827
64186401
64186409
64186409
64186409
64186409
64186401
64186351
64186409
64186387
64186401
64186401
64186401
64186827
64186351
64186387
64186401
64186409
64186473
64186387
64186351
64186582
64186401
64186387
64186387
64186387
64186401
64186401
64186351
64186351
64186387
64186409
64186409
64187559
64186409
64186351
64186401
64186409
64186351
64186351
64186716
64186526
64186387
64186409
64186401
64186527
64186409
64186387
64186401
64186351
64186387
64186351
64186436
64186401
64186387
64186401
64186351
64186387
64186401
64186351
64186401
64186409
64186401
64186401
64186409
64186351
64186351
64186387
64186351
64186409
64186811
64186387
64186351
64186527
64186351
64186401
64186387
64186401
64186436
64186527
64186409
64186401
64186351
64186473
64186387
64186351
64186351
64186401
64186351
64186409
64186401
64186401
64186527
64186527
64186401
64186716
64186401
64186351
64186401
64186401
64186409
64186351
64186828
64186693
64187284
64186409
64186401
64186351
64186351
64186436
64186401
64186477
64186351
64186527
64186351
64186409
64186387
64186401
64186526
64186351
64186401
64186351
64186401
64186387
64186387
64186351
64186401
64186436
64186716
64186351
64186387
64186526
64186401
64186387
64186973
64186598
64186351
64186387
64186387
64186387
64186387
64186351
64186351
64186387
64186351
64186351
64186401
64186351
64186351
64186351
64186351
64186409
64186387
64186527
64186387
64186409
64186351
64186473
64186409
64186401
64186401
64187650
64186811
64186716
64186401
64186527
64186401
64186409
64186351
64186409
64186351
64186351
64186827
64186351
64186401
64186526
64186401
64186436
64186387
64186401
64186351
64186387
64186351
64186351
64186351
64186351
64186401
64186351
64186351
64186409
64186401
64186409
64186401
64186351
64186387
64186351
64186409
64186401
64186351
64186387
64186473
64186351
64186409
64186409
64186401
64186409
64186351
64186387
64186387
64186401
64186387
64186351
64186351
64186527
64186389
64186387
64186401
64186409
64186527
64186351
64186387
64186935
64186527
64186409
64186401
64186827
64186387
64186351
64186351
64186828
64186527
64186401
64186527
64186401
64186409
64186387
64186351
64186401
64186387
64186351
64186387
64186401
64186525
64186436
64186582
64186401
64186409
64186401
64186401
64186387
64186351
64186387
64186401
64186401
64186401
64186387
64186527
64186401
64186582
64186387
64186436
64186401
64186387
64186827
64186401
64186387
64186526
64186409
64186409
64186351
64186351
64186527
64186387
64186401
64186409
64186387
64186387
64186409
64186387
64186401
64186409
64186527
64186387
64186387
64186436
64186409
64186387
64186812
64186582
64186401
64186401
64186409
64186387
64186811
64186401
64186351
64186387
64186387
64186401
64186351
64186401
64186409
64186409
64186351
64186387
64186351
64186409
64186582
64186409
64186387
64186401
64186387
64186827
64186401
64186387
64186827
64186887
64186401
64186401
64186598
64186409
64186401
64186716
64186401
64186827
64186389
64186351
64186389
64186351
64186351
64186401
64186387
64186351
64186351
64186409
64186401
64186527
64186351
64186387
64186351
64186401
64188214
64186473
64186351
64186401
64187437
64186351
64186409
64186527
64186876
64186401
64186387
64186351
64187587
64186401
64186387
64186526
64186351
64186436
64186351
64186582
64186409
64186401
64186527
64186351
64186401
64186401
64186351
64186387
64186387
64186351
64186351
64186387
64186409
64186401
64186401
64186527
64186401
64186401
64186351
64186401
64186527
64186409
64186401
64186387
64186401
64186401
64186351
64186401
64186351
64186811
64186401
64186387
64186387
64186526
64186387
64186351
64186401
64186387
64186598
64186409
64186387
64186401
64186387
64186387
64186351
64186401
64186401
64186351
64186351
64187243
64186401
64186387
64186401
64186401
64186351
64186401
64186351
64186526
64186351
64186401
64186401
64186409
64186402
64186527
64186828
64186387
64186401
64186351
64186401
64186401
64186351
64186387
64186387
64186401
64186409
64186387
64186351
64186401
64186351
64186527
64186409
64186387
64186401
64186409
64186409
64186409
64186389
64186351
64186401
64186387
64186409
64186351
64186828
64186527
64186477
64186351
64186401
64186401
64186409
64186401
64186351
64186401
64186409
64186351
64186351
64186401
64186409
64186387
64186387
64186527
64186401
64186401
64186401
64186401
64186401
64186387
64186401
64186582
64186351
64186351
64186409
64186401
64186351
64186351
64186351
64186387
64186351
64186827
64186387
64186978
64186928
64186401
64186351
64186473
64186387
64186387
64186598
64186351
64186387
64189179
64186401
64186409
64186351
64186527
64186351
64186351
64186351
64186401
64186409
64186401
64186401
64186351
64186436
64186401
64186409
64186582
64186928
64186401
64186351
64186527
64186387
64186436
64189035
64186387
64187243
64186351
64186351
64186387
64197005
64186409
64186951
64186351
64186526
64186402
64186973
64186436
64186401
64186811
64186409
64186401
64186387
64186401
64186387
64186351
64186387
64186351
64186351
64186401
64186527
64186436
64186409
64186351
64186401
64186409
64186351
64186401
64186389
64186409
64186351
64186828
64186351
64186409
64187105
64186827
64186436
64186351
64186401
64186713
64186351
64188751
64186401
64186387
64186387
64186401
64186527
64186401
64186387
64186351
64186351
64186436
64186387
64186627
64186409
64186351
64186387
64186401
64186409
64186351
64186720
64186351
64186828
64186351
64186827
64186401
64186351
64186401
64198598
64186401
64186401
64186409
64186351
64186351
64186351
64186351
64186387
64186401
64186473
64186387
64186401
64186409
64186401
64186401
64186351
64186351
64186401
64186401
64187349
64186409
64186401
64186401
64186534
64186387
64186387
64186409
64186351
64186387
64186351
64186387
64186473
64186387
64186409
64186387
64186409
64186827
64186409
64186351
64186527
64186401
64186409
64186351
64186409
64186351
64186409
64186387
64186401
64186582
64186401
64186387
64186387
64186351
64186409
64186401
64186387
64186351
64186351
64186527
64186401
64186409
64186351
64186401
64186401
64186387
64187559
64186409
64187243
64186409
64187091
64186387
64186387
64186387
64186387
64186387
64186401
64186436
64186401
64186387
64186387
64186402
64186409
64186409
64186387
64186409
64186387
64186351
64186409
64186401
64186582
64186351
64186387
64186409
64186436
64186409
64186387
64186387
64186387
64186351
64186387
64186351
64186351
64186387
64186828
64187108
64186436
64186351
64186351
64186409
64186693
64194977
64186853
64186409
64186582
64186713
64186436
64186387
64186526
64186351
64186387
64186409
64186351
64186527
64186401
64186436
64186387
64186401
64186351
64186401
64186401
64186351
64186401
64186387
64186627
64186876
64186401
64186351
64186351
64186387
64186409
64186351
64186387
64186351
64186401
64186716
64187108
64186401
64186351
64186401
64186811
64186401
64186387
64186387
64186351
64186401
64186436
64186409
64188665
64186598
64186387
64186387
64186351
64186401
64186401
64186409
64186351
64186351
64186401
64186401
64186409
64186351
64186389
64186526
64186351
64186351
64186402
64186401
64186387
64186351
64186387
64186351
64186978
64186387
64186401
64186409
64186351
64186811
64186351
64186409
64186401
64186527
64186351
64186387
64186828
64186387
64186401
64186401
64186401
64186351
64186387
64186401
64188288
64186351
64186387
64186409
64186409
64186409
64186401
64186401
64186387
64186401
64186409
64186389
64186387
64186387
64186387
64186401
64186351
64186716
64186401
64186401
64186387
64186401
64186401
64186409
64186409
64186401
64186401
64186401
64186387
64186351
64186351
64186526
64186401
64186973
64186473
64186527
64186387
64186351
64186351
64186351
64186387
64186387
64186401
64186351
64186401
64186387
64186387
64186401
64186401
64186401
64186409
64186716
64186351
64186351
64186351
64186409
64186401
64186351
64186351
64189214
64186351
64186401
64186387
64186351
64186401
64186627
64186387
64186473
64186351
64186351
64186409
64186401
64186401
64186716
64186387
64186401
64186401
64186401
64186351
64186401
64186387
64186401
64186351
64189403
64188288
64186351
64186409
64186387
64186527
64186351
64186387
64186351
64186409
64186401
64186401
64186401
64186401
64186387
64186387
64186401
64186351
64186598
64186387
64186387
64186351
64186387
64186402
64186387
64186409
64186351
64186401
64197818
64186401
64186401
64186387
64186527
64186401
64186387
64186527
64186351
64186409
64186401
64186401
64186409
64186402
64186401
64187559
64186409
64186401
64186401
64186401
64186351
64186351
64187171
64186402
64187909
64186527
64186401
64186401
64186401
64206132
64186387
64186526
64186811
64186401
64186409
64186401
64186409
64186387
64187108
64186387
64186401
64186409
64186409
64186401
64186401
64186401
64186351
64186409
64186527
64186401
64186401
64186387
64186401
64186582
64186409
64186409
64186351
64186401
64186409
64186387
64186409
64187188
64186401
64186401
64186351
64186401
64186409
64186351
64186387
64186387
64186409
64186387
64186473
64186436
64186401
64186351
64186351
64186720
64186409
64186401
64186351
64186827
64186827
64186351
64186811
64186401
64186351
64186401
64186387
64186409
64186401
64186401
64186351
64186409
64186401
64186827
64186387
64186409
64186401
64186473
64186387
64186591
64186387
64186527
64186387
64186387
64186351
64186351
64186351
64186387
64186582
64186401
64186351
64186351
64186409
64186387
64186351
64186351
64186887
64186351
64186351
64186401
64186401
64186351
64186401
64186351
64186401
64186387
64186387
64186627
64187187
64186401
64186409
64186409
64186387
64186351
64186409
64186401
64186387
64186409
64186387
64186401
64186582
64186401
64186351
64186387
64186409
64186409
64186387
64186351
64186351
64186409
64186387
64186401
64186387
64186716
64186401
64186409
64186387
64186351
64186351
64188645
64186401
64186477
64186973
