65439888
65439888
65444984
65443803
65441524
65440997
65449759
65443995
65439838
65439611
65439518
65440406
65440997
65440997
65440533
65442586
65441960
65440997
65439832
65442133
65446527
65439888
65441082
65439845
65445620
65444888
65440509
65439723
65440316
65440997
65444888
65440226
65439809
65444888
65439845
65439831
65443803
65443328
65444888
65439888
65439565
65439606
65439845
65447888
65444888
65441082
65444268
65441960
65442586
65439838
65440316
65444888
65442800
65444888
65446443
65444888
65445568
65442697
65441136
65439888
65439611
65439888
65440997
65441199
65439838
65441082
65439931
65439769
65444888
65446008
65439931
65441524
65439888
65446046
65441732
65446046
65455224
65439845
65439845
65439864
65444888
65439888
65441082
65439888
65439565
65439838
65440947
65446443
65439565
65448015
65439771
65439931
65445610
65442299
65445568
65440103
65442362
65441283
65441089
65441603
65444888
65441021
65439906
65439611
65439838
65439613
65439814
65439888
65444992
65439845
65439845
65441960
65444191
65441082
65440735
65439845
65439845
65445254
65444888
65441278
65439611
65439838
65439888
65439888
65442153
65439888
65444888
65439888
65439888
65443570
65444888
65444888
65446443
65439888
65444888
65445568
65440316
65444888
65440142
65441940
65440122
65444730
65439888
65440316
65444888
65439888
65442606
65439829
65442818
65439611
65441613
65444888
65439931
65440150
65439565
65439888
65440214
65439845
65439518
65443956
65440997
65441082
65442779
65439888
65441767
65446443
65439838
65444249
65446443
65444888
65439714
65446602
65441021
65444888
65450461
65439888
65439888
65439611
65439838
65442133
65439606
65439888
65440147
65439888
65443137
65443103
65446046
65444888
65439845
65439838
65440122
65439888
65439845
65447684
65440997
65442818
65439845
65441960
65441082
65441090
65439845
65441082
65439888
65440476
65444888
65439613
65446439
65446046
65448015
65445804
65442649
65444493
65439771
65439888
65439845
65439888
65440997
65448015
65444933
65439771
65444888
65439888
65439931
65439845
65439845
65442398
65452164
65442586
65444394
65440108
65439888
65439888
65444888
65444888
65439888
65441082
65439829
65439888
65439888
65442188
65439845
65440394
65444466
65439931
65439838
65442062
65439611
65439611
65444888
65446046
65439888
65446443
65448015
65439845
65439801
65443146
65439832
65440729
65439838
65439888
65445049
65439845
65440886
65443146
65446443
65441486
65441613
65439845
65439888
65448230
65439888
65446785
65440605
65441043
65439888
65439845
65446443
65439838
65445522
65441027
65439838
65447405
65450347
65444268
65446443
65445058
65439567
65442633
65439929
65441524
65439888
65440023
65440947
65439888
65440997
65439888
65441471
65439888
65439888
65439845
65439845
65439838
65439518
65439888
65444888
65439888
65440919
65439888
65441089
65444888
65439888
65439888
65440978
65441082
65445568
65441960
65440110
65441082
65444564
65441080
65441355
65439888
65439845
65439845
65439845
65443462
65441524
65441486
65440997
65447888
65445804
65443956
65443358
65439845
65440316
65441089
65446439
65439832
65439888
65453053
65447874
65439611
65444888
65444844
65439888
65440625
65439888
65440997
65440122
65439838
65439906
65446443
65444899
65439888
65439911
65440316
65439838
65446443
65439888
65440274
65439845
65439931
65441390
65444730
65439888
65445028
65439888
65439859
65442787
65439888
65440744
65445636
65444436
65439677
65444888
65444171
65445568
65447888
65444888
65441742
65440316
65440555
65439829
65444037
65440997
65441524
65442133
65441082
65443765
65440226
65446443
65439888
65446443
65466660
65444888
65439838
65442586
65443303
65439888
65441471
65442779
65447511
65439943
65439838
65443137
65441199
65440122
65439888
65442041
65439845
65441089
65439888
65439931
65439816
65446443
65439565
65441082
65439888
65441136
65439888
65446046
65446443
65439771
65445685
65439888
65443643
65440997
65439888
65445804
65439931
65439714
65441017
65439613
65440122
65443600
65444888
65444879
65445804
65440212
65439888
65439888
65440997
65439832
65445774
65439888
65439931
65444320
65439888
65439888
65440316
65444268
65444838
65439931
65439931
65441089
65439832
65440096
65439931
65439888
65439888
65439888
65445028
65441027
65453822
65443328
65439888
65439888
65439888
65440589
65440649
65439931
65441848
65439723
65441082
65440214
65439888
65442133
65444888
65439888
65440997
65441960
65439931
65447888
65439845
65439565
65448586
65443956
65446443
65439891
65440302
65439838
65439716
65439888
65439888
65439888
65439888
65444888
65439771
65442133
65440801
65439931
65440212
65445610
65439888
65442586
65442133
65440576
65444888
65439845
65439611
65439888
65440147
65439888
65446704
65439845
65439906
65439832
65439888
65444730
65439838
65439888
65439888
65446443
65439888
65439518
65439714
65444888
65446046
65443392
65440218
65439657
65439888
65439888
65440398
65444698
65439888
65439723
65439816
65446443
65442299
65439888
65441082
65445179
65439888
65440997
65441955
65439888
65442133
65439838
65439845
65442301
65439888
65448814
65439838
65440316
65439771
65445620
65439838
65439845
65445249
65441411
65440947
65441278
65440316
65446046
65439888
65441082
65439864
65439845
65440122
65439714
65444888
65442276
65443146
65443643
65444879
65449048
65439888
65439845
65439888
65439716
65446046
65443956
65439759
65439888
65441089
65439838
65446443
65441064
65441760
65444334
65439838
65439838
65440316
65443098
65439888
65439931
65439838
65439845
65446443
65453330
65446046
65439845
65442062
65439611
65439845
65445058
65439829
65439845
65439816
65439611
65439845
65440744
65439518
65439888
65441670
65439831
65439888
65439888
65442258
65442133
65446046
65439931
65443951
65439838
65442133
65440576
65440226
65440509
65444888
65442345
65443137
65439611
65441960
65441090
65439888
65444394
65440212
65442586
65439513
65446443
65442586
65440801
65439611
65444888
65439838
65446443
65440997
65453053
65441767
65445568
65439845
65439845
65447944
65439838
65439888
65441089
65444888
65442062
65439943
65444466
65439806
65439888
65444888
65446046
65439838
65441613
65442586
65442606
65441089
65439845
65441746
65439931
65446443
65446960
65446443
65440316
65439845
65450730
65439888
65439888
65439888
65441082
65439771
65441136
65449862
65441090
65439888
65439716
65439723
65443137
65446046
65439888
65441082
65441524
65440947
65445028
65443757
65439845
65453053
65439845
65441767
65439931
65445058
65444888
65440844
65439888
65441524
65439888
65440997
65441089
65444888
65439888
65439888
65446046
65442133
65440214
65439888
65444888
65444972
65439931
65446443
65448324
65440649
65441082
65444888
65439716
65439931
65439845
65439845
65440212
65439888
65444466
65442133
65441901
65439845
65447329
65441444
65440554
65440997
65446443
65446046
65443098
65439888
65442153
65440997
65441217
65444888
65444365
65446443
65439888
65442759
65442133
65440997
65444243
65439518
65439838
65439931
65441089
65442554
65439931
65444888
65439888
65447174
65439888
65439888
65440754
65440997
65441043
65439888
65440997
65440997
65441940
65440509
65439888
65439845
65441082
65443803
65439838
65439888
65439888
65439911
65441940
65444888
65439888
65440874
65440147
65446046
65440605
65439888
65439931
65441283
65447511
65444394
65439888
65449048
65444514
65442133
65439888
65439929
65440316
65447329
65439888
65449153
65439888
65441355
65439931
65441757
65439831
65440096
65442818
65439845
65442818
65440997
65441283
65439845
65442133
65441628
65439888
65444888
65439611
65439771
65439931
65439888
65441090
65446386
65450008
65439874
65439888
65444514
65440997
65443146
65446443
65441082
65439845
65442062
65445918
65443810
65439888
65443726
65440302
65440997
65446443
65440373
65440274
65444888
65443137
65442133
65441090
65448399
65439888
65439613
65444888
65440398
65444888
65441043
65440316
65439845
65439888
65439931
65442362
65442586
65439888
65439759
65442787
65439888
65445568
65444037
65449048
65439845
65443606
65444507
65441082
65439888
65439888
65439888
65439888
65440122
65439888
65444888
65446046
65439611
65442133
65441136
65439888
65453051
65439888
65439888
65439611
65440226
65441524
65439870
65441002
65439611
65444888
65446443
65442133
65441613
65439888
65444888
65440147
65443443
65439845
65439911
65441875
65440466
65439888
65441139
65448015
65439931
65440775
65440997
65446443
65439906
65439888
65443318
65447684
65444493
65444888
65439771
65439845
65439888
65439888
65439829
65439906
65440212
65440605
65440554
65439931
65446046
65439888
65439845
65444888
65441082
65444888
65441784
65441136
65443931
65439888
65439518
65444888
65440212
65439888
65446443
65439931
65439722
65440334
65439845
65439838
65439838
65444180
65439888
65441948
65440444
65439931
65439837
65443328
65441021
65445568
65441082
65439845
65440666
65439611
65444888
65439845
65439831
65444466
65440468
65439943
65447684
65439888
65439611
65445620
65439845
65443137
65442133
65441773
65446386
65441050
65439838
65442818
65440316
65439888
65451587
65448015
65444888
65439845
65439931
65439771
65444888
65441089
65445568
65441757
65439888
65445568
65441080
65440947
65439838
65439771
65439888
65442878
65446432
65445794
65439845
65440316
65444888
65439683
65439888
65439845
65439888
65444888
65439888
65439888
65439845
65440997
65444888
65439888
65439931
65445028
65444888
65448015
65439888
65439888
65441444
65439888
65439838
65439888
65444888
65442041
65439888
65439888
65446443
65439931
65439845
65442362
65439838
65446443
65439888
65442605
65441524
65446704
65439854
65439864
65445568
65443595
65439606
65441613
65439838
65439518
65444888
65441264
65439888
65440947
65443796
65439764
65439906
65439888
65439606
65444888
65439714
65439838
65439845
65449048
65439888
65440108
65443581
65439931
65439831
65439888
65446046
65441603
65445918
65439888
65443810
65448291
65439888
65441524
65439888
65440110
65440122
65439829
65441278
65439888
65441613
65445568
65444888
65439809
65439888
65443303
65446439
65440997
65441960
65441613
65439888
65440316
65439611
65440997
65440555
65441043
65444728
65444888
65444821
65441848
65442153
65439838
65439888
65444477
65453159
65440108
65439888
65440919
65439888
65449094
65439888
65443936
65447329
65440666
65439611
65439838
65439771
65439888
65439888
65440997
65439888
65442345
65444888
65439845
65440997
65439845
65439845
65439832
65440666
65439888
65439831
65440122
65444888
65439888
65440919
65440997
65440212
65449094
65441955
65439611
65439838
65441588
65446953
65441960
65448015
65439906
65441823
65447511
65439832
65444507
65448015
65439888
65440649
65439832
65439832
65439931
65444097
65440625
65446046
65440122
65439845
65439891
65439832
65442153
65439845
65439931
65439931
65439931
65439931
65439845
65440122
65439845
65439888
65439518
65440110
65442540
65439888
65441613
65441089
65448015
65439829
65450674
65442759
65439838
65441960
65439771
65439888
65439888
65442133
65439565
65448015
65439845
65441978
65439829
65442362
65443803
65444888
65443586
65439845
65444888
65439838
65445610
65439888
65444847
65439888
65445028
65439845
65439888
65440302
65442779
65443570
65446785
65440997
65443330
65439771
65444279
65440150
65439931
65448242
65439845
65439636
65446046
65440997
65439888
65439845
65439845
65439888
65448365
65439565
65439888
65440997
65444268
65439845
65445568
65439845
65439931
65442586
65445607
65440122
65439888
65439611
65439931
65441901
65441613
65445077
65444514
65439888
65439931
65439845
65439888
65439888
65441742
65439809
65442925
65444873
65439888
65440108
65440649
65444268
65439888
65439845
65442452
65439888
65444888
65441960
65450073
65441875
65440847
65448015
65440394
65439845
65442133
65439888
65440997
65439838
65439911
65441876
65441089
65444888
65445636
65439888
65439829
65445804
65446443
65444514
65445794
65449048
65442649
65439888
65445568
65439831
65439906
65441017
65446046
65443595
65446443
65439859
65440226
65440023
65439771
65439888
65441082
65444268
65440147
65439845
65446095
65444466
65439771
65443126
65457066
65439771
65441082
65439838
65440936
65445256
65440997
65443595
65444888
65439888
65439845
65449094
65446443
65445636
65441587
65439611
65439845
65439931
65444304
65444268
65441082
65439838
65439845
65439931
65446443
65439888
65439611
65439888
65439845
65442606
65439838
65439888
65440862
65444888
65439771
65439888
65441960
65445568
65439888
65442759
65439888
65440274
65440147
65446046
65439888
65439943
65439931
65446443
65440316
65439838
65439845
65441401
65439838
65439888
65439888
65441136
65446046
65441794
65444888
65439829
65439911
65439845
65441613
65444888
65444888
65442133
65439838
65439888
65447280
65451587
65444888
65439829
65441753
65439838
65439888
65441613
65441960
65440200
65439565
65439845
65444888
65441090
65441082
65439888
65444933
65448015
65440316
65439931
65443465
65440576
65441082
65439931
65439814
65440947
65439838
65442361
65444888
65455849
65442266
65439888
65439845
65439838
65439845
65441089
65439888
65444298
65439845
65439845
65439931
65444888
65445804
65439888
65439888
65439888
65444888
65439845
65445620
65440103
65439888
65443098
65445636
65444888
65445761
65440997
65439611
65442031
65439931
65439829
65440394
65439888
65439838
65446443
65440997
65440218
65439888
65439567
65439809
65439518
65439888
65445294
65446046
65439888
65439888
65439838
65439845
65439931
65439888
65441089
65442925
65442767
65442818
65442133
65443739
65439888
65439806
65439888
65440997
65440110
65439888
65441080
65439611
65439931
65446046
65444888
65442133
65443803
65444844
65446046
65442299
65441089
65441089
65439888
65446046
65441090
65439888
65441082
65439888
65439845
65445316
65441613
65445636
65443803
65442031
65441082
65439888
65446046
65444888
65439771
65444888
65440997
65439888
65442586
65447329
65439931
65439931
65439613
65439565
65439888
65440947
65440122
65439838
65440316
65439845
65440744
65441064
65445028
65439838
65446443
65439888
65444888
65440886
65440001
65441948
65439845
65446443
65441082
65444730
65439845
65439888
65442133
65446443
65444698
65441082
65439838
65439714
65439829
65442299
65439888
65445568
65444879
65439771
65443300
65446443
65439845
65440947
65442041
65447684
65440744
65439611
65447017
65440122
65445298
65441524
65439888
65444171
65448015
65439888
65439759
65448015
65441613
65441960
65446443
65440122
65439888
65440997
65453051
65439829
65439816
65444888
65439888
65440576
65440316
65439845
65444466
65439845
65439771
65440316
65442299
65439888
65439611
65446386
65439888
65439888
65439845
65445249
65444394
65440997
65441773
65439606
65440316
65443137
65441613
65439845
65441679
65439931
65439888
65445298
65439565
65439888
65439888
65444838
65440509
65441784
65441613
65443810
65448015
65439888
65440406
65444888
65445568
65440997
65441613
65441401
65440997
65440279
65439931
65439832
65439888
65441613
65439931
65439888
65440226
65443987
65440122
65443726
65439931
65439829
65444404
65446443
65439611
65444888
65439943
65439684
65439845
65439888
65439931
65439888
65442875
65439838
65439816
65441082
65439838
65439931
65442133
65440274
65439888
65439613
65439716
65439838
65441940
65440122
65439888
65439888
65448073
65442925
65439931
65444249
65440997
65439888
65450333
65448015
65445918
65439731
65440997
65444888
65444223
65439888
65439838
65439888
65439838
65440296
65439911
65445603
65446046
65440997
65441082
65441054
65439845
65439888
65439888
65440997
65447888
65440997
65444888
65444888
65439771
65441960
65441730
65439888
65439931
65440997
65439888
65444888
65445568
65449048
65439611
65441692
65441089
65440919
65441730
65440122
65439888
65445918
65446046
65441089
65446046
65447274
65442188
65439888
65439931
65439888
65443665
65446443
65440226
65442111
65439565
65441757
65440576
65439888
65442506
65439845
65441613
65446443
65439613
65439838
65439567
65439845
65441082
65444477
65439859
65442999
65444698
65444888
65439845
65444507
65441948
65442133
65444888
65439888
65439771
65439888
65439845
65447684
65440997
65439845
65439546
65440200
65442062
65439611
65444888
65444888
65439888
65440218
65439888
65446046
65449048
65441082
65439888
65443152
65449094
65439518
65446443
65443606
65439838
65441955
65446527
65439611
65439845
65439838
65439518
65440122
65444888
65442583
65440847
65441848
65445918
65439888
65447017
65446704
65439845
65440997
65440862
65439888
65446443
65439516
65444037
65439888
65442606
65444888
65439838
65439845
65439771
65439888
65440110
65439888
65444396
65441760
65446046
65439845
65447139
65444037
65440744
65439888
65442099
65442960
65442153
65439636
65440212
65439888
65444882
65442583
65444097
65446046
65444888
65439845
65445568
65439845
65444888
65442099
65439518
65442511
65439888
65445918
65439611
65445568
65440533
65439838
65440316
65439888
65440110
65440378
65443956
65439888
65440829
65440997
65448015
65439845
65441090
65440226
65444268
65439888
65439906
65440316
65444473
65439931
65444268
65444888
65439714
65445568
65440468
65445918
65444097
65439611
65442787
65442586
65439870
65442041
65449048
65446443
65444249
65439716
65440554
65439888
65440302
65439888
65439888
65440212
65442038
65442133
65441136
65441016
65446704
65442586
65441139
65439771
65439845
65442586
65439888
65441872
65445918
65440122
65439845
65439832
65439888
65448365
65439888
65441082
65439513
65441082
65439838
65439809
65440605
65441960
65441082
65439888
65439845
65439888
65439845
65446704
65445685
65444466
65439845
65440997
65439845
65444888
65439888
65441082
65440218
65439888
65446443
65440122
65440947
65439888
65444243
65439888
65439888
65444255
65441080
65440226
65439809
65441960
65442586
65448015
65444888
65439845
65441757
65446386
65440122
65439931
65439888
65439845
65439613
65440316
65441613
65446443
65442345
65441089
65446046
65439888
65441243
65439888
65446443
65439613
65440625
65442345
65440316
65442787
65442099
65439845
65439832
65445028
65439929
65442294
65442187
65439888
65439888
65439888
65444557
65440122
65444466
65442133
65440997
65439888
65446443
65439931
65439845
65444466
65444217
65442302
65439931
65439845
65439888
65441082
65445604
65439611
65439845
65440744
65440862
65439931
65441082
65443803
65441283
65440103
65441960
65442398
65439888
65439929
65439845
65439888
65439888
65445663
65439888
65447676
65446443
65439845
65439838
65439888
65442787
65439888
65444365
65444888
65440997
65444888
65444888
65445568
65441524
65439838
65440905
65446741
65439888
65439888
65439906
65439888
65439888
65446443
65441278
65439838
65444888
65440919
65448365
65439888
65446086
65439888
65444888
65439771
65439888
65446443
65439906
65443146
65439538
65439845
65439771
65439611
65441850
65439838
65441773
65440869
65439888
65444888
65440398
65449759
65440342
65439611
65440316
65439888
65439888
65439888
65440555
65441613
65439888
65439845
65439518
65446927
65441650
65446443
65439888
65441043
65439888
65444972
65439845
65439611
65439888
65446046
65441901
65441960
65439888
65446046
65440316
65441955
65446443
65439888
65439845
65440735
65439854
65440576
65439845
65439888
65446046
65444888
65439606
65441603
65442038
65447676
65439888
65439931
65439845
65440997
65446046
65445804
65439829
65441082
65441089
65439943
65444888
65444730
65441960
65445482
65440775
65439845
65444888
65443098
65444888
65445568
65440122
65441773
65440649
65439931
65441516
65445568
65440476
65441136
65448015
65440997
65440997
65442779
65439683
65440122
65439888
65439888
65441167
65439845
65441940
65439771
65446334
65445568
65444037
65439845
65440919
65444888
65439845
65439564
65443956
65444493
65440649
65439888
65440108
65440936
65440509
65445568
65439838
65439888
65444493
65445603
65440555
65442133
65439838
65439838
65441090
65442299
65446046
65439845
65439606
65439931
65440947
65442094
65440274
65439759
65446095
65439845
65439838
65446960
65443803
65442294
65439888
65442362
65441524
65439832
65439888
65439888
65444888
65444314
65441025
65445918
65440212
65448365
65444298
65440023
65446785
65439888
65439565
65439838
65439845
65439888
65439838
65439888
65439845
65442586
65439888
65443787
65439929
65439888
65439888
65448015
65442818
65441940
65441082
65441082
65439771
65444888
65439845
65442787
65440874
65439611
65443042
65439888
65439931
65442301
65439888
65439567
65448015
65439845
65439845
65440122
65445821
65444243
65444888
65442975
65443392
65439832
65439888
65448586
65439845
65439518
65439838
65441730
65445620
65440122
65441050
65439931
65441082
65439845
65440997
65440297
65444888
65443803
65446443
65439931
65440342
65440997
65446443
65445636
65444466
65443581
65439931
65439832
65442501
65439888
65441524
65439513
65440576
65439771
65445568
65439845
65444888
65442697
65440997
65444888
65443328
65444730
65445568
65441082
65439888
65439829
65444888
65439888
65440997
65443358
65441017
65439845
65445568
65446443
65442586
65440001
65442398
65439906
65446046
65439888
65446046
65439518
65446386
65439888
65439845
65439888
65440576
65445568
65439684
65440744
65444888
65439888
65439888
65443911
65444730
65441794
65439888
65440001
65440919
65444888
65444730
65439771
65440605
65439845
65442818
65447274
65439845
65442583
65442381
65442133
65441692
65441082
65440997
65440862
65441002
65439888
65440055
65439829
65440997
65440997
65439845
65446443
65439611
65444507
65439888
65439829
65439759
65439888
65442759
65441746
65439771
65439931
65445568
65439838
65439888
65439845
65439888
65440997
65441692
65442398
65439771
65439838
65439613
65444888
65439845
65442514
65439888
65439838
65439931
65442262
65445620
65439845
65439838
65439829
65439888
65439613
65441753
65439845
65439546
65440997
65440212
65445794
65439838
65445568
65439888
65439723
65445568
65439611
65442606
65445568
65445522
65442818
65439838
65439845
65442818
65439838
65439888
65439845
65440555
65439931
65455193
65440997
65446046
65445894
65443392
65446443
65440649
65442294
65444888
65440947
65446046
65441670
65444888
65440406
65441613
65444507
65439888
65439888
65439888
65439845
65444466
65439888
65442038
65445568
65442276
65440997
65439888
65441082
65447139
65441948
65443570
65439845
65442767
65439845
65441089
65439838
65440997
65445603
65443995
65445610
65448015
65439888
65447538
65441089
65442506
65439845
65441082
65439888
65439845
65441850
65444888
65441082
65444514
65440122
65440023
65439518
65442133
65439838
65440605
65439931
65439888
65439831
65439888
65439677
65439845
65439888
65439888
65439888
65439888
65446046
65439888
65448015
65443995
65444888
65439854
65439518
65440122
65442779
65439832
65439888
65444514
65444557
65442133
65444888
65453051
65439931
65439806
65446046
65441516
65439814
65439888
65439845
65446443
65448015
65439888
65439567
65439888
65444882
65444838
65439845
65439771
65439845
65439845
65442818
65439888
65441080
65442345
65439845
65439888
65444888
65449048
65439888
65445249
65439838
65440122
65439888
65443951
65439769
65439832
65448015
65440108
65439888
65440026
65439845
65448242
65439611
65441486
65439888
65439888
65444888
65441960
65440674
65439845
65439771
65440444
65440844
65441090
65439838
65446443
65439888
65439829
65439606
65439731
65439888
65441649
65441243
65439831
65444466
65440108
65440096
65441136
65440509
65440274
65439838
65444888
65441794
65439845
65444268
65440997
65440997
65439888
65444888
65441082
65444888
65441243
65445568
65439888
65440274
65446443
65448365
65440171
65444888
65439888
65439832
65439888
65444243
65439888
65439931
65440919
65441613
65445644
65439931
65446443
65448365
65441760
65439888
65441090
65439888
65441090
65448015
65443787
65446046
65439888
65444888
65439888
65452011
65446443
65442818
65447932
65439845
65439888
65439838
65439716
65439838
65440122
65440218
65439845
65439870
65439888
65446046
65447329
65440791
65441089
65442133
65439613
65446443
65442605
65439888
65439888
65439845
65439838
65442586
65446046
65440122
65444888
65444243
65441082
65445918
65444037
65444466
65446443
65440103
65445918
65442031
65441082
65440316
65439838
65439888
65439888
65446527
65439845
65439888
65439845
65439931
65439888
65441082
65439888
65439606
65445918
65439888
65444888
65441760
65439888
65439888
65440997
65439864
65441278
65444888
65446443
65439931
65440997
65439888
65439888
65440147
65439845
65442133
65439888
65446704
65439888
65439838
65444888
65441089
65439838
65444888
65439845
65442960
65440444
65441089
65444844
65439888
65444466
65443462
65439931
65441965
65446443
65444730
65447684
65439888
65439888
65439845
65439845
65448015
65439845
65440919
65445610
65446443
65439838
65439611
65441090
65444466
65439845
65445568
65439888
65446538
65446443
65446443
65439845
65439845
65442133
65440997
65448015
65444888
65440744
65440801
65445568
65439888
65439838
65441089
65439829
65442779
65442506
65439888
65439888
65444466
65446046
65441960
65440997
65444888
65441136
65439888
65439931
65441730
65444902
65440316
65447803
65444046
65445804
65439888
65444888
65444888
65443098
65445007
65439845
65439831
65442133
65439845
65440997
65444339
65445297
65441082
65442062
65441960
65439888
65441090
65440997
65441955
65440576
65441021
65441960
65442133
65440406
65440997
65439888
65440997
65443765
65443936
65441960
65439888
65442153
65445604
65445568
65439838
65444792
65439931
65441524
65439613
65440122
65440997
65439888
65440919
65444466
65442586
65447139
65441960
65444888
65439838
65440997
65439931
65440150
65439838
65440576
65439845
65445877
65439888
65440122
65439838
65440997
65440919
65439888
65439888
65441524
65445568
65446443
65442818
65439888
65439716
65440744
65444334
65442505
65439845
65447676
65445522
65439845
65439845
65444888
65442787
65439714
65439888
65439931
65439845
65439931
65446443
65439888
65444477
65439611
65441089
65448937
65442133
65439838
65439845
65444436
65445918
65439838
65439888
65441960
65444097
65439888
65444888
65442779
65441613
65439931
65445568
65439911
65441613
65440997
65444888
65444972
65440997
65446443
65439845
65440997
65440023
65439845
65441089
65439888
65439829
65439888
65446046
65440589
65440316
65444972
65446443
65444507
65439931
65441082
65439845
65441005
65441064
65439888
65442301
65441960
65440576
65444507
65441960
65439518
65444046
65439888
65442153
65440226
65440997
65441264
65439838
65444466
65448015
65444892
65444436
65444888
65439845
65439611
65439864
65439838
65439931
65439888
65444466
65439888
65441960
65439606
65445297
65444888
65439888
65439845
65445918
65439845
65440997
65439565
65439888
65439931
65446443
65442554
65441082
65440274
65439931
65442153
65442606
65439931
65439888
65439888
65439838
65445918
65441960
65441613
65440316
65439771
65444888
65445568
65439838
65442062
65439838
65440373
65441587
65442697
65449048
65440394
65441587
65444888
65443951
65440997
65445429
65439888
65439845
65439931
65441082
65444888
65444521
65445674
65439829
65439888
65441264
65439845
65439888
65441965
65441960
65441021
65439888
65439888
65439771
65439931
65439888
65440212
65439611
65444339
65439888
65443956
65439888
65441524
65445918
65439891
65448015
65442041
65440997
65439845
65442094
65439838
65444130
65440150
65439829
65439888
65440108
65443137
65440997
65445568
65441021
65439716
65442349
65439845
65439771
65439888
65444888
65444888
65439888
65440997
65439611
65439845
65439931
65439888
65440947
65439888
65446046
65440744
65439845
65443643
65440108
65439888
65445636
65445568
65448015
65440997
65439845
65449759
65444888
65439888
65442506
65439888
65448015
65449155
65444888
65446046
65443803
65439943
65441587
65446046
65440122
65439771
65444888
65439888
65440919
65439838
65440962
65443152
65441401
65439888
65439931
65440218
65439838
65442875
65439845
65446443
65444466
65441090
65439771
65442586
65441089
65440947
65439838
65439838
65439611
65439838
65439888
65440869
65444864
65444882
65446443
65444888
65439611
65441875
65439837
65439838
65446443
65439888
65445804
65439714
65442586
65439888
65439888
65439888
65440555
65439845
65439888
65439771
65444466
65439611
65441021
65439888
65444466
65441090
65442779
65443643
65441824
65439888
65446443
65440576
65439838
65441089
65442511
65439518
65439888
65439888
65442133
65439838
65454671
65442362
65442276
65444888
65439814
65441613
65441444
65439931
65441484
65440997
65439845
65439518
65440919
65439845
65440026
65439771
65439888
65446443
65439838
65439611
65439832
65450674
65439888
65439888
65443328
65445568
65439888
65440394
65446046
65439845
65441670
65444356
65439888
65441769
65446704
65442362
65446046
65448015
65439831
65439888
65439845
65439931
65443146
65439845
65442759
65441587
65439845
65444163
65443739
65442258
65441940
65441901
65439838
65446443
65439845
65439931
65439845
65441471
65439888
65439845
65442133
65445918
65439771
65440096
65443358
65439888
65439888
65439845
65440394
65441679
65443146
65453488
65440997
65444888
65442649
65439613
65453036
65439611
65439888
65439845
65439888
65445256
65439838
65442759
65439888
65439888
65439888
65439888
65439838
65439931
65439888
65439611
65441090
65440997
65439845
65446443
65444888
65446443
65439838
65440997
65444888
65440947
65444557
65441271
65439516
65439931
65442110
65439716
65447538
65439611
65444888
65444180
65440212
65446046
65439771
65448015
65441089
65439888
65442062
65445620
65439832
65442294
65439888
65443757
65443726
65442099
65439888
65440997
65440096
65440108
65449048
65445568
65439888
65440406
65442345
65439606
65439838
65439888
65440122
65439888
65447511
65439845
65445249
65442818
65439845
65439888
65439838
65443284
65445604
65446443
65439888
65439516
65439845
65439888
65444888
65439888
65439888
65448365
65441784
65445568
65439888
65441258
65440997
65441524
65444888
65439888
65442133
65440122
65446046
65439838
65439611
65442133
65439888
65439888
65440997
65441524
65439759
65444888
65444037
65439838
65441960
65441199
65440554
65439888
65446443
65439838
65439888
65441960
65444888
65444404
65439888
65439845
65443787
65439888
65439611
65441960
65440103
65441875
65442188
65439611
65439888
65441167
65440997
65441769
65442133
65439838
65439888
65439888
65439613
65439931
65444730
65439888
65439888
65439845
65439888
65439931
65439888
65440721
65440649
65440947
65439888
65440122
65441875
65439888
65444888
65439888
65444466
65442133
65439845
65444888
65441082
65446046
65439931
65446443
65447139
65439518
65440150
65439806
65439931
65439888
65440997
65439888
65444888
65439888
65442133
65440674
65439888
65444888
65439829
65439888
65443146
65440378
65440147
65444888
65448015
65443803
65440997
65439888
65439888
65441824
65439888
65442153
65444888
65439829
65441524
65439888
65441090
65444878
65446095
65439888
65442586
65439845
65440649
65445370
65444888
65439888
65442153
65439832
65444477
65442381
65439845
65439845
65444888
65441136
65439888
65439888
65444507
65441524
65439613
65440997
65442345
65439845
65442038
65444888
65439929
65439838
65445568
65442362
65439838
65442779
65441784
65445636
65439657
65445918
65439831
65442099
65442787
65439771
65439845
65446195
65443328
65442540
65439845
65444356
65441730
65444394
65440444
65442062
65439888
65442031
65439911
65439943
65442188
65440316
65441089
65440576
65444888
65439931
65445294
65440316
65453051
65439888
65439888
65446443
65439518
65444984
65443787
65439888
65439888
65439838
65439888
65439931
65445918
65442583
65439888
65439838
65446538
65445620
65439518
65440605
65439565
65439931
65439838
65439888
65439845
65439518
65439888
65439611
65439888
65440997
65439764
65444888
65439845
65440316
65444849
65440997
65439888
65444466
65440997
65442586
65441444
65439931
65440605
65450059
65439845
65439888
65439888
65439888
65444888
65440744
65445918
65441082
65439845
65442540
65439888
65439888
65440316
65442133
65448015
65439888
65446602
65439888
65440025
65439888
65441050
65441167
65441875
65445644
65442133
65443318
65444888
65448015
65439888
65441136
65440997
65445568
65441955
65445568
65439845
65441082
65441264
65439888
65442262
65439888
65448015
65444243
65441960
65446443
65443911
65439888
65444928
65439931
65439888
65440503
65445568
65439931
65446443
65444334
65441444
65439845
65439831
65439607
65439931
65439931
65439565
65446282
65442875
65442133
65441089
65444888
65446704
65444888
65439906
65444888
65443225
65445804
65439888
65439888
65439838
65444888
65440576
65439931
65442133
65446443
65440316
65439888
65443810
65439888
65444340
65447239
65446046
65439931
65439888
65444888
65440947
65440847
65441283
65445610
65442362
65453051
65446704
65441089
65439888
65444888
65441524
65446046
65439518
65442133
65440302
65446046
65440274
65440122
65444493
65440869
65445636
65439931
65444888
65443137
65439832
65450592
65439611
65439771
65443936
65439845
65439931
65441587
65444888
65442818
65439888
65439845
65439838
65444888
65440844
65439888
65439518
65444888
65439888
65439888
65448365
65439838
65439931
65441613
65441613
65444466
65439888
65439888
65446046
65443595
65449867
65440122
65442133
65441243
65439888
65446353
65439771
65441613
65441082
65445918
65442133
65439845
65439845
65439845
65439845
65440729
65443137
65439845
65445918
65445370
65439611
65440576
65439838
65439888
65446443
65439888
65447684
65441080
65442586
65439771
65439518
65446046
65440555
65443787
65439838
65440122
65439888
65439845
65444888
65439888
65444243
65441613
65441876
65446443
65441767
65440171
65446443
65439771
65439611
65444888
65441089
65439888
65441094
65439677
65448015
65439931
65439771
65439888
65439888
65442649
65446046
65442133
65444466
65441613
65439771
65440649
65439888
65440947
65445568
65439888
65440997
65442153
65444888
65444627
65444394
65441960
65441613
65440023
65439888
65439931
65439888
65439831
65439931
65439931
65440212
65441613
65439888
65439838
65440947
65440509
65446439
65440997
65444888
65442361
65445610
65448015
65444507
65439906
65439829
65439888
65440110
65439845
65439888
65439606
65439931
65441848
65439888
65445085
65444955
65444888
65440122
65440674
65439888
65439838
65445636
65439888
65439838
65442133
65446046
65444888
65439888
65439771
65446443
65439611
65446307
65439931
65443146
65439771
65439888
65440997
65445249
65439567
65444888
65439888
65439845
65439845
65439838
65440122
65439888
65445794
65439888
65444888
65439806
65441955
65439611
65439888
65445918
65439831
65445085
65439832
65441090
65440997
65439714
65439888
65439888
65439845
65443011
65439845
65441080
65439888
65439838
65439806
65449640
65440023
65439888
65442276
65439931
65439845
65439888
65439888
65445636
65441025
65439888
65439931
65439888
65442133
65439838
65440554
65446046
65444507
65439888
65444888
65444283
65439611
65439829
65440874
65439888
65445179
65440997
65441064
65439931
65447511
65439888
65439845
65439963
65439888
65440302
65445144
65439845
65441889
65445620
65447538
65439845
65441767
65440444
65439888
65439832
65439845
65446439
65440122
65441082
65441027
65446046
65446443
65441613
65444466
65441021
65439829
65439888
65443465
65439888
65440997
65441524
65439888
65439838
65439845
65444037
65439888
65439931
65439845
65439888
65439888
65439838
65446443
65441025
65439611
65439606
65442133
65439931
65439931
65446443
65439565
65440444
65439771
65443098
65439859
65446443
65439838
65444507
65442119
65439611
65439838
65445294
65444268
65441136
65445804
65443595
65440744
65446046
65439888
65446443
65439888
65439716
65444268
65440576
65445620
65443806
65440997
65439716
65439888
65442133
65444844
65439831
65440997
65439606
65442633
65439845
65449048
65439888
65444888
65442110
65439888
65439838
65440649
65444888
65441325
65439838
65441043
65439888
65439838
65440997
65439838
65445085
65439888
65444888
65439888
65445804
65439838
65442818
65439838
65444698
65445028
65439888
65441082
65439888
65439888
65439845
65445712
65440302
65446046
65444888
65439771
65439888
65441732
65439845
65439845
65442062
65444972
65439771
65440576
65442787
65443137
65439829
65444314
65440997
65439888
65442506
65439931
65439931
65440997
65439888
65442818
65440997
65440997
65439888
65439888
65444844
65442787
65439838
65439771
65447684
65439845
65439845
65439613
65442759
65443581
65444888
65444888
65439888
65448015
65446527
65440147
65439845
65440444
65444728
65439888
65445620
65441730
65439845
65440997
65441413
65439888
65443803
65439888
65442554
65439888
65439838
65443757
65439845
65441090
65445482
65439931
65441082
65439963
65439565
65441217
65439888
65444888
65445636
65442506
65446612
65439888
65441872
65439888
65439888
65439771
65439888
65442258
65441082
65439845
65439888
65445918
65440997
65439931
65439888
65441278
65456799
65439683
65445804
65441524
65445918
65439513
65446443
65441444
65444466
65439888
65453042
65440122
65440226
65439888
65439888
65439888
65445804
65442398
