1265801629783
1265396012425
1265761351656
1265254119997
1265759141477
1265365471933
1265291527656
1265124553528
1265507988797
1265443985208
1265321490948
1265895453728
1265042634294
1265691752860
1265347438531
1265335066533
1265111572076
1265092878894
1265637441261
1265953157163
1265373089629
1265802607731
1265673476386
1265310965055
1265576018479
1265883134555
1265779327231
1265602030645
1265143225201
1265680464987
1265749003258
1265489128607
1265870196412
1265750430201
1265651257676
1265585751468
1265850988678
1265919529195
1265209189433
1265045423276
1265942575617
1265555181527
1265864315428
1265805924906
1265198910074
1265340516992
1265263617603
1265322851389
1265936394211
1265301320996
1265384261443
1265719522897
1265294550877
1265705681043
1265839013105
1265951996182
1265377139482
1265013326067
1265829944471
1265767431638
1265939903256
1265509688790
1265163091414
1265836803392
1265570923764
1265102693813
1265990602970
1265085860808
1265074594050
1265709620313
1265474986107
1265799223704
1265138927968
1265850561346
1265422626265
1265923594304
1265701606881
1265138798470
1265786349165
1265671878397
1265390159153
1265057880522
1265110482035
1265635909692
1265918941230
1265599696567
1265923787800
1265140944959
1265866818968
1265773121814
1265077060732
1265685111653
1265227999805
1265557082902
1265949195308
1265226438938
1265079114204
1265071352246
1265777646054
1265830334806
1265758461434
1265527773659
1265090606674
1265583299715
1265376798324
1265239139072
1265531309038
1265524520725
1265368054124
1265231167835
1265154568244
1265714298256
1265638696120
1265726886052
1265950744512
1265440233041
1265840123334
1265399912822
1265884503947
1265712258638
1265698736695
1265767224482
1265480095578
1265350167926
1265730487000
1265071352246
1265103034137
1265486551374
1265337894920
1265396668423
1265866959800
1265461582823
1265452945427
1265643338101
1265877604827
1265408256742
1265725975936
1265527773659
1265537554797
1265898367847
1265509775130
1265884272465
1265727489931
1265255826255
1265078752696
1265933675058
1265486490668
1265340097551
1265003700843
1265196220543
1265092524191
1265698736695
1265140277009
1265088694098
1265261192243
1265812402994
1265112012652
1265645027447
1265621930392
1265833469819
1265834361531
1265556445813
1265508312448
1265444806748
1265176493477
1265987955942
1265380326136
1265824355142
1265195964352
1265541589922
1265551947139
1265903675331
1265096288566
1265731852110
1265615693248
1265290820302
1265829749221
1265325914820
1265132403700
1265179323781
1265853841913
1265759141477
1265380774732
1265220615568
1265343242093
1265689570988
1265517428975
1265862316385
1265162843381
1265013326067
1265231167835
1265474986107
1265886320102
1265365653117
1265972164471
1265805924906
1265949721483
1265708156496
1265296694002
1265459517309
1265129560534
1265543396763
1265274882948
1265068150133
1265267701063
1265186722740
1265444628435
1265494837529
1265527148839
1265486645271
1265395128772
1265280075676
1265855174244
1265852594154
1265396012425
1265753250781
1265163846175
1265036538249
1265830523471
1265264460557
1265694241952
1265217086391
1265818559065
1265809642224
1265517428975
1265171225100
1265559161313
1265319836673
1265870810508
1265140277009
1265251431573
1265837279265
1265772926695
1265269667840
1265919623113
1265802919371
1265885407729
1265901076126
1265636839807
1265955165303
1265214267114
1265381590035
1265809923865
1265475401597
1265948993860
1265828041973
1265990630525
1265749057743
1265936561824
1265000153400
1265743125055
1265274882948
1265106923314
1265836385895
1265921149173
1265876200823
1265699044632
1265918743580
1265350167926
1265106743281
1265431243204
1265959572386
1265610735885
1265752344605
1265421574617
1265760977620
1265338026011
1265517210778
1265740653510
1265438656133
1265390194292
1265527065036
1265490274158
1265926923049
1265919019084
1265232967263
1265447705784
1265882533807
1265267701063
1265240067677
1265986843455
1265902110515
1265156035605
1265396668423
1265770887636
1265490655114
1265778235755
1265171225100
1265468083155
1265738607175
1265374954945
1265351835135
1265150967960
1265602119097
1265106923314
1265032519077
1265189717934
1265223442551
1265040342693
1265185359235
1265490655114
1265855434300
1265255826255
1265759140739
1265527065036
1265826296360
1265355668006
1265831171720
1265130549732
1265742186566
1265717937975
1265757181333
1265249828688
1265752344605
1265842319602
1265254464478
1265007275062
1265133595459
1265049894365
1265004649924
1265562915921
1265274906050
1265613671130
1265799390499
1265874692747
1265376095569
1265744425039
1265504806379
1265395653123
1265217658817
1265874692747
1265846814951
1265876972933
1265211022025
1265978684139
1265860220207
1265168003790
1265672328761
1265064687733
1265074683423
1265584812373
1265878094144
1265141304880
1265926923049
1265118469433
1265484010096
1265663813011
1265752583999
1265021377738
1265958191689
1265078801951
1265360504790
1265138009627
1265297051545
1265098667711
1265189888372
1265983414302
1265210682834
1265986430651
1265376998319
1265509932956
1265626955589
1265057880522
1265410572185
1265964457495
1265804952565
1265131954039
1265617284122
1265141304880
1265723801278
1265806230345
1265431656572
1265272271830
1265255826255
1265558605822
1265390628708
1265305550631
1265507988797
1265250687592
1265399327365
1265103719248
1265915583413
1265123312206
1265570011674
1265515048488
1265800102410
1265690864993
1265256332206
1265964362405
1265937608615
1265972745150
1265645649923
1265553205683
1265501753709
1265468686238
1265163091414
1265343537053
1265695760240
1265516660462
1265097030918
1265376998319
1265245608779
1265129560534
1265987948735
1265234577180
1265340773393
1265958600435
1265395838841
1265123312206
1265416880960
1265780616651
1265769047829
1265669225402
1265712046944
1265770982093
1265539898276
1265694192821
1265099226549
1265825300161
1265404974089
1265497832053
1265797715894
1265719326870
1265792652127
1265731364095
1265898367847
1265326493516
1265673893162
1265670423298
1265858911674
1265168253098
1265202164652
1265974828417
1265826071674
1265395653123
1265890931955
1265738607175
1265310402786
1265802936288
1265541147951
1265480095578
1265208040746
1265360504790
1265038382561
1265707423619
1265149790918
1265852708566
1265396668423
1265551947139
1265015427667
1265131954039
1265346976737
1265097030918
1265927155953
1265147414308
1265777245577
1265078752696
1265992195984
1265151245047
1265589526975
1265031307967
1265386831032
1265106923314
1265669281173
1265870689201
1265702134707
1265104080150
1265705912394
1265443458464
1265604067823
1265078801951
1265561612903
1265833469819
1265252834709
1265671878397
1265589526975
1265795339107
1265550225803
1265727596042
1265633319849
1265636839807
1265251242552
1265526215865
1265822439210
1265566117461
1265877078490
1265000153400
1265957984969
1265467696591
1265004649924
1265089137591
1265204661201
1265940440253
1265850988678
1265310888916
1265330035231
1265821147410
1265238828190
1265513456699
1265869588380
1265591709257
1265626567656
1265218596430
1265958034279
1265925006278
1265031093115
1265713464604
1265138927968
1265574930072
1265730524808
1265853797834
1265986052783
1265527703718
1265495935139
1265860617886
1265045423276
1265465334290
1265813875952
1265280075676
1265228382186
1265590469457
1265832162018
1265264460557
1265301320535
1265982488798
1265142499745
1265824012553
1265515782540
1265978969813
1265762570229
1265914482903
1265960088656
1265035752644
1265782202217
1265606282956
1265602168783
1265753548032
1265540335919
1265762570229
1265308614451
1265940440253
1265736804762
1265516819677
1265022396816
1265151643673
1265174908795
1265619383155
1265533744751
1265678871287
1265701364386
1265360541898
1265167456745
1265063040390
1265231167835
1265587108285
1265070539136
1265250238001
1265976431822
1265703199853
1265177610337
1265113044009
1265061137868
1265644100560
1265870638752
1265070539136
1265230784703
1265009445054
1265841183216
1265239139072
1265705912394
1265496910725
1265802262333
1265714144339
1265468686238
1265821010149
1265297112016
1265420076074
1265422626265
1265643468230
1265736604963
1265337047060
1265207522703
1265877129492
1265106923314
1265345494145
1265078494616
1265000153400
1265819625291
1265798560423
1265264831592
1265115109005
1265813323500
1265309266839
1265509775130
1265783135959
1265329469213
1265278853366
1265250013275
1265275270678
1265604981383
1265707592959
1265370792199
1265543235723
1265147414308
1265092524191
1265251214364
1265812679209
1265866959800
1265156110380
1265729136162
1265226287819
1265937708614
1265939275293
1265605140314
1265558053683
1265475745363
1265788429381
1265587108285
1265338537106
1265054502368
1265675264140
1265541743537
1265498452916
1265290805368
1265494451573
1265328979074
1265380927479
1265014945786
1265362478012
1265425845284
1265221885296
1265775545159
1265456662370
1265111572076
1265879094258
1265036730828
1265698736695
1265974014145
1265227904498
1265202164652
1265869149319
1265628828999
1265465779782
1265022946280
1265421172016
1265376077810
1265260354422
1265185892622
1265900765911
1265457327692
1265276583373
1265809923865
1265227999805
1265399327365
1265880158053
1265530274658
1265070252801
1265924486960
1265551777436
1265503958084
1265545840700
1265928194278
1265524520725
1265573356441
1265746226581
1265827980160
1265486786669
1265081015091
1265125427880
1265932857535
1265853308223
1265280055026
1265449200902
1265625396789
1265925510805
1265123583245
1265151643673
1265852547729
1265042634294
1265645133316
1265671795612
1265901645000
1265730860456
1265014039921
1265184441394
1265808615379
1265509932956
1265173105341
1265977594705
1265610735885
1265716015594
1265656629063
1265960550711
1265180850787
1265833785609
1265116962943
1265189717934
1265218897044
1265504361654
1265765667564
1265140425434
1265709813291
1265022946280
1265766950324
1265673893162
1265269475587
1265908724827
1265746226581
1265557357116
1265921149173
1265214267114
1265322851389
1265570923764
1265350021071
1265840346762
1265654553257
1265138798470
1265269566918
1265816570479
1265247788695
1265773926796
1265064342997
1265011570305
1265205735847
1265416880960
1265673476386
1265527065036
1265721636264
1265440140122
1265761039464
1265810772324
1265319559836
1265022728890
1265903886469
1265365300501
1265558405449
1265694699444
1265385021347
1265329673439
1265514444079
1265031959509
1265318399998
1265822439210
1265486786669
1265343242093
1265453944944
1265897959320
1265081677618
1265452104037
1265697936764
1265835563504
1265063048303
1265831035216
1265211213696
1265331890344
1265828823638
1265758461434
1265844919836
1265317938962
1265895041790
1265769168706
1265860617886
1265337047060
1265584809818
1265234577180
1265870473212
1265459298620
1265127636394
1265781659957
1265600171680
1265312362181
1265240067677
1265835563504
1265740000206
1265487345729
1265710058101
1265176515420
1265865906243
1265787296568
1265896754896
1265201688470
1265869554283
1265840477987
1265660704746
1265733429127
1265896685540
1265803502194
1265149601581
1265421574617
1265248449251
1265594046056
1265486551374
1265689230167
1265882802873
1265767639872
1265703139470
1265771646184
1265095975122
1265862936497
1265722242970
1265211213696
1265973280910
1265502773394
1265894870124
1265271560550
1265806516831
1265805267140
1265831171720
1265583108160
1265622554583
1265163030313
1265592577737
1265391391782
1265873936489
1265219173450
1265861337219
1265399327365
1265421574617
1265742370783
1265003700843
1265196220543
1265337047060
1265923194244
1265173575831
1265752344605
1265207522703
1265589526975
1265149403330
1265914716354
1265649991561
1265487757444
1265849669016
1265304357257
1265951977037
1265713025058
1265947069812
1265866959800
1265962432051
1265014039921
1265921799170
1265929941393
1265400844671
1265202164652
1265084278968
1265257212481
1265177653807
1265988922079
1265447209499
1265753548032
1265988053724
1265906783563
1265928679277
1265924247698
1265940507886
1265474986107
1265001956347
1265801263738
1265207781728
1265529341469
1265250122792
1265760378606
1265071589743
1265447705784
1265914011881
1265587351573
1265218596430
1265014945786
1265042045122
1265369173929
1265410572185
1265913455806
1265036474848
1265152203894
1265876840589
1265473001511
1265058593774
1265710058101
1265390159153
1265947459196
1265015955048
1265319559836
1265908724827
1265103034137
1265651946306
1265403957848
1265064687733
1265513666139
1265278081494
1265610820025
1265450536013
1265542548995
1265503036021
1265055308829
1265957982180
1265834825296
1265941654634
1265849669016
1265941654634
1265686540157
1265274906050
1265452945427
1265185892622
1265837651492
1265742370783
1265287043317
1265011570305
1265297035506
1265415914090
1265276464974
1265582166626
1265177486326
1265622401073
1265279142009
1265321804035
1265849911192
1265828266836
1265966295706
1265337035463
1265268406761
1265286704860
1265454130028
1265250122792
1265345529091
1265821580210
1265168003790
1265819672149
1265092714735
1265156035605
1265234342275
1265347470775
1265294441673
1265914716354
1265575744456
1265914482903
1265852380014
1265853059291
1265939894649
1265347328485
1265368054124
1265968305448
1265415516409
1265861522042
1265133349535
1265356731495
1265760977620
1265599509078
1265284516839
1265267701063
1265522567189
1265333818499
1265232651858
1265773694956
1265697737089
1265110482035
1265660704746
1265088694098
1265806230345
1265347438531
1265547974977
1265761560320
1265428106800
1265643970806
1265974994322
1265986980494
1265421939529
1265442527310
1265718723651
1265296687489
1265318399998
1265588934709
1265345529091
1265260730231
1265759315288
1265877252042
1265370522735
1265071352246
1265886401472
1265819625291
1265224846091
1265447209499
1265041135110
1265680464987
1265362128378
1265644100560
1265274882948
1265179651810
1265361890043
1265186441693
1265899148895
1265204661201
1265869149319
1265373727932
1265975126876
1265098258902
1265015427667
1265104947930
1265523596494
1265070252801
1265638696120
1265152203894
1265828462535
1265801689543
1265733817047
1265735330459
1265472969689
1265554697158
1265824012553
1265402517362
1265242075673
1265672328761
1265162843381
1265617227081
1265209234834
1265283519679
1265707428160
1265794206280
1265590674687
1265037048612
1265801263738
1265611953227
1265420537829
1265949660581
1265975004387
1265890728371
1265671951275
1265482531797
1265362011580
1265313570627
1265609135939
1265091491604
1265821147410
1265423288114
1265385070373
1265820237650
1265625281993
1265063040390
1265692074421
1265088043582
1265186722740
1265300247093
1265069428374
1265215936391
1265808615379
1265168754184
1265887622756
1265283338177
1265205735847
1265448085164
1265898367847
1265604235046
1265871330760
1265008542366
1265531548779
1265141958474
1265463780491
1265694417830
1265063617164
1265129560534
1265757037947
1265717606214
1265260899576
1265404046916
1265510904542
1265766304750
1265840666647
1265459645889
1265622394348
1265918941230
1265817820521
1265660383084
1265251902154
1265659265686
1265637296565
1265974809784
1265649604176
1265743670681
1265227904498
1265151245047
1265240174288
1265241494699
1265953879153
1265321804035
1265226287819
1265409569923
1265773941273
1265414337543
1265868359154
1265590469457
1265217513820
1265245360439
1265819105871
1265853052629
1265082644001
1265468195321
1265421939529
1265935353893
1265940709037
1265405567549
1265096110532
1265070384313
1265022499387
1265825628706
1265895041790
1265429750068
1265399327365
1265261192243
1265131838224
1265497593853
1265605140314
1265716015594
1265021377738
1265381664032
1265103034137
1265449464425
1265089940660
1265704138038
1265870988604
1265242774721
1265621993585
1265640654956
1265369888622
1265362011580
1265198910074
1265233444584
1265069428374
1265740419677
1265873636335
1265762570229
1265669281173
1265790359756
1265740702664
1265538725435
1265103066044
1265606354955
1265934411153
1265849911192
1265494451573
1265958834952
1265045677849
1265430852562
1265712613620
1265750430201
1265856467996
1265283338177
1265296687489
1265678906219
1265177653807
1265200565071
1265788124158
1265706200477
1265478987451
1265076923060
1265979301245
1265375389233
1265482531797
1265460526100
1265063617164
1265862936497
1265788429381
1265509698182
1265450536013
1265186722740
1265467560082
1265583299715
1265853321560
1265885392548
1265440233041
1265676462317
1265777777733
1265853052629
1265611596229
1265571031332
1265876972933
1265551286088
1265930116364
1265151245047
1265196220543
1265864802478
1265870473212
1265944960721
1265726215470
1265926923049
1265257366178
1265391190832
1265802919371
1265073558719
1265818083862
1265828823638
1265569690845
1265773694956
1265764188603
1265199902119
1265809411133
1265373089629
1265876266698
1265853655148
1265667821711
1265453830010
1265504806379
1265559220589
1265972796037
1265195621317
1265717716982
1265243144480
1265831876827
1265664535389
1265380774732
1265404974089
1265864802478
1265373665515
1265929633947
1265294421849
1265585181565
1265895566581
1265385070373
1265109235871
1265556409629
1265114817029
1265898534027
1265379950121
1265938512901
1265550225803
1265832599670
1265283338177
1265660790811
1265180850787
1265312362181
1265222477134
1265983590932
1265019444328
1265319291374
1265137926760
1265691586445
1265534029232
1265435647702
1265063617164
1265009816898
1265126254406
1265395358775
1265537897270
1265730230900
1265284486200
1265185892622
1265087463151
1265156313517
1265435647702
1265906013562
1265262640469
1265916506249
1265172302808
1265421939529
1265005947910
1265643338101
1265498737594
1265304804855
1265908023736
1265725975936
1265376262543
1265238995502
1265626080833
1265960051883
1265732680789
1265154606897
1265508141661
1265206685596
1265380774732
1265938125466
1265404046916
1265535260298
1265727596042
1265014039796
1265667579393
1265712928688
1265005947910
1265667821711
1265978463592
1265740000206
1265346939277
1265524528567
1265073022457
1265761560320
1264998260236
1265171323613
1265929322249
1265653118803
1265406903094
1265093740438
1265583072554
1265524528567
1265547954993
1265374954945
1265803162487
1265014945786
1265318399998
1265636839807
1265006739130
1265387324560
1265443458464
1265351835135
1265926310989
1265143358000
1265124759835
1265318053286
1265957888419
1265963602790
1265252834709
1265859214751
1265949934552
1265356731495
1265215936391
1265708156496
1265990468363
1265517783543
1265357128596
1265497593853
1265515375787
1265093076021
1265725765174
1265898365308
1265190744887
1264997750316
1265698293310
1265315709631
1265643338101
1265260868336
1265808615379
1265823578041
1265643970806
1265662622343
1265494451573
1265231167835
1265881158880
1265486705608
1265708156496
1265466015232
1265645027447
1265868359154
1265709620313
1265967939927
1265609135939
1265202244021
1265110482035
1265024489459
1265884503947
1265775998060
1265849690553
1265456104150
1265824056528
1265928353343
1265558405449
1265392697621
1265594046056
1265618015615
1265913455806
1265149601581
1265204054739
1265436369024
1265893810329
1265147838365
1265719326870
1265869001074
1265520940007
1265194413430
1265623468077
1265064342997
1265909910205
1265864442512
1265474049173
1265251902154
1265837446323
1265311740529
1265313570627
1265401733047
1265217541534
1265699769306
1265702134707
1265142103459
1265809541767
1265312220657
1265278081494
1265573074037
1265574848888
1265385021347
1265970887656
1265858230367
1265614003572
1265917485477
1265797948224
1265405638364
1265319686418
1265853841913
1265660508371
1265847615894
1265871330760
1265268682817
1265595640178
1265225649356
1265387004368
1265132879107
1265725708257
1265976849280
1265705681043
1265542338458
1265858230367
1265897678980
1265381590035
1265376077810
1265127051107
1265769039665
1265669958155
1265044196750
1265850461661
1265649604176
1265652195880
1265729251048
1265795930862
1265250013275
1265729132916
1265242075673
1265019047870
1265984661163
1265325259219
1265573757807
1265264492163
1265928194278
1265046271339
1265753250781
1265566762264
1265595603006
1265180820758
1265655913949
1265268682817
1265800477351
1265312220657
1265347328485
1265293860472
1265717716982
1265310888916
1265340870746
1265015427667
1265874225295
1265137926760
1265912172967
1265264200906
1265861522042
1265176515420
1265926223716
1265924076470
1265753578649
1265401733047
1265929941393
1265061478894
1265181692802
1265541592560
1265143308237
1265231696967
1265767102494
1265066038505
1265691752860
1265461582823
1265036875905
1265853496769
1265322851389
1265556445813
1265944989268
1265542548995
1265757978544
1265694417830
1265719326870
1265557357116
1265885250969
1265073006974
1265787296568
1265005947910
1265325420268
1265256332206
1265232500040
1265061764169
1265560787427
1265126298709
1265302195176
1265388362013
1265551286088
1265629860291
1265242126707
1265660704746
1265727757824
1265875994913
1265760378606
1265081015091
1265948993860
1265799808830
1265574930072
1265416539054
1265040342693
1265163030313
1265204054739
1265365300501
1265688389301
1265780754205
1265140944959
1265935211043
1265556445813
1265830093433
1265447113558
1265935924078
1265631041054
1265970132162
1265099102152
1265790359756
1265032519077
1265109299253
1265524602172
1265736804762
1265535260298
1265585751468
1265552774862
1265248449251
1265318399998
1265099511672
1265254464478
1265009118192
1265085876574
1265365653117
1265740198987
1265405567549
1265532942636
1265835758395
1265730840686
1265311740529
1265184475377
1265315241913
1265796140269
1265199694198
1265697543208
1265227458785
1265179651810
1265357128596
1265341348447
1265556409629
1265894304562
1265453830010
1265728579967
1265401749489
1265746226581
1265843372949
1265077659700
1265524602172
1265416576650
1265465343428
1265072394487
1265700275986
1265143980586
1265626638155
1265793061834
1265907366671
1265280075676
1265605140314
1265531309038
1265534029232
1265903221450
1265766950324
1265910149070
1265053934315
1265972755575
1265495182887
1265156807082
1265064172897
1265047314761
1265543235723
1265036875905
1265467505717
1265286704860
1265754226914
1265104947930
1265442527310
1265137528558
1265921799170
1265133052549
1265217541534
1265420730830
1265537279039
1265092524191
1265321140643
1265978234227
1265262433795
1265433049756
1265695760240
1265891060981
1265195556014
1265541743537
1265688389301
1265921883233
1265801060562
1265904329777
1265112012652
1265561250917
1265433049756
1265880158053
1265725471076
1265154174507
1265644100560
1265963848479
1265747420078
1265819066824
1265346976737
1265947593470
1265073137863
1265610820025
1265006107174
1265469823795
1265447113558
1265825628706
1265959887136
1265943250066
1265062675880
1265430274640
1265700358732
1265747160172
1265950860180
1265313570627
1265219173450
1265839316698
1265446689580
1265805186572
1265241627100
1265594487548
1265517210778
1265049457196
1265749353218
1265754382429
1265890718873
1265009118192
1265812793859
1265530633340
1265522567189
1265239946607
1265829430158
1265140803932
1265919700552
1265137950122
1265878394269
1265151245047
1265772926695
1265555223060
1265750922585
1265195964352
1265437064066
1265712046944
1265639850275
1265852594154
1265291484522
1265254464478
1265958537936
1265242372589
1265047134567
1265637296565
1265733694825
1265667411197
1265635269207
1265623472844
1265808615379
1265041770679
1265849688564
1265412411562
1265955175090
1265219306267
1265203071394
1265590469457
1265964401334
1265984084285
1265076106667
1265721732128
1265903221450
1265484034633
1265953160317
1265465334290
1265454130028
1265890931955
1265947459196
1265760021219
1265894334263
1265617284122
1265527703718
1265989041373
1265973934435
1265853778108
1265523596494
1265951124964
1265638834536
1265705237603
1265049848821
1265732890504
1265777329676
1265308438339
1265460578253
1265718723651
1265639016757
1265797958105
1265565755712
1265274882948
1265853308223
1265047314761
1265537198195
1265240067677
1265024744884
1265738201465
1265784102125
1265272032183
1265963848479
1265697543208
1265331567748
1265021206253
1265525806898
1265785965454
1265834361531
1265766902567
1264997750316
1265362568173
1265960051883
1265613196425
1265297051545
1265331545633
1265040560558
1265955651157
1265678871287
1265530633340
1265209707564
1265888140233
1265187182365
1265719399313
1265709062016
1265278081494
1265507988797
1265209189433
1265037705313
1265817126650
1265573278235
1265698293310
1265712613620
1265454130028
1265541901023
1265915430277
1265385596745
1265005947910
1265469805045
1265450848877
1265124553528
1265439496509
1265429107073
1265389523280
1265368126148
1265669107927
1265181615431
1265375389233
1265900157152
1265831916983
1265753541901
1265552195063
1265925006278
1265352698726
1265514444079
1265062675880
1265158704933
1265585751468
1265806230345
1265130549732
1265739987887
1265813204538
1265415516409
1265726215470
1265164230711
1265484010096
1265702134707
1265721001923
1265982271685
1265921273725
1265591846079
1265639016757
1265870988604
1265372577947
1265376077810
1265920923113
1265753578649
1265801060562
1265380927479
1265549946037
1265977904617
1265985013160
1265766304750
1265624285898
1265283519679
1265322224840
1265078494616
1265728508264
1265901884438
1265204054739
1265871139987
1265660508371
1265538259660
1265007275062
1265355668006
1265842319602
1265521122840
1265212143548
1265001486594
1265534215160
1265158648817
1265699044632
1265612941639
1265274225783
1265276583373
1265423120970
1265667579393
1265329466752
1265717576576
1265857833650
1265149790918
1265536427391
1265444080931
1265734894697
1265090691444
1265003700843
1265111572076
1265583659348
1265310888916
1265158704933
1265732680789
1265850374315
1265489879869
1265957378346
1265125385830
1265774942996
1265789356405
1265510385392
1265434862076
1265437064066
1265569479993
1265866636786
1265645713147
1265782202217
1265938512901
1265668247685
1265118469433
1265766902567
1265818499705
1265848281804
1265005947910
1265853778108
1264997882897
1265900157152
1265365162595
1265061137868
1265150813417
1265585350336
1265278081494
1265655694010
1265022396816
1265286307808
1265774942996
1265487757444
1265453944944
1265752308177
1265262640469
1265778235755
1265956142558
1265077060732
1265862355100
1265461450146
1265337047060
1265699271191
1265728611213
1265438656133
1265639489839
1265376262543
1265063617164
1265729132916
1265130549732
1265143225201
1265238828190
1265269475587
1265013305516
1265002074001
1265938702152
1265325420268
1265142103459
1265137926760
1265013305516
1265536427391
1265830334806
1265712046944
1265350612239
1265930839124
1265602119097
1265783224504
1265667369394
1265131954039
1265895432920
1265176515420
1265181615431
1265423288114
1265256169714
1265049894365
1265979935503
1265828462535
1265958899246
1265888937065
1265078801951
1265137950122
1265319559836
1265403167805
1265783976465
1265782783146
1265283519679
1265291904419
1265073006974
1265351869993
1265935353893
1265732364271
1265047134567
1265857833650
1265288440174
1265274906050
1265297112016
1265887842221
1265428721057
1265487757444
1265150813417
1265717576576
1265126467309
1265501753709
1265845716914
1265107858034
1265209234834
1265810929074
1265132879107
1265601195517
1265077060732
1265379543329
1265890931955
1265801060562
1264997540834
1265886615830
1265104947930
1265081867067
1265794375788
1265785627886
1265103719248
1265983726558
1265942618283
1265395653123
1265836002540
1265296694002
1265250687592
1265906783563
1265394188692
1265264831592
1265211398107
1265421172016
1265968271520
1265800823527
1265515116997
1265184475377
1265427591949
1265082644001
1265948759428
1265183603892
1265270763483
1265803967797
1265924076470
1265515456112
1265493103556
1265485420998
1265199902119
1265545915952
1265776028133
1265247788695
1265667821711
1265985037634
1265782212487
1265861322491
1265974014145
1265899225764
1265061764169
1265847311018
1265321140643
1265786425279
1265484075306
1265907702056
1265200317106
1265073137863
1265775117366
1265636191604
1265373727932
1265837715320
1265355806035
1265419908999
1265725544585
1265623472844
1265906783563
1265349801268
1265920665092
1265506930213
1265111003153
1265091656612
1265369101687
1265814910951
1265832599670
1265297359692
1265599988176
1265864294400
1265054502368
1265771385773
1265173105341
1265925594555
1265741830685
1265655787813
1265070539136
1265799223704
1265400143854
1265627456321
1265276583373
1265495935139
1265400844671
1265858257285
1265593113235
1265547450197
1265813923778
1265427591949
1265484010096
1265650068996
1265143980586
1265225649356
1265204054739
1265987693654
1265230784703
1265087409389
1265626567656
1265417053789
1265456662370
1265113044009
1265800477351
1265933675058
1265501382994
1265320699311
1265361890043
1265852594154
1265621665957
1265643970806
1264999976827
1265979319932
1265298582093
1265886320102
1265541901023
1265988432356
1265730840686
1265606274469
1265873636335
1265015427667
1265821010149
1265858106346
1265471313523
1265490352957
1265004959855
1265792590293
1265212208943
1265503227206
1265082644001
1265061137868
1265780616651
1265335002433
1265991735584
1265291484522
1265350021071
1265501382994
1265953279095
1265593113235
1265821010149
1265698788430
1265701614539
1265611596229
1265835555041
1265459298620
1265786349165
1265274475405
1265199954897
1265517210778
1265814330450
1265572770828
1265628132319
1265537554797
1265870988604
1265921914191
1265785482604
1265949721483
1265940852787
1265990897402
1265082644001
1265962748345
1265772926695
1265338537106
1265700275986
1265141958474
1265969808594
1265286704860
1265958191689
1265427591949
1265936561824
1265032854055
1265828917005
1265331567748
1265907702572
1265049894365
1265319291374
1265644100560
1265527703718
1265772906046
1265701614539
1265234342275
1265194069719
1265159418355
1265716054122
1265351835135
1265847311018
1265803345389
1265163091414
1265672328761
1265585751468
1265602168783
1265201688470
1265070252801
1265908748167
1265387528851
1265547974977
1265961218566
1265566709528
1265532942636
1265820914449
1265959173053
1265928679277
1265379664982
1265409569923
1265475366137
1265217513820
1265622554583
1265782202217
1265377139482
1265845933254
1265866222811
1265073006974
1265729251048
1265081867067
1265984693653
1265345529091
1265821147410
1265733694825
1265419908999
1265025920070
1265771145555
1265515375787
1265478987451
1265387528851
1265358879282
1265981543911
1265468686238
1265872391213
1265741750172
1265396668423
1265501753709
1265937776571
1265158648817
1265061090583
1265031307967
1265447705784
1265040680668
1265617227081
1265310965055
1265423120970
1265907910912
1265761798614
1265521122840
1265465343428
1265044196750
1265866050525
1265473429715
1265465703051
1265759315288
1265251214364
1265978969813
1265773121814
1265663813011
1265185849059
1265623472844
1265721192951
1265297419337
1265721298594
1265852380014
1265642725944
1265750766925
1265040095092
1265278853366
1265872985360
1265750922585
1265459420243
1265698293310
1265658630712
1265690716901
1265400143854
1265739987887
1265692846464
1265730860456
1265564031819
1265096015652
1265037705313
1265484010096
1265085860808
1265527773659
1265672328761
1265031713102
1265754382429
1265821147410
1265403957848
1265138758262
1265127207128
1265252402490
1265143308237
1265043832516
1265876972933
1265070844899
1265968912366
1265701614539
1265503958084
1265820249946
1265550024607
1265156035605
1265387528851
1265023679179
1265163581685
1265133052549
1265197519727
1265031713102
1265014039921
1265794364826
1265553205683
1265559161313
1265171561188
1265063617164
1265129594540
1265189888372
1265033266968
1265440132643
1265469805045
1265933084597
1265813875952
1265503227206
1265599509078
1265968727262
1265813923778
1265533869846
1265507988797
1265714500875
1265448085164
1265945568749
1265448336434
1265848281804
1265408643109
1265272744571
1265701364386
1265803226742
1265673382956
1265615693248
1265054502368
1265636034328
1265416498038
1265194274484
1265137950122
1265167357475
1265804952565
1265898534027
1265054365060
1265757670186
1265922995055
1265741750172
1265399327365
1265081867067
1265325420268
1265732680789
1265379543329
1265879094258
1265594350973
1265115448730
1265554697158
1265395128772
1265960088656
1265574869406
1265853153014
1265242372589
1265690716901
1265138798470
1265453830010
1265643338101
1265092524191
1265219518784
1265502773394
1265109235871
1265097030918
1265268406761
1265599988176
1265032854055
1265853797834
1265510904542
1265640375221
1265006739130
1265731852110
1265725471076
1265864294400
1265137528558
1265924435974
1265477734535
1265674016008
1265410572185
1265058990365
1265852547729
1265881158880
1265049894365
1265007275062
1265092714735
1265196220543
1265961280002
1265676819508
1265740355615
1265312487601
1265777115787
1265138798470
1265210201003
1265785533380
1265103066044
1265785098556
1265114470581
1265195621317
1265031093115
1265840666647
1265410164920
1265596019707
1265825300161
1265684138197
1265599357973
1265137528558
1265513456699
1265240174288
1265515456112
1265953487192
1265208582889
1265278589260
1265991936615
1265359115367
1265286307808
1265740859787
1265284360216
1265961369285
1265271560550
1265421768252
1265858257285
1265899148895
1265073558719
1265953157163
1265656856296
1265723852026
1265750475573
1265732408276
1265015955048
1265878745224
1265272032183
1265754226914
1265827980160
1265929619455
1265125427880
1265749003258
1265387806600
1265486645271
1265264492163
1265053934315
1265763445594
1265856366201
1265664718377
1265570923764
1265502130473
1265686238581
1265509932956
1265040095092
1265530633340
1265333570736
1265047134567
1265426406687
1265092524191
1265893649018
1265138927968
1265570011674
1265788124158
1265211213696
1265539898276
1265222477134
1265357930033
1265573757807
1265250122792
1265494451573
1265774113011
1265621665957
1265904228086
1265260354422
1265894870124
1265156807082
1265108876949
1265754666679
1265473268454
1265758767018
1265766902567
1265740336774
1265616338997
1265179651810
1265501046549
1265974415353
1265415516409
1265812679209
1265983911119
1265219173450
1265685111653
1265941946159
1265813984396
1265573278235
1265801244522
1265818499705
1265006107174
1265719404028
1265456662370
1265551286088
1265338026011
1265972331643
1265916894195
1265021206253
1265971343400
1265003700843
1265713464604
1265591846079
1265655675582
1265515226532
1265579909232
1265071352246
1265777115787
1265913288643
1265937202109
1265566117461
1265922718274
1265810217889
1265331027488
1265202164652
1265174908795
1265649973079
1265717576576
1265002074001
1265463780491
1265430230360
1265834882719
1265594487548
1265573074037
1265421768252
1265880409888
1265150813417
1265806564061
1265103719248
1265053934315
1265639850275
1265524602172
1265458841958
1265415914090
1265111003153
1265907737435
1265369101687
1265795151686
1265046118077
1265186239644
1265083677037
1265616906918
1265769168706
1265140277009
1265815609633
1265215936391
1265613671130
1265272744571
1265984888008
1265752308177
1265242126707
1265740311060
1265847311018
1265652195880
1265195964352
1265877078490
1265676346649
1265387528851
1265177653807
1265058990365
1265575913224
1265766902567
1265243455794
1265853153014
1265487326094
1265264492163
1265509698182
1265040342693
1265785012808
1265147414308
1265404974089
1265352698726
1265031093115
1265156163038
1265667821711
1265274130853
1265209189433
1265951198990
1265888796766
1265404046916
1265588887455
1265656856296
1265945568749
1265964955396
1265955339727
1265947046434
1265405567549
1265926871322
1265870309754
1265315724415
1265099226549
1265032519077
1265903161527
1265045423276
1265385596745
1265437283922
1265317938962
1265021377738
1265787296568
1265353969700
1265551239767
1265792550487
1265186441693
1265447209499
1265195722953
1265312487601
1265862316385
1265092819622
1265574869406
1265001406799
1265615693248
1265406903094
1265082644001
1265264831592
1265932045920
1265829944471
1265386733702
1265013326067
1265905914540
1265627347564
1265613757999
1265480027024
1265000153400
1265954163070
1265778692849
1265783224504
1265767224482
1265517210778
1265695920322
1265775117366
1265057578218
1265925826789
1265523545295
1265424665693
1265286375617
1265423288114
1265749057743
1265506930213
1265321804035
1265922730842
1265978180333
1265002074001
1265250122792
1265786349165
1265429750068
1265267865999
1265610735885
1265009445054
1265523545295
1265952234187
1265095975122
1265164224690
1265863310798
1265373665515
1264997882897
1265351869993
1265901572349
1265479481198
1265251902154
1265691884621
1265603617940
1265639016757
1265247788695
1265780881086
1265579505784
1265646083814
1265057107613
1265908407981
1265766081104
1265561612903
1265311460144
1265330634877
1265671795612
1265293860472
1265210682834
1265579683416
1265824401547
1265689230167
1265832162018
1265208942208
1265853439118
1265194274484
1265928381800
1265415516409
1265733817047
1265440140122
1265443667183
1265941582791
1265250687592
1265835845466
1265535260298
1265226806696
1265978387692
1265284516839
1265575744456
1265014515385
1265432922611
1265095975122
1265770982093
1265383172722
1265862316385
1265594350973
1265980907029
1265064172897
1265768625915
1265763445594
1265607548488
1265272744571
1265915781934
1265614822440
1265572654234
1265874845878
1265826071674
1265290805368
1265743670681
1265096015652
1265207522703
1265806230345
1265651257676
1265829772941
1265646083814
1265825628706
1265013305516
1265024675362
1265390159153
1265890866164
1265600077698
1265970709519
1265939275293
1265813875952
1265945780451
1265839013105
1265814330450
1265489879869
1265488255374
1265718723651
1265700414994
1265613757999
1265804161876
1265783964799
1265686238581
1265622787903
1265533869846
1265304804855
1265810934038
1265969377012
1265103034137
1265898534027
1265931546190
1265435619670
1265625281993
1265498113144
1265501046549
1265137811253
1265842319602
1265546755825
1265151245047
1265977009916
1265217872102
1265240067677
1265572654234
1265058593774
1265743582065
1265726215470
1265163091414
1265318053286
1265727299940
1265740653510
1265882802873
1265218670746
1265743582065
1265343490218
1265840890041
1265764290242
1265047134567
1265857827728
1265535260298
1265131838224
1265624248137
1265154174507
1265966905343
1265003700843
1265142499745
1265930028107
1265046118077
1264997767659
1265970790334
1265288124129
1265254119997
1265912172967
1265018760257
1265920899828
1265421768252
1265625954328
1265725765174
1265224846091
1265096372855
1265460817974
1265123312206
1265904853277
1265804695253
1265639930336
1265176264540
1265796400991
1265251242552
1265611596229
1265584812373
1265599696567
1265400844671
1265806415648
1265968727262
1265103066044
1265517428975
1265589984586
1265092819622
1265859773685
1265659306673
1265137528558
1265503958084
1265356170679
1265712046944
1265540675963
1265834882719
1265656185647
1265107858034
1265254497674
1265901893834
1265954682590
1265876237310
1265664675334
1265912172967
1265439345549
1265777245577
1265286307808
1265450848877
1265819909829
1265778692849
1265076163698
1265087409389
1265901076126
1265301320535
1265653442508
1265046271339
1265221327477
1265732890504
1265438678095
1265712258638
1265044196750
1265321455453
1265902015485
1265222477134
1265740198987
1265654553257
1265096015652
1265115345233
1265014039796
1265775489334
1265557082902
1265501906001
1265203071394
1265018760257
1265826064599
1265080434781
1265431243204
1265808626669
1265213706395
1265487562091
1265973206694
1265779327231
1265057578218
1265140425434
1265651926587
1265154606897
1265256332206
1265639489839
1265252834709
1265881158880
1265143358000
1265256384217
1265712916864
1265685111653
1265725765174
1265747757444
1265767880017
1265530804060
1265393701012
1265549393134
1265305343133
1265132278204
1265871775091
1265294421849
1265651128844
1265920190294
1265077659700
1265449200902
1265471121514
1265322224840
1265436586182
1265671951275
1265727596042
1265474986107
1265302195176
1265688554150
1265250013275
1265383172722
1265240067677
1265879666023
1265837512115
1265824002712
1265989927236
1265923594304
1265501906001
1265154174507
1265838199375
1265172302808
1265698293310
1265914013043
1265824002712
1265853655148
1265960514975
1265221327477
1265668799416
1265179707272
1265004435772
1265132403700
1265211213696
1265699769306
1265230784703
1265126467309
1265769073094
1265564998991
1265076923060
1265193677151
1265345633427
1265788124158
1265217541534
1265157128055
1265306821381
1265515375787
1265603617940
1265395071821
1265117986594
1265415762656
1265044196750
1265877515503
1265331567748
1265450848877
1265355416130
1265490655114
1265933675058
1265754133970
1265281788332
1265789511027
1265769047829
1265741759175
1265918941230
1265316760027
1265828041973
1265561043041
1265218897044
1265787893396
1265296687489
1265488588916
1265474753186
1265132278204
1265700275986
1265668441469
1265501943288
1265917605432
1265892411589
1265880735231
1265864442512
1265032519077
1265814517243
1265712916864
1265199954897
1265351835135
1265901554031
1265117986594
1265861337219
1265055308829
1265850461661
1265430274640
1265850374315
1265487345729
1265645713147
1265782829779
1265520311922
1265356170679
1265318053286
1265238995502
1265406776032
1265208040746
1265268682817
1265097122985
1265218596430
1265723801278
1265949721483
1265434675495
1265652408886
1265551286088
1265703185849
1265340773393
1265134301189
1265524520725
1265772926695
1265981078289
1265090691444
1265945579624
1265780754205
1265185892622
1265900131037
1265537554797
1265535999017
1265057578218
1265467505717
1265141958474
1265495655952
1265083031052
1265891754312
1265171323613
1265929322249
1265882533807
1265358148406
1265636032532
1265543235723
1265577906977
1265816570479
1265159297443
1265593465289
1265046118077
1265450281747
1265942521749
1265095975122
1265513456699
1265570011674
1265179651810
1265508141661
1265968043965
1265489879869
1265862355100
1265473268454
1265061478894
1265694499423
1265179707272
1265688389301
1265701614539
1265043998204
1265694417830
1265712916864
1265376262543
1265766102163
1265945468436
1265070539136
1265141367478
1265530633340
1265909189109
1265106275815
1265694219000
1265640375221
1265566117461
1265886619277
1265533744751
1265593516192
1265116962943
1265258500386
1265406776032
1265722998602
1265694540316
1265915430277
1265541592560
1265664535389
1265529341469
1265231696967
1265333773614
1265385596745
1265267865999
1265276464974
1265757037947
1265414337543
1265653248745
1265750475573
1265024675362
1265688554150
1265953922594
1265917450365
1265948786420
1265448336434
1265436369024
1265515048488
1265617227081
1265087937020
1265705412906
1265310402786
1265745796645
1265935027886
1265588887455
1265245608779
1265537279039
1265849806935
1265667821711
1265824449451
1265385244850
1265024675362
1265156035605
1265813875952
1265899348149
1265442689043
1265114011513
1265884341110
1265636174281
1265806230345
1265302195176
1265310402786
1265380326136
1265990313311
1265868399614
1265254497674
1265008831768
1265793380219
1265084570970
1265814852781
1265342137362
1265593113235
1265937608615
1265423120970
1265103066044
1265311460144
1265607548488
1265777245577
1265719522897
1265541592560
1265887405598
1265408256742
1265405282064
1265204059427
1265697772047
1265356731495
1265019757412
1265444628435
1265921273725
1265325914820
1265202244021
1265149790918
1265826300263
1265574599814
1265408898096
1265919039161
1265429107073
1265816450897
1265562113002
1265601195517
1265494240697
1265269667840
1265405927401
1265786425279
1265106923314
1265971527812
1265362568173
1265668441469
1265969934274
1265676462317
1265785965454
1265278589260
1265450536013
1265901645000
1265807803170
1265201517281
1265297112016
1265735919554
1265949042707
1265842898615
1265097030918
1265567347658
1265446123709
1265187182365
1265775390967
1265031713102
1265432614647
1265583866111
1265668711898
1265014039921
1265903886469
1265024744884
1265009118192
1265914716354
1265945395981
1265669958155
1265708156496
1265409569923
1265865868415
1265184475377
1265543235723
1265494240697
1265215936391
1265921914191
1265028189804
1265178409339
1265226288650
1265546885472
1265385596745
1265108876949
1265977436215
1265020116425
1265214267114
1265860239038
1265977373238
1265777115787
1265264831592
1265103066044
1265486705608
1265476086642
1265387528851
1265383172722
1265096288566
1265922870270
1265527065036
1265151245047
1265263617603
1265606274469
1265871330760
1265385596745
1265421172016
1265178409339
1265096288566
1265124720055
1265607548488
1265818499705
1265642999057
1265015427667
1265709062016
1265208040746
1265572654234
1265180820758
1265798200361
1265676331711
1265291904419
1265358148406
1265209234834
1265799223704
1265891754312
1265727267646
1265560787427
1265776028133
1265969897301
1265396012425
1265217513820
1265943537188
1265842773472
1265150207401
1265311433157
1265474049173
1265919662541
1265368675441
1265141367478
1265212208943
1265669958155
1265746297199
1265709620313
1265300590217
1265349801268
1265376998319
1265695164045
1265969897301
1265300590217
1265675477086
1265781659957
1265395071821
1265508141661
1265049457196
1265186722740
1265981384908
1265319686418
1265070384313
1265211213696
1265786508416
1265108892280
1265850374315
1265087409389
1265115345233
1265721192951
1265653442508
1265116962943
1265704942992
1265669539879
1265272744571
1265440233041
1265479481198
1265448336434
1265936479550
1265107858034
1265718623069
1265721732128
1265786984396
1265272744571
1265852380014
1265547450197
1265764167211
1265636519707
1265496910725
1265585751468
1265313503369
1265203475191
1265103034137
1265622554583
1265663862465
1265105363131
1265015955048
1265838340297
1265712258638
1265688330358
1265226806696
1265534029232
1265830301353
1265708156496
1265312731418
1265859214751
1265260899576
1265267701063
1265318224313
1265663813011
1265721636264
1265644100560
1265743670681
1265495655952
1265495935139
1265958814426
1265517783543
1265321455453
1265437283922
1265919529195
1265780108842
1265463780491
1265798526268
1265469823795
1265408380728
1265308548992
1265404046916
1265045677849
1265091491604
1265049457196
1265522567189
1265328480979
1265299774417
1265563777344
1265753250781
1265983323920
1265747420078
1265497832053
1265137950122
1265434862076
1265747824494
1265615693248
1265023905221
1265124720055
1265821823257
1265758767018
1265223703910
1265761165384
1265439496509
1265985438895
1265807212004
1265123583245
1265360541898
1265769168706
1265629860291
1265746888645
1265129560534
1265322224840
1265502130473
1265197270016
1265929619455
1265749934336
1265937298085
1265925858420
1265573071570
1265124720055
1265211398107
1265181615431
1265428721057
1265018632148
1265712928688
1265712928688
1265198910074
1265632317125
1265523545295
1265308548992
1265426406687
1265262640469
1265572253288
1265312220657
1265614003572
1265395838841
1265042045122
1265852708566
1265340516992
1265037048612
1265880651583
1265579440103
1265238828190
1265554697158
1265749417440
1265617675366
1265827049766
1265201517281
1265538725435
1265184475377
1265868399614
1265242126707
1265824355142
1265546190063
1265355806035
1265208582889
1265805267140
1265036730828
1264997767659
1265692846464
1265573757807
1265852594154
1265595730559
1265819672149
1265409569923
1265989257734
1265738607175
1265434862076
1265982756025
1265350021071
1265129341210
1265669958155
1265510385392
1265471121514
1265927006376
1265746297199
1265403957848
1265947801144
1265174908795
1265612823469
1265287239463
1265922064589
1265962521185
1265102693813
1265533961176
1265443667183
1265132324674
1265876237310
1265814566653
1265836419076
1265296694002
1265830523471
1265514700675
1265031093115
1265810772324
1265716280340
1265783135959
1265458920510
1265840477987
1265819672149
1265865982849
1265156807082
1265829007077
1265540341653
1265828917005
1265712928688
1265804881633
1265596274788
1265081867067
1265377139482
1265767224482
1265575913224
1265965974306
1265213706395
1265460578253
1265704138038
1265823578041
1265798526268
1265406903094
1265764175170
1265129594540
1265755880968
1265173575831
1265057880522
1265820732140
1265757462711
1265036875905
1265905988373
1265206685596
1265073137863
1265284486200
1265435454265
1265467560082
1265587351573
1265093740438
1265854561068
1265725680124
1265865906243
1265251431573
1265471656155
1265965909306
1265494146140
1265189717934
1265159418355
1265730840686
1265154606897
1265070252801
1265372577947
1265452945427
1265757181333
1265775998060
1265061137868
1265206685596
1265767733055
1264999976827
1265600802860
1265365300501
1265395838841
1265208040746
1265841183216
1265849690553
1265960418195
1265423593131
1265431243204
1265723489706
1265291484522
1265579683416
1265362128378
1265385244850
1265861322491
1265895612640
1265506820905
1265746165871
1265223703910
1265527148839
1265613671130
1265248449251
1265712916864
1265356170679
1265872348505
1265471313523
1265366465705
1265818083862
1265941679093
1265322224840
1265504806379
1265881163514
1265899553687
1265448336434
1265985037634
1265342137362
1265660704746
1265302078117
1265111003153
1265972164471
1265222477134
1265087937020
1265397813195
1265906649839
1265032519077
1265125385830
1265006107174
1265440132643
1265006739130
1265078752696
1265845933254
1265252834709
1265934166542
1265763294983
1265829944471
1265319686418
1265049894365
1265874845878
1265960550711
1265463780491
1265824355142
1265850561346
1265585181565
1265646117207
1265691884621
1265987661552
1265501906001
1265532942636
1265923678704
1265688330358
1265577373672
1265767102494
1265615693248
1265624248137
1265115448730
1265562207159
1265141367478
1265733694825
1265430230360
1265108876949
1265278904536
1265276464974
1265248449251
1265797948224
1265141958474
1265312731418
1265087937020
1265154568244
1265807212004
1265217541534
1265529341469
1265928381800
1265333570736
1265274882948
1265322547589
1265629008281
1265938231521
1265990094825
1265922064589
1265064172897
1265714500875
1265866296558
1265873913487
1265286307808
1265350167926
1265617675366
1265074683423
1265028073667
1265852708566
1265267865999
1265037048612
1265761351656
1265991801852
1265624248137
1265978800864
1265410164920
1265428106800
1265129341210
1265974994324
1265474929464
1265813806604
1265114817029
1265703199853
1265106275815
1264997882897
1265621665957
1265551286088
1265594350973
1265738311384
1265560880526
1265738607175
1265274882948
1265808626669
1265650068996
1265958191689
1265184475377
1265133595459
1265321490948
1265088043582
1265274906050
1265343537053
1265510788646
1265308614451
1265099511672
1265315124657
1265174744355
1265008831768
1265256169714
1265697543208
1265526215865
1265087463151
1265663813011
1265494240697
1265749912311
1265008542366
1265210682834
1265785529861
1265343513689
1265801363933
1265860239038
1265495029466
1265872576071
1265330634877
1265907336473
1265847615894
1265760021219
1265129341210
1265621665957
1265036474848
1265777777733
1265734758831
1265602030645
1265969383500
1265151643673
1265585181565
1265031913273
1265786425279
1265984011028
1265887497282
1265825367693
1265225133555
1265194069719
1265154606897
1265920196532
1265446123709
1265321140643
1265846632268
1265416539054
1265186722740
1265863310798
1265092524191
1265140425434
1265435454265
1265141367478
1265345529091
1265946759199
1265797857413
1265738725935
1265530633340
1265316760027
1265919531043
1265909738608
1265730487000
1265785012808
1265513827939
1265835758395
1265684908575
1265474049173
1265290820302
1265966334643
1265322851389
1265749057743
1265660383084
1265771150479
1265871668508
1265743582065
1265281788332
1265060090344
1265752583999
1265430274640
1265202164652
1265342229114
1265271100233
1265957888419
1265773288899
1265874662938
1265837446323
1265368126148
1265394188692
1265257366178
1265799325765
1265497532344
1265750922585
1265792652127
1265432922611
1265801007326
1265015427667
1265673893162
1265474049173
1265919662541
1265041135110
1265976964038
1265650068996
1265882802873
1265907787548
1265934105282
1265450281747
1265185892622
1265177610337
1265178409339
1265312487601
1265636839807
1265699769306
1265239139072
1265673548240
1265836862385
1265779327231
1265081677618
1265527148839
1265168003790
1265673548240
1265302195176
1265321490948
1265749912311
1265981873746
1265783964799
1265390628708
1265594046056
1265849212208
1265761039464
1265805186572
1265342137362
1265817546850
1265084570970
1265022396816
1265275826747
1265240174288
1265444628435
1265570011674
1265115345233
1265563059003
1265468686238
1265368675441
1265103034137
1265189536872
1265862888740
1265541592560
1265468686238
1265501753709
1265489128607
1265076923060
1265714500875
1265276464974
1265858611301
1265676462317
1265414337543
1265668799416
1265110482035
1265071589743
1265991643650
1265435647702
1265024675362
1265515048488
1265798526268
1265408898096
1265260899576
1265112587175
1265186441693
1265118253184
1265550181931
1265596019707
1265786425279
1265241494699
1265870988604
1265834960565
1265129560534
1265856488481
1265974369914
1265322224840
1265766081104
1265874692747
1265820249946
1265849911192
1265505986592
1265404974089
1265437064066
1265645713147
1265073137863
1265969786175
1265671951275
1265509932956
1265156110380
1265227458785
1265771646184
1265851042361
1265957413065
1265878745224
1265572654234
1265576717499
1265625954328
1265556409629
1265305343133
1265396664011
1265459645889
1265560880526
1265252834709
1265177610337
1265291771425
1265460578253
1265419908999
1265092524191
1265221327477
1265785533380
1265503958084
1265936561824
1265761370220
1265447871755
1265443411576
1265225133555
1265288833236
1265921590241
1265041135110
1265177653807
1265657202643
1265190744887
1265886696545
1265963647808
1265372841954
1265928011087
1265110482035
1265832599670
1265154174507
1265824843491
1265830334806
1265903479268
1265880800466
1265104947930
1265042741419
1265606675393
1265788213797
1265554697158
1265834825296
1265712046944
1265127051107
1265739987887
1265038340101
1265313570627
1265013305516
1265587108285
1265853323375
1265180820758
1265288833236
1265438678095
1265527703718
1265713464604
1265856310053
1265397813195
1265091656612
1265805924906
1265057578218
1265374865780
1265449464425
1265826300263
1265340773393
1265902721096
1265294441673
1265194069719
1265221885296
1265864383002
1265082644001
1265969332069
1265956142558
1265733694825
1265777777733
1265028189804
1265820732140
1265545915952
1265660383084
1265262640469
1265576717499
1265205069788
1265488931299
1265845716914
1265555873142
1265444700534
1265703139470
1265164224690
1265132879107
1265054365060
1265831276652
1265713368246
1265104947930
1265542338458
1265501943288
1265473001511
1265530204433
1265040560558
1265547974977
1265180850787
1265715858170
1265292085865
1265652195880
1265286307808
1265955153397
1265460817974
1265409569923
1265606274469
1265124553528
1265227904498
1265207522703
1265930863014
1265684908575
1265777245577
1265899148895
1265680424935
1265850096432
1265080907142
1265180820758
1265742186566
1265913297510
1265088043582
1265911353044
1265914716354
1265022946280
1265223442551
1265376095569
1265536427391
1265697737089
1265599988176
1265208040746
1265926310989
1265310888916
1265835555041
1265092819622
1265859214751
1265730860456
1265891468441
1265947873161
1265251242552
1265824843491
1265436973829
1265561612903
1265090194775
1265705912394
1265845933254
1265662245905
1265130549732
1265410164920
1265176515420
1265537897270
1265456761439
1265342137362
1265735419101
1265278081494
1265743670681
1265234213037
1265297051545
1265775117366
1265674060794
1265308438339
1265830334806
1265181692802
1265825628706
1265142499745
1265207781728
1265805146268
1265006942689
1265009816898
1265676620852
1265084278968
1265238995502
1265881825715
1265708967234
1265809411133
1265331027488
1265814910951
1265763294983
1265961226448
1265142499745
1265626955589
1265080907142
1265599357973
1265444806748
1265732364271
1265667411197
1265009816898
1265699403479
1265910220824
1265368126148
1265408256742
1265807923620
1265833785609
1265953487192
1265746165871
1265047134567
1265465779782
1265749057743
1265592577737
1265360541898
1265573074037
1265186239644
1265675477086
1265251242552
1265653248745
1265112012652
1265258448693
1265271560550
