65945786
65944199
65945654
65945786
65945396
65945396
65944107
65945396
65944626
65945500
65944839
65945786
65945654
65945786
65945396
65945654
65945786
65949402
65944210
65945786
65947262
65945874
65945396
65945654
65945786
65947554
65947797
65947485
65944983
65945654
65945412
65948672
65946325
65952811
65945396
65952811
65951413
65950455
65948797
65947201
65945786
65946050
65945786
65945786
65947498
65945654
65946282
65947407
65944529
65954363
65944701
65945786
65945654
65944841
65945786
65945786
65944427
65945654
65945255
65945396
65944427
65947298
65950156
65945654
65945396
65944975
65945786
65952459
65945786
65945396
65945665
65946073
65945396
65944520
65952811
65945396
65945786
65945786
65945786
65945396
65954363
65945654
65945258
65945396
65944061
65947262
65950227
65948672
65945665
65945320
65944054
65945654
65945786
65945786
65945654
65945396
65945396
65944249
65945396
65945396
65945396
65945786
65945826
65945654
65953068
65950899
65945786
65944651
65944054
65945437
65945786
65945786
65945396
65945396
65944376
65945050
65945786
65949749
65948672
65945396
65946080
65947262
65945396
65945786
65945786
65944529
65945263
65950590
65945396
65948672
65945654
65951543
65945396
65947262
65944531
65945786
65947262
65945786
65945654
65944692
65945786
65945786
65945665
65945786
65945396
65946325
65945654
65945004
65945047
65946545
65945786
65944818
65946448
65944426
65945786
65946994
65944983
65945780
65945786
65944564
65945396
65944054
65945396
65945786
65946545
65945320
65947262
65944974
65945343
65946574
65944249
65952653
65945654
65952474
65945004
65945200
65945492
65946889
65945396
65945786
65948918
65946448
65944426
65945050
65944353
65949162
65945654
65944207
65944774
65944622
65945783
65945654
65945786
65945654
65945396
65946025
65945805
65945786
65945786
65947164
65945786
65953174
65947262
65945915
65945093
65945874
65944400
65945786
65944732
65945389
65951559
65945786
65945396
65945396
65947298
65945786
65945396
65945786
65945196
65945654
65945654
65945786
65958141
65947742
65944427
65945396
65945396
65945654
65945320
65952016
65945786
65947318
65945396
65945786
65946325
65945786
65945786
65945786
65946325
65947262
65945396
65945786
65945786
65949220
65946448
65945786
65945826
65948918
65945786
65945396
65945786
65945396
65944651
65945826
65948672
65945396
65945396
65945396
65945396
65945396
65945396
65946193
65944207
65948797
65946159
65946325
65945396
65952811
65945396
65944962
65948672
65950269
65947262
65944974
65945396
65944611
65945004
65947014
65945654
65944651
65945966
65945396
65944367
65950151
65945654
65945786
65945786
65949362
65952474
65945654
65945389
65946574
65947262
65945786
65945396
65945260
65948836
65944233
65945654
65945786
65945654
65946445
65945786
65945396
65946325
65950556
65945396
65945654
65946545
65945946
65945396
65946229
65945654
65946545
65945786
65945396
65944841
65945197
65945348
65949520
65945396
65944672
65944145
65945654
65945029
65945654
65946662
65945724
65945861
65944974
65944427
65945085
65945396
65945024
65945654
65952359
65949454
65945654
65945786
65945396
65945396
65945786
65945786
65944652
65950156
65946325
65945786
65948830
65945786
65947262
65949541
65945665
65945786
65947262
65946545
65944818
65946193
65945786
65945255
65945029
65945396
65948745
65945654
65945396
65945820
65945786
65945396
65948672
65946445
65945654
65945654
65946193
65949412
65944207
65945786
65945874
65946977
65945786
65945786
65945780
65944839
65948672
65944571
65945396
65945654
65945396
65959084
65949749
65944427
65945320
65944975
65945396
65944893
65946448
65944647
65945396
65944694
65947740
65945786
65946545
65945654
65945665
65945786
65945654
65945786
65947554
65945531
65947298
65956958
65947848
65944949
65945396
65945654
65945396
65946959
65945654
65945786
65945389
65947259
65945665
65945786
65944116
65945396
65945396
65945396
65945786
65945654
65948672
65945654
65944446
65944138
65945786
65951781
65945786
65945786
65945396
65944611
65952835
65947997
65945389
65945786
65947298
65944983
65945786
65946545
65945826
65945786
65945654
65944416
65945786
65944529
65945786
65945786
65944427
65944140
65947262
65945786
65946325
65944129
65945396
65945396
65945004
65945396
65945654
65950899
65945396
65945786
65947262
65945396
65947997
65951079
65947013
65951187
65945786
65951781
65945396
65945396
65958494
65945673
65945786
65946574
65945874
65945786
65947262
65944249
65945396
65944414
65945396
65945396
65945654
65944652
65949387
65945654
65945786
65944529
65945396
65945786
65945329
65945396
65952244
65944572
65945396
65944956
65945786
65945946
65945786
65948672
65945786
65945654
65946080
65944611
65945396
65944400
65945786
65945396
65947262
65945786
65945320
65945786
65945786
65945654
65944651
65945654
65945786
65952811
65945786
65945786
65945786
65944529
65945396
65945665
65946994
65945654
65945654
65945786
65945786
65945786
65950148
65945874
65945396
65945786
65946229
65946391
65959084
65945786
65945820
65945654
65944529
65944427
65945396
65945396
65945654
65952811
65945874
65945786
65944427
65945820
65946618
65953068
65945786
65954181
65945966
65948833
65944276
65945654
65945786
65945786
65945396
65945372
65944416
65945874
65945786
65945654
65945820
65945396
65945088
65945396
65945786
65945786
65948833
65945396
65945654
65945396
65944416
65948672
65945786
65945396
65952474
65947298
65945213
65945786
65945492
65945654
65945396
65945786
65945806
65945348
65945396
65946352
65945786
65945320
65945389
65945654
65945786
65945786
65945786
65945946
65948915
65945029
65947262
65945786
65945786
65945860
65945654
65945786
65944839
65945786
65947298
65945389
65944975
65945786
65947926
65946448
65945412
65945786
65944116
65947964
65946325
65944975
65945874
65944651
65945396
65946994
65949520
65945396
65945786
65944529
65945786
65945045
65948672
65945396
65945780
65945786
65946325
65946131
65946545
65945654
65945320
65945786
65950276
65947937
65945654
65945786
65945396
65945396
65945874
65945396
65944611
65945654
65945786
65947997
65945396
65946076
65945396
65949690
65952474
65945396
65946025
65945786
65947298
65945780
65944515
65944529
65945320
65946445
65945654
65945396
65945786
65946516
65945024
65945786
65945247
65945786
65945654
65944529
65945389
65947479
65944974
65945786
65945396
65945060
65945320
65944606
65945874
65945786
65945258
65944972
65944207
65945396
65944672
65946950
65945047
65944276
65945396
65945654
65945654
65945654
65949490
65945417
65945654
65945654
65945665
65945654
65945786
65945665
65945786
65944818
65946352
65951872
65944895
65946758
65944327
65945786
65945786
65945946
65945786
65944647
65945786
65945786
65946352
65945396
65945786
65945396
65945326
65945004
65944818
65945396
65945786
65945654
65945654
65945786
65946352
65944949
65945786
65945724
65945786
65945786
65945396
65945396
65946325
65949526
65946325
65946325
65945826
65946325
65947997
65944119
65949253
65946319
65948833
65945786
65945258
65952747
65945396
65945786
65947262
65945654
65945396
65945786
65945258
65945654
65945396
65945377
65944950
65948804
65950556
65945786
65945786
65945786
65956350
65946352
65945874
65945786
65945396
65944818
65944327
65945396
65945786
65945654
65945665
65951109
65945786
65945396
65944732
65952707
65945396
65945786
65946663
65961118
65945654
65948672
65945396
65944293
65945786
65945786
65945826
65945320
65944233
65948672
65945653
65945396
65944416
65945320
65945396
65945915
65948672
65945786
65946352
65945389
65946352
65944564
65945396
65944124
65944107
65945396
65945786
65946545
65945786
65945004
65944276
65945786
65947163
65946162
65948672
65945786
65945396
65944116
65946448
65945396
65946621
65946229
65945654
65945748
65945396
65945004
65945396
65948838
65945654
65945396
65945786
65944893
65952914
65945786
65951438
65945396
65945654
65944107
65945786
65947262
65945786
65945396
65946574
65945654
65945531
65945396
65945786
65948804
65944427
65945786
65945047
65945915
65944651
65944527
65944529
65945396
65945436
65947554
65948672
65944672
65945786
65945654
65945786
65945200
65945654
65946539
65948111
65951543
65944353
65945396
65945396
65947254
65945060
65945258
65945412
65945786
65945258
65944400
65945654
65945396
65945396
65944427
65949368
65945786
65945396
65946325
65944818
65944207
65952786
65948672
65945786
65945389
65947090
65945786
65945786
65945470
65945786
65945786
65945060
65945654
65945786
65952263
65945786
65945437
65945786
65945786
65944138
65945200
65944427
65946707
65945443
65944974
65950318
65944651
65945786
65945396
65945258
65948836
65945786
65952459
65945389
65946325
65945654
65945786
65945396
65946325
65946445
65945665
65945396
65945654
65952811
65945946
65945396
65945396
65946560
65944416
65945653
65945786
65945654
65945024
65944488
65945654
65947997
65945389
65946448
65945786
65946663
65945826
65944427
65945786
65945786
65946545
65945654
65945786
65945654
65944651
65945786
65945396
65945665
65945260
65945543
65945396
65945786
65945786
65945786
65945396
65945786
65946325
65946325
65946080
65944895
65945531
65954282
65945786
65948111
65946819
65945258
65947259
65947533
65947997
65945396
65945396
65945786
65946964
65945396
65944376
65945654
65944400
65947997
65945397
65945396
65945786
65946360
65946818
65944457
65945004
65946325
65944276
65945334
65944841
65945786
65944652
65945396
65945874
65944956
65946574
65945396
65944694
65945786
65945786
65945320
65945396
65945654
65945654
65945786
65945786
65945786
65948672
65945786
65946325
65945786
65945786
65953244
65944233
65947262
65945348
65945389
65945654
65945786
65952835
65945654
65945786
65945786
65947997
65945805
65945348
65945400
65947298
65945396
65947262
65945654
65944600
65945654
65952811
65945786
65946574
65954864
65945786
65944986
65944986
65945786
65945396
65944974
65945396
65945654
65949341
65948672
65945396
65945396
65945786
65944293
65945864
65944276
65945396
65945396
65945372
65946695
65952193
65949270
65952747
65945786
65946574
65945786
65945654
65945396
65945654
65945786
65945258
65946695
65949877
65945654
65945258
65944651
65945387
65945786
65945654
65944672
65945874
65945786
65945654
65944983
65947013
65945396
65945786
65944233
65945396
65945654
65945396
65945786
65944818
65946352
65950227
65945786
65944520
65945396
65945786
65944647
65944496
65944651
65945786
65945396
65945786
65947817
65948233
65946325
65945786
65947262
65945654
65945786
65945786
65945531
65951242
65945396
65944242
65945654
65944701
65945786
65944520
65945654
65945004
65945654
65945786
65945673
65945874
65945263
65945396
65945786
65945396
65945786
65945786
65946448
65954706
65944986
65946707
65945786
65945396
65945786
65945805
65947679
65945654
65949184
65952811
65945783
65945664
65945396
65948347
65945396
65945396
65946080
65947298
65944974
65944956
65945396
65945320
65951087
65945396
65946545
65945786
65945786
65945396
65945806
65945396
65944651
65945396
65944949
65945665
65945396
65944529
65945786
65951872
65945029
65944199
65945874
65944110
65945396
65946889
65945396
65944818
65945531
65945786
65947817
65948672
65945654
65944515
65953244
65945654
65945024
65944327
65945786
65945826
65945826
65945087
65945396
65945786
65945396
65945396
65945786
65944427
65945396
65945396
65945654
65945387
65945396
65945786
65947090
65945786
65945786
65945874
65955342
65948672
65944276
65945654
65945654
65948360
65952811
65950921
65945786
65944877
65944496
65945050
65946325
65945396
65945786
65945654
65947997
65945396
65948833
65945654
65948672
65944119
65944423
65945396
65949777
65945786
65945786
65944249
65945468
65945786
65945786
65945654
65945786
65946966
65945786
65944457
65947262
65945654
65945786
65945396
65944983
65946325
65944841
65945786
65945175
65945396
65947740
65945654
65945786
65944983
65947997
65945396
65945396
65948672
65945396
65945786
65945396
65950899
65945396
65945786
65945786
65945786
65944573
65945786
65945874
65945564
65944578
65945654
65945786
65945786
65945654
65945820
65944146
65947262
65952811
65945396
65945396
65947298
65945786
65945786
65945786
65944327
65944365
65946545
65945396
65945874
65945786
65945786
65952811
65945786
65945200
65944367
65945786
65945786
65945786
65945786
65945654
65945633
65945654
65945654
65945826
65945396
65947262
65945786
65944457
65944839
65945786
65945396
65944818
65945396
65945396
65945786
65946959
65945396
65945654
65944145
65945654
65945654
65945654
65945786
65945786
65950865
65945786
65945654
65945654
65944651
65945024
65945396
65947318
65945396
65945654
65945396
65945396
65946080
65945260
65945396
65946418
65950312
65944204
65945396
65945654
65944276
65945396
65944427
65945786
65945654
65944956
65946282
65944293
65949341
65945396
65944119
65945665
65944647
65944070
65945665
65945654
65945654
65945786
65945396
65944207
65945396
65945396
65945786
65945396
65949877
65949387
65947298
65945786
65945396
65945786
65945158
65945396
65945725
65945320
65945396
65946445
65945389
65945786
65947298
65945531
65945786
65949341
65945786
65945654
65945786
65945786
65950100
65949877
65945786
65947262
65945654
65947262
65945396
65946445
65945820
65945654
65948672
65945054
65946193
65945786
65946391
65945654
65945417
65945786
65959141
65944249
65945654
65945396
65945665
65944651
65944107
65945397
65944611
65945396
65945786
65946574
65945396
65945396
65945786
65945786
65945786
65944571
65946448
65948745
65945786
65945665
65945654
65944694
65946325
65945396
65945158
65944694
65945786
65945874
65945654
65945786
65952976
65946080
65944818
65945654
65945654
65949059
65945396
65954168
65944818
65945654
65947262
65945786
65947997
65945654
65945786
65946445
65948838
65945396
65945806
65945396
65945786
65946574
65945396
65946545
65951238
65945035
65946325
65947262
65967115
65945396
65944423
65945118
65945786
65946398
65945826
65944716
65945255
65945654
65945437
65945654
65945786
65946574
65945088
65946574
65947262
65945786
65945786
65944145
65952193
65945396
65945396
65944652
65945826
65945786
65945397
65945786
65945786
65945786
65947997
65944409
65945946
65944400
65945396
65945158
65945890
65945786
65945396
65951109
65945786
65945396
65945396
65949917
65947926
65945396
65945654
65945786
65945654
65945654
65945654
65945786
65945874
65945396
65947298
65945396
65945654
65945952
65946445
65948672
65945531
65945786
65945320
65947453
65951238
65945786
65947298
65945329
65945531
65945786
65945654
65945396
65946325
65945786
65944975
65945786
65944276
65945396
65945805
65945320
65946319
65944553
65945654
65945396
65947262
65949877
65947298
65945496
65947997
65945786
65945396
65946545
65944129
65945158
65945654
65944841
65945200
65945654
65953244
65944818
65944110
65946574
65945786
65945654
65944376
65945654
65945786
65945396
65944553
65945396
65945786
65945396
65945654
65945786
65946325
65947479
65944651
65945786
65946325
65945377
65945654
65945396
65944839
65945396
65945757
65945786
65944818
65947298
65945786
65945654
65945372
65945786
65945786
65945320
65946539
65945258
65945396
65945654
65945654
65945258
65945786
65946391
65945396
65945786
65945786
65945396
65945024
65945786
65945396
65947262
65945396
65949381
65945786
65945087
65952747
65945786
65945024
65945786
65945654
65953244
65945969
65944427
65945396
65944651
65947740
65945874
65945654
65945786
65944124
65945748
65945786
65945320
65945654
65945786
65945054
65945654
65945874
65951156
65945396
65945874
65945654
65945654
65945492
65944956
65945673
65944129
65945826
65948672
65944983
65945786
65945786
65945396
65945396
65945654
65945786
65945786
65945396
65945654
65945396
65944054
65945786
65945389
65949412
65945389
65948672
65945786
65945786
65945786
65945654
65945654
65946220
65944895
65945786
65945654
65944249
65949679
65948549
65945969
65945820
65945654
65945396
65946664
65951079
65944818
65944818
65944249
65945396
65947926
65945654
65945654
65946193
65945396
65945786
65945786
65945786
65944427
65944841
65945196
65944610
65945786
65944564
65950156
65944432
65945786
65948804
65945396
65945633
65945396
65945786
65948804
65945786
65945396
65945654
65944426
65944652
65945786
65945654
65952811
65945786
65945946
65948672
65945654
65945654
65946325
65946325
65945247
65944367
65945396
65945786
65947254
65945786
65952747
65945396
65945786
65948804
65945969
65945783
65945654
65944054
65946325
65945786
65952747
65945786
65945396
65946574
65946574
65945200
65944210
65945786
65944427
65945396
65945874
65945396
65945806
65946080
65944716
65948672
65945396
65944808
65946545
65944647
65945396
65945724
65945786
65945396
65945214
65944204
65945786
65949283
65944716
65944782
65950556
65944376
65945396
65945263
65945786
65947298
65945786
65951037
65946507
65946448
65945874
65945396
65945654
65945969
65948672
65946560
65945786
65945654
65945654
65945396
65945786
65947262
65945654
65948296
65945396
65945786
65947262
65945396
65945874
65945396
65946574
65946325
65944949
65945786
65945396
65945654
65945396
65944061
65945396
65944145
65947225
65945396
65952811
65945396
65945654
65946391
65945654
65953244
65945085
65945786
65945786
65945786
65950156
65945786
65945786
65945946
65952811
65944529
65945396
65945531
65959104
65945654
65944446
65952832
65956323
65944103
65952811
65949412
65952811
65946445
65945786
65945780
65947298
65945806
65945258
65945654
65945654
65947298
65945874
65945004
65945786
65945786
65944558
65945786
65944367
65945786
65944974
65945029
65945786
65945654
65945389
65945396
65945654
65945396
65945786
65945786
65945396
65945786
65945654
65944818
65944207
65945654
65945786
65944651
65944061
65945396
65945654
65946325
65945396
65945786
65945805
65944145
65946560
65947262
65950899
65945029
65945654
65946695
65945654
65945654
65945024
65952811
65949658
65945654
65945946
65945258
65946707
65945396
65945396
65946448
65945786
65948672
65944414
65944061
65946352
65945396
65944652
65947997
65945396
65948797
65944414
65945786
65945654
65944529
65945786
65945004
65944414
65946689
65945786
65949777
65945786
65944199
65945874
65945200
65945786
65945396
65944423
65956029
65945786
65945396
65946193
65945719
65945665
65944430
65946545
65944652
65945725
65946229
65945263
65945396
65948833
65944427
65945786
65946723
65945826
65948966
65945396
65945396
65945786
65945396
65946325
65945396
65945860
65947262
65945654
65945786
65945874
65945437
65952548
65945786
65945654
65945654
65945786
65951205
65945396
65945786
65944652
65946574
65944061
65946448
65945665
65945396
65945780
65945786
65945396
65945263
65945786
65947298
65945258
65945786
65945786
65944520
65945786
65945024
65944784
65945654
65945396
65944515
65945654
65948836
65944204
65946545
65947262
65944054
65945786
65945396
65944974
65945654
65948725
65945786
65945786
65944818
65945780
65945786
65945826
65949777
65944457
65945412
65945396
65945389
65946325
65945654
65945786
65955106
65945786
65945396
65945396
65945654
65944529
65945654
65945654
65945320
65945786
65945786
65945786
65945654
65946325
65945396
65944416
65945654
65944652
65945786
65948672
65952811
65945826
65946325
65947318
65945396
65944651
65945258
65945654
65947225
65944427
65946545
65956958
65947254
65950799
65945654
65945654
65944249
65947298
65947262
65944416
65945396
65946325
65945653
65945654
65952653
65945214
65944818
65945786
65950556
65945654
65946325
65945654
65945786
65945396
65945654
65945396
65946707
65944974
65945786
65946204
65946325
65945396
65945654
65948672
65946063
65945396
65948672
65946994
65944529
65945437
65945786
65945786
65945786
65944529
65944427
65945654
65945396
65945786
65945531
65946352
65945396
65945786
65945396
65945060
65945396
65945786
65955850
65945396
65946574
65945654
65945654
65945396
65945412
65946325
65945786
65945396
65944204
65944529
65945437
65945396
65946325
65946080
65945786
65946325
65945780
65949160
65945654
65945654
65945654
65945396
65945654
65945786
65945396
65945806
65949253
65945396
65945004
65947298
65944647
65946964
65944529
65950312
65948915
65945786
65945396
65945786
65945396
65947262
65944116
65964324
65946445
65944376
65952811
65947298
65945786
65945654
65945396
65944782
65945396
65945396
65945029
65952193
65947262
65949582
65948672
65946545
65946964
65948918
65945654
65946964
65949387
65951187
65947298
65945786
65945334
65947742
65946080
65946723
65945786
65945786
65945826
65945786
65944529
65945396
65945665
65945396
65945786
65946080
65945396
65945396
65945786
65948672
65945396
65945396
65945786
65947298
65945786
65947262
65945665
65945412
65945396
65945786
65945258
65944070
65944651
65946707
65945654
65946204
65946325
65945946
65945396
65944376
65945654
65948918
65945396
65945396
65944432
65945396
65945396
65945654
65945396
65945786
65946445
65945396
65945654
65944150
65945654
65947997
65947766
65944818
65944611
65945826
65945396
65944651
65944949
65945806
65945786
65945396
65949478
65946713
65945396
65947254
65945786
65947567
65945786
65946162
65945320
65945060
65952307
65945396
65955513
65945396
65945654
65949478
65944426
65945396
65945396
65945255
65948725
65945396
65945786
65945702
65945786
65944129
65945786
65944276
65944427
65946994
65945786
65945396
65945396
65945654
65946229
65947262
65945786
65949658
65946025
65945396
65945396
65944457
65946025
65945874
65944672
65945786
65945654
65945786
65945396
65945786
65944529
65944950
65946448
65945654
65945396
65945396
65945396
65945396
65944956
65945396
65945786
65945654
65945654
65945786
65945396
65948550
65945158
65945531
65946591
65945531
65945654
65946574
65945396
65944799
65945654
65945396
65946080
65961893
65945786
65945654
65945396
65945348
65945654
65945396
65945389
65959084
65945654
65952171
65945396
65945786
65945263
65945786
65945786
65947262
65945654
65945786
65945396
65954992
65945786
65945654
65945654
65945576
65950156
65945786
65946220
65944651
65945396
65947013
65950312
65945786
65946959
65945786
65945786
65945396
65945654
65945396
65953244
65945786
65945786
65945786
65945786
65945389
65945396
65945654
65950879
65945654
65945396
65944752
65952940
65950227
65945946
65945654
65948977
65952459
65945786
65945531
65944427
65948838
65948672
65945118
65948836
65945786
65945654
65945786
65945396
65945654
65944974
65945654
65945396
65945786
65945396
65945654
65944070
65946448
65945412
65945396
65944983
65945396
65946445
65945396
65945396
65945396
65947262
65948833
65946574
65945786
65945665
65945786
65945786
65947298
65945396
65946325
65945029
65947164
65945396
65945437
65945654
65945786
65945786
65945085
65945786
65945786
65945786
65945396
65945396
65945786
65945334
65946818
65946574
65945786
65949917
65946319
65944276
65945396
65944716
65947254
65945786
65945396
65945396
65945085
65945786
65945320
65945396
65945396
65945029
65945396
65952307
65945786
65948591
65945786
65945654
65946445
65946626
65945654
65945786
65945654
65945820
65945786
65945654
65948360
65945786
65945258
65952244
65945396
65945665
65945654
65945826
65948838
65952474
65949322
65946591
65945258
65947742
65946574
65944529
65945806
65945396
65945665
65945786
65945786
65951156
65945786
65945531
65947298
65945786
65946193
65945786
65946325
65945786
65948672
65945054
65945319
65945654
65945531
65947812
65947997
65944199
65946445
65945874
65949690
65944146
65945396
65945786
65945786
65945400
65945786
65945500
65945786
65945786
65945396
65945396
65945396
65945786
65945874
65945786
65945786
65945654
65945786
65945654
65945786
65945396
65950100
65948836
65945969
65945396
65945874
65945654
65946325
65945786
65945396
65944839
65945468
65945786
65945654
65944416
65945786
65944199
65945654
65945786
65945654
65945654
65944877
65952244
65945576
65945786
65944353
65949160
65945396
65945786
65947262
65946445
65947298
65946445
65947591
65945654
65944116
65945786
65945786
65945786
65946080
65945786
65945654
65945396
65948672
65945396
65945654
65945329
65945786
65944249
65950156
65946325
65945786
65945396
65944207
65945806
65945786
65944841
65944276
65945786
65945214
65945396
65945396
65945786
65945654
65945654
65950156
65946574
65945396
65945396
65945786
65945654
65945396
65945654
65948672
65944426
65945786
65945492
65946994
65945654
65947817
65945654
65945786
65947997
65944974
65945654
65948360
65945396
65944426
65945786
65944651
65945786
65952747
65951902
65945396
65945258
65945786
65945786
65946325
65948672
65945396
65945786
65945786
65945786
65944956
65945786
65945396
65945654
65949893
65945531
65945389
65945396
65945396
65945654
65946204
65949253
65945024
65945024
65946445
65945654
65945786
65945024
65945654
65948672
65945786
65945654
65945389
65952474
65945654
65945786
65945320
65952811
65945197
65945786
65946445
65946325
65944457
65945396
65950556
65945786
65945786
65945396
65947298
65945786
65946325
65944334
65945258
65945118
65945050
65944672
65945654
65945396
65945654
65952474
65947262
65945786
65945786
65948672
65945654
65945786
65945601
65945786
65945396
65948370
65952016
65945786
65945396
65946753
65945654
65945654
65945396
65945396
65946325
65949749
65945396
65946325
65945786
65945786
65945029
65945786
65945786
65946626
65945654
65944564
65945396
65945396
65944376
65944124
65944416
65945654
65944054
65945786
65945396
65944427
65945654
65944276
65945396
65946574
65945396
65945326
65945786
65947370
65945786
65945396
65945654
65944732
65945786
65945654
65945786
65945024
65945004
65946574
65945396
65945396
65948977
65950202
65947262
65945396
65948915
65946545
65944376
65949425
65944252
65945654
65944818
65955480
65945654
65945396
65945786
65948696
65945786
65945396
65945786
65944529
65945786
65945786
65951330
65945786
65945654
65945158
65945258
65948550
65945786
65945396
65945654
65944672
65945258
65946050
65945396
65945786
65945806
65944529
65945786
65944529
65945786
65946398
65945434
65948672
65945158
65945654
65949777
65945654
65946063
65946545
65946888
65947262
65946964
65946448
65945396
65946193
65945654
65946325
65945654
65945786
65945320
65951490
65945786
65944647
65946845
65953244
65945396
65945786
65945786
65945654
65946448
65944652
65947298
65945786
65945805
65945654
65945060
65945654
65945786
65948804
65945654
65945864
65945786
65945334
65945396
65945786
65948672
65945820
65947262
65944692
65948672
65945396
65945389
65945654
65946574
65945654
65944086
65945786
65945786
65944138
65945654
65945947
65945786
65945196
65945806
65948390
65945654
65946080
65944426
65946080
65953244
65945874
65945786
65945396
65945654
65945654
65945966
65945786
65946445
65945665
65950263
65945786
65945654
65945786
65946080
65945396
65945786
65946325
65947262
65945258
65945786
65945786
65949412
65947616
65945786
65945654
65945786
65946574
65945396
65948811
65950615
65945786
65946162
65945786
65945874
65945050
65944376
65945786
65944129
65954560
65956242
65945654
65945786
65945786
65945396
65945786
65946574
65945135
65951765
65959141
65945396
65945946
65945786
65950072
65945396
65945806
65945786
65946352
65945654
65945654
65945654
65945786
65952811
65944353
65945786
65945786
65945158
65945654
65945654
65944110
65944626
65947262
65946618
65945665
65945343
65945786
65944818
65945786
65945786
65945396
65951087
65947225
65945396
65945396
65945786
65945786
65945673
65945213
65944129
65945320
65959749
65945786
65945654
65945654
65946811
65945085
65947262
65952747
65945786
65944145
65947262
65950156
65944841
65945396
65945255
65945258
65945654
65947262
65955530
65948170
65945786
65946325
65945396
65945633
65945396
65948237
65947262
65949490
65945786
65945654
65945786
65947262
65945396
65945654
65945786
65946977
65945786
65946325
65946131
65945531
65945411
65944564
65946445
65945654
65945786
65945786
65944376
65945786
65945786
65945786
65945786
65945396
65952244
65945531
65944385
65945786
65945786
65944070
65945786
65947997
65948550
65945396
65945654
65947262
65948672
65944529
65945654
65945396
65944426
65945786
65944962
65944956
65945396
65949030
65945654
65945665
65944199
65950202
65945786
65957433
65945786
65945396
65950999
65945719
65945874
65945786
65945786
65945826
65945786
65945786
65945786
65945786
65946080
65952193
65950263
65944956
65945786
65945396
65945874
65946574
65945654
65950156
65947997
65946994
65945874
65947298
65945786
65945969
65945389
65945396
65949387
65944084
65945396
65945786
65945396
65945396
65945874
65945786
65944893
65947416
65945786
65945320
65945654
65945874
65945396
65948672
65945396
65945786
65945820
65944651
65945654
65945786
65945060
65944427
65945492
65956326
65945786
65945396
65945786
65946193
65945396
65945786
65945786
65945786
65946215
65945396
65945396
65945786
65945786
65944732
65945786
65945786
65945874
65945874
65946574
65944651
65945786
65945654
65945780
65945396
65944841
65944249
65946621
65945874
65947997
65945874
65944975
65945654
65945786
65945396
65946149
65948672
65944651
65945396
65947262
65944084
65944701
65949412
65945654
65950156
65945874
65945396
65945820
65945654
65946325
65945396
65945874
65945531
65945786
65944949
65944110
65948725
65944191
65945654
65946448
65945786
65945396
65945786
65945874
65944949
65945396
65945786
65945786
65944124
65945786
65945786
65945654
65945389
65945786
65945654
65946448
65948672
65945396
65952474
65950960
65944974
65946707
65948918
65945396
65947262
65945786
65946193
65945786
65945786
65946352
65947777
65945786
65945654
65950899
65945654
65945786
65945786
65945396
65945946
65945946
65952811
65950960
65947262
65946663
65945396
65945654
65945654
65945654
65945786
65945396
65945396
65945786
65945786
65945874
65946465
65945034
65947777
65946448
65946360
65945786
65945531
65946574
65945396
65945874
65944974
65945786
65945654
65945786
65945135
65945654
65945946
65945654
65945786
65945389
65952811
65944249
65945786
65950549
65945654
65945004
65947262
65947298
65945396
65944145
65945396
65946845
65945396
65945396
65944925
65945396
65945396
65944983
65947170
65946445
65944427
65944276
65945654
65945786
65947262
65946977
65945654
65945654
65945786
65945786
65945786
65947262
65945786
65944276
65945377
65945630
65945786
65945654
65945396
65945874
65945786
65945654
65945054
65945786
65946545
65944799
65945396
65952811
65945329
65948672
65944427
65950799
65944652
65945654
65945396
65945396
65947298
65945654
65945396
65945654
65945786
65945396
65952811
65945786
65948672
65948111
65945786
65945915
65945786
65946325
65946325
65948301
65945396
65945654
65947262
65944457
65944564
65945396
65945786
65946325
65945654
65945396
65945725
65946319
65946134
65945946
65946445
65945786
65945786
65945786
65947262
65945786
65949851
65945437
65945786
65945396
65952239
65945654
65944974
65948283
65945826
65944651
65945054
65944488
65945654
65944564
65945654
65945654
65946325
65945654
65949582
65945786
65946448
65946445
65950899
65945874
65945861
65944334
65947964
65945786
65945654
65945786
65945396
65948672
65945786
65945786
65945654
65945389
65945786
65945654
65945396
65952459
65948283
65945543
65971828
65948672
65945654
65945786
65946889
65944191
65948672
65945396
65952811
65945396
65945786
65945396
65945786
65946136
65944416
65945101
65945396
65947262
65945786
65949725
65947298
65945396
65946325
65944054
65945786
65945654
65945396
65945786
65947848
65945673
65945396
65945654
65945654
65953244
65945396
65945654
65948672
65944895
65945786
65945786
65945654
65945786
65945786
65945320
65945786
65946445
65952244
65945654
65944672
65945786
65946574
65945786
65946325
65948833
65945786
65945396
65945654
65945786
65945389
65946574
65944416
65949877
65945786
65945806
65945396
65946134
65945396
65945786
65945786
65945786
65945396
65945654
65956208
65945786
65944427
65952016
65945786
65947298
65946080
65945396
65945396
65944061
65945320
65947205
65945786
65945654
65947262
65945654
65952811
65945654
65947740
65945396
65945786
65955342
65945966
65945786
65944651
65946319
65944895
65944839
65944427
65945396
65948725
65945786
65945320
65949490
65945396
65945786
65949152
65944553
65947567
65947298
65949590
65945665
65945786
65944129
65946063
65944191
65945060
65945786
65945786
65945820
65945396
65948672
65949060
65944841
65945396
65945396
65945396
65944427
65947262
65947298
65945786
65948111
65946889
65945396
65947361
65946574
65945059
65946445
65945396
65945387
65944949
65945396
65945786
65945786
65950799
65946321
65945806
65947774
65945786
65947997
65952459
65945786
65944400
65945786
65944651
65945786
65947298
65945654
65945786
65944956
65945396
65945654
65945786
65945786
65950156
65944672
65945786
65947298
65944818
65945024
65945786
65945396
65945320
65946445
65944572
65945786
65945531
65945045
65946545
65947241
65945786
65953451
65945654
65945786
65950072
65944207
65945396
65945396
65945654
65944893
65945786
65945411
65945396
65959084
65944529
65945396
65945576
65944841
65944427
65945654
65945024
65945396
65945377
65945820
65947298
65944427
65947298
65945320
65945786
65945786
65946325
65945786
65950556
65947997
65945654
65945396
65945396
65945396
65954864
65944626
65945396
65945786
65947812
65944426
65944207
65945396
65947997
65945654
65944529
65945263
65945780
65945396
65950156
65945786
65945654
65944119
65945531
65945786
65946080
65945805
65945654
65945786
65945786
65945396
65945780
65944672
65946889
65945396
65945654
65945396
65945786
65973602
65944974
65944975
65946319
65945654
65945786
65946713
65946080
65945786
65945531
65945396
65945654
65949060
65946545
65947254
65945874
65945786
65944276
65945786
65944210
65945780
65945396
65945786
65946977
65945396
65945334
65945786
65944652
65945396
65945654
65945786
65945654
65945654
65945396
65945411
65945654
65945396
65950312
65945665
65947262
65952193
65945029
65948672
65945396
65944949
65944529
65945396
65945654
65945396
65944974
65945654
65945060
65945654
65945654
65945786
65945024
65945654
65945396
65944529
65950156
65945786
65945786
65945786
65945786
65945035
65949402
65950156
65945786
65945786
65953244
65945320
65947298
65946662
65945786
65945786
65945396
65945786
65944647
65945396
65945320
65947997
65946707
65945396
65945786
65947897
65945334
65944651
65944119
65945786
65948836
65946217
65946325
65946465
65946545
65945329
65944931
65949336
65945396
65944672
65944652
65953812
65945654
65944277
65944949
65945396
65945615
65945654
65944376
65945263
65945258
65945396
65945396
65944233
65946445
65945786
65946574
65946574
65945004
65945786
65944529
65952474
65946264
65945786
65944086
65945725
65945396
65945786
65945786
65944427
65945654
65947650
65959568
65945820
65945396
65944276
65945786
65946574
65945396
65945786
65944808
65948672
65944367
65945396
65952016
65945654
65944871
65952441
65945786
65944086
65945826
65945024
65950428
65950312
65948838
65948672
65945946
65945396
65945654
65945320
65946131
65945786
65946574
65945654
65949832
65945050
65945786
65945396
65947262
65945786
65945396
65945786
65944893
65945396
65945654
65945320
65945806
65945786
65948170
65945654
65946994
65944974
65945654
65945786
65945786
65944249
65946080
65952016
65945396
65945786
65945396
65945258
65945654
65949749
65947298
65948672
65944529
65945060
65944808
65945654
65944054
65945654
65945786
65945786
65946445
65945396
65945396
65945786
65945786
65944409
65945396
65945263
65945820
65944983
65945396
65948672
65944784
65947013
65947262
65947929
65945786
65944457
65944651
65945786
65948045
65944974
65945786
65944054
65947848
65944841
65944610
65944376
65945786
65945665
65945786
65944414
65945654
65946545
65947997
65944416
65946325
65945786
65947485
65945786
65945396
65945786
65945396
65945396
65945396
65945573
65945654
65945786
65945946
65945348
65946325
65945786
65945786
65945786
65945396
65945786
65945635
65945396
65945786
65945654
65949402
65945436
65947262
65945396
65945786
65945786
65945396
65945654
65945029
65945654
65946418
65944956
65952474
65945045
65945389
65945654
65947298
65944893
65944400
65945437
65945786
65945396
65945468
65945654
65945946
65948972
65945786
65945396
65945946
65945786
65945396
65958442
65945946
65945780
65945658
65945786
65947090
65949387
65944818
65946134
65945396
65950394
65945786
65945826
65945786
65944140
65945175
65945876
65945396
65945786
65954640
65962201
65946193
65947262
65945786
65945786
65946445
65945786
65947453
65946325
65945396
65944564
65946689
65947262
65945786
65948562
65945786
65946445
65945786
65944871
65945786
65945024
65944839
65945786
65945826
65945786
65948663
65946574
65945786
65944808
65945396
65944376
65945780
65945396
65945786
65945786
65945396
65945874
65945786
65945396
65945786
65945258
65944124
65945786
65945396
65948672
65949581
65944529
65945396
65945654
65944553
65944432
65948672
65946365
65946025
65944515
65945531
65948170
65945786
65945434
65952013
65950899
65945786
65944427
